[2026-03-05T11:00:49.699Z] [INFO] ========================================================================
  Campaign In A Box — Pipeline Run
  RUN_ID  : 2026-03-05__030049__521cfe43__msi
  Started : 2026-03-05T11:00:49.697978+00:00
========================================================================
[2026-03-05T11:00:49.699Z] [INFO ] Pipeline v2 starting
[2026-03-05T11:00:49.699Z] [INFO ]   state=CA  county=Sonoma  year=2024  contest_slug=nov2024_general
[2026-03-05T11:00:49.699Z] [INFO ]   membership_method=auto  log_level=verbose
[2026-03-05T11:00:49.702Z] [STEP ] SKIP   [SKIP] INGEST_STAGING -- No --staging-dir provided; skipping ingestion
[2026-03-05T11:00:49.702Z] [STEP ] START  -> SCAFFOLD_BOUNDARY_INDEX
[2026-03-05T11:00:49.703Z] [INFO ]   Boundary index exists: C:\Users\Mathew C\Campaign In A Box\data\CA\counties\Sonoma\geography\boundary_index\boundaries_index.csv
[2026-03-05T11:00:49.704Z] [WARN ]   Boundary index scaffolded (no boundary files found yet)
[2026-03-05T11:00:49.705Z] [INFO ]   output: C:\Users\Mathew C\Campaign In A Box\data\CA\counties\Sonoma\geography\boundary_index\boundaries_index.csv  [sha256:b4dff0e71c42...]
[2026-03-05T11:00:49.705Z] [STEP ] DONE   [OK] SCAFFOLD_BOUNDARY_INDEX (0.008s)
[2026-03-05T11:00:49.705Z] [STEP ] START  -> VALIDATE_GEOGRAPHY
[2026-03-05T11:00:49.706Z] [INFO ]   expected: data/CA/counties/Sonoma/geography/precinct_shapes/
[2026-03-05T11:00:49.706Z] [INFO ]   expected: data/CA/counties/Sonoma/geography/crosswalks/
[2026-03-05T11:00:49.706Z] [INFO ]   [present] MPREC GeoJSON
[2026-03-05T11:00:49.706Z] [INFO ]   [present] MPREC GeoPackage
[2026-03-05T11:00:49.707Z] [INFO ]   [present] MPREC Shapefile
[2026-03-05T11:00:49.707Z] [INFO ]   [present] SRPREC GeoJSON
[2026-03-05T11:00:49.707Z] [INFO ]   [present] SRPREC GeoPackage
[2026-03-05T11:00:49.707Z] [INFO ]   [present] SRPREC Shapefile
[2026-03-05T11:00:49.708Z] [INFO ]   [present] 2020 BLK TO MPREC
[2026-03-05T11:00:49.708Z] [INFO ]   [present] RGPREC TO 2020 BLK
[2026-03-05T11:00:49.708Z] [INFO ]   [present] SRPREC TO 2020 BLK
[2026-03-05T11:00:49.708Z] [INFO ]   [present] RG to RR to SR to SVPREC
[2026-03-05T11:00:49.709Z] [INFO ]   [present] MPREC to SRPREC
[2026-03-05T11:00:49.709Z] [INFO ]   [present] SRPREC to CITY
[2026-03-05T11:00:49.709Z] [INFO ] Geography validation: 12/12 present, canonical=MPREC
[2026-03-05T11:00:49.709Z] [STEP ] DONE   [OK] VALIDATE_GEOGRAPHY (0.011s)
[2026-03-05T11:00:49.709Z] [STEP ] START  -> VALIDATE_VOTES
[2026-03-05T11:00:49.709Z] [INFO ]   expected: votes/2024/CA/Sonoma/nov2024_general/detail.xlsx
[2026-03-05T11:00:49.709Z] [INFO ]   [present] votes: C:\Users\Mathew C\Campaign In A Box\votes\2024\CA\Sonoma\nov2024_general\detail.xlsx
[2026-03-05T11:00:49.709Z] [INFO ]   input: detail.xlsx -> C:\Users\Mathew C\Campaign In A Box\votes\2024\CA\Sonoma\nov2024_general\detail.xlsx  [sha256:157048233934...]
[2026-03-05T11:00:49.709Z] [STEP ] DONE   [OK] VALIDATE_VOTES (0.012s)
[2026-03-05T11:00:49.709Z] [STEP ] START  -> LOAD_GEOMETRY
[2026-03-05T11:00:49.709Z] [INFO ]   expected: MPREC preferred; SRPREC fallback
[2026-03-05T11:00:49.710Z] [WARN ] geopandas not installed; found C:\Users\Mathew C\Campaign In A Box\data\CA\counties\Sonoma\geography\precinct_shapes\MPREC_GeoJSON\mprec_097_g24_v01.geojson but cannot load
[2026-03-05T11:00:49.710Z] [STEP ] SKIP   [SKIP] LOAD_GEOMETRY -- No usable geometry (geopandas unavailable or files missing)
[2026-03-05T11:00:49.710Z] [WARN ]   NEED: geopandas_library [missing] -- blocks: geometry_load, kepler_export
[2026-03-05T11:00:49.710Z] [STEP ] START  -> LOAD_CROSSWALKS
[2026-03-05T11:00:49.739Z] [WARN ] Cannot detect source/target columns in blk_mprec_097_g24_v01.csv: ['block', 'mprec', 'pct_block']
[2026-03-05T11:00:49.762Z] [WARN ] Cannot detect source/target columns in blk_mprec_097_g24_v01.csv: ['block', 'mprec', 'pct_block']
[2026-03-05T11:00:49.929Z] [INFO ]   [CROSSWALKS] Discovered 4/6 crosswalks
[2026-03-05T11:00:49.929Z] [STEP ] SKIP   [SKIP] LOAD_CROSSWALKS -- No crosswalk files; using identity mapping
[2026-03-05T11:00:49.930Z] [STEP ] START  -> SCAFFOLD_CONTEST_JSON
[2026-03-05T11:00:49.949Z] [INFO ]   output: C:\Users\Mathew C\Campaign In A Box\votes\2024\CA\Sonoma\nov2024_general\contest.json  [sha256:b78910951b53...]
[2026-03-05T11:00:49.949Z] [STEP ] DONE   [OK] SCAFFOLD_CONTEST_JSON (0.252s)
[2026-03-05T11:00:49.949Z] [STEP ] START  -> PARSE_CONTEST
[2026-03-05T11:00:49.949Z] [INFO ]   expected: Detect sheet types; aggregate vote methods
[2026-03-05T11:00:49.961Z] [INFO ] Parsing sheet: 'Sheet1'
[2026-03-05T11:00:49.971Z] [INFO ]   -> 10 precincts, type=ballot_measure
[2026-03-05T11:00:49.972Z] [STEP ] DONE   [OK] PARSE_CONTEST (0.274s)
[2026-03-05T11:00:49.972Z] [INFO ] Contest Mode: MEASURE (Inferred MEASURE (found YES/NO headers))
[2026-03-05T11:00:49.972Z] [INFO ] [PATHWAY] contest_mode=measure  contest_mode_reason=Inferred MEASURE (found YES/NO headers)
[2026-03-05T11:00:49.972Z] [STEP ] START  -> ALLOCATE_VOTES
[2026-03-05T11:00:49.972Z] [INFO ]   Sheet 'Sheet1': 10 precincts, type=ballot_measure
[2026-03-05T11:00:49.972Z] [INFO ]     Allocation: area_weighted_fallback, 10 target precincts
[2026-03-05T11:00:49.972Z] [STEP ] START  -> SANITY/Sheet1
[2026-03-05T11:00:49.972Z] [INFO ]   SANITY [OK] Non-empty model: 10 rows
[2026-03-05T11:00:49.973Z] [STEP ] DONE   [OK] SANITY/Sheet1 (0.275s)
[2026-03-05T11:00:49.973Z] [STEP ] START  -> BUILD_MODEL/Sheet1
[2026-03-05T11:00:49.985Z] [STEP ] DONE   [OK] BUILD_MODEL/Sheet1 (0.288s)
[2026-03-05T11:00:49.985Z] [STEP ] DONE   [OK] ALLOCATE_VOTES (0.288s)
[2026-03-05T11:00:49.985Z] [STEP ] START  -> INTEGRITY_ENFORCEMENT
[2026-03-05T11:00:49.986Z] [INFO ] [INTEGRITY] All 10 precincts pass constraints — no repairs needed
[2026-03-05T11:00:49.988Z] [STEP ] DONE   [OK] INTEGRITY_ENFORCEMENT (0.291s)
[2026-03-05T11:00:49.988Z] [STEP ] START  -> FEATURE_ENGINEERING
[2026-03-05T11:00:49.988Z] [WARN ] Voter file not found at C:\Users\Mathew C\Campaign In A Box\voters\CA\Sonoma\voters.csv
[2026-03-05T11:00:50.001Z] [STEP ] DONE   [OK] FEATURE_ENGINEERING (0.304s)
[2026-03-05T11:00:50.001Z] [STEP ] START  -> UNIVERSE_BUILDING
[2026-03-05T11:00:50.012Z] [STEP ] DONE   [OK] UNIVERSE_BUILDING (0.314s)
[2026-03-05T11:00:50.012Z] [STEP ] START  -> SCORING_V2
[2026-03-05T11:00:50.018Z] [INFO ] [Scoring] Computing v2 scores...
[2026-03-05T11:00:50.024Z] [STEP ] DONE   [OK] SCORING_V2 (0.326s)
[2026-03-05T11:00:50.024Z] [STEP ] START  -> REGION_CLUSTERING
[2026-03-05T11:00:50.024Z] [WARN ]   Centroids missing; fallback to political-only clustering
[2026-03-05T11:00:50.028Z] [STEP ] DONE   [OK] REGION_CLUSTERING (0.33s)
[2026-03-05T11:00:50.028Z] [STEP ] START  -> FIELD_PLANNING
[2026-03-05T11:00:50.034Z] [STEP ] DONE   [OK] FIELD_PLANNING (0.337s)
[2026-03-05T11:00:50.034Z] [STEP ] START  -> SIMULATION
[2026-03-05T11:00:50.035Z] [STEP ] DONE   [OK] SIMULATION (0.338s)
[2026-03-05T11:00:50.035Z] [STEP ] START  -> VOTER_UNIVERSE_EXPORT
[2026-03-05T11:00:50.035Z] [STEP ] SKIP   [SKIP] VOTER_UNIVERSE_EXPORT -- No voter file present
[2026-03-05T11:00:50.035Z] [STEP ] START  -> FORECAST_GENERATION
[2026-03-05T11:00:50.050Z] [STEP ] DONE   [OK] FORECAST_GENERATION (0.352s)
[2026-03-05T11:00:50.050Z] [STEP ] START  -> TURF_GENERATION
[2026-03-05T11:00:50.055Z] [STEP ] DONE   [OK] TURF_GENERATION (0.357s)
[2026-03-05T11:00:50.055Z] [STEP ] START  -> EXPORT_V2_OUTPUTS
[2026-03-05T11:00:50.057Z] [WARN ] [DEPS] Optional package 'geopandas' is not installed. Feature 'kepler_export' will be skipped. To enable: `pip install geopandas  # or: uv add geopandas`
[2026-03-05T11:00:50.100Z] [INFO ] [KEPLER] Skipped: geopandas not installed
[2026-03-05T11:00:50.116Z] [INFO ]   Generated turf packs in C:\Users\Mathew C\Campaign In A Box\derived\turfs\CA\Sonoma\Sonoma_2024_nov2024_general\2026-03-05__030049__521cfe43__msi__turf_packs
[2026-03-05T11:00:50.126Z] [STEP ] DONE   [OK] EXPORT_V2_OUTPUTS (0.429s)
[2026-03-05T11:00:50.126Z] [STEP ] START  -> DIAGNOSTICS
[2026-03-05T11:00:50.148Z] [STEP ] DONE   [OK] DIAGNOSTICS (0.451s)
[2026-03-05T11:00:50.148Z] [STEP ] START  -> STRATEGY_GENERATOR
[2026-03-05T11:00:50.148Z] [INFO ] [STRATEGY] Loading inputs for contest_id=2024_CA_sonoma_nov2024_general
[2026-03-05T11:00:50.197Z] [INFO ] [STRATEGY]  derived_mode=full
[2026-03-05T11:00:50.197Z] [INFO ] [STRATEGY]  found=['target_ranking', 'walk_turfs', 'scenario_forecasts', 'precinct_universes', 'regions', 'field_plan', 'simulation_results']
[2026-03-05T11:00:50.197Z] [INFO ] [STRATEGY]  missing=[]
[2026-03-05T11:00:50.198Z] [INFO ] [STRATEGY]  contest_mode=measure (explicit override: measure)
[2026-03-05T11:00:50.234Z] [INFO ]   Strategy pack written to C:\Users\Mathew C\Campaign In A Box\derived\strategy_packs\2024_CA_sonoma_nov2024_general\2026-03-05__030049__521cfe43__msi
[2026-03-05T11:00:50.276Z] [INFO ] [STRATEGY] Pack written → C:\Users\Mathew C\Campaign In A Box\derived\strategy_packs\2024_CA_sonoma_nov2024_general\2026-03-05__030049__521cfe43__msi
[2026-03-05T11:00:50.277Z] [STEP ] DONE   [OK] STRATEGY_GENERATOR (0.58s)
[2026-03-05T11:00:50.277Z] [INFO ] ========================================================================
  Run complete — SUCCESS  elapsed: 0.58s
========================================================================
