[2026-03-05T06:45:46.615Z] [INFO] ========================================================================
  Campaign In A Box — Pipeline Run
  RUN_ID  : 20260304_224546_3d3ba634
  Started : 2026-03-05T06:45:46.613971+00:00
========================================================================
[2026-03-05T06:45:46.615Z] [INFO ] Pipeline starting
[2026-03-05T06:45:46.615Z] [INFO ]   state=CA  county=SAMPLE_COUNTY
[2026-03-05T06:45:46.615Z] [INFO ]   contest_file=votes/2024/CA/SAMPLE_COUNTY/MEASURE_A/detail.xlsx
[2026-03-05T06:45:46.615Z] [INFO ]   membership_method=auto
[2026-03-05T06:45:46.615Z] [INFO ]   base_dir=C:\Users\Mathew C\Campaign In A Box
[2026-03-05T06:45:46.617Z] [STEP ] START  -> DISCOVER_INPUTS
[2026-03-05T06:45:46.617Z] [INFO ]   expected: Campaign in a box Data/CA/SAMPLE_COUNTY/
[2026-03-05T06:45:46.617Z] [INFO ]   expected: C:\Users\Mathew C\Campaign In A Box\votes\2024\CA\SAMPLE_COUNTY\MEASURE_A\detail.xlsx
[2026-03-05T06:45:46.627Z] [INFO ]   Manifest written: C:\Users\Mathew C\Campaign In A Box\Campaign in a box Data\CA\SAMPLE_COUNTY\manifest.json
[2026-03-05T06:45:46.641Z] [INFO ]   output: C:\Users\Mathew C\Campaign In A Box\Campaign in a box Data\CA\SAMPLE_COUNTY\manifest.json  [sha256:16f5a2d8ffb7...]
[2026-03-05T06:45:46.647Z] [INFO ]   output: C:\Users\Mathew C\Campaign In A Box\votes\2024\CA\SAMPLE_COUNTY\MEASURE_A\contest.json  [sha256:a2804ef0e707...]
[2026-03-05T06:45:46.648Z] [STEP ] DONE   [OK] DISCOVER_INPUTS (0.034s)
[2026-03-05T06:45:46.648Z] [STEP ] START  -> VALIDATE_INPUTS
[2026-03-05T06:45:46.648Z] [INFO ]   expected: contest_file readable
[2026-03-05T06:45:46.648Z] [INFO ]   input: contest_file -> C:\Users\Mathew C\Campaign In A Box\votes\2024\CA\SAMPLE_COUNTY\MEASURE_A\detail.xlsx  [sha256:ee753d99eb6c...]
[2026-03-05T06:45:46.648Z] [INFO ]   SANITY [OK] contest_file_exists: C:\Users\Mathew C\Campaign In A Box\votes\2024\CA\SAMPLE_COUNTY\MEASURE_A\detail.xlsx
[2026-03-05T06:45:46.648Z] [STEP ] DONE   [OK] VALIDATE_INPUTS (0.034s)
[2026-03-05T06:45:46.648Z] [STEP ] START  -> LOAD_GEOMETRY
[2026-03-05T06:45:46.648Z] [INFO ]   expected: MPREC GeoJSON or GeoPackage preferred
[2026-03-05T06:45:46.648Z] [INFO ]   expected: SRPREC as fallback
[2026-03-05T06:45:46.653Z] [WARN ] No geometry files found for CA/SAMPLE_COUNTY
[2026-03-05T06:45:46.653Z] [WARN ] geopandas not installed; geometry found at None but not loaded
[2026-03-05T06:45:46.653Z] [WARN ]   NEED: geopandas_library [missing] -- blocks: geometry_load, kepler_export
[2026-03-05T06:45:46.653Z] [STEP ] SKIP   [SKIP] LOAD_GEOMETRY -- geopandas not available
[2026-03-05T06:45:46.653Z] [STEP ] START  -> LOAD_CROSSWALKS
[2026-03-05T06:45:46.654Z] [WARN ] No crosswalk files in C:\Users\Mathew C\Campaign In A Box\Campaign in a box Data\CA\SAMPLE_COUNTY\SRPREC_TO_2020_BLK
[2026-03-05T06:45:46.654Z] [WARN ]   NEED: SRPREC_TO_2020_BLK [missing] -- blocks: crosswalk_SRPREC_TO_2020_BLK
[2026-03-05T06:45:46.655Z] [WARN ] No crosswalk files in C:\Users\Mathew C\Campaign In A Box\Campaign in a box Data\CA\SAMPLE_COUNTY\RGPREC_TO_2020_BLK
[2026-03-05T06:45:46.655Z] [WARN ]   NEED: RGPREC_TO_2020_BLK [missing] -- blocks: crosswalk_RGPREC_TO_2020_BLK
[2026-03-05T06:45:46.656Z] [WARN ] No crosswalk files in C:\Users\Mathew C\Campaign In A Box\Campaign in a box Data\CA\SAMPLE_COUNTY\2020_BLK_TO_MPREC
[2026-03-05T06:45:46.656Z] [WARN ]   NEED: 2020_BLK_TO_MPREC [missing] -- blocks: crosswalk_2020_BLK_TO_MPREC
[2026-03-05T06:45:46.656Z] [WARN ] No crosswalk files in C:\Users\Mathew C\Campaign In A Box\Campaign in a box Data\CA\SAMPLE_COUNTY\RG_to_RR_to_SR_to_SVPREC
[2026-03-05T06:45:46.656Z] [WARN ]   NEED: RG_to_RR_to_SR_to_SVPREC [missing] -- blocks: crosswalk_RG_to_RR_to_SR_to_SVPREC
[2026-03-05T06:45:46.657Z] [WARN ] No crosswalk files in C:\Users\Mathew C\Campaign In A Box\Campaign in a box Data\CA\SAMPLE_COUNTY\MPREC_to_SRPREC
[2026-03-05T06:45:46.658Z] [WARN ]   NEED: MPREC_to_SRPREC [missing] -- blocks: crosswalk_MPREC_to_SRPREC
[2026-03-05T06:45:46.658Z] [WARN ] No crosswalk files in C:\Users\Mathew C\Campaign In A Box\Campaign in a box Data\CA\SAMPLE_COUNTY\SRPREC_to_CITY
[2026-03-05T06:45:46.658Z] [WARN ]   NEED: SRPREC_to_CITY [missing] -- blocks: crosswalk_SRPREC_to_CITY
[2026-03-05T06:45:46.659Z] [STEP ] SKIP   [SKIP] LOAD_CROSSWALKS -- No crosswalk files found; will use identity mapping
[2026-03-05T06:45:46.659Z] [STEP ] START  -> PARSE_CONTEST
[2026-03-05T06:45:46.659Z] [INFO ]   expected: All sheets parsed
[2026-03-05T06:45:46.659Z] [INFO ]   expected: Contest type detected
[2026-03-05T06:45:46.665Z] [INFO ] Parsing sheet: 'Measure A'
[2026-03-05T06:45:46.683Z] [INFO ]   → 5 precincts, type=ballot_measure, cols=['Mail YES', 'Mail NO', 'In Person YES', 'In Person NO', 'YES', 'NO']
[2026-03-05T06:45:46.684Z] [INFO ] Parsing sheet: 'DA Race'
[2026-03-05T06:45:46.690Z] [INFO ]   → 5 precincts, type=candidate_race, cols=['Mail JOHNSON', 'Mail CHEN', 'Mail RAMIREZ', 'In Person JOHNSON', 'In Person CHEN', 'In Person RAMIREZ', 'JOHNSON', 'CHEN', 'RAMIREZ']
[2026-03-05T06:45:46.691Z] [STEP ] DONE   [OK] PARSE_CONTEST (0.078s)
[2026-03-05T06:45:46.692Z] [STEP ] START  -> ALLOCATE_VOTES
[2026-03-05T06:45:46.692Z] [INFO ]   Allocating sheet: 'Measure A' (5 precincts)
[2026-03-05T06:45:46.693Z] [INFO ]     Allocation method: area_weighted_fallback, 5 target precincts
[2026-03-05T06:45:46.693Z] [STEP ] START  -> SANITY_CHECKS/Measure A
[2026-03-05T06:45:46.695Z] [INFO ]   SANITY [OK] BallotsCast <= Registered
[2026-03-05T06:45:46.696Z] [INFO ]   SANITY [OK] YES+NO <= BallotsCast
[2026-03-05T06:45:46.696Z] [INFO ]   SANITY [OK] No negative values in Registered
[2026-03-05T06:45:46.696Z] [INFO ]   SANITY [OK] No negative values in BallotsCast
[2026-03-05T06:45:46.696Z] [INFO ]   SANITY [OK] No negative values in Yes
[2026-03-05T06:45:46.696Z] [INFO ]   SANITY [OK] No negative values in No
[2026-03-05T06:45:46.696Z] [INFO ]   SANITY [OK] Non-empty precinct model: 5 rows
[2026-03-05T06:45:46.696Z] [STEP ] DONE   [OK] SANITY_CHECKS/Measure A (0.083s)
[2026-03-05T06:45:46.696Z] [STEP ] START  -> BUILD_MODEL/Measure A
[2026-03-05T06:45:46.708Z] [STEP ] DONE   [OK] BUILD_MODEL/Measure A (0.095s)
[2026-03-05T06:45:46.708Z] [INFO ]   Allocating sheet: 'DA Race' (5 precincts)
[2026-03-05T06:45:46.709Z] [INFO ]     Allocation method: area_weighted_fallback, 5 target precincts
[2026-03-05T06:45:46.709Z] [STEP ] START  -> SANITY_CHECKS/DA Race
[2026-03-05T06:45:46.709Z] [INFO ]   SANITY [OK] BallotsCast <= Registered
[2026-03-05T06:45:46.710Z] [INFO ]   SANITY [OK] No negative values in Registered
[2026-03-05T06:45:46.710Z] [INFO ]   SANITY [OK] No negative values in BallotsCast
[2026-03-05T06:45:46.710Z] [INFO ]   SANITY [OK] Non-empty precinct model: 5 rows
[2026-03-05T06:45:46.710Z] [STEP ] DONE   [OK] SANITY_CHECKS/DA Race (0.096s)
[2026-03-05T06:45:46.710Z] [STEP ] START  -> BUILD_MODEL/DA Race
[2026-03-05T06:45:46.717Z] [STEP ] DONE   [OK] BUILD_MODEL/DA Race (0.104s)
[2026-03-05T06:45:46.717Z] [STEP ] DONE   [OK] ALLOCATE_VOTES (0.104s)
[2026-03-05T06:45:46.717Z] [STEP ] START  -> EXPORT_OUTPUTS
[2026-03-05T06:45:46.724Z] [INFO ]   Precinct model CSV: C:\Users\Mathew C\Campaign In A Box\derived\precinct_models\CA\SAMPLE_COUNTY\MEASURE_A__Measure A\20260304_224546_3d3ba634__precinct_model.csv
[2026-03-05T06:45:46.731Z] [INFO ]   Targeting list CSV: C:\Users\Mathew C\Campaign In A Box\derived\campaign_targets\CA\SAMPLE_COUNTY\MEASURE_A__Measure A\20260304_224546_3d3ba634__targeting_list.csv (5 rows)
[2026-03-05T06:45:46.736Z] [INFO ]   District aggregates: C:\Users\Mathew C\Campaign In A Box\derived\district_aggregates\CA\SAMPLE_COUNTY\MEASURE_A__Measure A\20260304_224546_3d3ba634__district_aggregates.csv
[2026-03-05T06:45:46.736Z] [STEP ] SKIP   [SKIP] KEPLER_EXPORT/Measure A -- No geometry in model (boundary files missing or geopandas unavailable)
[2026-03-05T06:45:46.736Z] [WARN ]   NEED: geometry_for_kepler [blocked] -- blocks: kepler_geojson
[2026-03-05T06:45:46.739Z] [INFO ]   Precinct model CSV: C:\Users\Mathew C\Campaign In A Box\derived\precinct_models\CA\SAMPLE_COUNTY\MEASURE_A__DA Race\20260304_224546_3d3ba634__precinct_model.csv
[2026-03-05T06:45:46.743Z] [INFO ]   Targeting list CSV: C:\Users\Mathew C\Campaign In A Box\derived\campaign_targets\CA\SAMPLE_COUNTY\MEASURE_A__DA Race\20260304_224546_3d3ba634__targeting_list.csv (5 rows)
[2026-03-05T06:45:46.746Z] [INFO ]   District aggregates: C:\Users\Mathew C\Campaign In A Box\derived\district_aggregates\CA\SAMPLE_COUNTY\MEASURE_A__DA Race\20260304_224546_3d3ba634__district_aggregates.csv
[2026-03-05T06:45:46.747Z] [STEP ] SKIP   [SKIP] KEPLER_EXPORT/DA Race -- No geometry in model (boundary files missing or geopandas unavailable)
[2026-03-05T06:45:46.747Z] [WARN ]   NEED: geometry_for_kepler [blocked] -- blocks: kepler_geojson
[2026-03-05T06:45:46.756Z] [INFO ]   output: C:\Users\Mathew C\Campaign In A Box\derived\precinct_models\CA\SAMPLE_COUNTY\MEASURE_A__Measure A\20260304_224546_3d3ba634__precinct_model.csv  [sha256:951109f49584...]
[2026-03-05T06:45:46.762Z] [INFO ]   output: C:\Users\Mathew C\Campaign In A Box\derived\campaign_targets\CA\SAMPLE_COUNTY\MEASURE_A__Measure A\20260304_224546_3d3ba634__targeting_list.csv  [sha256:e04574dc78fa...]
[2026-03-05T06:45:46.769Z] [INFO ]   output: C:\Users\Mathew C\Campaign In A Box\derived\district_aggregates\CA\SAMPLE_COUNTY\MEASURE_A__Measure A\20260304_224546_3d3ba634__district_aggregates.csv  [sha256:b3526d7d1929...]
[2026-03-05T06:45:46.778Z] [INFO ]   output: C:\Users\Mathew C\Campaign In A Box\derived\precinct_models\CA\SAMPLE_COUNTY\MEASURE_A__DA Race\20260304_224546_3d3ba634__precinct_model.csv  [sha256:c70cf26e7f8f...]
[2026-03-05T06:45:46.785Z] [INFO ]   output: C:\Users\Mathew C\Campaign In A Box\derived\campaign_targets\CA\SAMPLE_COUNTY\MEASURE_A__DA Race\20260304_224546_3d3ba634__targeting_list.csv  [sha256:22393d720e87...]
[2026-03-05T06:45:46.792Z] [INFO ]   output: C:\Users\Mathew C\Campaign In A Box\derived\district_aggregates\CA\SAMPLE_COUNTY\MEASURE_A__DA Race\20260304_224546_3d3ba634__district_aggregates.csv  [sha256:4bfc4ea2171e...]
[2026-03-05T06:45:46.792Z] [STEP ] DONE   [OK] EXPORT_OUTPUTS (0.179s)
[2026-03-05T06:45:46.793Z] [INFO ] ========================================================================
  Run complete — SUCCESS  elapsed: 0.179s
========================================================================
