[2026-03-05T11:37:26.926Z] [INFO] ========================================================================
  Campaign In A Box — Pipeline Run
  RUN_ID  : 2026-03-05__033726__f4a083ab__msi
  Started : 2026-03-05T11:37:26.926160+00:00
========================================================================
[2026-03-05T11:37:26.926Z] [INFO ] Pipeline v2 starting
[2026-03-05T11:37:26.926Z] [INFO ]   state=CA  county=Sonoma  year=2024  contest_slug=nov2024_general
[2026-03-05T11:37:26.927Z] [INFO ]   membership_method=auto  log_level=verbose
[2026-03-05T11:37:26.930Z] [STEP ] SKIP   [SKIP] INGEST_STAGING -- No --staging-dir provided; skipping ingestion
[2026-03-05T11:37:26.930Z] [STEP ] START  -> SCAFFOLD_BOUNDARY_INDEX
[2026-03-05T11:37:26.930Z] [INFO ]   Boundary index exists: C:\Users\Mathew C\Campaign In A Box\data\CA\counties\Sonoma\geography\boundary_index\boundaries_index.csv
[2026-03-05T11:37:26.931Z] [WARN ]   Boundary index scaffolded (no boundary files found yet)
[2026-03-05T11:37:26.933Z] [INFO ]   output: C:\Users\Mathew C\Campaign In A Box\data\CA\counties\Sonoma\geography\boundary_index\boundaries_index.csv  [sha256:b4dff0e71c42...]
[2026-03-05T11:37:26.933Z] [STEP ] DONE   [OK] SCAFFOLD_BOUNDARY_INDEX (0.007s)
[2026-03-05T11:37:26.933Z] [STEP ] START  -> VALIDATE_GEOGRAPHY
[2026-03-05T11:37:26.933Z] [INFO ]   expected: data/CA/counties/Sonoma/geography/precinct_shapes/
[2026-03-05T11:37:26.933Z] [INFO ]   expected: data/CA/counties/Sonoma/geography/crosswalks/
[2026-03-05T11:37:26.933Z] [INFO ]   [present] MPREC GeoJSON
[2026-03-05T11:37:26.933Z] [INFO ]   [present] MPREC GeoPackage
[2026-03-05T11:37:26.934Z] [INFO ]   [present] MPREC Shapefile
[2026-03-05T11:37:26.934Z] [INFO ]   [present] SRPREC GeoJSON
[2026-03-05T11:37:26.934Z] [INFO ]   [present] SRPREC GeoPackage
[2026-03-05T11:37:26.935Z] [INFO ]   [present] SRPREC Shapefile
[2026-03-05T11:37:26.935Z] [INFO ]   [present] 2020 BLK TO MPREC
[2026-03-05T11:37:26.935Z] [INFO ]   [present] RGPREC TO 2020 BLK
[2026-03-05T11:37:26.935Z] [INFO ]   [present] SRPREC TO 2020 BLK
[2026-03-05T11:37:26.936Z] [INFO ]   [present] RG to RR to SR to SVPREC
[2026-03-05T11:37:26.936Z] [INFO ]   [present] MPREC to SRPREC
[2026-03-05T11:37:26.936Z] [INFO ]   [present] SRPREC to CITY
[2026-03-05T11:37:26.936Z] [INFO ] Geography validation: 12/12 present, canonical=MPREC
[2026-03-05T11:37:26.936Z] [STEP ] DONE   [OK] VALIDATE_GEOGRAPHY (0.011s)
[2026-03-05T11:37:26.936Z] [STEP ] START  -> VALIDATE_VOTES
[2026-03-05T11:37:26.936Z] [INFO ]   expected: votes/2024/CA/Sonoma/nov2024_general/detail.xlsx
[2026-03-05T11:37:26.936Z] [INFO ]   [present] votes: C:\Users\Mathew C\Campaign In A Box\votes\2024\CA\Sonoma\nov2024_general\detail.xlsx
[2026-03-05T11:37:26.937Z] [INFO ]   input: detail.xlsx -> C:\Users\Mathew C\Campaign In A Box\votes\2024\CA\Sonoma\nov2024_general\detail.xlsx  [sha256:157048233934...]
[2026-03-05T11:37:26.937Z] [STEP ] DONE   [OK] VALIDATE_VOTES (0.011s)
[2026-03-05T11:37:26.937Z] [STEP ] START  -> LOAD_GEOMETRY
[2026-03-05T11:37:26.937Z] [INFO ]   expected: MPREC preferred; SRPREC fallback
[2026-03-05T11:37:26.937Z] [WARN ] geopandas not installed; found C:\Users\Mathew C\Campaign In A Box\data\CA\counties\Sonoma\geography\precinct_shapes\MPREC_GeoJSON\mprec_097_g24_v01.geojson but cannot load
[2026-03-05T11:37:26.937Z] [STEP ] SKIP   [SKIP] LOAD_GEOMETRY -- No usable geometry (geopandas unavailable or files missing)
[2026-03-05T11:37:26.937Z] [WARN ]   NEED: geopandas_library [missing] -- blocks: geometry_load, kepler_export
[2026-03-05T11:37:26.937Z] [STEP ] START  -> LOAD_CROSSWALKS
[2026-03-05T11:37:26.961Z] [WARN ] Cannot detect source/target columns in blk_mprec_097_g24_v01.csv: ['block', 'mprec', 'pct_block']
[2026-03-05T11:37:26.982Z] [WARN ] Cannot detect source/target columns in blk_mprec_097_g24_v01.csv: ['block', 'mprec', 'pct_block']
[2026-03-05T11:37:27.096Z] [INFO ]   [CROSSWALKS] Discovered 4/6 crosswalks
[2026-03-05T11:37:27.096Z] [STEP ] SKIP   [SKIP] LOAD_CROSSWALKS -- No crosswalk files; using identity mapping
[2026-03-05T11:37:27.096Z] [STEP ] START  -> SCAFFOLD_CONTEST_JSON
[2026-03-05T11:37:27.110Z] [INFO ]   output: C:\Users\Mathew C\Campaign In A Box\votes\2024\CA\Sonoma\nov2024_general\contest.json  [sha256:e59b1852a98c...]
[2026-03-05T11:37:27.110Z] [STEP ] DONE   [OK] SCAFFOLD_CONTEST_JSON (0.184s)
[2026-03-05T11:37:27.110Z] [STEP ] START  -> PARSE_CONTEST
[2026-03-05T11:37:27.110Z] [INFO ]   expected: Detect sheet types; aggregate vote methods
[2026-03-05T11:37:27.121Z] [INFO ] Parsing sheet: 'Sheet1'
[2026-03-05T11:37:27.128Z] [INFO ]   -> 10 precincts, type=ballot_measure
[2026-03-05T11:37:27.129Z] [STEP ] DONE   [OK] PARSE_CONTEST (0.203s)
[2026-03-05T11:37:27.129Z] [INFO ] Contest Mode: MEASURE (Inferred MEASURE (found YES/NO headers))
[2026-03-05T11:37:27.129Z] [INFO ] [PATHWAY] contest_mode=measure  contest_mode_reason=Inferred MEASURE (found YES/NO headers)
[2026-03-05T11:37:27.129Z] [STEP ] START  -> ALLOCATE_VOTES
[2026-03-05T11:37:27.129Z] [INFO ]   Sheet 'Sheet1': 10 precincts, type=ballot_measure
[2026-03-05T11:37:27.129Z] [INFO ]     Allocation: area_weighted_fallback, 10 target precincts
[2026-03-05T11:37:27.130Z] [STEP ] START  -> NORMALIZE_SCHEMA/Sheet1
[2026-03-05T11:37:27.130Z] [INFO ]   [SCHEMA] 'MPREC_ID' → 'canonical_precinct_id'
[2026-03-05T11:37:27.130Z] [INFO ]   [SCHEMA] 'Registered' → 'registered'
[2026-03-05T11:37:27.130Z] [INFO ]   [SCHEMA] 'BallotsCast' → 'ballots_cast'
[2026-03-05T11:37:27.131Z] [INFO ]   [SCHEMA] 'YES' → 'yes_votes'
[2026-03-05T11:37:27.131Z] [INFO ]   [SCHEMA] 'NO' → 'no_votes'
[2026-03-05T11:37:27.135Z] [STEP ] DONE   [OK] NORMALIZE_SCHEMA/Sheet1 (0.209s)
[2026-03-05T11:37:27.135Z] [STEP ] START  -> SANITY/Sheet1
[2026-03-05T11:37:27.135Z] [INFO ]   SANITY [OK] Non-empty model: 10 rows
[2026-03-05T11:37:27.135Z] [STEP ] DONE   [OK] SANITY/Sheet1 (0.209s)
[2026-03-05T11:37:27.135Z] [STEP ] START  -> BUILD_MODEL/Sheet1
[2026-03-05T11:37:27.143Z] [STEP ] DONE   [OK] BUILD_MODEL/Sheet1 (0.217s)
[2026-03-05T11:37:27.143Z] [STEP ] DONE   [OK] ALLOCATE_VOTES (0.217s)
[2026-03-05T11:37:27.143Z] [STEP ] START  -> INTEGRITY_ENFORCEMENT
[2026-03-05T11:37:27.148Z] [WARN ]   [INTEGRITY] 10 precinct(s) CRITICAL — registered=0 but ballots>0. Indicates data extraction issue.
[2026-03-05T11:37:27.149Z] [STEP ] DONE   [OK] INTEGRITY_ENFORCEMENT (0.224s)
[2026-03-05T11:37:27.149Z] [STEP ] START  -> FEATURE_ENGINEERING
[2026-03-05T11:37:27.149Z] [WARN ] Voter file not found at C:\Users\Mathew C\Campaign In A Box\voters\CA\Sonoma\voters.csv
