[2026-03-14T08:48:17.509Z] [INFO] ========================================================================
  Campaign In A Box — Pipeline Run
  RUN_ID  : 2026-03-14__014817__116b2740__msi
  Started : 2026-03-14T08:48:17.509394+00:00
========================================================================
[2026-03-14T08:48:17.510Z] [INFO ] Pipeline v2 starting
[2026-03-14T08:48:17.510Z] [INFO ]   state=CA  county=Sonoma  year=2024  contest_slug=nov2025_special
[2026-03-14T08:48:17.510Z] [INFO ]   membership_method=auto  log_level=verbose
[2026-03-14T08:48:17.564Z] [STEP ] START  -> DATA_INTAKE_ANALYSIS
[2026-03-14T08:48:17.573Z] [STEP ] DONE   [OK] DATA_INTAKE_ANALYSIS (0.064s)
[2026-03-14T08:48:17.573Z] [STEP ] SKIP   [SKIP] INGEST_STAGING -- No --staging-dir provided; skipping ingestion
[2026-03-14T08:48:17.573Z] [INFO ] === Processing County: Sonoma ===
[2026-03-14T08:48:17.573Z] [STEP ] START  -> SCAFFOLD_BOUNDARY_INDEX_Sonoma
[2026-03-14T08:48:17.573Z] [INFO ]   Boundary index exists: C:\Users\Mathew C\Campaign In A Box\data\CA\counties\Sonoma\geography\boundary_index\boundaries_index.csv
[2026-03-14T08:48:17.574Z] [WARN ]   Boundary index scaffolded (no boundary files found yet)
[2026-03-14T08:48:17.574Z] [INFO ]   output: C:\Users\Mathew C\Campaign In A Box\data\CA\counties\Sonoma\geography\boundary_index\boundaries_index.csv  [sha256:b4dff0e71c42...]
[2026-03-14T08:48:17.574Z] [STEP ] DONE   [OK] SCAFFOLD_BOUNDARY_INDEX_Sonoma (0.066s)
[2026-03-14T08:48:17.574Z] [STEP ] START  -> VALIDATE_GEOGRAPHY
[2026-03-14T08:48:17.575Z] [INFO ]   expected: data/CA/counties/Sonoma/geography/precinct_shapes/
[2026-03-14T08:48:17.575Z] [INFO ]   expected: data/CA/counties/Sonoma/geography/crosswalks/
[2026-03-14T08:48:17.575Z] [INFO ]   [present] MPREC GeoJSON
[2026-03-14T08:48:17.575Z] [INFO ]   [present] MPREC GeoPackage
[2026-03-14T08:48:17.576Z] [INFO ]   [present] MPREC Shapefile
[2026-03-14T08:48:17.576Z] [INFO ]   [present] SRPREC GeoJSON
[2026-03-14T08:48:17.576Z] [INFO ]   [present] SRPREC GeoPackage
[2026-03-14T08:48:17.576Z] [INFO ]   [present] SRPREC Shapefile
[2026-03-14T08:48:17.577Z] [INFO ]   [present] 2020 BLK TO MPREC
[2026-03-14T08:48:17.577Z] [INFO ]   [present] RGPREC TO 2020 BLK
[2026-03-14T08:48:17.577Z] [INFO ]   [present] SRPREC TO 2020 BLK
[2026-03-14T08:48:17.577Z] [INFO ]   [present] RG to RR to SR to SVPREC
[2026-03-14T08:48:17.578Z] [INFO ]   [present] MPREC to SRPREC
[2026-03-14T08:48:17.578Z] [INFO ]   [present] SRPREC to CITY
[2026-03-14T08:48:17.578Z] [INFO ] Geography validation: 12/12 present, canonical=MPREC
[2026-03-14T08:48:17.578Z] [STEP ] DONE   [OK] VALIDATE_GEOGRAPHY (0.069s)
[2026-03-14T08:48:17.578Z] [STEP ] START  -> VALIDATE_VOTES
[2026-03-14T08:48:17.578Z] [INFO ]   expected: data/contests/CA/Sonoma/2024/nov2025_special/raw/<file>  (canonical, P28)
[2026-03-14T08:48:17.578Z] [INFO ]   expected: votes/2024/CA/Sonoma/nov2025_special/detail.xlsx              (legacy fallback)
[2026-03-14T08:48:17.581Z] [WARN ]   [missing] votes: no detail.xlsx/xls in any of: ['C:\\Users\\Mathew C\\Campaign In A Box\\data\\CA\\counties\\Sonoma\\votes\\2024\\nov2025_special', 'C:\\Users\\Mathew C\\Campaign In A Box\\votes\\2024\\CA\\Sonoma\\nov2025_special']
[2026-03-14T08:48:17.581Z] [WARN ]   NEED: detail.xlsx [missing] -- blocks: parse_contest, allocate_votes, export_model
[2026-03-14T08:48:17.581Z] [STEP ] SKIP   [SKIP] VALIDATE_VOTES -- blocked: missing votes — no result file found in canonical or legacy paths
[2026-03-14T08:48:17.581Z] [INFO ] ========================================================================
  Run complete — PARTIAL  elapsed: 0.072s
========================================================================
