[2026-03-11T00:38:14.970Z] [INFO] ========================================================================
  Campaign In A Box — Pipeline Run
  RUN_ID  : 2026-03-10__173814__e45d5118__msi
  Started : 2026-03-11T00:38:14.969766+00:00
========================================================================
[2026-03-11T00:38:14.970Z] [INFO ] Pipeline v2 starting
[2026-03-11T00:38:14.970Z] [INFO ]   state=CA  county=Sonoma  year=2024  contest_slug=nov2024_general
[2026-03-11T00:38:14.970Z] [INFO ]   membership_method=auto  log_level=verbose
[2026-03-11T00:38:15.026Z] [STEP ] START  -> DATA_INTAKE_ANALYSIS
[2026-03-11T00:38:15.063Z] [STEP ] DONE   [OK] DATA_INTAKE_ANALYSIS (0.094s)
[2026-03-11T00:38:15.063Z] [STEP ] SKIP   [SKIP] INGEST_STAGING -- No --staging-dir provided; skipping ingestion
[2026-03-11T00:38:15.063Z] [STEP ] START  -> SCAFFOLD_BOUNDARY_INDEX
[2026-03-11T00:38:15.063Z] [INFO ]   Boundary index exists: C:\Users\Mathew C\Campaign In A Box\data\CA\counties\Sonoma\geography\boundary_index\boundaries_index.csv
[2026-03-11T00:38:15.065Z] [WARN ]   Boundary index scaffolded (no boundary files found yet)
[2026-03-11T00:38:15.065Z] [INFO ]   output: C:\Users\Mathew C\Campaign In A Box\data\CA\counties\Sonoma\geography\boundary_index\boundaries_index.csv  [sha256:b4dff0e71c42...]
[2026-03-11T00:38:15.065Z] [STEP ] DONE   [OK] SCAFFOLD_BOUNDARY_INDEX (0.096s)
[2026-03-11T00:38:15.065Z] [STEP ] START  -> VALIDATE_GEOGRAPHY
[2026-03-11T00:38:15.065Z] [INFO ]   expected: data/CA/counties/Sonoma/geography/precinct_shapes/
[2026-03-11T00:38:15.065Z] [INFO ]   expected: data/CA/counties/Sonoma/geography/crosswalks/
[2026-03-11T00:38:15.066Z] [INFO ]   [present] MPREC GeoJSON
[2026-03-11T00:38:15.067Z] [INFO ]   [present] MPREC GeoPackage
[2026-03-11T00:38:15.068Z] [INFO ]   [present] MPREC Shapefile
[2026-03-11T00:38:15.070Z] [INFO ]   [present] SRPREC GeoJSON
[2026-03-11T00:38:15.071Z] [INFO ]   [present] SRPREC GeoPackage
[2026-03-11T00:38:15.072Z] [INFO ]   [present] SRPREC Shapefile
[2026-03-11T00:38:15.073Z] [INFO ]   [present] 2020 BLK TO MPREC
[2026-03-11T00:38:15.073Z] [INFO ]   [present] RGPREC TO 2020 BLK
[2026-03-11T00:38:15.073Z] [INFO ]   [present] SRPREC TO 2020 BLK
[2026-03-11T00:38:15.073Z] [INFO ]   [present] RG to RR to SR to SVPREC
[2026-03-11T00:38:15.074Z] [INFO ]   [present] MPREC to SRPREC
[2026-03-11T00:38:15.074Z] [INFO ]   [present] SRPREC to CITY
[2026-03-11T00:38:15.074Z] [INFO ] Geography validation: 12/12 present, canonical=MPREC
[2026-03-11T00:38:15.074Z] [STEP ] DONE   [OK] VALIDATE_GEOGRAPHY (0.105s)
[2026-03-11T00:38:15.074Z] [STEP ] START  -> VALIDATE_VOTES
[2026-03-11T00:38:15.074Z] [INFO ]   expected: votes/2024/CA/Sonoma/nov2024_general/detail.xlsx
[2026-03-11T00:38:15.104Z] [INFO ]   input: detail.xlsx -> C:\Users\Mathew C\Campaign In A Box\data\CA\counties\Sonoma\votes\2024\nov2024_general\detail.xlsx  [sha256:57747ec0fcdb...]
[2026-03-11T00:38:15.104Z] [STEP ] DONE   [OK] VALIDATE_VOTES (0.135s)
[2026-03-11T00:38:15.104Z] [STEP ] START  -> LOAD_GEOMETRY
[2026-03-11T00:38:15.104Z] [INFO ]   expected: MPREC preferred; SRPREC fallback
[2026-03-11T00:38:15.105Z] [INFO ] Loading MPREC geometry from: C:\Users\Mathew C\Campaign In A Box\data\CA\counties\Sonoma\geography\precinct_shapes\MPREC_GeoJSON\mprec_097_g24_v01.geojson
[2026-03-11T00:38:18.112Z] [INFO ] Loaded 1405 features from mprec_097_g24_v01.geojson
[2026-03-11T00:38:18.112Z] [STEP ] DONE   [OK] LOAD_GEOMETRY (3.143s)
[2026-03-11T00:38:18.112Z] [STEP ] START  -> LOAD_CROSSWALKS
[2026-03-11T00:38:18.157Z] [WARN ] Cannot detect source/target columns in blk_mprec_097_g24_v01.csv: ['block', 'mprec', 'pct_block']
[2026-03-11T00:38:18.178Z] [WARN ] Cannot detect source/target columns in blk_mprec_097_g24_v01.csv: ['block', 'mprec', 'pct_block']
[2026-03-11T00:38:18.375Z] [INFO ]   [CROSSWALKS] Discovered 4/6 crosswalks
[2026-03-11T00:38:18.375Z] [STEP ] SKIP   [SKIP] LOAD_CROSSWALKS -- No crosswalk files; using identity mapping
[2026-03-11T00:38:18.375Z] [STEP ] START  -> SCAFFOLD_CONTEST_JSON
[2026-03-11T00:38:18.377Z] [INFO ]   output: C:\Users\Mathew C\Campaign In A Box\votes\2024\CA\Sonoma\nov2024_general\contest.json  [sha256:dc993519f902...]
[2026-03-11T00:38:18.377Z] [STEP ] DONE   [OK] SCAFFOLD_CONTEST_JSON (3.408s)
[2026-03-11T00:38:18.377Z] [STEP ] START  -> PARSE_CONTEST
[2026-03-11T00:38:18.377Z] [INFO ]   expected: Detect sheet types; aggregate vote methods
