[2026-03-05T12:22:20.946Z] [INFO] ========================================================================
  Campaign In A Box — Pipeline Run
  RUN_ID  : 2026-03-05__042220__46073f09__msi
  Started : 2026-03-05T12:22:20.945689+00:00
========================================================================
[2026-03-05T12:22:20.947Z] [INFO ] Pipeline v2 starting
[2026-03-05T12:22:20.947Z] [INFO ]   state=CA  county=Sonoma  year=2024  contest_slug=nov2024_general
[2026-03-05T12:22:20.947Z] [INFO ]   membership_method=auto  log_level=verbose
[2026-03-05T12:22:20.950Z] [STEP ] SKIP   [SKIP] INGEST_STAGING -- No --staging-dir provided; skipping ingestion
[2026-03-05T12:22:20.950Z] [STEP ] START  -> SCAFFOLD_BOUNDARY_INDEX
[2026-03-05T12:22:20.951Z] [INFO ]   Boundary index exists: C:\Users\Mathew C\Campaign In A Box\data\CA\counties\Sonoma\geography\boundary_index\boundaries_index.csv
[2026-03-05T12:22:20.952Z] [WARN ]   Boundary index scaffolded (no boundary files found yet)
[2026-03-05T12:22:20.961Z] [INFO ]   output: C:\Users\Mathew C\Campaign In A Box\data\CA\counties\Sonoma\geography\boundary_index\boundaries_index.csv  [sha256:b4dff0e71c42...]
[2026-03-05T12:22:20.961Z] [STEP ] DONE   [OK] SCAFFOLD_BOUNDARY_INDEX (0.016s)
[2026-03-05T12:22:20.961Z] [STEP ] START  -> VALIDATE_GEOGRAPHY
[2026-03-05T12:22:20.961Z] [INFO ]   expected: data/CA/counties/Sonoma/geography/precinct_shapes/
[2026-03-05T12:22:20.961Z] [INFO ]   expected: data/CA/counties/Sonoma/geography/crosswalks/
[2026-03-05T12:22:20.962Z] [INFO ]   [present] MPREC GeoJSON
[2026-03-05T12:22:20.962Z] [INFO ]   [present] MPREC GeoPackage
[2026-03-05T12:22:20.963Z] [INFO ]   [present] MPREC Shapefile
[2026-03-05T12:22:20.963Z] [INFO ]   [present] SRPREC GeoJSON
[2026-03-05T12:22:20.963Z] [INFO ]   [present] SRPREC GeoPackage
[2026-03-05T12:22:20.964Z] [INFO ]   [present] SRPREC Shapefile
[2026-03-05T12:22:20.964Z] [INFO ]   [present] 2020 BLK TO MPREC
[2026-03-05T12:22:20.964Z] [INFO ]   [present] RGPREC TO 2020 BLK
[2026-03-05T12:22:20.964Z] [INFO ]   [present] SRPREC TO 2020 BLK
[2026-03-05T12:22:20.965Z] [INFO ]   [present] RG to RR to SR to SVPREC
[2026-03-05T12:22:20.965Z] [INFO ]   [present] MPREC to SRPREC
[2026-03-05T12:22:20.965Z] [INFO ]   [present] SRPREC to CITY
[2026-03-05T12:22:20.965Z] [INFO ] Geography validation: 12/12 present, canonical=MPREC
[2026-03-05T12:22:20.965Z] [STEP ] DONE   [OK] VALIDATE_GEOGRAPHY (0.02s)
[2026-03-05T12:22:20.965Z] [STEP ] START  -> VALIDATE_VOTES
[2026-03-05T12:22:20.965Z] [INFO ]   expected: votes/2024/CA/Sonoma/nov2024_general/detail.xlsx
[2026-03-05T12:22:20.966Z] [INFO ]   [present] votes: C:\Users\Mathew C\Campaign In A Box\votes\2024\CA\Sonoma\nov2024_general\detail.xlsx
[2026-03-05T12:22:20.967Z] [INFO ]   input: detail.xlsx -> C:\Users\Mathew C\Campaign In A Box\votes\2024\CA\Sonoma\nov2024_general\detail.xlsx  [sha256:157048233934...]
[2026-03-05T12:22:20.967Z] [STEP ] DONE   [OK] VALIDATE_VOTES (0.021s)
[2026-03-05T12:22:20.967Z] [STEP ] START  -> LOAD_GEOMETRY
[2026-03-05T12:22:20.967Z] [INFO ]   expected: MPREC preferred; SRPREC fallback
[2026-03-05T12:22:20.967Z] [WARN ] geopandas not installed; found C:\Users\Mathew C\Campaign In A Box\data\CA\counties\Sonoma\geography\precinct_shapes\MPREC_GeoJSON\mprec_097_g24_v01.geojson but cannot load
[2026-03-05T12:22:20.967Z] [STEP ] SKIP   [SKIP] LOAD_GEOMETRY -- No usable geometry (geopandas unavailable or files missing)
[2026-03-05T12:22:20.967Z] [WARN ]   NEED: geopandas_library [missing] -- blocks: geometry_load, kepler_export
[2026-03-05T12:22:20.967Z] [STEP ] START  -> LOAD_CROSSWALKS
[2026-03-05T12:22:20.994Z] [WARN ] Cannot detect source/target columns in blk_mprec_097_g24_v01.csv: ['block', 'mprec', 'pct_block']
[2026-03-05T12:22:21.016Z] [WARN ] Cannot detect source/target columns in blk_mprec_097_g24_v01.csv: ['block', 'mprec', 'pct_block']
[2026-03-05T12:22:21.137Z] [INFO ]   [CROSSWALKS] Discovered 4/6 crosswalks
[2026-03-05T12:22:21.137Z] [STEP ] SKIP   [SKIP] LOAD_CROSSWALKS -- No crosswalk files; using identity mapping
[2026-03-05T12:22:21.137Z] [STEP ] START  -> SCAFFOLD_CONTEST_JSON
[2026-03-05T12:22:21.156Z] [INFO ]   output: C:\Users\Mathew C\Campaign In A Box\votes\2024\CA\Sonoma\nov2024_general\contest.json  [sha256:8e324793221f...]
[2026-03-05T12:22:21.156Z] [STEP ] DONE   [OK] SCAFFOLD_CONTEST_JSON (0.211s)
[2026-03-05T12:22:21.156Z] [STEP ] START  -> PARSE_CONTEST
[2026-03-05T12:22:21.156Z] [INFO ]   expected: Detect sheet types; aggregate vote methods
[2026-03-05T12:22:21.170Z] [INFO ] Parsing sheet: 'Sheet1'
[2026-03-05T12:22:21.184Z] [INFO ]   -> 10 precincts, type=ballot_measure
[2026-03-05T12:22:21.185Z] [STEP ] DONE   [OK] PARSE_CONTEST (0.24s)
[2026-03-05T12:22:21.185Z] [INFO ] Contest Mode: MEASURE (Inferred MEASURE (found YES/NO headers))
[2026-03-05T12:22:21.185Z] [INFO ] [PATHWAY] contest_mode=measure  contest_mode_reason=Inferred MEASURE (found YES/NO headers)
[2026-03-05T12:22:21.185Z] [STEP ] START  -> ALLOCATE_VOTES
[2026-03-05T12:22:21.186Z] [INFO ]   Sheet 'Sheet1': 10 precincts, type=ballot_measure
[2026-03-05T12:22:21.186Z] [INFO ]     Allocation: area_weighted_fallback, 10 target precincts
[2026-03-05T12:22:21.186Z] [STEP ] START  -> NORMALIZE_SCHEMA/Sheet1
[2026-03-05T12:22:21.187Z] [INFO ]   [SCHEMA] 'MPREC_ID' → 'canonical_precinct_id'
[2026-03-05T12:22:21.187Z] [INFO ]   [SCHEMA] 'Registered' → 'registered'
[2026-03-05T12:22:21.187Z] [INFO ]   [SCHEMA] 'BallotsCast' → 'ballots_cast'
[2026-03-05T12:22:21.187Z] [INFO ]   [SCHEMA] 'YES' → 'yes_votes'
[2026-03-05T12:22:21.188Z] [INFO ]   [SCHEMA] 'NO' → 'no_votes'
[2026-03-05T12:22:21.193Z] [STEP ] DONE   [OK] NORMALIZE_SCHEMA/Sheet1 (0.248s)
[2026-03-05T12:22:21.193Z] [STEP ] START  -> SANITY/Sheet1
[2026-03-05T12:22:21.193Z] [INFO ]   SANITY [OK] Non-empty model: 10 rows
[2026-03-05T12:22:21.193Z] [STEP ] DONE   [OK] SANITY/Sheet1 (0.248s)
[2026-03-05T12:22:21.193Z] [STEP ] START  -> BUILD_MODEL/Sheet1
[2026-03-05T12:22:21.205Z] [STEP ] DONE   [OK] BUILD_MODEL/Sheet1 (0.26s)
[2026-03-05T12:22:21.205Z] [STEP ] DONE   [OK] ALLOCATE_VOTES (0.26s)
[2026-03-05T12:22:21.205Z] [STEP ] START  -> INTEGRITY_ENFORCEMENT
[2026-03-05T12:22:21.210Z] [WARN ]   [INTEGRITY] 10 precinct(s) CRITICAL — registered=0 but ballots>0. Indicates data extraction issue.
[2026-03-05T12:22:21.213Z] [STEP ] DONE   [OK] INTEGRITY_ENFORCEMENT (0.267s)
[2026-03-05T12:22:21.213Z] [STEP ] START  -> FEATURE_ENGINEERING
[2026-03-05T12:22:21.213Z] [WARN ] Voter file not found at C:\Users\Mathew C\Campaign In A Box\voters\CA\Sonoma\voters.csv
[2026-03-05T12:22:21.224Z] [STEP ] DONE   [OK] FEATURE_ENGINEERING (0.278s)
[2026-03-05T12:22:21.224Z] [STEP ] START  -> UNIVERSE_BUILDING
[2026-03-05T12:22:21.235Z] [STEP ] DONE   [OK] UNIVERSE_BUILDING (0.29s)
[2026-03-05T12:22:21.235Z] [STEP ] START  -> SCORING_V2
[2026-03-05T12:22:21.240Z] [INFO ] [Scoring] Computing v2 scores...
[2026-03-05T12:22:21.245Z] [STEP ] DONE   [OK] SCORING_V2 (0.299s)
[2026-03-05T12:22:21.245Z] [STEP ] START  -> REGION_CLUSTERING
[2026-03-05T12:22:21.245Z] [WARN ]   Centroids missing; fallback to political-only clustering
[2026-03-05T12:22:21.256Z] [STEP ] DONE   [OK] REGION_CLUSTERING (0.311s)
[2026-03-05T12:22:21.256Z] [STEP ] START  -> FIELD_PLANNING
[2026-03-05T12:22:21.261Z] [STEP ] DONE   [OK] FIELD_PLANNING (0.316s)
[2026-03-05T12:22:21.261Z] [STEP ] START  -> SIMULATION
[2026-03-05T12:22:21.262Z] [STEP ] DONE   [OK] SIMULATION (0.317s)
[2026-03-05T12:22:21.262Z] [STEP ] START  -> VOTER_UNIVERSE_EXPORT
[2026-03-05T12:22:21.262Z] [STEP ] SKIP   [SKIP] VOTER_UNIVERSE_EXPORT -- No voter file present
[2026-03-05T12:22:21.262Z] [STEP ] START  -> FORECAST_GENERATION
[2026-03-05T12:22:21.276Z] [STEP ] DONE   [OK] FORECAST_GENERATION (0.331s)
[2026-03-05T12:22:21.276Z] [STEP ] START  -> TURF_GENERATION
[2026-03-05T12:22:21.283Z] [STEP ] DONE   [OK] TURF_GENERATION (0.338s)
[2026-03-05T12:22:21.283Z] [STEP ] START  -> EXPORT_V2_OUTPUTS
[2026-03-05T12:22:21.285Z] [WARN ] [DEPS] Optional package 'geopandas' is not installed. Feature 'kepler_export' will be skipped. To enable: `pip install geopandas  # or: uv add geopandas`
[2026-03-05T12:22:21.309Z] [INFO ] [KEPLER] Skipped: geopandas not installed
[2026-03-05T12:22:21.322Z] [INFO ]   Generated turf packs in C:\Users\Mathew C\Campaign In A Box\derived\turfs\CA\Sonoma\Sonoma_2024_nov2024_general\2026-03-05__042220__46073f09__msi__turf_packs
[2026-03-05T12:22:21.333Z] [STEP ] DONE   [OK] EXPORT_V2_OUTPUTS (0.388s)
[2026-03-05T12:22:21.333Z] [STEP ] START  -> DIAGNOSTICS
[2026-03-05T12:22:21.350Z] [STEP ] DONE   [OK] DIAGNOSTICS (0.405s)
[2026-03-05T12:22:21.351Z] [STEP ] START  -> STRATEGY_GENERATOR
[2026-03-05T12:22:21.351Z] [INFO ] [STRATEGY] Loading inputs for contest_id=2024_CA_sonoma_nov2024_general
[2026-03-05T12:22:21.414Z] [INFO ] [STRATEGY]  derived_mode=full
[2026-03-05T12:22:21.414Z] [INFO ] [STRATEGY]  found=['target_ranking', 'walk_turfs', 'scenario_forecasts', 'precinct_universes', 'regions', 'field_plan', 'simulation_results']
[2026-03-05T12:22:21.414Z] [INFO ] [STRATEGY]  missing=[]
[2026-03-05T12:22:21.414Z] [INFO ] [STRATEGY]  contest_mode=measure (explicit override: measure)
[2026-03-05T12:22:21.439Z] [INFO ]   Strategy pack written to C:\Users\Mathew C\Campaign In A Box\derived\strategy_packs\2024_CA_sonoma_nov2024_general\2026-03-05__042220__46073f09__msi
[2026-03-05T12:22:21.451Z] [INFO ] [STRATEGY] Pack written → C:\Users\Mathew C\Campaign In A Box\derived\strategy_packs\2024_CA_sonoma_nov2024_general\2026-03-05__042220__46073f09__msi
[2026-03-05T12:22:21.451Z] [STEP ] DONE   [OK] STRATEGY_GENERATOR (0.506s)
[2026-03-05T12:22:21.451Z] [STEP ] START  -> GEO_VALIDATION
[2026-03-05T12:22:21.454Z] [INFO ]   [GEO_VALIDATION] SKIP — geometry not loaded
[2026-03-05T12:22:21.454Z] [STEP ] DONE   [OK] GEO_VALIDATION (0.509s)
[2026-03-05T12:22:21.454Z] [STEP ] START  -> JOIN_GUARD_VALIDATION
[2026-03-05T12:22:21.458Z] [INFO ]   [JOIN_GUARD_VALIDATION] 4 joins, overall=PASS
[2026-03-05T12:22:21.458Z] [STEP ] DONE   [OK] JOIN_GUARD_VALIDATION (0.513s)
[2026-03-05T12:22:21.458Z] [STEP ] START  -> INTEGRITY_REPAIRS_WRITE
[2026-03-05T12:22:21.462Z] [STEP ] DONE   [OK] INTEGRITY_REPAIRS_WRITE (0.516s)
[2026-03-05T12:22:21.462Z] [STEP ] START  -> ARTIFACT_VALIDATION
[2026-03-05T12:22:21.468Z] [INFO ]   [ARTIFACT_VALIDATION] 13/13 present, 0 stubbed, 0 truly missing
[2026-03-05T12:22:21.468Z] [STEP ] DONE   [OK] ARTIFACT_VALIDATION (0.523s)
[2026-03-05T12:22:21.468Z] [STEP ] START  -> POST_RUN_AUDIT
[2026-03-05T12:22:21.482Z] [INFO ]   [POST_AUDIT] system_health=HEALTHY, artifacts=13/13, missing=[]
[2026-03-05T12:22:21.483Z] [STEP ] DONE   [OK] POST_RUN_AUDIT (0.537s)
[2026-03-05T12:22:21.488Z] [STEP ] START  -> ADVANCED_UNIVERSE_ESTIMATES
[2026-03-05T12:22:21.493Z] [STEP ] DONE   [OK] ADVANCED_UNIVERSE_ESTIMATES (0.548s)
[2026-03-05T12:22:21.493Z] [STEP ] START  -> OPTIMIZER
[2026-03-05T12:22:21.495Z] [STEP ] DONE   [OK] OPTIMIZER (0.549s)
[2026-03-05T12:22:21.495Z] [STEP ] START  -> ADVANCED_LIFT_MODEL
[2026-03-05T12:22:21.495Z] [STEP ] DONE   [OK] ADVANCED_LIFT_MODEL (0.549s)
[2026-03-05T12:22:21.495Z] [STEP ] START  -> ADVANCED_SCENARIOS
[2026-03-05T12:23:42.573Z] [STEP ] DONE   [OK] ADVANCED_SCENARIOS (81.628s)
[2026-03-05T12:23:42.573Z] [STEP ] START  -> ADVANCED_QA
[2026-03-05T12:23:42.581Z] [STEP ] DONE   [OK] ADVANCED_QA (81.636s)
[2026-03-05T12:23:42.581Z] [INFO ] ========================================================================
  Run complete — SUCCESS  elapsed: 81.636s
========================================================================
