[2026-03-11T03:19:13.630Z] [INFO] ========================================================================
  Campaign In A Box — Pipeline Run
  RUN_ID  : 2026-03-10__201913__e45d5118__msi
  Started : 2026-03-11T03:19:13.629029+00:00
========================================================================
[2026-03-11T03:19:13.630Z] [INFO ] Pipeline v2 starting
[2026-03-11T03:19:13.630Z] [INFO ]   state=CA  county=Sonoma  year=2024  contest_slug=nov2024_general
[2026-03-11T03:19:13.630Z] [INFO ]   membership_method=auto  log_level=verbose
[2026-03-11T03:19:13.785Z] [STEP ] START  -> DATA_INTAKE_ANALYSIS
[2026-03-11T03:19:13.802Z] [STEP ] DONE   [OK] DATA_INTAKE_ANALYSIS (0.173s)
[2026-03-11T03:19:13.802Z] [STEP ] SKIP   [SKIP] INGEST_STAGING -- No --staging-dir provided; skipping ingestion
[2026-03-11T03:19:13.802Z] [STEP ] START  -> SCAFFOLD_BOUNDARY_INDEX
[2026-03-11T03:19:13.802Z] [INFO ]   Boundary index exists: C:\Users\Mathew C\Campaign In A Box\data\CA\counties\Sonoma\geography\boundary_index\boundaries_index.csv
[2026-03-11T03:19:13.806Z] [WARN ]   Boundary index scaffolded (no boundary files found yet)
[2026-03-11T03:19:13.806Z] [INFO ]   output: C:\Users\Mathew C\Campaign In A Box\data\CA\counties\Sonoma\geography\boundary_index\boundaries_index.csv  [sha256:b4dff0e71c42...]
[2026-03-11T03:19:13.806Z] [STEP ] DONE   [OK] SCAFFOLD_BOUNDARY_INDEX (0.178s)
[2026-03-11T03:19:13.806Z] [STEP ] START  -> VALIDATE_GEOGRAPHY
[2026-03-11T03:19:13.806Z] [INFO ]   expected: data/CA/counties/Sonoma/geography/precinct_shapes/
[2026-03-11T03:19:13.806Z] [INFO ]   expected: data/CA/counties/Sonoma/geography/crosswalks/
[2026-03-11T03:19:13.807Z] [INFO ]   [present] MPREC GeoJSON
[2026-03-11T03:19:13.808Z] [INFO ]   [present] MPREC GeoPackage
[2026-03-11T03:19:13.809Z] [INFO ]   [present] MPREC Shapefile
[2026-03-11T03:19:13.809Z] [INFO ]   [present] SRPREC GeoJSON
[2026-03-11T03:19:13.810Z] [INFO ]   [present] SRPREC GeoPackage
[2026-03-11T03:19:13.811Z] [INFO ]   [present] SRPREC Shapefile
[2026-03-11T03:19:13.812Z] [INFO ]   [present] 2020 BLK TO MPREC
[2026-03-11T03:19:13.812Z] [INFO ]   [present] RGPREC TO 2020 BLK
[2026-03-11T03:19:13.813Z] [INFO ]   [present] SRPREC TO 2020 BLK
[2026-03-11T03:19:13.813Z] [INFO ]   [present] RG to RR to SR to SVPREC
[2026-03-11T03:19:13.814Z] [INFO ]   [present] MPREC to SRPREC
[2026-03-11T03:19:13.815Z] [INFO ]   [present] SRPREC to CITY
[2026-03-11T03:19:13.815Z] [INFO ] Geography validation: 12/12 present, canonical=MPREC
[2026-03-11T03:19:13.815Z] [STEP ] DONE   [OK] VALIDATE_GEOGRAPHY (0.186s)
[2026-03-11T03:19:13.815Z] [STEP ] START  -> VALIDATE_VOTES
[2026-03-11T03:19:13.815Z] [INFO ]   expected: votes/2024/CA/Sonoma/nov2024_general/detail.xlsx
[2026-03-11T03:19:13.855Z] [INFO ]   input: detail.xlsx -> C:\Users\Mathew C\Campaign In A Box\data\CA\counties\Sonoma\votes\2024\nov2024_general\detail.xlsx  [sha256:57747ec0fcdb]
[2026-03-11T03:19:13.885Z] [INFO ]   input: detail.xlsx -> C:\Users\Mathew C\Campaign In A Box\data\CA\counties\Sonoma\votes\2024\nov2024_general\detail.xlsx  [sha256:57747ec0fcdb...]
[2026-03-11T03:19:13.885Z] [STEP ] DONE   [OK] VALIDATE_VOTES (0.256s)
[2026-03-11T03:19:13.885Z] [STEP ] START  -> LOAD_GEOMETRY
[2026-03-11T03:19:13.885Z] [INFO ]   expected: MPREC preferred; SRPREC fallback
[2026-03-11T03:19:13.885Z] [INFO ] Loading MPREC geometry from: C:\Users\Mathew C\Campaign In A Box\data\CA\counties\Sonoma\geography\precinct_shapes\MPREC_GeoJSON\mprec_097_g24_v01.geojson
[2026-03-11T03:19:16.107Z] [INFO ] Loaded 1405 features from mprec_097_g24_v01.geojson
[2026-03-11T03:19:16.108Z] [STEP ] DONE   [OK] LOAD_GEOMETRY (2.479s)
[2026-03-11T03:19:16.108Z] [STEP ] START  -> LOAD_CROSSWALKS
[2026-03-11T03:19:16.183Z] [WARN ] Cannot detect source/target columns in blk_mprec_097_g24_v01.csv: ['block', 'mprec', 'pct_block']
[2026-03-11T03:19:16.232Z] [WARN ] Cannot detect source/target columns in blk_mprec_097_g24_v01.csv: ['block', 'mprec', 'pct_block']
[2026-03-11T03:19:16.518Z] [INFO ]   [CROSSWALKS] Discovered 4/6 crosswalks
[2026-03-11T03:19:16.519Z] [STEP ] SKIP   [SKIP] LOAD_CROSSWALKS -- No crosswalk files; using identity mapping
[2026-03-11T03:19:16.519Z] [STEP ] START  -> SCAFFOLD_CONTEST_JSON
[2026-03-11T03:19:16.521Z] [INFO ]   output: C:\Users\Mathew C\Campaign In A Box\votes\2024\CA\Sonoma\nov2024_general\contest.json  [sha256:89bb1c90a2cd...]
[2026-03-11T03:19:16.521Z] [STEP ] DONE   [OK] SCAFFOLD_CONTEST_JSON (2.892s)
[2026-03-11T03:19:16.521Z] [STEP ] START  -> PARSE_CONTEST
[2026-03-11T03:19:16.521Z] [INFO ]   expected: Detect sheet types; aggregate vote methods
