[2026-03-14T11:49:00.652Z] [INFO] ========================================================================
  Campaign In A Box — Pipeline Run
  RUN_ID  : 2026-03-14__044900__9b7d76d6__msi
  Started : 2026-03-14T11:49:00.652352+00:00
========================================================================
[2026-03-14T11:49:00.653Z] [INFO ] Pipeline v2 starting
[2026-03-14T11:49:00.653Z] [INFO ]   state=CA  county=Sonoma  year=2025  contest_slug=nov2025_special
[2026-03-14T11:49:00.653Z] [INFO ]   membership_method=auto  log_level=verbose
[2026-03-14T11:49:00.709Z] [STEP ] START  -> DATA_INTAKE_ANALYSIS
[2026-03-14T11:49:00.716Z] [STEP ] DONE   [OK] DATA_INTAKE_ANALYSIS (0.064s)
[2026-03-14T11:49:00.716Z] [STEP ] SKIP   [SKIP] INGEST_STAGING -- No --staging-dir provided; skipping ingestion
[2026-03-14T11:49:00.716Z] [INFO ] === Processing County: Sonoma ===
[2026-03-14T11:49:00.716Z] [STEP ] START  -> SCAFFOLD_BOUNDARY_INDEX_Sonoma
[2026-03-14T11:49:00.717Z] [INFO ]   Boundary index exists: C:\Users\Mathew C\Campaign In A Box\data\CA\counties\Sonoma\geography\boundary_index\boundaries_index.csv
[2026-03-14T11:49:00.718Z] [WARN ]   Boundary index scaffolded (no boundary files found yet)
[2026-03-14T11:49:00.718Z] [INFO ]   output: C:\Users\Mathew C\Campaign In A Box\data\CA\counties\Sonoma\geography\boundary_index\boundaries_index.csv  [sha256:b4dff0e71c42...]
[2026-03-14T11:49:00.718Z] [STEP ] DONE   [OK] SCAFFOLD_BOUNDARY_INDEX_Sonoma (0.066s)
[2026-03-14T11:49:00.718Z] [STEP ] START  -> VALIDATE_GEOGRAPHY
[2026-03-14T11:49:00.718Z] [INFO ]   expected: data/CA/counties/Sonoma/geography/precinct_shapes/
[2026-03-14T11:49:00.718Z] [INFO ]   expected: data/CA/counties/Sonoma/geography/crosswalks/
[2026-03-14T11:49:00.718Z] [INFO ]   [present] MPREC GeoJSON
[2026-03-14T11:49:00.719Z] [INFO ]   [present] MPREC GeoPackage
[2026-03-14T11:49:00.719Z] [INFO ]   [present] MPREC Shapefile
[2026-03-14T11:49:00.719Z] [INFO ]   [present] SRPREC GeoJSON
[2026-03-14T11:49:00.720Z] [INFO ]   [present] SRPREC GeoPackage
[2026-03-14T11:49:00.720Z] [INFO ]   [present] SRPREC Shapefile
[2026-03-14T11:49:00.720Z] [INFO ]   [present] 2020 BLK TO MPREC
[2026-03-14T11:49:00.721Z] [INFO ]   [present] RGPREC TO 2020 BLK
[2026-03-14T11:49:00.721Z] [INFO ]   [present] SRPREC TO 2020 BLK
[2026-03-14T11:49:00.721Z] [INFO ]   [present] RG to RR to SR to SVPREC
[2026-03-14T11:49:00.721Z] [INFO ]   [present] MPREC to SRPREC
[2026-03-14T11:49:00.722Z] [INFO ]   [present] SRPREC to CITY
[2026-03-14T11:49:00.722Z] [INFO ] Geography validation: 12/12 present, canonical=MPREC
[2026-03-14T11:49:00.722Z] [STEP ] DONE   [OK] VALIDATE_GEOGRAPHY (0.07s)
[2026-03-14T11:49:00.722Z] [STEP ] START  -> VALIDATE_VOTES
[2026-03-14T11:49:00.722Z] [INFO ]   expected: data/contests/CA/Sonoma/2025/nov2025_special/raw/<file>  (canonical, P28)
[2026-03-14T11:49:00.722Z] [INFO ]   expected: votes/2025/CA/Sonoma/nov2025_special/detail.xlsx              (legacy fallback)
[2026-03-14T11:49:00.724Z] [INFO ]   [VOTES] Found via ContestResolver (canonical P28): data\contests\CA\Sonoma\2025\nov2025_special\raw\SoCoNov2025StatewideSpclElec_PctCanvass (1).xlsx
[2026-03-14T11:49:00.725Z] [INFO ]   input: detail.xlsx -> C:\Users\Mathew C\Campaign In A Box\data\contests\CA\Sonoma\2025\nov2025_special\raw\SoCoNov2025StatewideSpclElec_PctCanvass (1).xlsx  [sha256:1c558d828c8f...]
[2026-03-14T11:49:00.726Z] [STEP ] DONE   [OK] VALIDATE_VOTES (0.074s)
[2026-03-14T11:49:00.726Z] [STEP ] START  -> LOAD_GEOMETRY
[2026-03-14T11:49:00.726Z] [INFO ]   expected: MPREC preferred; SRPREC fallback
[2026-03-14T11:49:00.726Z] [INFO ] Loading MPREC geometry from: C:\Users\Mathew C\Campaign In A Box\data\CA\counties\Sonoma\geography\precinct_shapes\MPREC_GeoJSON\mprec_097_g24_v01.geojson
[2026-03-14T11:49:02.960Z] [INFO ] Loaded 1405 features from mprec_097_g24_v01.geojson
[2026-03-14T11:49:02.960Z] [STEP ] DONE   [OK] LOAD_GEOMETRY (2.308s)
[2026-03-14T11:49:02.960Z] [STEP ] START  -> LOAD_CROSSWALKS
[2026-03-14T11:49:03.000Z] [WARN ]   crosswalk warning: Source precinct '060971502062002': weights sum to 0.996867 (expected 1.0 ± 0.001)
[2026-03-14T11:49:03.000Z] [WARN ]   crosswalk warning: Source precinct '060971503063000': weights sum to 0.994863 (expected 1.0 ± 0.001)
[2026-03-14T11:49:03.000Z] [WARN ]   crosswalk warning: Source precinct '060971505022016': weights sum to 0.998417 (expected 1.0 ± 0.001)
[2026-03-14T11:49:03.000Z] [WARN ]   crosswalk warning: Source precinct '060971505022004': weights sum to 0.981481 (expected 1.0 ± 0.001)
[2026-03-14T11:49:03.000Z] [WARN ]   crosswalk warning: Source precinct '060971505022018': weights sum to 0.989644 (expected 1.0 ± 0.001)
[2026-03-14T11:49:03.000Z] [WARN ]   crosswalk warning: Source precinct '060971505022019': weights sum to 0.951394 (expected 1.0 ± 0.001)
[2026-03-14T11:49:03.000Z] [WARN ]   crosswalk warning: Source precinct '060971501003054': weights sum to 0.892498 (expected 1.0 ± 0.001)
[2026-03-14T11:49:03.000Z] [WARN ]   crosswalk warning: Source precinct '060971501003055': weights sum to 0.874043 (expected 1.0 ± 0.001)
[2026-03-14T11:49:03.000Z] [WARN ]   crosswalk warning: Source precinct '060971535024025': weights sum to 0.998974 (expected 1.0 ± 0.001)
[2026-03-14T11:49:03.000Z] [WARN ]   crosswalk warning: Source precinct '060971541003007': weights sum to 0.998845 (expected 1.0 ± 0.001)
[2026-03-14T11:49:03.000Z] [WARN ]   crosswalk warning: Source precinct '060971502052006': weights sum to 1.001625 (expected 1.0 ± 0.001)
[2026-03-14T11:49:03.000Z] [WARN ]   crosswalk warning: Source precinct '060971501003056': weights sum to 0.994914 (expected 1.0 ± 0.001)
[2026-03-14T11:49:03.000Z] [WARN ]   crosswalk warning: Source precinct '060971501003042': weights sum to 0.998813 (expected 1.0 ± 0.001)
[2026-03-14T11:49:03.000Z] [WARN ]   crosswalk warning: Source precinct '060971501003027': weights sum to 0.997993 (expected 1.0 ± 0.001)
[2026-03-14T11:49:03.000Z] [WARN ]   crosswalk warning: Source precinct '060971501003021': weights sum to 0.998859 (expected 1.0 ± 0.001)
[2026-03-14T11:49:03.000Z] [WARN ]   crosswalk warning: Source precinct '060971501003040': weights sum to 0.996408 (expected 1.0 ± 0.001)
[2026-03-14T11:49:03.000Z] [WARN ]   crosswalk warning: Source precinct '060971541004063': weights sum to 0.992273 (expected 1.0 ± 0.001)
[2026-03-14T11:49:03.000Z] [WARN ]   crosswalk warning: Source precinct '060971541004009': weights sum to 0.997554 (expected 1.0 ± 0.001)
[2026-03-14T11:49:03.000Z] [WARN ]   crosswalk warning: Source precinct '060971541004000': weights sum to 0.998641 (expected 1.0 ± 0.001)
[2026-03-14T11:49:03.000Z] [WARN ]   crosswalk warning: Source precinct '060971541003045': weights sum to 0.997268 (expected 1.0 ± 0.001)
[2026-03-14T11:49:03.000Z] [WARN ]   crosswalk warning: Source precinct '060971541003046': weights sum to 0.528088 (expected 1.0 ± 0.001)
[2026-03-14T11:49:03.000Z] [WARN ]   crosswalk warning: Source precinct '060971541003043': weights sum to 0.998298 (expected 1.0 ± 0.001)
[2026-03-14T11:49:03.000Z] [WARN ]   crosswalk warning: Source precinct '060971541003044': weights sum to 0.969116 (expected 1.0 ± 0.001)
[2026-03-14T11:49:03.000Z] [WARN ]   crosswalk warning: Source precinct '060971506122052': weights sum to 0.996519 (expected 1.0 ± 0.001)
[2026-03-14T11:49:03.000Z] [WARN ]   crosswalk warning: Source precinct '060971506122048': weights sum to 0.998826 (expected 1.0 ± 0.001)
[2026-03-14T11:49:03.000Z] [WARN ]   crosswalk warning: Source precinct '060971507023006': weights sum to 0.997727 (expected 1.0 ± 0.001)
[2026-03-14T11:49:03.000Z] [WARN ]   crosswalk warning: Source precinct '060971506122024': weights sum to 0.927860 (expected 1.0 ± 0.001)
[2026-03-14T11:49:03.000Z] [WARN ]   crosswalk warning: Source precinct '060971526021000': weights sum to 0.998171 (expected 1.0 ± 0.001)
[2026-03-14T11:49:03.000Z] [WARN ]   crosswalk warning: Source precinct '060971535024006': weights sum to 0.981596 (expected 1.0 ± 0.001)
[2026-03-14T11:49:03.000Z] [WARN ]   crosswalk warning: Source precinct '060971535024012': weights sum to 0.990210 (expected 1.0 ± 0.001)
[2026-03-14T11:49:03.000Z] [WARN ]   crosswalk warning: Source precinct '060971535024010': weights sum to 0.993908 (expected 1.0 ± 0.001)
[2026-03-14T11:49:03.000Z] [WARN ]   crosswalk warning: Source precinct '060971535024011': weights sum to 0.993709 (expected 1.0 ± 0.001)
[2026-03-14T11:49:03.000Z] [WARN ]   crosswalk warning: Source precinct '060971543081006': weights sum to 0.998454 (expected 1.0 ± 0.001)
[2026-03-14T11:49:03.000Z] [WARN ]   crosswalk warning: Source precinct '060971516012006': weights sum to 0.997678 (expected 1.0 ± 0.001)
[2026-03-14T11:49:03.000Z] [WARN ]   crosswalk warning: Source precinct '060971526021040': weights sum to 0.986180 (expected 1.0 ± 0.001)
[2026-03-14T11:49:03.000Z] [WARN ]   crosswalk warning: Source precinct '060971526021065': weights sum to 0.991842 (expected 1.0 ± 0.001)
[2026-03-14T11:49:03.000Z] [WARN ]   crosswalk warning: Source precinct '060971526021068': weights sum to 0.990418 (expected 1.0 ± 0.001)
[2026-03-14T11:49:03.000Z] [WARN ]   crosswalk warning: Source precinct '060971526021051': weights sum to 0.977816 (expected 1.0 ± 0.001)
[2026-03-14T11:49:03.000Z] [WARN ]   crosswalk warning: Source precinct '060971526021052': weights sum to 0.630230 (expected 1.0 ± 0.001)
[2026-03-14T11:49:03.001Z] [WARN ]   crosswalk warning: Source precinct '060971526021042': weights sum to 0.998371 (expected 1.0 ± 0.001)
[2026-03-14T11:49:03.001Z] [WARN ]   crosswalk warning: Source precinct '060971506092018': weights sum to 1.001461 (expected 1.0 ± 0.001)
[2026-03-14T11:49:03.001Z] [WARN ]   crosswalk warning: Source precinct '060971526021038': weights sum to 0.969775 (expected 1.0 ± 0.001)
[2026-03-14T11:49:03.001Z] [WARN ]   crosswalk warning: Source precinct '060971506122025': weights sum to 0.997043 (expected 1.0 ± 0.001)
[2026-03-14T11:49:03.001Z] [WARN ]   crosswalk warning: Source precinct '060971506123067': weights sum to 0.996731 (expected 1.0 ± 0.001)
[2026-03-14T11:49:03.001Z] [WARN ]   crosswalk warning: Source precinct '060971506123066': weights sum to 0.978822 (expected 1.0 ± 0.001)
[2026-03-14T11:49:03.001Z] [WARN ]   crosswalk warning: Source precinct '060971507023007': weights sum to 0.995257 (expected 1.0 ± 0.001)
[2026-03-14T11:49:03.001Z] [WARN ]   crosswalk warning: Source precinct '060971507023008': weights sum to 0.992713 (expected 1.0 ± 0.001)
[2026-03-14T11:49:03.001Z] [WARN ]   crosswalk warning: Source precinct '060971516012000': weights sum to 0.996871 (expected 1.0 ± 0.001)
[2026-03-14T11:49:03.001Z] [WARN ]   crosswalk warning: Source precinct '060971516012028': weights sum to 0.988650 (expected 1.0 ± 0.001)
[2026-03-14T11:49:03.001Z] [WARN ]   crosswalk warning: Source precinct '060971526021066': weights sum to 0.960402 (expected 1.0 ± 0.001)
[2026-03-14T11:49:03.001Z] [WARN ]   crosswalk warning: Source precinct '060971508004024': weights sum to 0.998485 (expected 1.0 ± 0.001)
[2026-03-14T11:49:03.001Z] [WARN ]   crosswalk warning: Source precinct '060971511003009': weights sum to 0.997536 (expected 1.0 ± 0.001)
[2026-03-14T11:49:03.001Z] [WARN ]   crosswalk warning: Source precinct '060971508004025': weights sum to 0.997804 (expected 1.0 ± 0.001)
[2026-03-14T11:49:03.001Z] [WARN ]   crosswalk warning: Source precinct '060971501001000': weights sum to 0.995501 (expected 1.0 ± 0.001)
[2026-03-14T11:49:03.001Z] [WARN ]   crosswalk warning: Source precinct '060971541003000': weights sum to 0.993792 (expected 1.0 ± 0.001)
[2026-03-14T11:49:03.001Z] [WARN ]   crosswalk warning: Source precinct '060971541003031': weights sum to 0.996955 (expected 1.0 ± 0.001)
[2026-03-14T11:49:03.001Z] [WARN ]   crosswalk warning: Source precinct '060971541003032': weights sum to 0.997974 (expected 1.0 ± 0.001)
[2026-03-14T11:49:03.001Z] [WARN ]   crosswalk warning: Source precinct '060971541003054': weights sum to 0.987447 (expected 1.0 ± 0.001)
[2026-03-14T11:49:03.001Z] [WARN ]   crosswalk warning: Source precinct '060971541003030': weights sum to 0.926757 (expected 1.0 ± 0.001)
[2026-03-14T11:49:03.001Z] [WARN ]   crosswalk warning: Source precinct '060971543051029': weights sum to 0.993373 (expected 1.0 ± 0.001)
[2026-03-14T11:49:03.001Z] [WARN ]   crosswalk warning: Source precinct '060971543051004': weights sum to 0.998497 (expected 1.0 ± 0.001)
[2026-03-14T11:49:03.001Z] [WARN ]   crosswalk warning: Source precinct '060971543051026': weights sum to 0.913292 (expected 1.0 ± 0.001)
[2026-03-14T11:49:03.001Z] [WARN ]   crosswalk warning: Source precinct '060971543051025': weights sum to 0.990442 (expected 1.0 ± 0.001)
[2026-03-14T11:49:03.014Z] [INFO ] Loaded crosswalk crosswalks: 7563 source precincts
[2026-03-14T11:49:03.170Z] [INFO ]   [CROSSWALKS] Discovered 6/6 crosswalks
[2026-03-14T11:49:03.235Z] [INFO ]   [P29-INTROSPECT] 6 crosswalk files — 6 detection OK, 0 detection failed
[2026-03-14T11:49:03.235Z] [STEP ] DONE   [OK] LOAD_CROSSWALKS (2.583s)
[2026-03-14T11:49:03.235Z] [STEP ] START  -> SCAFFOLD_CONTEST_JSON
[2026-03-14T11:49:03.237Z] [INFO ]   output: C:\Users\Mathew C\Campaign In A Box\votes\2025\CA\Sonoma\nov2025_special\contest.json  [sha256:9129a9460800...]
[2026-03-14T11:49:03.238Z] [STEP ] DONE   [OK] SCAFFOLD_CONTEST_JSON (2.586s)
[2026-03-14T11:49:03.238Z] [STEP ] START  -> PARSE_CONTEST
[2026-03-14T11:49:03.238Z] [INFO ]   expected: Detect sheet types; aggregate vote methods
[2026-03-14T11:49:03.418Z] [INFO ] Parsing sheet: 'Document map'
[2026-03-14T11:49:03.419Z] [INFO ]   parse_contest_sheet: title='PrecinctCanvass' type=candidate_race prec_col='PrecinctCanvass' choice_cols=['PrecinctCanvass'] rows=3
[2026-03-14T11:49:03.428Z] [INFO ]   -> 3 precincts, type=candidate_race
[2026-03-14T11:49:03.428Z] [INFO ] Parsing sheet: 'Sheet2'
[2026-03-14T11:49:03.429Z] [INFO ]   parse_contest_sheet: title='1 Timber Cove County Water District' type=candidate_race prec_col='unnamed_0' choice_cols=['1', '1_1', '1_2', '1_3', '1_4', '1_5', '1_6', '1_7'] rows=6
[2026-03-14T11:49:03.435Z] [INFO ]   -> 4 precincts, type=candidate_race
[2026-03-14T11:49:03.435Z] [INFO ] Parsing sheet: 'Sheet3'
[2026-03-14T11:49:03.440Z] [INFO ]   parse_contest_sheet: title='1 Proposition 50 - Special State Measure Redistricting' type=candidate_race prec_col='unnamed_0' choice_cols=['1', '1_1', '1_2', '1_3', '1_4'] rows=395
[2026-03-14T11:49:03.449Z] [INFO ]   -> 393 precincts, type=candidate_race
[2026-03-14T11:49:03.449Z] [INFO ] Parsing sheet: 'Sheet4'
[2026-03-14T11:49:03.450Z] [INFO ]   parse_contest_sheet: title='1 Measure I - Petaluma Joint Union High School District Parcel Tax - 2/3 Vote To Pass' type=candidate_race prec_col='unnamed_0' choice_cols=['1', '1_1', '1_2', '1_3', '1_4'] rows=60
[2026-03-14T11:49:03.460Z] [INFO ]   -> 58 precincts, type=candidate_race
[2026-03-14T11:49:03.461Z] [STEP ] DONE   [OK] PARSE_CONTEST (2.809s)
[2026-03-14T11:49:03.461Z] [INFO ] Contest Mode: CANDIDATE (Inferred CANDIDATE (found candidate_race headers))
[2026-03-14T11:49:03.461Z] [INFO ] [PATHWAY] contest_mode=candidate  contest_mode_reason=Inferred CANDIDATE (found candidate_race headers)
[2026-03-14T11:49:03.461Z] [STEP ] START  -> ALLOCATE_VOTES
[2026-03-14T11:49:03.461Z] [INFO ]   Sheet 'Document map': 3 precincts, type=candidate_race
[2026-03-14T11:49:03.475Z] [WARN ]   [ALLOCATE] Crosswalk error: safe_merge() got an unexpected keyword argument 'left_on'. Falling back to area-weighted.
[2026-03-14T11:49:03.475Z] [INFO ]     Allocation: crosswalk, 3 target precincts
[2026-03-14T11:49:03.475Z] [STEP ] START  -> NORMALIZE_SCHEMA/Document map
[2026-03-14T11:49:03.476Z] [INFO ]   [SCHEMA] 'MPREC_ID' → 'canonical_precinct_id'
[2026-03-14T11:49:03.478Z] [INFO ]   [SCHEMA] 'Registered' → 'registered'
[2026-03-14T11:49:03.478Z] [INFO ]   [SCHEMA] 'BallotsCast' → 'ballots_cast'
[2026-03-14T11:49:03.481Z] [STEP ] DONE   [OK] NORMALIZE_SCHEMA/Document map (2.829s)
[2026-03-14T11:49:03.481Z] [STEP ] START  -> SANITY/Document map
[2026-03-14T11:49:03.481Z] [INFO ]   SANITY [OK] Non-empty model: 3 rows
[2026-03-14T11:49:03.481Z] [STEP ] DONE   [OK] SANITY/Document map (2.829s)
[2026-03-14T11:49:03.481Z] [STEP ] START  -> BUILD_MODEL/Document map
[2026-03-14T11:49:03.502Z] [STEP ] DONE   [OK] BUILD_MODEL/Document map (2.85s)
[2026-03-14T11:49:03.503Z] [INFO ]   Sheet 'Sheet2': 4 precincts, type=candidate_race
[2026-03-14T11:49:03.528Z] [WARN ]   [ALLOCATE] Crosswalk error: safe_merge() got an unexpected keyword argument 'left_on'. Falling back to area-weighted.
[2026-03-14T11:49:03.529Z] [INFO ]     Allocation: crosswalk, 4 target precincts
[2026-03-14T11:49:03.529Z] [STEP ] START  -> NORMALIZE_SCHEMA/Sheet2
[2026-03-14T11:49:03.529Z] [INFO ]   [SCHEMA] 'MPREC_ID' → 'canonical_precinct_id'
[2026-03-14T11:49:03.529Z] [INFO ]   [SCHEMA] 'Registered' → 'registered'
[2026-03-14T11:49:03.530Z] [INFO ]   [SCHEMA] 'BallotsCast' → 'ballots_cast'
[2026-03-14T11:49:03.533Z] [STEP ] DONE   [OK] NORMALIZE_SCHEMA/Sheet2 (2.881s)
[2026-03-14T11:49:03.533Z] [STEP ] START  -> SANITY/Sheet2
[2026-03-14T11:49:03.533Z] [INFO ]   SANITY [OK] Non-empty model: 4 rows
[2026-03-14T11:49:03.533Z] [STEP ] DONE   [OK] SANITY/Sheet2 (2.881s)
[2026-03-14T11:49:03.533Z] [STEP ] START  -> BUILD_MODEL/Sheet2
[2026-03-14T11:49:03.544Z] [STEP ] DONE   [OK] BUILD_MODEL/Sheet2 (2.892s)
[2026-03-14T11:49:03.544Z] [INFO ]   Sheet 'Sheet3': 393 precincts, type=candidate_race
[2026-03-14T11:49:03.558Z] [WARN ]   [ALLOCATE] Crosswalk error: safe_merge() got an unexpected keyword argument 'left_on'. Falling back to area-weighted.
[2026-03-14T11:49:03.558Z] [INFO ]     Allocation: crosswalk, 393 target precincts
[2026-03-14T11:49:03.558Z] [STEP ] START  -> NORMALIZE_SCHEMA/Sheet3
[2026-03-14T11:49:03.559Z] [INFO ]   [SCHEMA] 'MPREC_ID' → 'canonical_precinct_id'
[2026-03-14T11:49:03.559Z] [INFO ]   [SCHEMA] 'Registered' → 'registered'
[2026-03-14T11:49:03.559Z] [INFO ]   [SCHEMA] 'BallotsCast' → 'ballots_cast'
[2026-03-14T11:49:03.562Z] [STEP ] DONE   [OK] NORMALIZE_SCHEMA/Sheet3 (2.91s)
[2026-03-14T11:49:03.562Z] [STEP ] START  -> SANITY/Sheet3
[2026-03-14T11:49:03.562Z] [INFO ]   SANITY [OK] Non-empty model: 393 rows
[2026-03-14T11:49:03.562Z] [STEP ] DONE   [OK] SANITY/Sheet3 (2.91s)
[2026-03-14T11:49:03.562Z] [STEP ] START  -> BUILD_MODEL/Sheet3
[2026-03-14T11:49:03.575Z] [STEP ] DONE   [OK] BUILD_MODEL/Sheet3 (2.923s)
[2026-03-14T11:49:03.575Z] [INFO ]   Sheet 'Sheet4': 58 precincts, type=candidate_race
[2026-03-14T11:49:03.627Z] [WARN ]   [ALLOCATE] Crosswalk error: safe_merge() got an unexpected keyword argument 'left_on'. Falling back to area-weighted.
[2026-03-14T11:49:03.628Z] [INFO ]     Allocation: crosswalk, 58 target precincts
[2026-03-14T11:49:03.628Z] [STEP ] START  -> NORMALIZE_SCHEMA/Sheet4
[2026-03-14T11:49:03.628Z] [INFO ]   [SCHEMA] 'MPREC_ID' → 'canonical_precinct_id'
[2026-03-14T11:49:03.628Z] [INFO ]   [SCHEMA] 'Registered' → 'registered'
[2026-03-14T11:49:03.629Z] [INFO ]   [SCHEMA] 'BallotsCast' → 'ballots_cast'
[2026-03-14T11:49:03.632Z] [STEP ] DONE   [OK] NORMALIZE_SCHEMA/Sheet4 (2.98s)
[2026-03-14T11:49:03.632Z] [STEP ] START  -> SANITY/Sheet4
[2026-03-14T11:49:03.632Z] [INFO ]   SANITY [OK] Non-empty model: 58 rows
[2026-03-14T11:49:03.632Z] [STEP ] DONE   [OK] SANITY/Sheet4 (2.98s)
[2026-03-14T11:49:03.632Z] [STEP ] START  -> BUILD_MODEL/Sheet4
[2026-03-14T11:49:03.643Z] [STEP ] DONE   [OK] BUILD_MODEL/Sheet4 (2.991s)
[2026-03-14T11:49:03.643Z] [STEP ] DONE   [OK] ALLOCATE_VOTES (2.991s)
[2026-03-14T11:49:03.643Z] [STEP ] START  -> INTEGRITY_ENFORCEMENT
[2026-03-14T11:49:03.647Z] [INFO ]   [INTEGRITY] All 3 precincts pass constraints — no repairs needed
[2026-03-14T11:49:03.650Z] [WARN ]   [INTEGRITY] 2 precinct(s) CRITICAL — registered=0 but ballots>0. Indicates data extraction issue.
[2026-03-14T11:49:03.699Z] [WARN ]   [INTEGRITY] 320 precinct(s) CRITICAL — registered=0 but ballots>0. Indicates data extraction issue.
[2026-03-14T11:49:03.713Z] [WARN ]   [INTEGRITY] 44 precinct(s) CRITICAL — registered=0 but ballots>0. Indicates data extraction issue.
[2026-03-14T11:49:03.715Z] [STEP ] DONE   [OK] INTEGRITY_ENFORCEMENT (3.063s)
[2026-03-14T11:49:03.715Z] [STEP ] START  -> FEATURE_ENGINEERING
[2026-03-14T11:49:03.716Z] [WARN ] Voter file not found at C:\Users\Mathew C\Campaign In A Box\voters\CA\Sonoma\voters.csv
[2026-03-14T11:49:03.788Z] [STEP ] DONE   [OK] FEATURE_ENGINEERING (3.136s)
[2026-03-14T11:49:03.788Z] [STEP ] START  -> UNIVERSE_BUILDING
[2026-03-14T11:49:03.860Z] [STEP ] DONE   [OK] UNIVERSE_BUILDING (3.208s)
[2026-03-14T11:49:03.860Z] [STEP ] START  -> SCORING_V2
[2026-03-14T11:49:03.864Z] [INFO ] [Scoring] Computing v2 scores...
[2026-03-14T11:49:03.879Z] [INFO ] [Scoring] Computing v2 scores...
[2026-03-14T11:49:03.892Z] [INFO ] [Scoring] Computing v2 scores...
[2026-03-14T11:49:03.901Z] [INFO ] [Scoring] Computing v2 scores...
[2026-03-14T11:49:03.908Z] [STEP ] DONE   [OK] SCORING_V2 (3.257s)
[2026-03-14T11:49:03.910Z] [STEP ] START  -> REGION_CLUSTERING
[2026-03-14T11:49:03.910Z] [WARN ]   Centroids missing; fallback to political-only clustering
[2026-03-14T11:49:03.930Z] [WARN ]   Centroids missing; fallback to political-only clustering
[2026-03-14T11:49:03.937Z] [WARN ]   Centroids missing; fallback to political-only clustering
[2026-03-14T11:49:03.948Z] [WARN ]   Centroids missing; fallback to political-only clustering
[2026-03-14T11:49:03.957Z] [STEP ] DONE   [OK] REGION_CLUSTERING (3.305s)
[2026-03-14T11:49:03.957Z] [STEP ] START  -> FIELD_PLANNING
[2026-03-14T11:49:03.984Z] [STEP ] DONE   [OK] FIELD_PLANNING (3.332s)
[2026-03-14T11:49:03.984Z] [STEP ] START  -> SIMULATION
[2026-03-14T11:49:03.990Z] [STEP ] DONE   [OK] SIMULATION (3.338s)
[2026-03-14T11:49:03.990Z] [STEP ] START  -> VOTER_UNIVERSE_EXPORT
[2026-03-14T11:49:03.990Z] [STEP ] SKIP   [SKIP] VOTER_UNIVERSE_EXPORT -- No voter file present
[2026-03-14T11:49:03.990Z] [STEP ] START  -> LOAD_VOTER_FILE
[2026-03-14T11:49:03.991Z] [STEP ] SKIP   [SKIP] LOAD_VOTER_FILE -- No voter file found in data/voters/CA/Sonoma/ — place a CSV there to enable voter intelligence
[2026-03-14T11:49:03.991Z] [STEP ] START  -> BUILD_VOTER_UNIVERSES
[2026-03-14T11:49:03.992Z] [STEP ] SKIP   [SKIP] BUILD_VOTER_UNIVERSES -- No voter file loaded
[2026-03-14T11:49:03.992Z] [STEP ] START  -> SCORE_VOTER_TURNOUT
[2026-03-14T11:49:03.992Z] [STEP ] SKIP   [SKIP] SCORE_VOTER_TURNOUT -- No voter file loaded
[2026-03-14T11:49:03.992Z] [STEP ] START  -> SCORE_VOTER_PERSUASION
[2026-03-14T11:49:03.992Z] [STEP ] SKIP   [SKIP] SCORE_VOTER_PERSUASION -- No TPS-scored voter file
[2026-03-14T11:49:03.992Z] [STEP ] START  -> BUILD_TARGETING_QUADRANTS
[2026-03-14T11:49:03.992Z] [STEP ] SKIP   [SKIP] BUILD_TARGETING_QUADRANTS -- TPS+PS scores not available
[2026-03-14T11:49:03.992Z] [STEP ] START  -> BUILD_PRECINCT_VOTER_METRICS
[2026-03-14T11:49:03.992Z] [STEP ] SKIP   [SKIP] BUILD_PRECINCT_VOTER_METRICS -- No quadrant data
[2026-03-14T11:49:03.992Z] [STEP ] START  -> DOWNLOAD_HISTORICAL_ELECTIONS
[2026-03-14T11:49:04.187Z] [INFO ] [DOWNLOADER] 2016: automatic download failed — manual download required (see download_status.json)
[2026-03-14T11:49:04.264Z] [INFO ] [DOWNLOADER] 2018: automatic download failed — manual download required (see download_status.json)
[2026-03-14T11:49:24.389Z] [INFO ] [DOWNLOADER] 2020: automatic download failed — manual download required (see download_status.json)
[2026-03-14T11:49:44.499Z] [INFO ] [DOWNLOADER] 2022: automatic download failed — manual download required (see download_status.json)
[2026-03-14T11:50:04.622Z] [INFO ] [DOWNLOADER] 2024: automatic download failed — manual download required (see download_status.json)
[2026-03-14T11:50:04.625Z] [INFO ] [DOWNLOADER] Status: 0 downloaded, 0 already present, 5 failed. See C:\Users\Mathew C\Campaign In A Box\data\elections\CA\Sonoma\download_status.json
[2026-03-14T11:50:04.626Z] [STEP ] DONE   [OK] DOWNLOAD_HISTORICAL_ELECTIONS (63.974s)
[2026-03-14T11:50:04.626Z] [STEP ] START  -> CALIBRATE_MODEL
[2026-03-14T11:50:04.628Z] [INFO ] [HIST_PARSER] No historical election directories found
[2026-03-14T11:50:04.659Z] [INFO ] [CALIBRATOR] No historical data — using prior parameters
[2026-03-14T11:50:04.662Z] [INFO ] [CALIBRATOR] Wrote calibration parameters → C:\Users\Mathew C\Campaign In A Box\derived\calibration\model_parameters.json
[2026-03-14T11:50:04.662Z] [STEP ] DONE   [OK] CALIBRATE_MODEL (64.01s)
[2026-03-14T11:50:04.662Z] [STEP ] START  -> CAMPAIGN_STRATEGY
[2026-03-14T11:50:04.734Z] [STEP ] DONE   [OK] CAMPAIGN_STRATEGY (64.082s)
[2026-03-14T11:50:04.734Z] [STEP ] START  -> CALIBRATION
[2026-03-14T11:50:04.736Z] [INFO ] [CALIB_ENGINE] Starting calibration | run_id=2026-03-14__044900__9b7d76d6__msi | contest=2025_CA_sonoma_nov2025_special
[2026-03-14T11:50:04.742Z] [INFO ] [HIST_PARSER] No historical election directories found
[2026-03-14T11:50:04.749Z] [INFO ] [CALIB_ENGINE] Data sources: []
[2026-03-14T11:50:04.758Z] [INFO ] [TURNOUT_CAL] Written → turnout_parameters.json
[2026-03-14T11:50:04.760Z] [INFO ] [PERSUASION_CAL] Written → persuasion_parameters.json
[2026-03-14T11:50:04.762Z] [INFO ] [LIFT_CAL] Written → turnout_lift_parameters.json
[2026-03-14T11:50:04.764Z] [INFO ] [FORECAST_ACC] Insufficient data for accuracy tracking
[2026-03-14T11:50:04.770Z] [INFO ] [CALIBRATOR] No historical data — using prior parameters
[2026-03-14T11:50:04.771Z] [INFO ] [CALIBRATOR] Wrote calibration parameters → C:\Users\Mathew C\Campaign In A Box\derived\calibration\model_parameters.json
[2026-03-14T11:50:04.783Z] [INFO ] [CALIB_ENGINE] Calibration summary written → 2026-03-14__044900__9b7d76d6__msi__calibration_summary.json
[2026-03-14T11:50:04.785Z] [INFO ] [CALIB_ENGINE] Done | status=prior_only | confidence=none | sources=[]
[2026-03-14T11:50:04.785Z] [STEP ] DONE   [OK] CALIBRATION (64.133s)
[2026-03-14T11:50:04.785Z] [STEP ] START  -> INTELLIGENCE
[2026-03-14T11:50:04.801Z] [INFO ] [POLLING] No polling files found — returning empty DataFrame
[2026-03-14T11:50:04.804Z] [INFO ] [POLL_AGG] No polls to aggregate — returning None
[2026-03-14T11:50:04.806Z] [INFO ] [REG] No registration files found
[2026-03-14T11:50:04.809Z] [INFO ] [BALLOT_RETURNS] No return files found
[2026-03-14T11:50:04.812Z] [INFO ] [MACRO] Environment score=+0.01950 | sources=[]
[2026-03-14T11:50:04.819Z] [INFO ] [INTEL_FUSION] Model baseline=0.5000
[2026-03-14T11:50:04.820Z] [INFO ] [INTEL_FUSION] adjustment=+0.00098 | adjusted=0.5010 | impact=NEUTRAL | source=SIMULATED
[2026-03-14T11:50:04.823Z] [STEP ] DONE   [OK] INTELLIGENCE (64.171s)
[2026-03-14T11:50:04.823Z] [STEP ] START  -> BUILD_PROVENANCE
[2026-03-14T11:50:04.846Z] [STEP ] DONE   [OK] BUILD_PROVENANCE (64.195s)
[2026-03-14T11:50:04.846Z] [STEP ] START  -> GENERATE_DATA_REQUESTS
[2026-03-14T11:50:04.850Z] [STEP ] DONE   [OK] GENERATE_DATA_REQUESTS (64.198s)
[2026-03-14T11:50:04.850Z] [STEP ] START  -> WAR_ROOM_STATUS
[2026-03-14T11:50:04.864Z] [STEP ] DONE   [OK] WAR_ROOM_STATUS (64.212s)
[2026-03-14T11:50:04.864Z] [STEP ] START  -> WAR_ROOM_FORECAST_UPDATE
[2026-03-14T11:50:04.875Z] [STEP ] DONE   [OK] WAR_ROOM_FORECAST_UPDATE (64.223s)
[2026-03-14T11:50:04.875Z] [STEP ] START  -> PERFORMANCE_RECONCILIATION
[2026-03-14T11:50:04.897Z] [STEP ] DONE   [OK] PERFORMANCE_RECONCILIATION (64.245s)
[2026-03-14T11:50:04.897Z] [STEP ] START  -> FORECAST_GENERATION
[2026-03-14T11:50:04.966Z] [STEP ] DONE   [OK] FORECAST_GENERATION (64.314s)
[2026-03-14T11:50:04.966Z] [STEP ] START  -> TURF_GENERATION
[2026-03-14T11:50:05.003Z] [STEP ] DONE   [OK] TURF_GENERATION (64.351s)
[2026-03-14T11:50:05.003Z] [STEP ] START  -> EXPORT_V2_OUTPUTS
[2026-03-14T11:50:06.997Z] [INFO ] [KEPLER] Loaded geometry: 1405 precincts from sonoma_mprec_g24_v01.geojson
[2026-03-14T11:50:07.002Z] [INFO ] [KEPLER] Joined 1405/1405 precincts to model data
[2026-03-14T11:50:08.654Z] [INFO ] [KEPLER] Wrote derived\maps\Sonoma_2025_nov2025_special__Document map__kepler.geojson (22,724,994 bytes)
[2026-03-14T11:50:08.672Z] [INFO ]   Generated turf packs in C:\Users\Mathew C\Campaign In A Box\derived\turfs\CA\Sonoma\Sonoma_2025_nov2025_special__Document map\2026-03-14__044900__9b7d76d6__msi__turf_packs
[2026-03-14T11:50:10.517Z] [INFO ] [KEPLER] Loaded geometry: 1405 precincts from sonoma_mprec_g24_v01.geojson
[2026-03-14T11:50:10.521Z] [INFO ] [KEPLER] Joined 1405/1405 precincts to model data
[2026-03-14T11:50:12.248Z] [INFO ] [KEPLER] Wrote derived\maps\Sonoma_2025_nov2025_special__Sheet2__kepler.geojson (22,724,988 bytes)
[2026-03-14T11:50:12.259Z] [INFO ]   Generated turf packs in C:\Users\Mathew C\Campaign In A Box\derived\turfs\CA\Sonoma\Sonoma_2025_nov2025_special__Sheet2\2026-03-14__044900__9b7d76d6__msi__turf_packs
[2026-03-14T11:50:14.141Z] [INFO ] [KEPLER] Loaded geometry: 1405 precincts from sonoma_mprec_g24_v01.geojson
[2026-03-14T11:50:14.145Z] [INFO ] [KEPLER] Joined 1405/1405 precincts to model data
[2026-03-14T11:50:15.734Z] [INFO ] [KEPLER] Wrote derived\maps\Sonoma_2025_nov2025_special__Sheet3__kepler.geojson (22,724,988 bytes)
[2026-03-14T11:50:15.771Z] [INFO ]   Generated turf packs in C:\Users\Mathew C\Campaign In A Box\derived\turfs\CA\Sonoma\Sonoma_2025_nov2025_special__Sheet3\2026-03-14__044900__9b7d76d6__msi__turf_packs
[2026-03-14T11:50:17.705Z] [INFO ] [KEPLER] Loaded geometry: 1405 precincts from sonoma_mprec_g24_v01.geojson
[2026-03-14T11:50:17.709Z] [INFO ] [KEPLER] Joined 1405/1405 precincts to model data
[2026-03-14T11:50:19.427Z] [INFO ] [KEPLER] Wrote derived\maps\Sonoma_2025_nov2025_special__Sheet4__kepler.geojson (22,724,988 bytes)
[2026-03-14T11:50:19.441Z] [INFO ]   Generated turf packs in C:\Users\Mathew C\Campaign In A Box\derived\turfs\CA\Sonoma\Sonoma_2025_nov2025_special__Sheet4\2026-03-14__044900__9b7d76d6__msi__turf_packs
[2026-03-14T11:50:19.449Z] [STEP ] DONE   [OK] EXPORT_V2_OUTPUTS (78.797s)
[2026-03-14T11:50:19.449Z] [STEP ] START  -> DIAGNOSTICS
[2026-03-14T11:50:19.540Z] [STEP ] DONE   [OK] DIAGNOSTICS (78.889s)
[2026-03-14T11:50:19.540Z] [STEP ] START  -> STRATEGY_GENERATOR
[2026-03-14T11:50:19.541Z] [INFO ] [STRATEGY] Loading inputs for contest_id=2025_CA_sonoma_nov2025_special
[2026-03-14T11:50:19.873Z] [INFO ] [STRATEGY]  derived_mode=full
[2026-03-14T11:50:19.873Z] [INFO ] [STRATEGY]  found=['target_ranking', 'walk_turfs', 'scenario_forecasts', 'precinct_universes', 'regions', 'field_plan', 'simulation_results']
[2026-03-14T11:50:19.873Z] [INFO ] [STRATEGY]  missing=[]
[2026-03-14T11:50:19.873Z] [INFO ] [STRATEGY]  contest_mode=candidate (explicit override: candidate)
[2026-03-14T11:50:19.894Z] [INFO ]   Strategy pack written to C:\Users\Mathew C\Campaign In A Box\derived\strategy_packs\2025_CA_sonoma_nov2025_special\2026-03-14__044900__9b7d76d6__msi
[2026-03-14T11:50:19.931Z] [INFO ]   [STRATEGY] Prompt 12 voter targeting files: GOTV_TARGETS.csv, PERSUASION_TARGETS.csv, TARGETING_QUADRANTS.csv, TPS_DISTRIBUTION.csv, PS_DISTRIBUTION.csv, VOTER_UNIVERSE_SUMMARY.csv
[2026-03-14T11:50:19.976Z] [INFO ] [STRATEGY] Pack written → C:\Users\Mathew C\Campaign In A Box\derived\strategy_packs\2025_CA_sonoma_nov2025_special\2026-03-14__044900__9b7d76d6__msi
[2026-03-14T11:50:19.976Z] [STEP ] DONE   [OK] STRATEGY_GENERATOR (79.324s)
[2026-03-14T11:50:19.976Z] [STEP ] START  -> GEO_VALIDATION
[2026-03-14T11:50:20.290Z] [INFO ]   [GEO_VALIDATION] status=WARN, precincts=1405
[2026-03-14T11:50:20.290Z] [STEP ] DONE   [OK] GEO_VALIDATION (79.638s)
[2026-03-14T11:50:20.290Z] [STEP ] START  -> JOIN_GUARD_VALIDATION
[2026-03-14T11:50:20.295Z] [INFO ]   [JOIN_GUARD_VALIDATION] 4 joins, overall=PASS
[2026-03-14T11:50:20.295Z] [STEP ] DONE   [OK] JOIN_GUARD_VALIDATION (79.643s)
[2026-03-14T11:50:20.295Z] [STEP ] START  -> INTEGRITY_REPAIRS_WRITE
[2026-03-14T11:50:20.298Z] [STEP ] DONE   [OK] INTEGRITY_REPAIRS_WRITE (79.646s)
[2026-03-14T11:50:20.298Z] [STEP ] START  -> ARTIFACT_VALIDATION
[2026-03-14T11:50:20.319Z] [INFO ]   [ARTIFACT_VALIDATION] 13/13 present, 0 stubbed, 0 truly missing
[2026-03-14T11:50:20.319Z] [STEP ] DONE   [OK] ARTIFACT_VALIDATION (79.667s)
[2026-03-14T11:50:20.319Z] [STEP ] START  -> POST_RUN_AUDIT
[2026-03-14T11:50:20.330Z] [INFO ]   [POST_AUDIT] system_health=HEALTHY, artifacts=13/13, missing=[]
[2026-03-14T11:50:20.330Z] [STEP ] DONE   [OK] POST_RUN_AUDIT (79.678s)
[2026-03-14T11:50:20.330Z] [STEP ] START  -> STATE_BUILD
[2026-03-14T11:50:20.420Z] [STEP ] DONE   [OK] STATE_BUILD (79.768s)
[2026-03-14T11:50:20.420Z] [STEP ] START  -> STATE_DIFF
[2026-03-14T11:50:20.423Z] [STEP ] DONE   [OK] STATE_DIFF (79.771s)
[2026-03-14T11:50:20.433Z] [STEP ] START  -> ADVANCED_UNIVERSE_ESTIMATES
[2026-03-14T11:50:20.439Z] [STEP ] DONE   [OK] ADVANCED_UNIVERSE_ESTIMATES (79.787s)
[2026-03-14T11:50:20.439Z] [STEP ] START  -> OPTIMIZER
[2026-03-14T11:50:20.441Z] [STEP ] DONE   [OK] OPTIMIZER (79.789s)
[2026-03-14T11:50:20.441Z] [STEP ] START  -> ADVANCED_LIFT_MODEL
[2026-03-14T11:50:20.441Z] [STEP ] DONE   [OK] ADVANCED_LIFT_MODEL (79.789s)
[2026-03-14T11:50:20.441Z] [STEP ] START  -> ADVANCED_SCENARIOS
[2026-03-14T11:51:31.091Z] [STEP ] DONE   [OK] ADVANCED_SCENARIOS (150.44s)
[2026-03-14T11:51:31.092Z] [STEP ] START  -> ADVANCED_QA
[2026-03-14T11:51:31.096Z] [STEP ] DONE   [OK] ADVANCED_QA (150.444s)
[2026-03-14T11:51:31.096Z] [INFO ] ========================================================================
  Run complete — SUCCESS  elapsed: 150.444s
========================================================================
