[2026-03-05T10:57:45.959Z] [INFO] ========================================================================
  Campaign In A Box — Pipeline Run
  RUN_ID  : 2026-03-05__025745__521cfe43__msi
  Started : 2026-03-05T10:57:45.958152+00:00
========================================================================
[2026-03-05T10:57:45.959Z] [INFO ] Pipeline v2 starting
[2026-03-05T10:57:45.959Z] [INFO ]   state=CA  county=Sonoma  year=2024  contest_slug=nov2024_general
[2026-03-05T10:57:45.959Z] [INFO ]   membership_method=auto  log_level=verbose
[2026-03-05T10:57:45.963Z] [STEP ] SKIP   [SKIP] INGEST_STAGING -- No --staging-dir provided; skipping ingestion
[2026-03-05T10:57:45.963Z] [STEP ] START  -> SCAFFOLD_BOUNDARY_INDEX
[2026-03-05T10:57:45.963Z] [INFO ]   Boundary index exists: C:\Users\Mathew C\Campaign In A Box\data\CA\counties\Sonoma\geography\boundary_index\boundaries_index.csv
[2026-03-05T10:57:45.964Z] [WARN ]   Boundary index scaffolded (no boundary files found yet)
[2026-03-05T10:57:45.966Z] [INFO ]   output: C:\Users\Mathew C\Campaign In A Box\data\CA\counties\Sonoma\geography\boundary_index\boundaries_index.csv  [sha256:b4dff0e71c42...]
[2026-03-05T10:57:45.966Z] [STEP ] DONE   [OK] SCAFFOLD_BOUNDARY_INDEX (0.008s)
[2026-03-05T10:57:45.966Z] [STEP ] START  -> VALIDATE_GEOGRAPHY
[2026-03-05T10:57:45.966Z] [INFO ]   expected: data/CA/counties/Sonoma/geography/precinct_shapes/
[2026-03-05T10:57:45.966Z] [INFO ]   expected: data/CA/counties/Sonoma/geography/crosswalks/
[2026-03-05T10:57:45.966Z] [INFO ]   [present] MPREC GeoJSON
[2026-03-05T10:57:45.966Z] [INFO ]   [present] MPREC GeoPackage
[2026-03-05T10:57:45.967Z] [INFO ]   [present] MPREC Shapefile
[2026-03-05T10:57:45.967Z] [INFO ]   [present] SRPREC GeoJSON
[2026-03-05T10:57:45.967Z] [INFO ]   [present] SRPREC GeoPackage
[2026-03-05T10:57:45.968Z] [INFO ]   [present] SRPREC Shapefile
[2026-03-05T10:57:45.968Z] [INFO ]   [present] 2020 BLK TO MPREC
[2026-03-05T10:57:45.968Z] [INFO ]   [present] RGPREC TO 2020 BLK
[2026-03-05T10:57:45.968Z] [INFO ]   [present] SRPREC TO 2020 BLK
[2026-03-05T10:57:45.969Z] [INFO ]   [present] RG to RR to SR to SVPREC
[2026-03-05T10:57:45.969Z] [INFO ]   [present] MPREC to SRPREC
[2026-03-05T10:57:45.969Z] [INFO ]   [present] SRPREC to CITY
[2026-03-05T10:57:45.969Z] [INFO ] Geography validation: 12/12 present, canonical=MPREC
[2026-03-05T10:57:45.969Z] [STEP ] DONE   [OK] VALIDATE_GEOGRAPHY (0.012s)
[2026-03-05T10:57:45.969Z] [STEP ] START  -> VALIDATE_VOTES
[2026-03-05T10:57:45.969Z] [INFO ]   expected: votes/2024/CA/Sonoma/nov2024_general/detail.xlsx
[2026-03-05T10:57:45.969Z] [INFO ]   [present] votes: C:\Users\Mathew C\Campaign In A Box\votes\2024\CA\Sonoma\nov2024_general\detail.xlsx
[2026-03-05T10:57:45.970Z] [INFO ]   input: detail.xlsx -> C:\Users\Mathew C\Campaign In A Box\votes\2024\CA\Sonoma\nov2024_general\detail.xlsx  [sha256:157048233934...]
[2026-03-05T10:57:45.970Z] [STEP ] DONE   [OK] VALIDATE_VOTES (0.012s)
[2026-03-05T10:57:45.970Z] [STEP ] START  -> LOAD_GEOMETRY
[2026-03-05T10:57:45.970Z] [INFO ]   expected: MPREC preferred; SRPREC fallback
[2026-03-05T10:57:45.971Z] [WARN ] geopandas not installed; found C:\Users\Mathew C\Campaign In A Box\data\CA\counties\Sonoma\geography\precinct_shapes\MPREC_GeoJSON\mprec_097_g24_v01.geojson but cannot load
[2026-03-05T10:57:45.971Z] [STEP ] SKIP   [SKIP] LOAD_GEOMETRY -- No usable geometry (geopandas unavailable or files missing)
[2026-03-05T10:57:45.971Z] [WARN ]   NEED: geopandas_library [missing] -- blocks: geometry_load, kepler_export
[2026-03-05T10:57:45.971Z] [STEP ] START  -> LOAD_CROSSWALKS
[2026-03-05T10:57:45.997Z] [WARN ] Cannot detect source/target columns in blk_mprec_097_g24_v01.csv: ['block', 'mprec', 'pct_block']
[2026-03-05T10:57:46.018Z] [WARN ] Cannot detect source/target columns in blk_mprec_097_g24_v01.csv: ['block', 'mprec', 'pct_block']
[2026-03-05T10:57:46.156Z] [INFO ]   [CROSSWALKS] Discovered 4/6 crosswalks
[2026-03-05T10:57:46.156Z] [STEP ] SKIP   [SKIP] LOAD_CROSSWALKS -- No crosswalk files; using identity mapping
[2026-03-05T10:57:46.157Z] [STEP ] START  -> SCAFFOLD_CONTEST_JSON
[2026-03-05T10:57:46.172Z] [INFO ]   output: C:\Users\Mathew C\Campaign In A Box\votes\2024\CA\Sonoma\nov2024_general\contest.json  [sha256:9d6744c5154b...]
[2026-03-05T10:57:46.172Z] [STEP ] DONE   [OK] SCAFFOLD_CONTEST_JSON (0.214s)
[2026-03-05T10:57:46.172Z] [STEP ] START  -> PARSE_CONTEST
[2026-03-05T10:57:46.172Z] [INFO ]   expected: Detect sheet types; aggregate vote methods
[2026-03-05T10:57:46.184Z] [INFO ] Parsing sheet: 'Sheet1'
[2026-03-05T10:57:46.191Z] [INFO ]   -> 10 precincts, type=ballot_measure
[2026-03-05T10:57:46.192Z] [STEP ] DONE   [OK] PARSE_CONTEST (0.235s)
[2026-03-05T10:57:46.192Z] [INFO ] Contest Mode: MEASURE (Inferred MEASURE (found YES/NO headers))
[2026-03-05T10:57:46.192Z] [INFO ] [PATHWAY] contest_mode=measure  contest_mode_reason=Inferred MEASURE (found YES/NO headers)
[2026-03-05T10:57:46.192Z] [STEP ] START  -> ALLOCATE_VOTES
[2026-03-05T10:57:46.192Z] [INFO ]   Sheet 'Sheet1': 10 precincts, type=ballot_measure
[2026-03-05T10:57:46.193Z] [INFO ]     Allocation: area_weighted_fallback, 10 target precincts
[2026-03-05T10:57:46.193Z] [STEP ] START  -> SANITY/Sheet1
[2026-03-05T10:57:46.193Z] [INFO ]   SANITY [OK] Non-empty model: 10 rows
[2026-03-05T10:57:46.193Z] [STEP ] DONE   [OK] SANITY/Sheet1 (0.236s)
[2026-03-05T10:57:46.193Z] [STEP ] START  -> BUILD_MODEL/Sheet1
[2026-03-05T10:57:46.202Z] [STEP ] DONE   [OK] BUILD_MODEL/Sheet1 (0.245s)
[2026-03-05T10:57:46.202Z] [STEP ] DONE   [OK] ALLOCATE_VOTES (0.245s)
[2026-03-05T10:57:46.202Z] [STEP ] START  -> INTEGRITY_ENFORCEMENT
[2026-03-05T10:57:46.203Z] [INFO ] [INTEGRITY] All 10 precincts pass constraints — no repairs needed
[2026-03-05T10:57:46.207Z] [STEP ] DONE   [OK] INTEGRITY_ENFORCEMENT (0.249s)
[2026-03-05T10:57:46.207Z] [STEP ] START  -> FEATURE_ENGINEERING
[2026-03-05T10:57:46.207Z] [WARN ] Voter file not found at C:\Users\Mathew C\Campaign In A Box\voters\CA\Sonoma\voters.csv
[2026-03-05T10:57:46.217Z] [STEP ] DONE   [OK] FEATURE_ENGINEERING (0.259s)
[2026-03-05T10:57:46.217Z] [STEP ] START  -> UNIVERSE_BUILDING
[2026-03-05T10:57:46.228Z] [STEP ] DONE   [OK] UNIVERSE_BUILDING (0.271s)
[2026-03-05T10:57:46.228Z] [STEP ] START  -> SCORING_V2
[2026-03-05T10:57:46.233Z] [INFO ] [Scoring] Computing v2 scores...
[2026-03-05T10:57:46.237Z] [STEP ] DONE   [OK] SCORING_V2 (0.279s)
[2026-03-05T10:57:46.237Z] [STEP ] START  -> REGION_CLUSTERING
[2026-03-05T10:57:46.237Z] [WARN ]   Centroids missing; fallback to political-only clustering
[2026-03-05T10:57:46.241Z] [STEP ] DONE   [OK] REGION_CLUSTERING (0.284s)
[2026-03-05T10:57:46.242Z] [STEP ] START  -> FIELD_PLANNING
[2026-03-05T10:57:46.246Z] [STEP ] DONE   [OK] FIELD_PLANNING (0.288s)
[2026-03-05T10:57:46.246Z] [STEP ] START  -> SIMULATION
[2026-03-05T10:57:46.247Z] [STEP ] DONE   [OK] SIMULATION (0.289s)
[2026-03-05T10:57:46.247Z] [STEP ] START  -> VOTER_UNIVERSE_EXPORT
[2026-03-05T10:57:46.247Z] [STEP ] SKIP   [SKIP] VOTER_UNIVERSE_EXPORT -- No voter file present
[2026-03-05T10:57:46.247Z] [STEP ] START  -> FORECAST_GENERATION
[2026-03-05T10:57:46.264Z] [STEP ] DONE   [OK] FORECAST_GENERATION (0.306s)
[2026-03-05T10:57:46.264Z] [STEP ] START  -> TURF_GENERATION
[2026-03-05T10:57:46.269Z] [STEP ] DONE   [OK] TURF_GENERATION (0.311s)
[2026-03-05T10:57:46.269Z] [STEP ] START  -> EXPORT_V2_OUTPUTS
[2026-03-05T10:57:46.272Z] [WARN ] [DEPS] Optional package 'geopandas' is not installed. Feature 'kepler_export' will be skipped. To enable: `pip install geopandas  # or: uv add geopandas`
[2026-03-05T10:57:46.303Z] [INFO ] [KEPLER] Skipped: geopandas not installed
[2026-03-05T10:57:46.315Z] [INFO ]   Generated turf packs in C:\Users\Mathew C\Campaign In A Box\derived\turfs\CA\Sonoma\Sonoma_2024_nov2024_general\2026-03-05__025745__521cfe43__msi__turf_packs
