[2026-03-09T22:02:56.098Z] [INFO] ========================================================================
  Campaign In A Box — Pipeline Run
  RUN_ID  : 2026-03-09__150256__cc2e639f__msi
  Started : 2026-03-09T22:02:56.096984+00:00
========================================================================
[2026-03-09T22:02:56.098Z] [INFO ] Pipeline v2 starting
[2026-03-09T22:02:56.098Z] [INFO ]   state=CA  county=Sonoma  year=2025  contest_slug=prop_50_special
[2026-03-09T22:02:56.099Z] [INFO ]   membership_method=auto  log_level=verbose
[2026-03-09T22:02:56.106Z] [STEP ] SKIP   [SKIP] INGEST_STAGING -- No --staging-dir provided; skipping ingestion
[2026-03-09T22:02:56.107Z] [STEP ] START  -> SCAFFOLD_BOUNDARY_INDEX
[2026-03-09T22:02:56.107Z] [INFO ]   Boundary index exists: C:\Users\Mathew C\Campaign In A Box\data\CA\counties\Sonoma\geography\boundary_index\boundaries_index.csv
[2026-03-09T22:02:56.111Z] [WARN ]   Boundary index scaffolded (no boundary files found yet)
[2026-03-09T22:02:56.111Z] [INFO ]   output: C:\Users\Mathew C\Campaign In A Box\data\CA\counties\Sonoma\geography\boundary_index\boundaries_index.csv  [sha256:b4dff0e71c42...]
[2026-03-09T22:02:56.111Z] [STEP ] DONE   [OK] SCAFFOLD_BOUNDARY_INDEX (0.015s)
[2026-03-09T22:02:56.111Z] [STEP ] START  -> VALIDATE_GEOGRAPHY
[2026-03-09T22:02:56.112Z] [INFO ]   expected: data/CA/counties/Sonoma/geography/precinct_shapes/
[2026-03-09T22:02:56.112Z] [INFO ]   expected: data/CA/counties/Sonoma/geography/crosswalks/
[2026-03-09T22:02:56.112Z] [INFO ]   [present] MPREC GeoJSON
[2026-03-09T22:02:56.113Z] [INFO ]   [present] MPREC GeoPackage
[2026-03-09T22:02:56.114Z] [INFO ]   [present] MPREC Shapefile
[2026-03-09T22:02:56.115Z] [INFO ]   [present] SRPREC GeoJSON
[2026-03-09T22:02:56.116Z] [INFO ]   [present] SRPREC GeoPackage
[2026-03-09T22:02:56.117Z] [INFO ]   [present] SRPREC Shapefile
[2026-03-09T22:02:56.117Z] [INFO ]   [present] 2020 BLK TO MPREC
[2026-03-09T22:02:56.118Z] [INFO ]   [present] RGPREC TO 2020 BLK
[2026-03-09T22:02:56.118Z] [INFO ]   [present] SRPREC TO 2020 BLK
[2026-03-09T22:02:56.119Z] [INFO ]   [present] RG to RR to SR to SVPREC
[2026-03-09T22:02:56.120Z] [INFO ]   [present] MPREC to SRPREC
[2026-03-09T22:02:56.120Z] [INFO ]   [present] SRPREC to CITY
[2026-03-09T22:02:56.120Z] [INFO ] Geography validation: 12/12 present, canonical=MPREC
[2026-03-09T22:02:56.121Z] [STEP ] DONE   [OK] VALIDATE_GEOGRAPHY (0.024s)
[2026-03-09T22:02:56.121Z] [STEP ] START  -> VALIDATE_VOTES
[2026-03-09T22:02:56.121Z] [INFO ]   expected: votes/2025/CA/Sonoma/prop_50_special/detail.xlsx
[2026-03-09T22:02:56.122Z] [INFO ]   input: detail.xlsx -> C:\Users\Mathew C\Campaign In A Box\data\CA\counties\Sonoma\votes\2025\prop_50_special\detail.xlsx  [sha256:1028d97deafd...]
[2026-03-09T22:02:56.122Z] [STEP ] DONE   [OK] VALIDATE_VOTES (0.026s)
[2026-03-09T22:02:56.122Z] [STEP ] START  -> LOAD_GEOMETRY
[2026-03-09T22:02:56.122Z] [INFO ]   expected: MPREC preferred; SRPREC fallback
[2026-03-09T22:02:56.124Z] [WARN ] geopandas not installed; found C:\Users\Mathew C\Campaign In A Box\data\CA\counties\Sonoma\geography\precinct_shapes\MPREC_GeoJSON\mprec_097_g24_v01.geojson but cannot load
[2026-03-09T22:02:56.124Z] [STEP ] SKIP   [SKIP] LOAD_GEOMETRY -- No usable geometry (geopandas unavailable or files missing)
[2026-03-09T22:02:56.124Z] [WARN ]   NEED: geopandas_library [missing] -- blocks: geometry_load, kepler_export
[2026-03-09T22:02:56.124Z] [STEP ] START  -> LOAD_CROSSWALKS
[2026-03-09T22:02:56.204Z] [WARN ] Cannot detect source/target columns in blk_mprec_097_g24_v01.csv: ['block', 'mprec', 'pct_block']
[2026-03-09T22:02:56.254Z] [WARN ] Cannot detect source/target columns in blk_mprec_097_g24_v01.csv: ['block', 'mprec', 'pct_block']
[2026-03-09T22:02:56.398Z] [INFO ]   [CROSSWALKS] Discovered 4/6 crosswalks
[2026-03-09T22:02:56.398Z] [STEP ] SKIP   [SKIP] LOAD_CROSSWALKS -- No crosswalk files; using identity mapping
[2026-03-09T22:02:56.398Z] [STEP ] START  -> SCAFFOLD_CONTEST_JSON
[2026-03-09T22:02:56.399Z] [INFO ]   output: C:\Users\Mathew C\Campaign In A Box\votes\2025\CA\Sonoma\prop_50_special\contest.json  [sha256:1c3c57ed11a1...]
[2026-03-09T22:02:56.399Z] [STEP ] DONE   [OK] SCAFFOLD_CONTEST_JSON (0.303s)
[2026-03-09T22:02:56.399Z] [STEP ] START  -> PARSE_CONTEST
[2026-03-09T22:02:56.399Z] [INFO ]   expected: Detect sheet types; aggregate vote methods
[2026-03-09T22:02:56.451Z] [INFO ] Parsing sheet: '2'
[2026-03-09T22:02:56.456Z] [INFO ]   parse_contest_sheet: title='Timber Cove County Water District ( 3)' type=unknown prec_col='Timber Cove County Water District ( 3)' choice_cols=['Timber Cove County Water District ( 3)'] rows=0
[2026-03-09T22:02:56.462Z] [INFO ]   -> 0 precincts, type=unknown
[2026-03-09T22:02:56.462Z] [INFO ] Parsing sheet: '3'
[2026-03-09T22:02:56.467Z] [INFO ]   parse_contest_sheet: title='Proposition 50 - Special State Measure Redistricting ( 1)' type=unknown prec_col='Proposition 50 - Special State Measure Redistricting ( 1)' choice_cols=['Proposition 50 - Special State Measure Redistricting ( 1)'] rows=0
[2026-03-09T22:02:56.472Z] [INFO ]   -> 0 precincts, type=unknown
[2026-03-09T22:02:56.472Z] [INFO ] Parsing sheet: '4'
[2026-03-09T22:02:56.477Z] [INFO ]   parse_contest_sheet: title='Measure I - Petaluma Joint Union High School District Parcel Tax - 2/3 Vote To Pass ( 1)' type=unknown prec_col='Measure I - Petaluma Joint Union High School District Parcel Tax - 2/3 Vote To Pass ( 1)' choice_cols=['Measure I - Petaluma Joint Union High School District Parcel Tax - 2/3 Vote To Pass ( 1)'] rows=0
[2026-03-09T22:02:56.480Z] [INFO ]   -> 0 precincts, type=unknown
[2026-03-09T22:02:56.481Z] [STEP ] DONE   [OK] PARSE_CONTEST (0.384s)
[2026-03-09T22:02:56.481Z] [INFO ] Contest Mode: MEASURE (Inferred MEASURE (found YES/NO headers))
[2026-03-09T22:02:56.481Z] [INFO ] [PATHWAY] contest_mode=measure  contest_mode_reason=Inferred MEASURE (found YES/NO headers)
[2026-03-09T22:02:56.481Z] [STEP ] START  -> ALLOCATE_VOTES
[2026-03-09T22:02:56.481Z] [STEP ] SKIP   [SKIP] SHEET/2 -- No data rows
[2026-03-09T22:02:56.481Z] [STEP ] SKIP   [SKIP] SHEET/3 -- No data rows
[2026-03-09T22:02:56.481Z] [STEP ] SKIP   [SKIP] SHEET/4 -- No data rows
[2026-03-09T22:02:56.481Z] [STEP ] DONE   [OK] ALLOCATE_VOTES (0.385s)
[2026-03-09T22:02:56.481Z] [ERROR] FAIL   [FAIL] ALLOCATE_VOTES -- No model DataFrames produced
