[2026-03-05T12:00:56.925Z] [INFO] ========================================================================
  Campaign In A Box — Pipeline Run
  RUN_ID  : 2026-03-05__040056__0e0e8b52__msi
  Started : 2026-03-05T12:00:56.925186+00:00
========================================================================
[2026-03-05T12:00:56.926Z] [INFO ] Pipeline v2 starting
[2026-03-05T12:00:56.926Z] [INFO ]   state=CA  county=Sonoma  year=2024  contest_slug=nov2024_general
[2026-03-05T12:00:56.926Z] [INFO ]   membership_method=auto  log_level=verbose
[2026-03-05T12:00:56.929Z] [STEP ] SKIP   [SKIP] INGEST_STAGING -- No --staging-dir provided; skipping ingestion
[2026-03-05T12:00:56.929Z] [STEP ] START  -> SCAFFOLD_BOUNDARY_INDEX
[2026-03-05T12:00:56.929Z] [INFO ]   Boundary index exists: C:\Users\Mathew C\Campaign In A Box\data\CA\counties\Sonoma\geography\boundary_index\boundaries_index.csv
[2026-03-05T12:00:56.930Z] [WARN ]   Boundary index scaffolded (no boundary files found yet)
[2026-03-05T12:00:56.932Z] [INFO ]   output: C:\Users\Mathew C\Campaign In A Box\data\CA\counties\Sonoma\geography\boundary_index\boundaries_index.csv  [sha256:b4dff0e71c42...]
[2026-03-05T12:00:56.932Z] [STEP ] DONE   [OK] SCAFFOLD_BOUNDARY_INDEX (0.007s)
[2026-03-05T12:00:56.932Z] [STEP ] START  -> VALIDATE_GEOGRAPHY
[2026-03-05T12:00:56.932Z] [INFO ]   expected: data/CA/counties/Sonoma/geography/precinct_shapes/
[2026-03-05T12:00:56.932Z] [INFO ]   expected: data/CA/counties/Sonoma/geography/crosswalks/
[2026-03-05T12:00:56.932Z] [INFO ]   [present] MPREC GeoJSON
[2026-03-05T12:00:56.932Z] [INFO ]   [present] MPREC GeoPackage
[2026-03-05T12:00:56.933Z] [INFO ]   [present] MPREC Shapefile
[2026-03-05T12:00:56.933Z] [INFO ]   [present] SRPREC GeoJSON
[2026-03-05T12:00:56.933Z] [INFO ]   [present] SRPREC GeoPackage
[2026-03-05T12:00:56.934Z] [INFO ]   [present] SRPREC Shapefile
[2026-03-05T12:00:56.934Z] [INFO ]   [present] 2020 BLK TO MPREC
[2026-03-05T12:00:56.934Z] [INFO ]   [present] RGPREC TO 2020 BLK
[2026-03-05T12:00:56.934Z] [INFO ]   [present] SRPREC TO 2020 BLK
[2026-03-05T12:00:56.935Z] [INFO ]   [present] RG to RR to SR to SVPREC
[2026-03-05T12:00:56.935Z] [INFO ]   [present] MPREC to SRPREC
[2026-03-05T12:00:56.935Z] [INFO ]   [present] SRPREC to CITY
[2026-03-05T12:00:56.935Z] [INFO ] Geography validation: 12/12 present, canonical=MPREC
[2026-03-05T12:00:56.935Z] [STEP ] DONE   [OK] VALIDATE_GEOGRAPHY (0.01s)
[2026-03-05T12:00:56.935Z] [STEP ] START  -> VALIDATE_VOTES
[2026-03-05T12:00:56.935Z] [INFO ]   expected: votes/2024/CA/Sonoma/nov2024_general/detail.xlsx
[2026-03-05T12:00:56.935Z] [INFO ]   [present] votes: C:\Users\Mathew C\Campaign In A Box\votes\2024\CA\Sonoma\nov2024_general\detail.xlsx
[2026-03-05T12:00:56.935Z] [INFO ]   input: detail.xlsx -> C:\Users\Mathew C\Campaign In A Box\votes\2024\CA\Sonoma\nov2024_general\detail.xlsx  [sha256:157048233934...]
[2026-03-05T12:00:56.935Z] [STEP ] DONE   [OK] VALIDATE_VOTES (0.011s)
[2026-03-05T12:00:56.936Z] [STEP ] START  -> LOAD_GEOMETRY
[2026-03-05T12:00:56.936Z] [INFO ]   expected: MPREC preferred; SRPREC fallback
[2026-03-05T12:00:56.936Z] [WARN ] geopandas not installed; found C:\Users\Mathew C\Campaign In A Box\data\CA\counties\Sonoma\geography\precinct_shapes\MPREC_GeoJSON\mprec_097_g24_v01.geojson but cannot load
[2026-03-05T12:00:56.936Z] [STEP ] SKIP   [SKIP] LOAD_GEOMETRY -- No usable geometry (geopandas unavailable or files missing)
[2026-03-05T12:00:56.936Z] [WARN ]   NEED: geopandas_library [missing] -- blocks: geometry_load, kepler_export
[2026-03-05T12:00:56.936Z] [STEP ] START  -> LOAD_CROSSWALKS
[2026-03-05T12:00:56.959Z] [WARN ] Cannot detect source/target columns in blk_mprec_097_g24_v01.csv: ['block', 'mprec', 'pct_block']
[2026-03-05T12:00:56.980Z] [WARN ] Cannot detect source/target columns in blk_mprec_097_g24_v01.csv: ['block', 'mprec', 'pct_block']
[2026-03-05T12:00:57.075Z] [INFO ]   [CROSSWALKS] Discovered 4/6 crosswalks
[2026-03-05T12:00:57.075Z] [STEP ] SKIP   [SKIP] LOAD_CROSSWALKS -- No crosswalk files; using identity mapping
[2026-03-05T12:00:57.075Z] [STEP ] START  -> SCAFFOLD_CONTEST_JSON
[2026-03-05T12:00:57.089Z] [INFO ]   output: C:\Users\Mathew C\Campaign In A Box\votes\2024\CA\Sonoma\nov2024_general\contest.json  [sha256:17c7dd436702...]
[2026-03-05T12:00:57.089Z] [STEP ] DONE   [OK] SCAFFOLD_CONTEST_JSON (0.164s)
[2026-03-05T12:00:57.089Z] [STEP ] START  -> PARSE_CONTEST
[2026-03-05T12:00:57.089Z] [INFO ]   expected: Detect sheet types; aggregate vote methods
[2026-03-05T12:00:57.099Z] [INFO ] Parsing sheet: 'Sheet1'
[2026-03-05T12:00:57.105Z] [INFO ]   -> 10 precincts, type=ballot_measure
[2026-03-05T12:00:57.106Z] [STEP ] DONE   [OK] PARSE_CONTEST (0.181s)
[2026-03-05T12:00:57.106Z] [INFO ] Contest Mode: MEASURE (Inferred MEASURE (found YES/NO headers))
[2026-03-05T12:00:57.106Z] [INFO ] [PATHWAY] contest_mode=measure  contest_mode_reason=Inferred MEASURE (found YES/NO headers)
[2026-03-05T12:00:57.106Z] [STEP ] START  -> ALLOCATE_VOTES
[2026-03-05T12:00:57.106Z] [INFO ]   Sheet 'Sheet1': 10 precincts, type=ballot_measure
[2026-03-05T12:00:57.107Z] [INFO ]     Allocation: area_weighted_fallback, 10 target precincts
[2026-03-05T12:00:57.107Z] [STEP ] START  -> NORMALIZE_SCHEMA/Sheet1
[2026-03-05T12:00:57.107Z] [INFO ]   [SCHEMA] 'MPREC_ID' → 'canonical_precinct_id'
[2026-03-05T12:00:57.107Z] [INFO ]   [SCHEMA] 'Registered' → 'registered'
[2026-03-05T12:00:57.107Z] [INFO ]   [SCHEMA] 'BallotsCast' → 'ballots_cast'
[2026-03-05T12:00:57.108Z] [INFO ]   [SCHEMA] 'YES' → 'yes_votes'
[2026-03-05T12:00:57.108Z] [INFO ]   [SCHEMA] 'NO' → 'no_votes'
[2026-03-05T12:00:57.111Z] [STEP ] DONE   [OK] NORMALIZE_SCHEMA/Sheet1 (0.187s)
[2026-03-05T12:00:57.112Z] [STEP ] START  -> SANITY/Sheet1
[2026-03-05T12:00:57.112Z] [INFO ]   SANITY [OK] Non-empty model: 10 rows
[2026-03-05T12:00:57.112Z] [STEP ] DONE   [OK] SANITY/Sheet1 (0.187s)
[2026-03-05T12:00:57.112Z] [STEP ] START  -> BUILD_MODEL/Sheet1
[2026-03-05T12:00:57.119Z] [STEP ] DONE   [OK] BUILD_MODEL/Sheet1 (0.194s)
[2026-03-05T12:00:57.119Z] [STEP ] DONE   [OK] ALLOCATE_VOTES (0.195s)
[2026-03-05T12:00:57.119Z] [STEP ] START  -> INTEGRITY_ENFORCEMENT
[2026-03-05T12:00:57.123Z] [WARN ]   [INTEGRITY] 10 precinct(s) CRITICAL — registered=0 but ballots>0. Indicates data extraction issue.
[2026-03-05T12:00:57.125Z] [STEP ] DONE   [OK] INTEGRITY_ENFORCEMENT (0.2s)
[2026-03-05T12:00:57.125Z] [STEP ] START  -> FEATURE_ENGINEERING
[2026-03-05T12:00:57.125Z] [WARN ] Voter file not found at C:\Users\Mathew C\Campaign In A Box\voters\CA\Sonoma\voters.csv
[2026-03-05T12:00:57.134Z] [STEP ] DONE   [OK] FEATURE_ENGINEERING (0.209s)
[2026-03-05T12:00:57.134Z] [STEP ] START  -> UNIVERSE_BUILDING
[2026-03-05T12:00:57.156Z] [STEP ] DONE   [OK] UNIVERSE_BUILDING (0.232s)
[2026-03-05T12:00:57.156Z] [STEP ] START  -> SCORING_V2
[2026-03-05T12:00:57.161Z] [INFO ] [Scoring] Computing v2 scores...
[2026-03-05T12:00:57.166Z] [STEP ] DONE   [OK] SCORING_V2 (0.241s)
[2026-03-05T12:00:57.166Z] [STEP ] START  -> REGION_CLUSTERING
[2026-03-05T12:00:57.166Z] [WARN ]   Centroids missing; fallback to political-only clustering
[2026-03-05T12:00:57.173Z] [STEP ] DONE   [OK] REGION_CLUSTERING (0.249s)
[2026-03-05T12:00:57.173Z] [STEP ] START  -> FIELD_PLANNING
[2026-03-05T12:00:57.178Z] [STEP ] DONE   [OK] FIELD_PLANNING (0.254s)
[2026-03-05T12:00:57.178Z] [STEP ] START  -> SIMULATION
[2026-03-05T12:00:57.179Z] [STEP ] DONE   [OK] SIMULATION (0.254s)
[2026-03-05T12:00:57.179Z] [STEP ] START  -> VOTER_UNIVERSE_EXPORT
[2026-03-05T12:00:57.179Z] [STEP ] SKIP   [SKIP] VOTER_UNIVERSE_EXPORT -- No voter file present
[2026-03-05T12:00:57.179Z] [STEP ] START  -> FORECAST_GENERATION
[2026-03-05T12:00:57.192Z] [STEP ] DONE   [OK] FORECAST_GENERATION (0.268s)
[2026-03-05T12:00:57.192Z] [STEP ] START  -> TURF_GENERATION
[2026-03-05T12:00:57.197Z] [STEP ] DONE   [OK] TURF_GENERATION (0.272s)
[2026-03-05T12:00:57.197Z] [STEP ] START  -> EXPORT_V2_OUTPUTS
[2026-03-05T12:00:57.199Z] [WARN ] [DEPS] Optional package 'geopandas' is not installed. Feature 'kepler_export' will be skipped. To enable: `pip install geopandas  # or: uv add geopandas`
[2026-03-05T12:00:57.217Z] [INFO ] [KEPLER] Skipped: geopandas not installed
[2026-03-05T12:00:57.227Z] [INFO ]   Generated turf packs in C:\Users\Mathew C\Campaign In A Box\derived\turfs\CA\Sonoma\Sonoma_2024_nov2024_general\2026-03-05__040056__0e0e8b52__msi__turf_packs
[2026-03-05T12:00:57.238Z] [STEP ] DONE   [OK] EXPORT_V2_OUTPUTS (0.314s)
[2026-03-05T12:00:57.239Z] [STEP ] START  -> DIAGNOSTICS
[2026-03-05T12:00:57.254Z] [STEP ] DONE   [OK] DIAGNOSTICS (0.33s)
[2026-03-05T12:00:57.254Z] [STEP ] START  -> STRATEGY_GENERATOR
[2026-03-05T12:00:57.254Z] [INFO ] [STRATEGY] Loading inputs for contest_id=2024_CA_sonoma_nov2024_general
[2026-03-05T12:00:57.310Z] [INFO ] [STRATEGY]  derived_mode=full
[2026-03-05T12:00:57.310Z] [INFO ] [STRATEGY]  found=['target_ranking', 'walk_turfs', 'scenario_forecasts', 'precinct_universes', 'regions', 'field_plan', 'simulation_results']
[2026-03-05T12:00:57.310Z] [INFO ] [STRATEGY]  missing=[]
[2026-03-05T12:00:57.310Z] [INFO ] [STRATEGY]  contest_mode=measure (explicit override: measure)
[2026-03-05T12:00:57.328Z] [INFO ]   Strategy pack written to C:\Users\Mathew C\Campaign In A Box\derived\strategy_packs\2024_CA_sonoma_nov2024_general\2026-03-05__040056__0e0e8b52__msi
[2026-03-05T12:00:57.340Z] [INFO ] [STRATEGY] Pack written → C:\Users\Mathew C\Campaign In A Box\derived\strategy_packs\2024_CA_sonoma_nov2024_general\2026-03-05__040056__0e0e8b52__msi
[2026-03-05T12:00:57.340Z] [STEP ] DONE   [OK] STRATEGY_GENERATOR (0.415s)
[2026-03-05T12:00:57.340Z] [STEP ] START  -> GEO_VALIDATION
[2026-03-05T12:00:57.342Z] [INFO ]   [GEO_VALIDATION] SKIP — geometry not loaded
[2026-03-05T12:00:57.342Z] [STEP ] DONE   [OK] GEO_VALIDATION (0.417s)
[2026-03-05T12:00:57.342Z] [STEP ] START  -> JOIN_GUARD_VALIDATION
[2026-03-05T12:00:57.345Z] [INFO ]   [JOIN_GUARD_VALIDATION] 4 joins, overall=PASS
[2026-03-05T12:00:57.345Z] [STEP ] DONE   [OK] JOIN_GUARD_VALIDATION (0.42s)
[2026-03-05T12:00:57.345Z] [STEP ] START  -> INTEGRITY_REPAIRS_WRITE
[2026-03-05T12:00:57.348Z] [STEP ] DONE   [OK] INTEGRITY_REPAIRS_WRITE (0.423s)
[2026-03-05T12:00:57.348Z] [STEP ] START  -> ARTIFACT_VALIDATION
[2026-03-05T12:00:57.354Z] [INFO ]   [ARTIFACT_VALIDATION] 13/13 present, 0 stubbed, 0 truly missing
[2026-03-05T12:00:57.354Z] [STEP ] DONE   [OK] ARTIFACT_VALIDATION (0.429s)
[2026-03-05T12:00:57.354Z] [STEP ] START  -> POST_RUN_AUDIT
[2026-03-05T12:00:57.366Z] [INFO ]   [POST_AUDIT] system_health=HEALTHY, artifacts=13/13, missing=[]
[2026-03-05T12:00:57.366Z] [STEP ] DONE   [OK] POST_RUN_AUDIT (0.441s)
[2026-03-05T12:00:57.366Z] [INFO ] ========================================================================
  Run complete — SUCCESS  elapsed: 0.441s
========================================================================
