[2026-03-05T08:59:36.557Z] [INFO] ========================================================================
  Campaign In A Box — Pipeline Run
  RUN_ID  : 2026-03-05__005936__74fbdd60__msi
  Started : 2026-03-05T08:59:36.556746+00:00
========================================================================
[2026-03-05T08:59:36.557Z] [INFO ] Pipeline v2 starting
[2026-03-05T08:59:36.557Z] [INFO ]   state=CA  county=Sonoma  year=2024  contest_slug=nov2024_general
[2026-03-05T08:59:36.557Z] [INFO ]   membership_method=auto  log_level=verbose
[2026-03-05T08:59:36.560Z] [STEP ] SKIP   [SKIP] INGEST_STAGING -- No --staging-dir provided; skipping ingestion
[2026-03-05T08:59:36.560Z] [STEP ] START  -> SCAFFOLD_BOUNDARY_INDEX
[2026-03-05T08:59:36.560Z] [INFO ]   Boundary index exists: C:\Users\Mathew C\Campaign In A Box\data\CA\counties\Sonoma\geography\boundary_index\boundaries_index.csv
[2026-03-05T08:59:36.561Z] [WARN ]   Boundary index scaffolded (no boundary files found yet)
[2026-03-05T08:59:36.563Z] [INFO ]   output: C:\Users\Mathew C\Campaign In A Box\data\CA\counties\Sonoma\geography\boundary_index\boundaries_index.csv  [sha256:b4dff0e71c42...]
[2026-03-05T08:59:36.563Z] [STEP ] DONE   [OK] SCAFFOLD_BOUNDARY_INDEX (0.007s)
[2026-03-05T08:59:36.563Z] [STEP ] START  -> VALIDATE_GEOGRAPHY
[2026-03-05T08:59:36.563Z] [INFO ]   expected: data/CA/counties/Sonoma/geography/precinct_shapes/
[2026-03-05T08:59:36.563Z] [INFO ]   expected: data/CA/counties/Sonoma/geography/crosswalks/
[2026-03-05T08:59:36.563Z] [INFO ]   [present] MPREC GeoJSON
[2026-03-05T08:59:36.563Z] [INFO ]   [present] MPREC GeoPackage
[2026-03-05T08:59:36.564Z] [INFO ]   [present] MPREC Shapefile
[2026-03-05T08:59:36.564Z] [INFO ]   [present] SRPREC GeoJSON
[2026-03-05T08:59:36.564Z] [INFO ]   [present] SRPREC GeoPackage
[2026-03-05T08:59:36.565Z] [INFO ]   [present] SRPREC Shapefile
[2026-03-05T08:59:36.565Z] [INFO ]   [present] 2020 BLK TO MPREC
[2026-03-05T08:59:36.565Z] [INFO ]   [present] RGPREC TO 2020 BLK
[2026-03-05T08:59:36.565Z] [INFO ]   [present] SRPREC TO 2020 BLK
[2026-03-05T08:59:36.566Z] [INFO ]   [present] RG to RR to SR to SVPREC
[2026-03-05T08:59:36.566Z] [INFO ]   [present] MPREC to SRPREC
[2026-03-05T08:59:36.566Z] [INFO ]   [present] SRPREC to CITY
[2026-03-05T08:59:36.566Z] [INFO ] Geography validation: 12/12 present, canonical=MPREC
[2026-03-05T08:59:36.566Z] [STEP ] DONE   [OK] VALIDATE_GEOGRAPHY (0.01s)
[2026-03-05T08:59:36.566Z] [STEP ] START  -> VALIDATE_VOTES
[2026-03-05T08:59:36.566Z] [INFO ]   expected: votes/2024/CA/Sonoma/nov2024_general/detail.xlsx
[2026-03-05T08:59:36.566Z] [INFO ]   [present] votes: C:\Users\Mathew C\Campaign In A Box\votes\2024\CA\Sonoma\nov2024_general\detail.xlsx
[2026-03-05T08:59:36.567Z] [INFO ]   input: detail.xlsx -> C:\Users\Mathew C\Campaign In A Box\votes\2024\CA\Sonoma\nov2024_general\detail.xlsx  [sha256:157048233934...]
[2026-03-05T08:59:36.567Z] [STEP ] DONE   [OK] VALIDATE_VOTES (0.011s)
[2026-03-05T08:59:36.567Z] [STEP ] START  -> LOAD_GEOMETRY
[2026-03-05T08:59:36.567Z] [INFO ]   expected: MPREC preferred; SRPREC fallback
[2026-03-05T08:59:36.567Z] [WARN ] geopandas not installed; found C:\Users\Mathew C\Campaign In A Box\data\CA\counties\Sonoma\geography\precinct_shapes\MPREC_GeoJSON\mprec_097_g24_v01.geojson but cannot load
[2026-03-05T08:59:36.567Z] [STEP ] SKIP   [SKIP] LOAD_GEOMETRY -- No usable geometry (geopandas unavailable or files missing)
[2026-03-05T08:59:36.568Z] [WARN ]   NEED: geopandas_library [missing] -- blocks: geometry_load, kepler_export
[2026-03-05T08:59:36.568Z] [STEP ] START  -> LOAD_CROSSWALKS
[2026-03-05T08:59:36.591Z] [WARN ] Cannot detect source/target columns in blk_mprec_097_g24_v01.csv: ['block', 'mprec', 'pct_block']
[2026-03-05T08:59:36.612Z] [WARN ] Cannot detect source/target columns in blk_mprec_097_g24_v01.csv: ['block', 'mprec', 'pct_block']
[2026-03-05T08:59:36.613Z] [STEP ] SKIP   [SKIP] LOAD_CROSSWALKS -- No crosswalk files; using identity mapping
[2026-03-05T08:59:36.613Z] [STEP ] START  -> SCAFFOLD_CONTEST_JSON
[2026-03-05T08:59:36.627Z] [INFO ]   output: C:\Users\Mathew C\Campaign In A Box\votes\2024\CA\Sonoma\nov2024_general\contest.json  [sha256:347d0499bc77...]
[2026-03-05T08:59:36.628Z] [STEP ] DONE   [OK] SCAFFOLD_CONTEST_JSON (0.071s)
[2026-03-05T08:59:36.628Z] [STEP ] START  -> PARSE_CONTEST
[2026-03-05T08:59:36.628Z] [INFO ]   expected: Detect sheet types; aggregate vote methods
[2026-03-05T08:59:36.639Z] [INFO ] Parsing sheet: 'Sheet1'
[2026-03-05T08:59:36.662Z] [INFO ]   -> 10 precincts, type=ballot_measure
[2026-03-05T08:59:36.663Z] [STEP ] DONE   [OK] PARSE_CONTEST (0.107s)
[2026-03-05T08:59:36.663Z] [STEP ] START  -> ALLOCATE_VOTES
[2026-03-05T08:59:36.663Z] [INFO ]   Sheet 'Sheet1': 10 precincts, type=ballot_measure
[2026-03-05T08:59:36.664Z] [INFO ]     Allocation: area_weighted_fallback, 10 target precincts
[2026-03-05T08:59:36.664Z] [STEP ] START  -> SANITY/Sheet1
[2026-03-05T08:59:36.664Z] [INFO ]   SANITY [OK] Non-empty model: 10 rows
[2026-03-05T08:59:36.664Z] [STEP ] DONE   [OK] SANITY/Sheet1 (0.108s)
[2026-03-05T08:59:36.664Z] [STEP ] START  -> BUILD_MODEL/Sheet1
[2026-03-05T08:59:36.676Z] [STEP ] DONE   [OK] BUILD_MODEL/Sheet1 (0.12s)
[2026-03-05T08:59:36.676Z] [STEP ] DONE   [OK] ALLOCATE_VOTES (0.12s)
[2026-03-05T08:59:36.676Z] [STEP ] START  -> FEATURE_ENGINEERING
