[2026-03-05T11:38:33.439Z] [INFO] ========================================================================
  Campaign In A Box — Pipeline Run
  RUN_ID  : 2026-03-05__033833__f4a083ab__msi
  Started : 2026-03-05T11:38:33.438519+00:00
========================================================================
[2026-03-05T11:38:33.439Z] [INFO ] Pipeline v2 starting
[2026-03-05T11:38:33.439Z] [INFO ]   state=CA  county=Sonoma  year=2024  contest_slug=nov2024_general
[2026-03-05T11:38:33.439Z] [INFO ]   membership_method=auto  log_level=verbose
[2026-03-05T11:38:33.442Z] [STEP ] SKIP   [SKIP] INGEST_STAGING -- No --staging-dir provided; skipping ingestion
[2026-03-05T11:38:33.442Z] [STEP ] START  -> SCAFFOLD_BOUNDARY_INDEX
[2026-03-05T11:38:33.442Z] [INFO ]   Boundary index exists: C:\Users\Mathew C\Campaign In A Box\data\CA\counties\Sonoma\geography\boundary_index\boundaries_index.csv
[2026-03-05T11:38:33.443Z] [WARN ]   Boundary index scaffolded (no boundary files found yet)
[2026-03-05T11:38:33.445Z] [INFO ]   output: C:\Users\Mathew C\Campaign In A Box\data\CA\counties\Sonoma\geography\boundary_index\boundaries_index.csv  [sha256:b4dff0e71c42...]
[2026-03-05T11:38:33.445Z] [STEP ] DONE   [OK] SCAFFOLD_BOUNDARY_INDEX (0.007s)
[2026-03-05T11:38:33.445Z] [STEP ] START  -> VALIDATE_GEOGRAPHY
[2026-03-05T11:38:33.445Z] [INFO ]   expected: data/CA/counties/Sonoma/geography/precinct_shapes/
[2026-03-05T11:38:33.445Z] [INFO ]   expected: data/CA/counties/Sonoma/geography/crosswalks/
[2026-03-05T11:38:33.445Z] [INFO ]   [present] MPREC GeoJSON
[2026-03-05T11:38:33.445Z] [INFO ]   [present] MPREC GeoPackage
[2026-03-05T11:38:33.446Z] [INFO ]   [present] MPREC Shapefile
[2026-03-05T11:38:33.446Z] [INFO ]   [present] SRPREC GeoJSON
[2026-03-05T11:38:33.447Z] [INFO ]   [present] SRPREC GeoPackage
[2026-03-05T11:38:33.447Z] [INFO ]   [present] SRPREC Shapefile
[2026-03-05T11:38:33.448Z] [INFO ]   [present] 2020 BLK TO MPREC
[2026-03-05T11:38:33.448Z] [INFO ]   [present] RGPREC TO 2020 BLK
[2026-03-05T11:38:33.448Z] [INFO ]   [present] SRPREC TO 2020 BLK
[2026-03-05T11:38:33.448Z] [INFO ]   [present] RG to RR to SR to SVPREC
[2026-03-05T11:38:33.449Z] [INFO ]   [present] MPREC to SRPREC
[2026-03-05T11:38:33.449Z] [INFO ]   [present] SRPREC to CITY
[2026-03-05T11:38:33.449Z] [INFO ] Geography validation: 12/12 present, canonical=MPREC
[2026-03-05T11:38:33.449Z] [STEP ] DONE   [OK] VALIDATE_GEOGRAPHY (0.011s)
[2026-03-05T11:38:33.449Z] [STEP ] START  -> VALIDATE_VOTES
[2026-03-05T11:38:33.449Z] [INFO ]   expected: votes/2024/CA/Sonoma/nov2024_general/detail.xlsx
[2026-03-05T11:38:33.449Z] [INFO ]   [present] votes: C:\Users\Mathew C\Campaign In A Box\votes\2024\CA\Sonoma\nov2024_general\detail.xlsx
[2026-03-05T11:38:33.449Z] [INFO ]   input: detail.xlsx -> C:\Users\Mathew C\Campaign In A Box\votes\2024\CA\Sonoma\nov2024_general\detail.xlsx  [sha256:157048233934...]
[2026-03-05T11:38:33.449Z] [STEP ] DONE   [OK] VALIDATE_VOTES (0.011s)
[2026-03-05T11:38:33.449Z] [STEP ] START  -> LOAD_GEOMETRY
[2026-03-05T11:38:33.449Z] [INFO ]   expected: MPREC preferred; SRPREC fallback
[2026-03-05T11:38:33.450Z] [WARN ] geopandas not installed; found C:\Users\Mathew C\Campaign In A Box\data\CA\counties\Sonoma\geography\precinct_shapes\MPREC_GeoJSON\mprec_097_g24_v01.geojson but cannot load
[2026-03-05T11:38:33.450Z] [STEP ] SKIP   [SKIP] LOAD_GEOMETRY -- No usable geometry (geopandas unavailable or files missing)
[2026-03-05T11:38:33.450Z] [WARN ]   NEED: geopandas_library [missing] -- blocks: geometry_load, kepler_export
[2026-03-05T11:38:33.450Z] [STEP ] START  -> LOAD_CROSSWALKS
[2026-03-05T11:38:33.473Z] [WARN ] Cannot detect source/target columns in blk_mprec_097_g24_v01.csv: ['block', 'mprec', 'pct_block']
[2026-03-05T11:38:33.494Z] [WARN ] Cannot detect source/target columns in blk_mprec_097_g24_v01.csv: ['block', 'mprec', 'pct_block']
[2026-03-05T11:38:33.603Z] [INFO ]   [CROSSWALKS] Discovered 4/6 crosswalks
[2026-03-05T11:38:33.603Z] [STEP ] SKIP   [SKIP] LOAD_CROSSWALKS -- No crosswalk files; using identity mapping
[2026-03-05T11:38:33.603Z] [STEP ] START  -> SCAFFOLD_CONTEST_JSON
[2026-03-05T11:38:33.618Z] [INFO ]   output: C:\Users\Mathew C\Campaign In A Box\votes\2024\CA\Sonoma\nov2024_general\contest.json  [sha256:579d2bbfe64b...]
[2026-03-05T11:38:33.618Z] [STEP ] DONE   [OK] SCAFFOLD_CONTEST_JSON (0.18s)
[2026-03-05T11:38:33.618Z] [STEP ] START  -> PARSE_CONTEST
[2026-03-05T11:38:33.618Z] [INFO ]   expected: Detect sheet types; aggregate vote methods
[2026-03-05T11:38:33.628Z] [INFO ] Parsing sheet: 'Sheet1'
[2026-03-05T11:38:33.634Z] [INFO ]   -> 10 precincts, type=ballot_measure
[2026-03-05T11:38:33.635Z] [STEP ] DONE   [OK] PARSE_CONTEST (0.197s)
[2026-03-05T11:38:33.635Z] [INFO ] Contest Mode: MEASURE (Inferred MEASURE (found YES/NO headers))
[2026-03-05T11:38:33.635Z] [INFO ] [PATHWAY] contest_mode=measure  contest_mode_reason=Inferred MEASURE (found YES/NO headers)
[2026-03-05T11:38:33.635Z] [STEP ] START  -> ALLOCATE_VOTES
[2026-03-05T11:38:33.635Z] [INFO ]   Sheet 'Sheet1': 10 precincts, type=ballot_measure
[2026-03-05T11:38:33.635Z] [INFO ]     Allocation: area_weighted_fallback, 10 target precincts
[2026-03-05T11:38:33.635Z] [STEP ] START  -> NORMALIZE_SCHEMA/Sheet1
[2026-03-05T11:38:33.636Z] [INFO ]   [SCHEMA] 'MPREC_ID' → 'canonical_precinct_id'
[2026-03-05T11:38:33.636Z] [INFO ]   [SCHEMA] 'Registered' → 'registered'
[2026-03-05T11:38:33.636Z] [INFO ]   [SCHEMA] 'BallotsCast' → 'ballots_cast'
[2026-03-05T11:38:33.636Z] [INFO ]   [SCHEMA] 'YES' → 'yes_votes'
[2026-03-05T11:38:33.637Z] [INFO ]   [SCHEMA] 'NO' → 'no_votes'
[2026-03-05T11:38:33.640Z] [STEP ] DONE   [OK] NORMALIZE_SCHEMA/Sheet1 (0.202s)
[2026-03-05T11:38:33.640Z] [STEP ] START  -> SANITY/Sheet1
[2026-03-05T11:38:33.640Z] [INFO ]   SANITY [OK] Non-empty model: 10 rows
[2026-03-05T11:38:33.640Z] [STEP ] DONE   [OK] SANITY/Sheet1 (0.202s)
[2026-03-05T11:38:33.641Z] [STEP ] START  -> BUILD_MODEL/Sheet1
[2026-03-05T11:38:33.650Z] [STEP ] DONE   [OK] BUILD_MODEL/Sheet1 (0.212s)
[2026-03-05T11:38:33.650Z] [STEP ] DONE   [OK] ALLOCATE_VOTES (0.212s)
[2026-03-05T11:38:33.650Z] [STEP ] START  -> INTEGRITY_ENFORCEMENT
