[2026-03-05T11:59:35.435Z] [INFO] ========================================================================
  Campaign In A Box — Pipeline Run
  RUN_ID  : 2026-03-05__035935__0e0e8b52__msi
  Started : 2026-03-05T11:59:35.434051+00:00
========================================================================
[2026-03-05T11:59:35.435Z] [INFO ] Pipeline v2 starting
[2026-03-05T11:59:35.435Z] [INFO ]   state=CA  county=Sonoma  year=2024  contest_slug=nov2024_general
[2026-03-05T11:59:35.435Z] [INFO ]   membership_method=auto  log_level=verbose
[2026-03-05T11:59:35.442Z] [STEP ] SKIP   [SKIP] INGEST_STAGING -- No --staging-dir provided; skipping ingestion
[2026-03-05T11:59:35.442Z] [STEP ] START  -> SCAFFOLD_BOUNDARY_INDEX
[2026-03-05T11:59:35.442Z] [INFO ]   Boundary index exists: C:\Users\Mathew C\Campaign In A Box\data\CA\counties\Sonoma\geography\boundary_index\boundaries_index.csv
[2026-03-05T11:59:35.444Z] [WARN ]   Boundary index scaffolded (no boundary files found yet)
[2026-03-05T11:59:35.445Z] [INFO ]   output: C:\Users\Mathew C\Campaign In A Box\data\CA\counties\Sonoma\geography\boundary_index\boundaries_index.csv  [sha256:b4dff0e71c42...]
[2026-03-05T11:59:35.446Z] [STEP ] DONE   [OK] SCAFFOLD_BOUNDARY_INDEX (0.012s)
[2026-03-05T11:59:35.446Z] [STEP ] START  -> VALIDATE_GEOGRAPHY
[2026-03-05T11:59:35.446Z] [INFO ]   expected: data/CA/counties/Sonoma/geography/precinct_shapes/
[2026-03-05T11:59:35.446Z] [INFO ]   expected: data/CA/counties/Sonoma/geography/crosswalks/
[2026-03-05T11:59:35.446Z] [INFO ]   [present] MPREC GeoJSON
[2026-03-05T11:59:35.447Z] [INFO ]   [present] MPREC GeoPackage
[2026-03-05T11:59:35.447Z] [INFO ]   [present] MPREC Shapefile
[2026-03-05T11:59:35.447Z] [INFO ]   [present] SRPREC GeoJSON
[2026-03-05T11:59:35.447Z] [INFO ]   [present] SRPREC GeoPackage
[2026-03-05T11:59:35.448Z] [INFO ]   [present] SRPREC Shapefile
[2026-03-05T11:59:35.448Z] [INFO ]   [present] 2020 BLK TO MPREC
[2026-03-05T11:59:35.448Z] [INFO ]   [present] RGPREC TO 2020 BLK
[2026-03-05T11:59:35.449Z] [INFO ]   [present] SRPREC TO 2020 BLK
[2026-03-05T11:59:35.449Z] [INFO ]   [present] RG to RR to SR to SVPREC
[2026-03-05T11:59:35.449Z] [INFO ]   [present] MPREC to SRPREC
[2026-03-05T11:59:35.450Z] [INFO ]   [present] SRPREC to CITY
[2026-03-05T11:59:35.450Z] [INFO ] Geography validation: 12/12 present, canonical=MPREC
[2026-03-05T11:59:35.450Z] [STEP ] DONE   [OK] VALIDATE_GEOGRAPHY (0.016s)
[2026-03-05T11:59:35.450Z] [STEP ] START  -> VALIDATE_VOTES
[2026-03-05T11:59:35.450Z] [INFO ]   expected: votes/2024/CA/Sonoma/nov2024_general/detail.xlsx
[2026-03-05T11:59:35.450Z] [INFO ]   [present] votes: C:\Users\Mathew C\Campaign In A Box\votes\2024\CA\Sonoma\nov2024_general\detail.xlsx
[2026-03-05T11:59:35.450Z] [INFO ]   input: detail.xlsx -> C:\Users\Mathew C\Campaign In A Box\votes\2024\CA\Sonoma\nov2024_general\detail.xlsx  [sha256:157048233934...]
[2026-03-05T11:59:35.451Z] [STEP ] DONE   [OK] VALIDATE_VOTES (0.017s)
[2026-03-05T11:59:35.451Z] [STEP ] START  -> LOAD_GEOMETRY
[2026-03-05T11:59:35.451Z] [INFO ]   expected: MPREC preferred; SRPREC fallback
[2026-03-05T11:59:35.451Z] [WARN ] geopandas not installed; found C:\Users\Mathew C\Campaign In A Box\data\CA\counties\Sonoma\geography\precinct_shapes\MPREC_GeoJSON\mprec_097_g24_v01.geojson but cannot load
[2026-03-05T11:59:35.452Z] [STEP ] SKIP   [SKIP] LOAD_GEOMETRY -- No usable geometry (geopandas unavailable or files missing)
[2026-03-05T11:59:35.452Z] [WARN ]   NEED: geopandas_library [missing] -- blocks: geometry_load, kepler_export
[2026-03-05T11:59:35.452Z] [STEP ] START  -> LOAD_CROSSWALKS
[2026-03-05T11:59:35.497Z] [WARN ] Cannot detect source/target columns in blk_mprec_097_g24_v01.csv: ['block', 'mprec', 'pct_block']
[2026-03-05T11:59:35.520Z] [WARN ] Cannot detect source/target columns in blk_mprec_097_g24_v01.csv: ['block', 'mprec', 'pct_block']
[2026-03-05T11:59:35.622Z] [INFO ]   [CROSSWALKS] Discovered 4/6 crosswalks
[2026-03-05T11:59:35.622Z] [STEP ] SKIP   [SKIP] LOAD_CROSSWALKS -- No crosswalk files; using identity mapping
[2026-03-05T11:59:35.622Z] [STEP ] START  -> SCAFFOLD_CONTEST_JSON
[2026-03-05T11:59:35.636Z] [INFO ]   output: C:\Users\Mathew C\Campaign In A Box\votes\2024\CA\Sonoma\nov2024_general\contest.json  [sha256:f7e06310bfaf...]
[2026-03-05T11:59:35.636Z] [STEP ] DONE   [OK] SCAFFOLD_CONTEST_JSON (0.202s)
[2026-03-05T11:59:35.636Z] [STEP ] START  -> PARSE_CONTEST
[2026-03-05T11:59:35.636Z] [INFO ]   expected: Detect sheet types; aggregate vote methods
[2026-03-05T11:59:35.646Z] [INFO ] Parsing sheet: 'Sheet1'
[2026-03-05T11:59:35.653Z] [INFO ]   -> 10 precincts, type=ballot_measure
[2026-03-05T11:59:35.654Z] [STEP ] DONE   [OK] PARSE_CONTEST (0.221s)
[2026-03-05T11:59:35.654Z] [INFO ] Contest Mode: MEASURE (Inferred MEASURE (found YES/NO headers))
[2026-03-05T11:59:35.654Z] [INFO ] [PATHWAY] contest_mode=measure  contest_mode_reason=Inferred MEASURE (found YES/NO headers)
[2026-03-05T11:59:35.654Z] [STEP ] START  -> ALLOCATE_VOTES
[2026-03-05T11:59:35.655Z] [INFO ]   Sheet 'Sheet1': 10 precincts, type=ballot_measure
[2026-03-05T11:59:35.655Z] [INFO ]     Allocation: area_weighted_fallback, 10 target precincts
[2026-03-05T11:59:35.655Z] [STEP ] START  -> NORMALIZE_SCHEMA/Sheet1
[2026-03-05T11:59:35.656Z] [INFO ]   [SCHEMA] 'MPREC_ID' → 'canonical_precinct_id'
[2026-03-05T11:59:35.656Z] [INFO ]   [SCHEMA] 'Registered' → 'registered'
[2026-03-05T11:59:35.657Z] [INFO ]   [SCHEMA] 'BallotsCast' → 'ballots_cast'
[2026-03-05T11:59:35.657Z] [INFO ]   [SCHEMA] 'YES' → 'yes_votes'
[2026-03-05T11:59:35.658Z] [INFO ]   [SCHEMA] 'NO' → 'no_votes'
[2026-03-05T11:59:35.662Z] [STEP ] DONE   [OK] NORMALIZE_SCHEMA/Sheet1 (0.229s)
[2026-03-05T11:59:35.662Z] [STEP ] START  -> SANITY/Sheet1
[2026-03-05T11:59:35.662Z] [INFO ]   SANITY [OK] Non-empty model: 10 rows
[2026-03-05T11:59:35.662Z] [STEP ] DONE   [OK] SANITY/Sheet1 (0.229s)
[2026-03-05T11:59:35.662Z] [STEP ] START  -> BUILD_MODEL/Sheet1
[2026-03-05T11:59:35.671Z] [STEP ] DONE   [OK] BUILD_MODEL/Sheet1 (0.237s)
[2026-03-05T11:59:35.671Z] [STEP ] DONE   [OK] ALLOCATE_VOTES (0.237s)
[2026-03-05T11:59:35.671Z] [STEP ] START  -> INTEGRITY_ENFORCEMENT
[2026-03-05T11:59:35.675Z] [WARN ]   [INTEGRITY] 10 precinct(s) CRITICAL — registered=0 but ballots>0. Indicates data extraction issue.
[2026-03-05T11:59:35.677Z] [STEP ] DONE   [OK] INTEGRITY_ENFORCEMENT (0.243s)
[2026-03-05T11:59:35.677Z] [STEP ] START  -> FEATURE_ENGINEERING
[2026-03-05T11:59:35.677Z] [WARN ] Voter file not found at C:\Users\Mathew C\Campaign In A Box\voters\CA\Sonoma\voters.csv
[2026-03-05T11:59:35.687Z] [STEP ] DONE   [OK] FEATURE_ENGINEERING (0.253s)
[2026-03-05T11:59:35.687Z] [STEP ] START  -> UNIVERSE_BUILDING
[2026-03-05T11:59:35.700Z] [STEP ] DONE   [OK] UNIVERSE_BUILDING (0.266s)
[2026-03-05T11:59:35.700Z] [STEP ] START  -> SCORING_V2
[2026-03-05T11:59:35.707Z] [INFO ] [Scoring] Computing v2 scores...
[2026-03-05T11:59:35.711Z] [STEP ] DONE   [OK] SCORING_V2 (0.278s)
[2026-03-05T11:59:35.711Z] [STEP ] START  -> REGION_CLUSTERING
[2026-03-05T11:59:35.711Z] [WARN ]   Centroids missing; fallback to political-only clustering
[2026-03-05T11:59:35.718Z] [STEP ] DONE   [OK] REGION_CLUSTERING (0.285s)
[2026-03-05T11:59:35.718Z] [STEP ] START  -> FIELD_PLANNING
[2026-03-05T11:59:35.725Z] [STEP ] DONE   [OK] FIELD_PLANNING (0.291s)
[2026-03-05T11:59:35.725Z] [STEP ] START  -> SIMULATION
[2026-03-05T11:59:35.725Z] [STEP ] DONE   [OK] SIMULATION (0.292s)
[2026-03-05T11:59:35.725Z] [STEP ] START  -> VOTER_UNIVERSE_EXPORT
[2026-03-05T11:59:35.726Z] [STEP ] SKIP   [SKIP] VOTER_UNIVERSE_EXPORT -- No voter file present
[2026-03-05T11:59:35.726Z] [STEP ] START  -> FORECAST_GENERATION
[2026-03-05T11:59:35.740Z] [STEP ] DONE   [OK] FORECAST_GENERATION (0.306s)
[2026-03-05T11:59:35.740Z] [STEP ] START  -> TURF_GENERATION
[2026-03-05T11:59:35.746Z] [STEP ] DONE   [OK] TURF_GENERATION (0.312s)
[2026-03-05T11:59:35.746Z] [STEP ] START  -> EXPORT_V2_OUTPUTS
[2026-03-05T11:59:35.749Z] [WARN ] [DEPS] Optional package 'geopandas' is not installed. Feature 'kepler_export' will be skipped. To enable: `pip install geopandas  # or: uv add geopandas`
[2026-03-05T11:59:35.765Z] [INFO ] [KEPLER] Skipped: geopandas not installed
[2026-03-05T11:59:35.775Z] [INFO ]   Generated turf packs in C:\Users\Mathew C\Campaign In A Box\derived\turfs\CA\Sonoma\Sonoma_2024_nov2024_general\2026-03-05__035935__0e0e8b52__msi__turf_packs
[2026-03-05T11:59:35.782Z] [STEP ] DONE   [OK] EXPORT_V2_OUTPUTS (0.348s)
[2026-03-05T11:59:35.782Z] [STEP ] START  -> DIAGNOSTICS
[2026-03-05T11:59:35.797Z] [STEP ] DONE   [OK] DIAGNOSTICS (0.364s)
[2026-03-05T11:59:35.797Z] [STEP ] START  -> STRATEGY_GENERATOR
[2026-03-05T11:59:35.798Z] [INFO ] [STRATEGY] Loading inputs for contest_id=2024_CA_sonoma_nov2024_general
[2026-03-05T11:59:35.844Z] [INFO ] [STRATEGY]  derived_mode=full
[2026-03-05T11:59:35.844Z] [INFO ] [STRATEGY]  found=['target_ranking', 'walk_turfs', 'scenario_forecasts', 'precinct_universes', 'regions', 'field_plan', 'simulation_results']
[2026-03-05T11:59:35.844Z] [INFO ] [STRATEGY]  missing=[]
[2026-03-05T11:59:35.844Z] [INFO ] [STRATEGY]  contest_mode=measure (explicit override: measure)
[2026-03-05T11:59:35.858Z] [ERROR] [STRATEGY] Write failed: 'precinct_universes'
[2026-03-05T11:59:35.866Z] [STEP ] SKIP   [SKIP] STRATEGY_GENERATOR -- Insufficient derived inputs (degraded/blocked)
[2026-03-05T11:59:35.866Z] [STEP ] START  -> GEO_VALIDATION
[2026-03-05T11:59:35.868Z] [INFO ]   [GEO_VALIDATION] SKIP — geometry not loaded
[2026-03-05T11:59:35.868Z] [STEP ] DONE   [OK] GEO_VALIDATION (0.434s)
[2026-03-05T11:59:35.868Z] [STEP ] START  -> JOIN_GUARD_VALIDATION
[2026-03-05T11:59:35.871Z] [INFO ]   [JOIN_GUARD_VALIDATION] 4 joins, overall=PASS
[2026-03-05T11:59:35.871Z] [STEP ] DONE   [OK] JOIN_GUARD_VALIDATION (0.438s)
[2026-03-05T11:59:35.871Z] [STEP ] START  -> INTEGRITY_REPAIRS_WRITE
[2026-03-05T11:59:35.874Z] [STEP ] DONE   [OK] INTEGRITY_REPAIRS_WRITE (0.44s)
[2026-03-05T11:59:35.874Z] [STEP ] START  -> ARTIFACT_VALIDATION
[2026-03-05T11:59:35.879Z] [INFO ]   [ARTIFACT_VALIDATION] 13/13 present, 0 stubbed, 0 truly missing
[2026-03-05T11:59:35.879Z] [STEP ] DONE   [OK] ARTIFACT_VALIDATION (0.446s)
[2026-03-05T11:59:35.879Z] [STEP ] START  -> POST_RUN_AUDIT
[2026-03-05T11:59:35.899Z] [INFO ]   [POST_AUDIT] system_health=DEGRADED, artifacts=11/13, missing=['audit_report.json', 'audit_report.md']
[2026-03-05T11:59:35.899Z] [STEP ] DONE   [OK] POST_RUN_AUDIT (0.465s)
[2026-03-05T11:59:35.899Z] [INFO ] ========================================================================
  Run complete — SUCCESS  elapsed: 0.465s
========================================================================
