[2026-03-05T07:04:32.661Z] [INFO] ========================================================================
  Campaign In A Box — Pipeline Run
  RUN_ID  : 2026-03-04__230432__6e40c8bc__msi
  Started : 2026-03-05T07:04:32.660656+00:00
========================================================================
[2026-03-05T07:04:32.661Z] [INFO ] Pipeline v2 starting
[2026-03-05T07:04:32.661Z] [INFO ]   state=CA  county=Sonoma  year=2024  contest_slug=nov2024_general
[2026-03-05T07:04:32.661Z] [INFO ]   membership_method=auto  log_level=verbose
[2026-03-05T07:04:32.664Z] [STEP ] SKIP   [SKIP] INGEST_STAGING -- No --staging-dir provided; skipping ingestion
[2026-03-05T07:04:32.664Z] [STEP ] START  -> SCAFFOLD_BOUNDARY_INDEX
[2026-03-05T07:04:32.664Z] [INFO ]   Boundary index exists: C:\Users\Mathew C\Campaign In A Box\data\CA\counties\Sonoma\geography\boundary_index\boundaries_index.csv
[2026-03-05T07:04:32.666Z] [WARN ]   Boundary index scaffolded (no boundary files found yet)
[2026-03-05T07:04:32.667Z] [INFO ]   output: C:\Users\Mathew C\Campaign In A Box\data\CA\counties\Sonoma\geography\boundary_index\boundaries_index.csv  [sha256:8057bff9429d...]
[2026-03-05T07:04:32.667Z] [STEP ] DONE   [OK] SCAFFOLD_BOUNDARY_INDEX (0.007s)
[2026-03-05T07:04:32.667Z] [STEP ] START  -> VALIDATE_GEOGRAPHY
[2026-03-05T07:04:32.667Z] [INFO ]   expected: data/CA/counties/Sonoma/geography/precinct_shapes/
[2026-03-05T07:04:32.667Z] [INFO ]   expected: data/CA/counties/Sonoma/geography/crosswalks/
[2026-03-05T07:04:32.667Z] [WARN ]   [missing] MPREC GeoJSON -- expected at: C:\Users\Mathew C\Campaign In A Box\data\CA\counties\Sonoma\geography\precinct_shapes\MPREC_GeoJSON
[2026-03-05T07:04:32.667Z] [WARN ]   [missing] MPREC GeoPackage -- expected at: C:\Users\Mathew C\Campaign In A Box\data\CA\counties\Sonoma\geography\precinct_shapes\MPREC_GeoPackage
[2026-03-05T07:04:32.668Z] [WARN ]   [missing] MPREC Shapefile -- expected at: C:\Users\Mathew C\Campaign In A Box\data\CA\counties\Sonoma\geography\precinct_shapes\MPREC_Shapefile
[2026-03-05T07:04:32.668Z] [WARN ]   [missing] SRPREC GeoJSON -- expected at: C:\Users\Mathew C\Campaign In A Box\data\CA\counties\Sonoma\geography\precinct_shapes\SRPREC_GeoJSON
[2026-03-05T07:04:32.668Z] [WARN ]   [missing] SRPREC GeoPackage -- expected at: C:\Users\Mathew C\Campaign In A Box\data\CA\counties\Sonoma\geography\precinct_shapes\SRPREC_GeoPackage
[2026-03-05T07:04:32.668Z] [WARN ]   [missing] SRPREC Shapefile -- expected at: C:\Users\Mathew C\Campaign In A Box\data\CA\counties\Sonoma\geography\precinct_shapes\SRPREC_Shapefile
[2026-03-05T07:04:32.668Z] [WARN ]   [missing] 2020 BLK TO MPREC -- expected at: C:\Users\Mathew C\Campaign In A Box\data\CA\counties\Sonoma\geography\crosswalks
[2026-03-05T07:04:32.669Z] [WARN ]   [missing] RGPREC TO 2020 BLK -- expected at: C:\Users\Mathew C\Campaign In A Box\data\CA\counties\Sonoma\geography\crosswalks
[2026-03-05T07:04:32.669Z] [WARN ]   [missing] SRPREC TO 2020 BLK -- expected at: C:\Users\Mathew C\Campaign In A Box\data\CA\counties\Sonoma\geography\crosswalks
[2026-03-05T07:04:32.669Z] [WARN ]   [missing] RG to RR to SR to SVPREC -- expected at: C:\Users\Mathew C\Campaign In A Box\data\CA\counties\Sonoma\geography\crosswalks
[2026-03-05T07:04:32.669Z] [WARN ]   [missing] MPREC to SRPREC -- expected at: C:\Users\Mathew C\Campaign In A Box\data\CA\counties\Sonoma\geography\crosswalks
[2026-03-05T07:04:32.669Z] [WARN ]   [missing] SRPREC to CITY -- expected at: C:\Users\Mathew C\Campaign In A Box\data\CA\counties\Sonoma\geography\crosswalks
[2026-03-05T07:04:32.669Z] [INFO ] Geography validation: 0/12 present, canonical=NONE
[2026-03-05T07:04:32.669Z] [WARN ]   NEED: MPREC GeoJSON [missing] -- blocks: geometry_load, kepler_export, precinct_model
[2026-03-05T07:04:32.669Z] [WARN ]   NEED: MPREC GeoPackage [missing] -- blocks: geometry_load, kepler_export, precinct_model
[2026-03-05T07:04:32.669Z] [WARN ]   NEED: MPREC Shapefile [missing] -- blocks: geometry_load, kepler_export, precinct_model
[2026-03-05T07:04:32.669Z] [WARN ]   NEED: SRPREC GeoJSON [missing] -- blocks: geometry_load, kepler_export, precinct_model
[2026-03-05T07:04:32.669Z] [WARN ]   NEED: SRPREC GeoPackage [missing] -- blocks: geometry_load, kepler_export, precinct_model
[2026-03-05T07:04:32.669Z] [WARN ]   NEED: SRPREC Shapefile [missing] -- blocks: geometry_load, kepler_export, precinct_model
[2026-03-05T07:04:32.669Z] [WARN ]   NEED: 2020 BLK TO MPREC [missing] -- blocks: crosswalk_2020_BLK_TO_MPREC
[2026-03-05T07:04:32.670Z] [WARN ]   NEED: RGPREC TO 2020 BLK [missing] -- blocks: crosswalk_RGPREC_TO_2020_BLK
[2026-03-05T07:04:32.670Z] [WARN ]   NEED: SRPREC TO 2020 BLK [missing] -- blocks: crosswalk_SRPREC_TO_2020_BLK
[2026-03-05T07:04:32.670Z] [WARN ]   NEED: RG to RR to SR to SVPREC [missing] -- blocks: crosswalk_allocation
[2026-03-05T07:04:32.670Z] [WARN ]   NEED: MPREC to SRPREC [missing] -- blocks: crosswalk_allocation
[2026-03-05T07:04:32.670Z] [WARN ]   NEED: SRPREC to CITY [missing] -- blocks: crosswalk_SRPREC_to_CITY
[2026-03-05T07:04:32.670Z] [STEP ] DONE   [OK] VALIDATE_GEOGRAPHY (0.009s)
[2026-03-05T07:04:32.670Z] [STEP ] START  -> VALIDATE_VOTES
[2026-03-05T07:04:32.670Z] [INFO ]   expected: votes/2024/CA/Sonoma/nov2024_general/detail.xlsx
[2026-03-05T07:04:32.670Z] [INFO ]   input: detail.xlsx -> C:\Users\Mathew C\Campaign In A Box\votes\2024\CA\SAMPLE_COUNTY\MEASURE_A\detail.xlsx  [sha256:ee753d99eb6c...]
[2026-03-05T07:04:32.670Z] [STEP ] DONE   [OK] VALIDATE_VOTES (0.01s)
[2026-03-05T07:04:32.670Z] [STEP ] START  -> LOAD_GEOMETRY
[2026-03-05T07:04:32.670Z] [INFO ]   expected: MPREC preferred; SRPREC fallback
[2026-03-05T07:04:32.674Z] [WARN ] No geometry files found for CA/Sonoma
[2026-03-05T07:04:32.674Z] [STEP ] SKIP   [SKIP] LOAD_GEOMETRY -- No usable geometry (geopandas unavailable or files missing)
[2026-03-05T07:04:32.675Z] [STEP ] START  -> LOAD_CROSSWALKS
[2026-03-05T07:04:32.676Z] [WARN ] No crosswalk files in C:\Users\Mathew C\Campaign In A Box\data\CA\counties\Sonoma\geography\crosswalks
[2026-03-05T07:04:32.676Z] [WARN ] No crosswalk files in C:\Users\Mathew C\Campaign In A Box\data\CA\counties\Sonoma\geography\crosswalks
[2026-03-05T07:04:32.676Z] [STEP ] SKIP   [SKIP] LOAD_CROSSWALKS -- No crosswalk files; using identity mapping
[2026-03-05T07:04:32.676Z] [STEP ] START  -> SCAFFOLD_CONTEST_JSON
[2026-03-05T07:04:32.684Z] [INFO ]   output: C:\Users\Mathew C\Campaign In A Box\votes\2024\CA\Sonoma\nov2024_general\contest.json  [sha256:d2cd27c6c7e7...]
[2026-03-05T07:04:32.685Z] [STEP ] DONE   [OK] SCAFFOLD_CONTEST_JSON (0.024s)
[2026-03-05T07:04:32.685Z] [STEP ] START  -> PARSE_CONTEST
[2026-03-05T07:04:32.685Z] [INFO ]   expected: Detect sheet types; aggregate vote methods
[2026-03-05T07:04:32.690Z] [INFO ] Parsing sheet: 'Measure A'
[2026-03-05T07:04:32.697Z] [INFO ]   → 5 precincts, type=ballot_measure, cols=['Mail YES', 'Mail NO', 'In Person YES', 'In Person NO', 'YES', 'NO']
[2026-03-05T07:04:32.698Z] [INFO ] Parsing sheet: 'DA Race'
[2026-03-05T07:04:32.703Z] [INFO ]   → 5 precincts, type=candidate_race, cols=['Mail JOHNSON', 'Mail CHEN', 'Mail RAMIREZ', 'In Person JOHNSON', 'In Person CHEN', 'In Person RAMIREZ', 'JOHNSON', 'CHEN', 'RAMIREZ']
[2026-03-05T07:04:32.704Z] [STEP ] DONE   [OK] PARSE_CONTEST (0.044s)
[2026-03-05T07:04:32.704Z] [STEP ] START  -> ALLOCATE_VOTES
[2026-03-05T07:04:32.704Z] [INFO ]   Sheet 'Measure A': 5 precincts, type=ballot_measure
[2026-03-05T07:04:32.704Z] [INFO ]     Allocation: area_weighted_fallback, 5 target precincts
[2026-03-05T07:04:32.704Z] [STEP ] START  -> SANITY/Measure A
[2026-03-05T07:04:32.705Z] [INFO ]   SANITY [OK] BallotsCast <= Registered
[2026-03-05T07:04:32.706Z] [INFO ]   SANITY [OK] YES+NO <= BallotsCast
[2026-03-05T07:04:32.706Z] [INFO ]   SANITY [OK] No negative values in Registered
[2026-03-05T07:04:32.706Z] [INFO ]   SANITY [OK] No negative values in BallotsCast
[2026-03-05T07:04:32.706Z] [INFO ]   SANITY [OK] No negative values in Yes
[2026-03-05T07:04:32.706Z] [INFO ]   SANITY [OK] No negative values in No
[2026-03-05T07:04:32.706Z] [INFO ]   SANITY [OK] Non-empty precinct model: 5 rows
[2026-03-05T07:04:32.706Z] [STEP ] DONE   [OK] SANITY/Measure A (0.046s)
[2026-03-05T07:04:32.706Z] [STEP ] START  -> BUILD_MODEL/Measure A
[2026-03-05T07:04:32.714Z] [STEP ] DONE   [OK] BUILD_MODEL/Measure A (0.054s)
[2026-03-05T07:04:32.714Z] [INFO ]   Sheet 'DA Race': 5 precincts, type=candidate_race
[2026-03-05T07:04:32.715Z] [INFO ]     Allocation: area_weighted_fallback, 5 target precincts
[2026-03-05T07:04:32.715Z] [STEP ] START  -> SANITY/DA Race
[2026-03-05T07:04:32.715Z] [INFO ]   SANITY [OK] BallotsCast <= Registered
[2026-03-05T07:04:32.716Z] [INFO ]   SANITY [OK] No negative values in Registered
[2026-03-05T07:04:32.716Z] [INFO ]   SANITY [OK] No negative values in BallotsCast
[2026-03-05T07:04:32.716Z] [INFO ]   SANITY [OK] Non-empty precinct model: 5 rows
[2026-03-05T07:04:32.716Z] [STEP ] DONE   [OK] SANITY/DA Race (0.056s)
[2026-03-05T07:04:32.716Z] [STEP ] START  -> BUILD_MODEL/DA Race
[2026-03-05T07:04:32.722Z] [STEP ] DONE   [OK] BUILD_MODEL/DA Race (0.061s)
[2026-03-05T07:04:32.722Z] [STEP ] DONE   [OK] ALLOCATE_VOTES (0.061s)
[2026-03-05T07:04:32.722Z] [STEP ] START  -> EXPORT_OUTPUTS
[2026-03-05T07:04:32.727Z] [INFO ]   Precinct model: 2026-03-04__230432__6e40c8bc__msi__precinct_model.csv
[2026-03-05T07:04:32.731Z] [INFO ]   Targeting list: 2026-03-04__230432__6e40c8bc__msi__targeting_list.csv (5 rows)
[2026-03-05T07:04:32.735Z] [INFO ]   District aggregates: 2026-03-04__230432__6e40c8bc__msi__district_aggregates.csv
[2026-03-05T07:04:32.735Z] [STEP ] SKIP   [SKIP] KEPLER/Measure A -- No geometry (boundary files missing or geopandas unavailable)
[2026-03-05T07:04:32.735Z] [WARN ]   NEED: geometry_for_kepler [blocked] -- blocks: kepler_geojson
[2026-03-05T07:04:32.737Z] [INFO ]   Precinct model: 2026-03-04__230432__6e40c8bc__msi__precinct_model.csv
[2026-03-05T07:04:32.740Z] [INFO ]   Targeting list: 2026-03-04__230432__6e40c8bc__msi__targeting_list.csv (5 rows)
[2026-03-05T07:04:32.744Z] [INFO ]   District aggregates: 2026-03-04__230432__6e40c8bc__msi__district_aggregates.csv
[2026-03-05T07:04:32.744Z] [STEP ] SKIP   [SKIP] KEPLER/DA Race -- No geometry (boundary files missing or geopandas unavailable)
[2026-03-05T07:04:32.744Z] [WARN ]   NEED: geometry_for_kepler [blocked] -- blocks: kepler_geojson
[2026-03-05T07:04:32.744Z] [INFO ]   output: C:\Users\Mathew C\Campaign In A Box\data\CA\counties\Sonoma\geography\boundary_index\boundaries_index.csv  [sha256:8057bff9429d...]
[2026-03-05T07:04:32.753Z] [INFO ]   output: C:\Users\Mathew C\Campaign In A Box\votes\2024\CA\Sonoma\nov2024_general\contest.json  [sha256:469679607840...]
[2026-03-05T07:04:32.754Z] [INFO ]   output: C:\Users\Mathew C\Campaign In A Box\derived\precinct_models\CA\Sonoma\Sonoma_2024_nov2024_general__Measure A\2026-03-04__230432__6e40c8bc__msi__precinct_model.csv  [sha256:951109f49584...]
[2026-03-05T07:04:32.754Z] [INFO ]   output: C:\Users\Mathew C\Campaign In A Box\derived\campaign_targets\CA\Sonoma\Sonoma_2024_nov2024_general__Measure A\2026-03-04__230432__6e40c8bc__msi__targeting_list.csv  [sha256:e04574dc78fa...]
[2026-03-05T07:04:32.760Z] [INFO ]   output: C:\Users\Mathew C\Campaign In A Box\derived\district_aggregates\CA\Sonoma\Sonoma_2024_nov2024_general__Measure A\2026-03-04__230432__6e40c8bc__msi__district_aggregates.csv  [sha256:9203bdbf2067...]
[2026-03-05T07:04:32.761Z] [INFO ]   output: C:\Users\Mathew C\Campaign In A Box\derived\precinct_models\CA\Sonoma\Sonoma_2024_nov2024_general__DA Race\2026-03-04__230432__6e40c8bc__msi__precinct_model.csv  [sha256:c70cf26e7f8f...]
[2026-03-05T07:04:32.763Z] [INFO ]   output: C:\Users\Mathew C\Campaign In A Box\derived\campaign_targets\CA\Sonoma\Sonoma_2024_nov2024_general__DA Race\2026-03-04__230432__6e40c8bc__msi__targeting_list.csv  [sha256:22393d720e87...]
[2026-03-05T07:04:32.771Z] [INFO ]   output: C:\Users\Mathew C\Campaign In A Box\derived\district_aggregates\CA\Sonoma\Sonoma_2024_nov2024_general__DA Race\2026-03-04__230432__6e40c8bc__msi__district_aggregates.csv  [sha256:041c6ecb806d...]
[2026-03-05T07:04:32.771Z] [STEP ] DONE   [OK] EXPORT_OUTPUTS (0.111s)
[2026-03-05T07:04:32.771Z] [INFO ] ========================================================================
  Run complete — SUCCESS  elapsed: 0.111s
========================================================================
