[2026-03-05T11:37:06.376Z] [INFO] ========================================================================
  Campaign In A Box — Pipeline Run
  RUN_ID  : 2026-03-05__033706__f4a083ab__msi
  Started : 2026-03-05T11:37:06.375700+00:00
========================================================================
[2026-03-05T11:37:06.376Z] [INFO ] Pipeline v2 starting
[2026-03-05T11:37:06.376Z] [INFO ]   state=CA  county=Sonoma  year=2024  contest_slug=nov2024_general
[2026-03-05T11:37:06.376Z] [INFO ]   membership_method=auto  log_level=verbose
[2026-03-05T11:37:06.379Z] [STEP ] SKIP   [SKIP] INGEST_STAGING -- No --staging-dir provided; skipping ingestion
[2026-03-05T11:37:06.379Z] [STEP ] START  -> SCAFFOLD_BOUNDARY_INDEX
[2026-03-05T11:37:06.380Z] [INFO ]   Boundary index exists: C:\Users\Mathew C\Campaign In A Box\data\CA\counties\Sonoma\geography\boundary_index\boundaries_index.csv
[2026-03-05T11:37:06.381Z] [WARN ]   Boundary index scaffolded (no boundary files found yet)
[2026-03-05T11:37:06.382Z] [INFO ]   output: C:\Users\Mathew C\Campaign In A Box\data\CA\counties\Sonoma\geography\boundary_index\boundaries_index.csv  [sha256:b4dff0e71c42...]
[2026-03-05T11:37:06.382Z] [STEP ] DONE   [OK] SCAFFOLD_BOUNDARY_INDEX (0.007s)
[2026-03-05T11:37:06.382Z] [STEP ] START  -> VALIDATE_GEOGRAPHY
[2026-03-05T11:37:06.382Z] [INFO ]   expected: data/CA/counties/Sonoma/geography/precinct_shapes/
[2026-03-05T11:37:06.382Z] [INFO ]   expected: data/CA/counties/Sonoma/geography/crosswalks/
[2026-03-05T11:37:06.383Z] [INFO ]   [present] MPREC GeoJSON
[2026-03-05T11:37:06.383Z] [INFO ]   [present] MPREC GeoPackage
[2026-03-05T11:37:06.383Z] [INFO ]   [present] MPREC Shapefile
[2026-03-05T11:37:06.383Z] [INFO ]   [present] SRPREC GeoJSON
[2026-03-05T11:37:06.384Z] [INFO ]   [present] SRPREC GeoPackage
[2026-03-05T11:37:06.384Z] [INFO ]   [present] SRPREC Shapefile
[2026-03-05T11:37:06.384Z] [INFO ]   [present] 2020 BLK TO MPREC
[2026-03-05T11:37:06.385Z] [INFO ]   [present] RGPREC TO 2020 BLK
[2026-03-05T11:37:06.385Z] [INFO ]   [present] SRPREC TO 2020 BLK
[2026-03-05T11:37:06.385Z] [INFO ]   [present] RG to RR to SR to SVPREC
[2026-03-05T11:37:06.385Z] [INFO ]   [present] MPREC to SRPREC
[2026-03-05T11:37:06.385Z] [INFO ]   [present] SRPREC to CITY
[2026-03-05T11:37:06.385Z] [INFO ] Geography validation: 12/12 present, canonical=MPREC
[2026-03-05T11:37:06.386Z] [STEP ] DONE   [OK] VALIDATE_GEOGRAPHY (0.01s)
[2026-03-05T11:37:06.386Z] [STEP ] START  -> VALIDATE_VOTES
[2026-03-05T11:37:06.386Z] [INFO ]   expected: votes/2024/CA/Sonoma/nov2024_general/detail.xlsx
[2026-03-05T11:37:06.386Z] [INFO ]   [present] votes: C:\Users\Mathew C\Campaign In A Box\votes\2024\CA\Sonoma\nov2024_general\detail.xlsx
[2026-03-05T11:37:06.386Z] [INFO ]   input: detail.xlsx -> C:\Users\Mathew C\Campaign In A Box\votes\2024\CA\Sonoma\nov2024_general\detail.xlsx  [sha256:157048233934...]
[2026-03-05T11:37:06.386Z] [STEP ] DONE   [OK] VALIDATE_VOTES (0.011s)
[2026-03-05T11:37:06.386Z] [STEP ] START  -> LOAD_GEOMETRY
[2026-03-05T11:37:06.386Z] [INFO ]   expected: MPREC preferred; SRPREC fallback
[2026-03-05T11:37:06.387Z] [WARN ] geopandas not installed; found C:\Users\Mathew C\Campaign In A Box\data\CA\counties\Sonoma\geography\precinct_shapes\MPREC_GeoJSON\mprec_097_g24_v01.geojson but cannot load
[2026-03-05T11:37:06.387Z] [STEP ] SKIP   [SKIP] LOAD_GEOMETRY -- No usable geometry (geopandas unavailable or files missing)
[2026-03-05T11:37:06.387Z] [WARN ]   NEED: geopandas_library [missing] -- blocks: geometry_load, kepler_export
[2026-03-05T11:37:06.387Z] [STEP ] START  -> LOAD_CROSSWALKS
[2026-03-05T11:37:06.418Z] [WARN ] Cannot detect source/target columns in blk_mprec_097_g24_v01.csv: ['block', 'mprec', 'pct_block']
[2026-03-05T11:37:06.438Z] [WARN ] Cannot detect source/target columns in blk_mprec_097_g24_v01.csv: ['block', 'mprec', 'pct_block']
[2026-03-05T11:37:06.549Z] [INFO ]   [CROSSWALKS] Discovered 4/6 crosswalks
[2026-03-05T11:37:06.549Z] [STEP ] SKIP   [SKIP] LOAD_CROSSWALKS -- No crosswalk files; using identity mapping
[2026-03-05T11:37:06.549Z] [STEP ] START  -> SCAFFOLD_CONTEST_JSON
[2026-03-05T11:37:06.563Z] [INFO ]   output: C:\Users\Mathew C\Campaign In A Box\votes\2024\CA\Sonoma\nov2024_general\contest.json  [sha256:8daba6d75036...]
[2026-03-05T11:37:06.563Z] [STEP ] DONE   [OK] SCAFFOLD_CONTEST_JSON (0.187s)
[2026-03-05T11:37:06.563Z] [STEP ] START  -> PARSE_CONTEST
[2026-03-05T11:37:06.563Z] [INFO ]   expected: Detect sheet types; aggregate vote methods
[2026-03-05T11:37:06.573Z] [INFO ] Parsing sheet: 'Sheet1'
[2026-03-05T11:37:06.579Z] [INFO ]   -> 10 precincts, type=ballot_measure
[2026-03-05T11:37:06.580Z] [STEP ] DONE   [OK] PARSE_CONTEST (0.205s)
[2026-03-05T11:37:06.580Z] [INFO ] Contest Mode: MEASURE (Inferred MEASURE (found YES/NO headers))
[2026-03-05T11:37:06.580Z] [INFO ] [PATHWAY] contest_mode=measure  contest_mode_reason=Inferred MEASURE (found YES/NO headers)
[2026-03-05T11:37:06.580Z] [STEP ] START  -> ALLOCATE_VOTES
[2026-03-05T11:37:06.580Z] [INFO ]   Sheet 'Sheet1': 10 precincts, type=ballot_measure
[2026-03-05T11:37:06.580Z] [INFO ]     Allocation: area_weighted_fallback, 10 target precincts
[2026-03-05T11:37:06.580Z] [STEP ] START  -> NORMALIZE_SCHEMA/Sheet1
[2026-03-05T11:37:06.581Z] [INFO ]   [SCHEMA] 'MPREC_ID' → 'canonical_precinct_id'
[2026-03-05T11:37:06.581Z] [INFO ]   [SCHEMA] 'Registered' → 'registered'
[2026-03-05T11:37:06.581Z] [INFO ]   [SCHEMA] 'BallotsCast' → 'ballots_cast'
[2026-03-05T11:37:06.581Z] [INFO ]   [SCHEMA] 'YES' → 'yes_votes'
[2026-03-05T11:37:06.581Z] [INFO ]   [SCHEMA] 'NO' → 'no_votes'
[2026-03-05T11:37:06.585Z] [STEP ] DONE   [OK] NORMALIZE_SCHEMA/Sheet1 (0.21s)
[2026-03-05T11:37:06.585Z] [STEP ] START  -> SANITY/Sheet1
[2026-03-05T11:37:06.585Z] [INFO ]   SANITY [OK] Non-empty model: 10 rows
[2026-03-05T11:37:06.585Z] [STEP ] DONE   [OK] SANITY/Sheet1 (0.21s)
[2026-03-05T11:37:06.585Z] [STEP ] START  -> BUILD_MODEL/Sheet1
[2026-03-05T11:37:06.595Z] [STEP ] DONE   [OK] BUILD_MODEL/Sheet1 (0.22s)
[2026-03-05T11:37:06.595Z] [STEP ] DONE   [OK] ALLOCATE_VOTES (0.22s)
[2026-03-05T11:37:06.595Z] [STEP ] START  -> INTEGRITY_ENFORCEMENT
[2026-03-05T11:37:06.600Z] [WARN ]   [INTEGRITY] 10 precinct(s) CRITICAL — registered=0 but ballots>0. Indicates data extraction issue.
[2026-03-05T11:37:06.601Z] [STEP ] DONE   [OK] INTEGRITY_ENFORCEMENT (0.226s)
[2026-03-05T11:37:06.601Z] [STEP ] START  -> FEATURE_ENGINEERING
[2026-03-05T11:37:06.602Z] [WARN ] Voter file not found at C:\Users\Mathew C\Campaign In A Box\voters\CA\Sonoma\voters.csv
