[2026-03-14T23:27:14.102Z] [INFO] ========================================================================
  Campaign In A Box — Pipeline Run
  RUN_ID  : 2026-03-14__162713__2d64260a__msi
  Started : 2026-03-14T23:27:14.090378+00:00
========================================================================
[2026-03-14T23:27:14.103Z] [INFO ] Pipeline v2 starting
[2026-03-14T23:27:14.103Z] [INFO ]   state=CA  county=Sonoma  year=2025  contest_slug=nov2025_special
[2026-03-14T23:27:14.103Z] [INFO ]   membership_method=auto  log_level=verbose
[2026-03-14T23:27:14.323Z] [STEP ] START  -> DATA_INTAKE_ANALYSIS
[2026-03-14T23:27:14.358Z] [STEP ] DONE   [OK] DATA_INTAKE_ANALYSIS (0.268s)
[2026-03-14T23:27:14.358Z] [STEP ] SKIP   [SKIP] INGEST_STAGING -- No --staging-dir provided; skipping ingestion
[2026-03-14T23:27:14.358Z] [INFO ] === Processing County: Sonoma ===
[2026-03-14T23:27:14.358Z] [STEP ] START  -> SCAFFOLD_BOUNDARY_INDEX_Sonoma
[2026-03-14T23:27:14.359Z] [INFO ]   Boundary index exists: C:\Users\Mathew C\Campaign In A Box\data\CA\counties\Sonoma\geography\boundary_index\boundaries_index.csv
[2026-03-14T23:27:14.362Z] [WARN ]   Boundary index scaffolded (no boundary files found yet)
[2026-03-14T23:27:14.363Z] [INFO ]   output: C:\Users\Mathew C\Campaign In A Box\data\CA\counties\Sonoma\geography\boundary_index\boundaries_index.csv  [sha256:b4dff0e71c42...]
[2026-03-14T23:27:14.363Z] [STEP ] DONE   [OK] SCAFFOLD_BOUNDARY_INDEX_Sonoma (0.273s)
[2026-03-14T23:27:14.363Z] [STEP ] START  -> VALIDATE_GEOGRAPHY
[2026-03-14T23:27:14.363Z] [INFO ]   expected: data/CA/counties/Sonoma/geography/precinct_shapes/
[2026-03-14T23:27:14.363Z] [INFO ]   expected: data/CA/counties/Sonoma/geography/crosswalks/
[2026-03-14T23:27:14.363Z] [INFO ]   [present] MPREC GeoJSON
[2026-03-14T23:27:14.366Z] [INFO ]   [present] MPREC GeoPackage
[2026-03-14T23:27:14.373Z] [INFO ]   [present] MPREC Shapefile
[2026-03-14T23:27:14.374Z] [INFO ]   [present] SRPREC GeoJSON
[2026-03-14T23:27:14.375Z] [INFO ]   [present] SRPREC GeoPackage
[2026-03-14T23:27:14.376Z] [INFO ]   [present] SRPREC Shapefile
[2026-03-14T23:27:14.377Z] [INFO ]   [present] 2020 BLK TO MPREC
[2026-03-14T23:27:14.378Z] [INFO ]   [present] RGPREC TO 2020 BLK
[2026-03-14T23:27:14.379Z] [INFO ]   [present] SRPREC TO 2020 BLK
[2026-03-14T23:27:14.380Z] [INFO ]   [present] RG to RR to SR to SVPREC
[2026-03-14T23:27:14.380Z] [INFO ]   [present] MPREC to SRPREC
[2026-03-14T23:27:14.383Z] [INFO ]   [present] SRPREC to CITY
[2026-03-14T23:27:14.383Z] [INFO ] Geography validation: 12/12 present, canonical=MPREC
[2026-03-14T23:27:14.383Z] [STEP ] DONE   [OK] VALIDATE_GEOGRAPHY (0.293s)
[2026-03-14T23:27:14.384Z] [STEP ] START  -> VALIDATE_VOTES
[2026-03-14T23:27:14.384Z] [INFO ]   expected: data/contests/CA/Sonoma/2025/nov2025_special/raw/<file>  (canonical, P28)
[2026-03-14T23:27:14.384Z] [INFO ]   expected: votes/2025/CA/Sonoma/nov2025_special/detail.xlsx              (legacy fallback)
[2026-03-14T23:27:14.393Z] [INFO ]   [VOTES] Found via ContestResolver (canonical P28): data\contests\CA\Sonoma\2025\nov2025_special\raw\SoCoNov2025StatewideSpclElec_PctCanvass (1).xlsx
[2026-03-14T23:27:14.399Z] [INFO ]   input: detail.xlsx -> C:\Users\Mathew C\Campaign In A Box\data\contests\CA\Sonoma\2025\nov2025_special\raw\SoCoNov2025StatewideSpclElec_PctCanvass (1).xlsx  [sha256:1c558d828c8f...]
[2026-03-14T23:27:14.400Z] [STEP ] DONE   [OK] VALIDATE_VOTES (0.31s)
[2026-03-14T23:27:14.400Z] [STEP ] START  -> LOAD_GEOMETRY
[2026-03-14T23:27:14.400Z] [INFO ]   expected: MPREC preferred; SRPREC fallback
[2026-03-14T23:27:14.403Z] [INFO ] Loading MPREC geometry from: C:\Users\Mathew C\Campaign In A Box\data\CA\counties\Sonoma\geography\precinct_shapes\MPREC_GeoJSON\mprec_097_g24_v01.geojson
[2026-03-14T23:27:23.882Z] [INFO ] Loaded 1405 features from mprec_097_g24_v01.geojson
[2026-03-14T23:27:23.882Z] [STEP ] DONE   [OK] LOAD_GEOMETRY (9.792s)
[2026-03-14T23:27:23.882Z] [STEP ] START  -> LOAD_CROSSWALKS
[2026-03-14T23:27:24.036Z] [WARN ]   crosswalk warning: Source precinct '060971502062002': weights sum to 0.996867 (expected 1.0 ± 0.001)
[2026-03-14T23:27:24.039Z] [WARN ]   crosswalk warning: Source precinct '060971503063000': weights sum to 0.994863 (expected 1.0 ± 0.001)
[2026-03-14T23:27:24.039Z] [WARN ]   crosswalk warning: Source precinct '060971505022016': weights sum to 0.998417 (expected 1.0 ± 0.001)
[2026-03-14T23:27:24.039Z] [WARN ]   crosswalk warning: Source precinct '060971505022004': weights sum to 0.981481 (expected 1.0 ± 0.001)
[2026-03-14T23:27:24.039Z] [WARN ]   crosswalk warning: Source precinct '060971505022018': weights sum to 0.989644 (expected 1.0 ± 0.001)
[2026-03-14T23:27:24.040Z] [WARN ]   crosswalk warning: Source precinct '060971505022019': weights sum to 0.951394 (expected 1.0 ± 0.001)
[2026-03-14T23:27:24.040Z] [WARN ]   crosswalk warning: Source precinct '060971501003054': weights sum to 0.892498 (expected 1.0 ± 0.001)
[2026-03-14T23:27:24.040Z] [WARN ]   crosswalk warning: Source precinct '060971501003055': weights sum to 0.874043 (expected 1.0 ± 0.001)
[2026-03-14T23:27:24.040Z] [WARN ]   crosswalk warning: Source precinct '060971535024025': weights sum to 0.998974 (expected 1.0 ± 0.001)
[2026-03-14T23:27:24.040Z] [WARN ]   crosswalk warning: Source precinct '060971541003007': weights sum to 0.998845 (expected 1.0 ± 0.001)
[2026-03-14T23:27:24.040Z] [WARN ]   crosswalk warning: Source precinct '060971502052006': weights sum to 1.001625 (expected 1.0 ± 0.001)
[2026-03-14T23:27:24.040Z] [WARN ]   crosswalk warning: Source precinct '060971501003056': weights sum to 0.994914 (expected 1.0 ± 0.001)
[2026-03-14T23:27:24.040Z] [WARN ]   crosswalk warning: Source precinct '060971501003042': weights sum to 0.998813 (expected 1.0 ± 0.001)
[2026-03-14T23:27:24.040Z] [WARN ]   crosswalk warning: Source precinct '060971501003027': weights sum to 0.997993 (expected 1.0 ± 0.001)
[2026-03-14T23:27:24.040Z] [WARN ]   crosswalk warning: Source precinct '060971501003021': weights sum to 0.998859 (expected 1.0 ± 0.001)
[2026-03-14T23:27:24.040Z] [WARN ]   crosswalk warning: Source precinct '060971501003040': weights sum to 0.996408 (expected 1.0 ± 0.001)
[2026-03-14T23:27:24.040Z] [WARN ]   crosswalk warning: Source precinct '060971541004063': weights sum to 0.992273 (expected 1.0 ± 0.001)
[2026-03-14T23:27:24.040Z] [WARN ]   crosswalk warning: Source precinct '060971541004009': weights sum to 0.997554 (expected 1.0 ± 0.001)
[2026-03-14T23:27:24.040Z] [WARN ]   crosswalk warning: Source precinct '060971541004000': weights sum to 0.998641 (expected 1.0 ± 0.001)
[2026-03-14T23:27:24.040Z] [WARN ]   crosswalk warning: Source precinct '060971541003045': weights sum to 0.997268 (expected 1.0 ± 0.001)
[2026-03-14T23:27:24.040Z] [WARN ]   crosswalk warning: Source precinct '060971541003046': weights sum to 0.528088 (expected 1.0 ± 0.001)
[2026-03-14T23:27:24.040Z] [WARN ]   crosswalk warning: Source precinct '060971541003043': weights sum to 0.998298 (expected 1.0 ± 0.001)
[2026-03-14T23:27:24.040Z] [WARN ]   crosswalk warning: Source precinct '060971541003044': weights sum to 0.969116 (expected 1.0 ± 0.001)
[2026-03-14T23:27:24.040Z] [WARN ]   crosswalk warning: Source precinct '060971506122052': weights sum to 0.996519 (expected 1.0 ± 0.001)
[2026-03-14T23:27:24.040Z] [WARN ]   crosswalk warning: Source precinct '060971506122048': weights sum to 0.998826 (expected 1.0 ± 0.001)
[2026-03-14T23:27:24.040Z] [WARN ]   crosswalk warning: Source precinct '060971507023006': weights sum to 0.997727 (expected 1.0 ± 0.001)
[2026-03-14T23:27:24.041Z] [WARN ]   crosswalk warning: Source precinct '060971506122024': weights sum to 0.927860 (expected 1.0 ± 0.001)
[2026-03-14T23:27:24.041Z] [WARN ]   crosswalk warning: Source precinct '060971526021000': weights sum to 0.998171 (expected 1.0 ± 0.001)
[2026-03-14T23:27:24.041Z] [WARN ]   crosswalk warning: Source precinct '060971535024006': weights sum to 0.981596 (expected 1.0 ± 0.001)
[2026-03-14T23:27:24.041Z] [WARN ]   crosswalk warning: Source precinct '060971535024012': weights sum to 0.990210 (expected 1.0 ± 0.001)
[2026-03-14T23:27:24.041Z] [WARN ]   crosswalk warning: Source precinct '060971535024010': weights sum to 0.993908 (expected 1.0 ± 0.001)
[2026-03-14T23:27:24.041Z] [WARN ]   crosswalk warning: Source precinct '060971535024011': weights sum to 0.993709 (expected 1.0 ± 0.001)
[2026-03-14T23:27:24.041Z] [WARN ]   crosswalk warning: Source precinct '060971543081006': weights sum to 0.998454 (expected 1.0 ± 0.001)
[2026-03-14T23:27:24.041Z] [WARN ]   crosswalk warning: Source precinct '060971516012006': weights sum to 0.997678 (expected 1.0 ± 0.001)
[2026-03-14T23:27:24.041Z] [WARN ]   crosswalk warning: Source precinct '060971526021040': weights sum to 0.986180 (expected 1.0 ± 0.001)
[2026-03-14T23:27:24.041Z] [WARN ]   crosswalk warning: Source precinct '060971526021065': weights sum to 0.991842 (expected 1.0 ± 0.001)
[2026-03-14T23:27:24.041Z] [WARN ]   crosswalk warning: Source precinct '060971526021068': weights sum to 0.990418 (expected 1.0 ± 0.001)
[2026-03-14T23:27:24.041Z] [WARN ]   crosswalk warning: Source precinct '060971526021051': weights sum to 0.977816 (expected 1.0 ± 0.001)
[2026-03-14T23:27:24.041Z] [WARN ]   crosswalk warning: Source precinct '060971526021052': weights sum to 0.630230 (expected 1.0 ± 0.001)
[2026-03-14T23:27:24.041Z] [WARN ]   crosswalk warning: Source precinct '060971526021042': weights sum to 0.998371 (expected 1.0 ± 0.001)
[2026-03-14T23:27:24.041Z] [WARN ]   crosswalk warning: Source precinct '060971506092018': weights sum to 1.001461 (expected 1.0 ± 0.001)
[2026-03-14T23:27:24.041Z] [WARN ]   crosswalk warning: Source precinct '060971526021038': weights sum to 0.969775 (expected 1.0 ± 0.001)
[2026-03-14T23:27:24.042Z] [WARN ]   crosswalk warning: Source precinct '060971506122025': weights sum to 0.997043 (expected 1.0 ± 0.001)
[2026-03-14T23:27:24.042Z] [WARN ]   crosswalk warning: Source precinct '060971506123067': weights sum to 0.996731 (expected 1.0 ± 0.001)
[2026-03-14T23:27:24.042Z] [WARN ]   crosswalk warning: Source precinct '060971506123066': weights sum to 0.978822 (expected 1.0 ± 0.001)
[2026-03-14T23:27:24.042Z] [WARN ]   crosswalk warning: Source precinct '060971507023007': weights sum to 0.995257 (expected 1.0 ± 0.001)
[2026-03-14T23:27:24.042Z] [WARN ]   crosswalk warning: Source precinct '060971507023008': weights sum to 0.992713 (expected 1.0 ± 0.001)
[2026-03-14T23:27:24.042Z] [WARN ]   crosswalk warning: Source precinct '060971516012000': weights sum to 0.996871 (expected 1.0 ± 0.001)
[2026-03-14T23:27:24.042Z] [WARN ]   crosswalk warning: Source precinct '060971516012028': weights sum to 0.988650 (expected 1.0 ± 0.001)
[2026-03-14T23:27:24.042Z] [WARN ]   crosswalk warning: Source precinct '060971526021066': weights sum to 0.960402 (expected 1.0 ± 0.001)
[2026-03-14T23:27:24.042Z] [WARN ]   crosswalk warning: Source precinct '060971508004024': weights sum to 0.998485 (expected 1.0 ± 0.001)
[2026-03-14T23:27:24.042Z] [WARN ]   crosswalk warning: Source precinct '060971511003009': weights sum to 0.997536 (expected 1.0 ± 0.001)
[2026-03-14T23:27:24.042Z] [WARN ]   crosswalk warning: Source precinct '060971508004025': weights sum to 0.997804 (expected 1.0 ± 0.001)
[2026-03-14T23:27:24.042Z] [WARN ]   crosswalk warning: Source precinct '060971501001000': weights sum to 0.995501 (expected 1.0 ± 0.001)
[2026-03-14T23:27:24.042Z] [WARN ]   crosswalk warning: Source precinct '060971541003000': weights sum to 0.993792 (expected 1.0 ± 0.001)
[2026-03-14T23:27:24.042Z] [WARN ]   crosswalk warning: Source precinct '060971541003031': weights sum to 0.996955 (expected 1.0 ± 0.001)
[2026-03-14T23:27:24.042Z] [WARN ]   crosswalk warning: Source precinct '060971541003032': weights sum to 0.997974 (expected 1.0 ± 0.001)
[2026-03-14T23:27:24.042Z] [WARN ]   crosswalk warning: Source precinct '060971541003054': weights sum to 0.987447 (expected 1.0 ± 0.001)
[2026-03-14T23:27:24.042Z] [WARN ]   crosswalk warning: Source precinct '060971541003030': weights sum to 0.926757 (expected 1.0 ± 0.001)
[2026-03-14T23:27:24.042Z] [WARN ]   crosswalk warning: Source precinct '060971543051029': weights sum to 0.993373 (expected 1.0 ± 0.001)
[2026-03-14T23:27:24.042Z] [WARN ]   crosswalk warning: Source precinct '060971543051004': weights sum to 0.998497 (expected 1.0 ± 0.001)
[2026-03-14T23:27:24.042Z] [WARN ]   crosswalk warning: Source precinct '060971543051026': weights sum to 0.913292 (expected 1.0 ± 0.001)
[2026-03-14T23:27:24.042Z] [WARN ]   crosswalk warning: Source precinct '060971543051025': weights sum to 0.990442 (expected 1.0 ± 0.001)
[2026-03-14T23:27:24.125Z] [INFO ] Loaded crosswalk crosswalks: 7563 source precincts
[2026-03-14T23:27:24.936Z] [INFO ]   [CROSSWALKS] Discovered 6/6 crosswalks
[2026-03-14T23:27:25.417Z] [INFO ]   [P29-INTROSPECT] 6 crosswalk files — 6 detection OK, 0 detection failed
[2026-03-14T23:27:25.419Z] [STEP ] DONE   [OK] LOAD_CROSSWALKS (11.329s)
[2026-03-14T23:27:25.420Z] [STEP ] START  -> SCAFFOLD_CONTEST_JSON
[2026-03-14T23:27:25.437Z] [INFO ]   output: C:\Users\Mathew C\Campaign In A Box\votes\2025\CA\Sonoma\nov2025_special\contest.json  [sha256:08a14c62f6fb...]
[2026-03-14T23:27:25.437Z] [STEP ] DONE   [OK] SCAFFOLD_CONTEST_JSON (11.347s)
[2026-03-14T23:27:25.437Z] [STEP ] START  -> PARSE_CONTEST
[2026-03-14T23:27:25.437Z] [INFO ]   expected: Detect sheet types; aggregate vote methods
[2026-03-14T23:27:26.337Z] [INFO ] Parsing sheet: 'Document map'
[2026-03-14T23:27:26.371Z] [INFO ]   parse_contest_sheet: title='PrecinctCanvass' type=candidate_race prec_col='PrecinctCanvass' choice_cols=['PrecinctCanvass'] rows=3
[2026-03-14T23:27:26.417Z] [INFO ]   -> 3 precincts, type=candidate_race
[2026-03-14T23:27:26.418Z] [INFO ] Parsing sheet: 'Sheet2'
[2026-03-14T23:27:26.433Z] [INFO ]   parse_contest_sheet: title='1 Timber Cove County Water District' type=candidate_race prec_col='unnamed_0' choice_cols=['1', '1_1', '1_2', '1_3', '1_4', '1_5', '1_6', '1_7'] rows=6
[2026-03-14T23:27:26.495Z] [INFO ]   -> 4 precincts, type=candidate_race
[2026-03-14T23:27:26.496Z] [INFO ] Parsing sheet: 'Sheet3'
[2026-03-14T23:27:26.509Z] [INFO ]   parse_contest_sheet: title='1 Proposition 50 - Special State Measure Redistricting' type=candidate_race prec_col='unnamed_0' choice_cols=['1', '1_1', '1_2', '1_3', '1_4'] rows=395
[2026-03-14T23:27:26.557Z] [INFO ]   -> 393 precincts, type=candidate_race
[2026-03-14T23:27:26.557Z] [INFO ] Parsing sheet: 'Sheet4'
[2026-03-14T23:27:26.582Z] [INFO ]   parse_contest_sheet: title='1 Measure I - Petaluma Joint Union High School District Parcel Tax - 2/3 Vote To Pass' type=candidate_race prec_col='unnamed_0' choice_cols=['1', '1_1', '1_2', '1_3', '1_4'] rows=60
[2026-03-14T23:27:26.629Z] [INFO ]   -> 58 precincts, type=candidate_race
[2026-03-14T23:27:26.641Z] [STEP ] DONE   [OK] PARSE_CONTEST (12.551s)
[2026-03-14T23:27:26.641Z] [INFO ] Contest Mode: CANDIDATE (Inferred CANDIDATE (found candidate_race headers))
[2026-03-14T23:27:26.641Z] [INFO ] [PATHWAY] contest_mode=candidate  contest_mode_reason=Inferred CANDIDATE (found candidate_race headers)
[2026-03-14T23:27:26.641Z] [STEP ] START  -> ALLOCATE_VOTES
[2026-03-14T23:27:26.641Z] [INFO ]   Sheet 'Document map': 3 precincts, type=candidate_race
[2026-03-14T23:27:26.835Z] [WARN ]   [ALLOCATE] Crosswalk error: safe_merge() got an unexpected keyword argument 'left_on'. Falling back to area-weighted.
[2026-03-14T23:27:26.857Z] [INFO ]     Allocation: crosswalk, 3 target precincts
[2026-03-14T23:27:26.858Z] [STEP ] START  -> NORMALIZE_SCHEMA/Document map
[2026-03-14T23:27:26.871Z] [INFO ]   [SCHEMA] 'MPREC_ID' → 'canonical_precinct_id'
[2026-03-14T23:27:26.898Z] [INFO ]   [SCHEMA] 'Registered' → 'registered'
[2026-03-14T23:27:26.906Z] [INFO ]   [SCHEMA] 'BallotsCast' → 'ballots_cast'
[2026-03-14T23:27:27.014Z] [STEP ] DONE   [OK] NORMALIZE_SCHEMA/Document map (12.924s)
[2026-03-14T23:27:27.015Z] [STEP ] START  -> SANITY/Document map
[2026-03-14T23:27:27.015Z] [INFO ]   SANITY [OK] Non-empty model: 3 rows
[2026-03-14T23:27:27.015Z] [STEP ] DONE   [OK] SANITY/Document map (12.925s)
[2026-03-14T23:27:27.015Z] [STEP ] START  -> BUILD_MODEL/Document map
[2026-03-14T23:27:27.590Z] [STEP ] DONE   [OK] BUILD_MODEL/Document map (13.5s)
[2026-03-14T23:27:27.590Z] [INFO ]   Sheet 'Sheet2': 4 precincts, type=candidate_race
[2026-03-14T23:27:27.747Z] [WARN ]   [ALLOCATE] Crosswalk error: safe_merge() got an unexpected keyword argument 'left_on'. Falling back to area-weighted.
[2026-03-14T23:27:27.748Z] [INFO ]     Allocation: crosswalk, 4 target precincts
[2026-03-14T23:27:27.749Z] [STEP ] START  -> NORMALIZE_SCHEMA/Sheet2
[2026-03-14T23:27:27.750Z] [INFO ]   [SCHEMA] 'MPREC_ID' → 'canonical_precinct_id'
[2026-03-14T23:27:27.750Z] [INFO ]   [SCHEMA] 'Registered' → 'registered'
[2026-03-14T23:27:27.751Z] [INFO ]   [SCHEMA] 'BallotsCast' → 'ballots_cast'
[2026-03-14T23:27:27.800Z] [STEP ] DONE   [OK] NORMALIZE_SCHEMA/Sheet2 (13.71s)
[2026-03-14T23:27:27.801Z] [STEP ] START  -> SANITY/Sheet2
[2026-03-14T23:27:27.801Z] [INFO ]   SANITY [OK] Non-empty model: 4 rows
[2026-03-14T23:27:27.801Z] [STEP ] DONE   [OK] SANITY/Sheet2 (13.711s)
[2026-03-14T23:27:27.801Z] [STEP ] START  -> BUILD_MODEL/Sheet2
[2026-03-14T23:27:28.023Z] [STEP ] DONE   [OK] BUILD_MODEL/Sheet2 (13.933s)
[2026-03-14T23:27:28.023Z] [INFO ]   Sheet 'Sheet3': 393 precincts, type=candidate_race
[2026-03-14T23:27:28.261Z] [WARN ]   [ALLOCATE] Crosswalk error: safe_merge() got an unexpected keyword argument 'left_on'. Falling back to area-weighted.
[2026-03-14T23:27:28.264Z] [INFO ]     Allocation: crosswalk, 393 target precincts
[2026-03-14T23:27:28.265Z] [STEP ] START  -> NORMALIZE_SCHEMA/Sheet3
[2026-03-14T23:27:28.270Z] [INFO ]   [SCHEMA] 'MPREC_ID' → 'canonical_precinct_id'
[2026-03-14T23:27:28.273Z] [INFO ]   [SCHEMA] 'Registered' → 'registered'
[2026-03-14T23:27:28.279Z] [INFO ]   [SCHEMA] 'BallotsCast' → 'ballots_cast'
[2026-03-14T23:27:28.306Z] [STEP ] DONE   [OK] NORMALIZE_SCHEMA/Sheet3 (14.216s)
[2026-03-14T23:27:28.306Z] [STEP ] START  -> SANITY/Sheet3
[2026-03-14T23:27:28.306Z] [INFO ]   SANITY [OK] Non-empty model: 393 rows
[2026-03-14T23:27:28.306Z] [STEP ] DONE   [OK] SANITY/Sheet3 (14.216s)
[2026-03-14T23:27:28.306Z] [STEP ] START  -> BUILD_MODEL/Sheet3
[2026-03-14T23:27:28.371Z] [STEP ] DONE   [OK] BUILD_MODEL/Sheet3 (14.281s)
[2026-03-14T23:27:28.371Z] [INFO ]   Sheet 'Sheet4': 58 precincts, type=candidate_race
[2026-03-14T23:27:28.500Z] [WARN ]   [ALLOCATE] Crosswalk error: safe_merge() got an unexpected keyword argument 'left_on'. Falling back to area-weighted.
[2026-03-14T23:27:28.502Z] [INFO ]     Allocation: crosswalk, 58 target precincts
[2026-03-14T23:27:28.502Z] [STEP ] START  -> NORMALIZE_SCHEMA/Sheet4
[2026-03-14T23:27:28.504Z] [INFO ]   [SCHEMA] 'MPREC_ID' → 'canonical_precinct_id'
[2026-03-14T23:27:28.511Z] [INFO ]   [SCHEMA] 'Registered' → 'registered'
[2026-03-14T23:27:28.515Z] [INFO ]   [SCHEMA] 'BallotsCast' → 'ballots_cast'
[2026-03-14T23:27:28.534Z] [STEP ] DONE   [OK] NORMALIZE_SCHEMA/Sheet4 (14.444s)
[2026-03-14T23:27:28.534Z] [STEP ] START  -> SANITY/Sheet4
[2026-03-14T23:27:28.535Z] [INFO ]   SANITY [OK] Non-empty model: 58 rows
[2026-03-14T23:27:28.535Z] [STEP ] DONE   [OK] SANITY/Sheet4 (14.445s)
[2026-03-14T23:27:28.535Z] [STEP ] START  -> BUILD_MODEL/Sheet4
[2026-03-14T23:27:28.614Z] [STEP ] DONE   [OK] BUILD_MODEL/Sheet4 (14.524s)
[2026-03-14T23:27:28.615Z] [STEP ] DONE   [OK] ALLOCATE_VOTES (14.525s)
[2026-03-14T23:27:28.615Z] [STEP ] START  -> INTEGRITY_ENFORCEMENT
[2026-03-14T23:27:28.626Z] [INFO ]   [INTEGRITY] All 3 precincts pass constraints — no repairs needed
[2026-03-14T23:27:28.655Z] [WARN ]   [INTEGRITY] 2 precinct(s) CRITICAL — registered=0 but ballots>0. Indicates data extraction issue.
[2026-03-14T23:27:28.921Z] [WARN ]   [INTEGRITY] 320 precinct(s) CRITICAL — registered=0 but ballots>0. Indicates data extraction issue.
[2026-03-14T23:27:28.981Z] [WARN ]   [INTEGRITY] 44 precinct(s) CRITICAL — registered=0 but ballots>0. Indicates data extraction issue.
[2026-03-14T23:27:28.989Z] [STEP ] DONE   [OK] INTEGRITY_ENFORCEMENT (14.899s)
[2026-03-14T23:27:28.995Z] [STEP ] START  -> FEATURE_ENGINEERING
[2026-03-14T23:27:28.996Z] [WARN ] Voter file not found at C:\Users\Mathew C\Campaign In A Box\voters\CA\Sonoma\voters.csv
[2026-03-14T23:27:29.211Z] [STEP ] DONE   [OK] FEATURE_ENGINEERING (15.121s)
[2026-03-14T23:27:29.211Z] [STEP ] START  -> UNIVERSE_BUILDING
[2026-03-14T23:27:29.514Z] [STEP ] DONE   [OK] UNIVERSE_BUILDING (15.424s)
[2026-03-14T23:27:29.514Z] [STEP ] START  -> SCORING_V2
[2026-03-14T23:27:29.536Z] [INFO ] [Scoring] Computing v2 scores...
[2026-03-14T23:27:29.598Z] [INFO ] [Scoring] Computing v2 scores...
[2026-03-14T23:27:29.645Z] [INFO ] [Scoring] Computing v2 scores...
[2026-03-14T23:27:29.709Z] [INFO ] [Scoring] Computing v2 scores...
[2026-03-14T23:27:29.736Z] [STEP ] DONE   [OK] SCORING_V2 (15.646s)
[2026-03-14T23:27:29.744Z] [STEP ] START  -> REGION_CLUSTERING
[2026-03-14T23:27:29.745Z] [WARN ]   Centroids missing; fallback to political-only clustering
[2026-03-14T23:27:29.824Z] [WARN ]   Centroids missing; fallback to political-only clustering
[2026-03-14T23:27:29.875Z] [WARN ]   Centroids missing; fallback to political-only clustering
[2026-03-14T23:27:29.928Z] [WARN ]   Centroids missing; fallback to political-only clustering
[2026-03-14T23:27:29.994Z] [STEP ] DONE   [OK] REGION_CLUSTERING (15.904s)
[2026-03-14T23:27:29.994Z] [STEP ] START  -> FIELD_PLANNING
[2026-03-14T23:27:30.295Z] [STEP ] DONE   [OK] FIELD_PLANNING (16.205s)
[2026-03-14T23:27:30.296Z] [STEP ] START  -> SIMULATION
[2026-03-14T23:27:30.313Z] [STEP ] DONE   [OK] SIMULATION (16.223s)
[2026-03-14T23:27:30.313Z] [STEP ] START  -> VOTER_UNIVERSE_EXPORT
[2026-03-14T23:27:30.313Z] [STEP ] SKIP   [SKIP] VOTER_UNIVERSE_EXPORT -- No voter file present
[2026-03-14T23:27:30.313Z] [STEP ] START  -> LOAD_VOTER_FILE
[2026-03-14T23:27:30.315Z] [STEP ] SKIP   [SKIP] LOAD_VOTER_FILE -- No voter file found in data/voters/CA/Sonoma/ — place a CSV there to enable voter intelligence
[2026-03-14T23:27:30.315Z] [STEP ] START  -> BUILD_VOTER_UNIVERSES
[2026-03-14T23:27:30.315Z] [STEP ] SKIP   [SKIP] BUILD_VOTER_UNIVERSES -- No voter file loaded
[2026-03-14T23:27:30.315Z] [STEP ] START  -> SCORE_VOTER_TURNOUT
[2026-03-14T23:27:30.317Z] [STEP ] SKIP   [SKIP] SCORE_VOTER_TURNOUT -- No voter file loaded
[2026-03-14T23:27:30.317Z] [STEP ] START  -> SCORE_VOTER_PERSUASION
[2026-03-14T23:27:30.317Z] [STEP ] SKIP   [SKIP] SCORE_VOTER_PERSUASION -- No TPS-scored voter file
[2026-03-14T23:27:30.317Z] [STEP ] START  -> BUILD_TARGETING_QUADRANTS
[2026-03-14T23:27:30.317Z] [STEP ] SKIP   [SKIP] BUILD_TARGETING_QUADRANTS -- TPS+PS scores not available
[2026-03-14T23:27:30.317Z] [STEP ] START  -> BUILD_PRECINCT_VOTER_METRICS
[2026-03-14T23:27:30.317Z] [STEP ] SKIP   [SKIP] BUILD_PRECINCT_VOTER_METRICS -- No quadrant data
[2026-03-14T23:27:30.317Z] [STEP ] START  -> DOWNLOAD_HISTORICAL_ELECTIONS
[2026-03-14T23:27:30.559Z] [INFO ] [DOWNLOADER] 2016: automatic download failed — manual download required (see download_status.json)
[2026-03-14T23:27:30.644Z] [INFO ] [DOWNLOADER] 2018: automatic download failed — manual download required (see download_status.json)
[2026-03-14T23:27:50.765Z] [INFO ] [DOWNLOADER] 2020: automatic download failed — manual download required (see download_status.json)
[2026-03-14T23:28:10.859Z] [INFO ] [DOWNLOADER] 2022: automatic download failed — manual download required (see download_status.json)
[2026-03-14T23:28:31.002Z] [INFO ] [DOWNLOADER] 2024: automatic download failed — manual download required (see download_status.json)
[2026-03-14T23:28:31.014Z] [INFO ] [DOWNLOADER] Status: 0 downloaded, 0 already present, 5 failed. See C:\Users\Mathew C\Campaign In A Box\data\elections\CA\Sonoma\download_status.json
[2026-03-14T23:28:31.015Z] [STEP ] DONE   [OK] DOWNLOAD_HISTORICAL_ELECTIONS (76.924s)
[2026-03-14T23:28:31.015Z] [STEP ] START  -> CALIBRATE_MODEL
[2026-03-14T23:28:31.020Z] [INFO ] [HIST_PARSER] No historical election directories found
[2026-03-14T23:28:31.070Z] [INFO ] [CALIBRATOR] No historical data — using prior parameters
[2026-03-14T23:28:31.075Z] [INFO ] [CALIBRATOR] Wrote calibration parameters → C:\Users\Mathew C\Campaign In A Box\derived\calibration\model_parameters.json
[2026-03-14T23:28:31.075Z] [STEP ] DONE   [OK] CALIBRATE_MODEL (76.985s)
[2026-03-14T23:28:31.075Z] [STEP ] START  -> CAMPAIGN_STRATEGY
[2026-03-14T23:28:31.866Z] [STEP ] DONE   [OK] CAMPAIGN_STRATEGY (77.776s)
[2026-03-14T23:28:31.866Z] [STEP ] START  -> CALIBRATION
[2026-03-14T23:28:31.909Z] [INFO ] [CALIB_ENGINE] Starting calibration | run_id=2026-03-14__162713__2d64260a__msi | contest=2025_CA_sonoma_nov2025_special
[2026-03-14T23:28:31.933Z] [INFO ] [HIST_PARSER] No historical election directories found
[2026-03-14T23:28:32.006Z] [INFO ] [CALIB_ENGINE] Data sources: []
[2026-03-14T23:28:32.058Z] [INFO ] [TURNOUT_CAL] Written → turnout_parameters.json
[2026-03-14T23:28:32.070Z] [INFO ] [PERSUASION_CAL] Written → persuasion_parameters.json
[2026-03-14T23:28:32.084Z] [INFO ] [LIFT_CAL] Written → turnout_lift_parameters.json
[2026-03-14T23:28:32.101Z] [INFO ] [FORECAST_ACC] Insufficient data for accuracy tracking
[2026-03-14T23:28:32.113Z] [INFO ] [CALIBRATOR] No historical data — using prior parameters
[2026-03-14T23:28:32.115Z] [INFO ] [CALIBRATOR] Wrote calibration parameters → C:\Users\Mathew C\Campaign In A Box\derived\calibration\model_parameters.json
[2026-03-14T23:28:32.191Z] [INFO ] [CALIB_ENGINE] Calibration summary written → 2026-03-14__162713__2d64260a__msi__calibration_summary.json
[2026-03-14T23:28:32.224Z] [INFO ] [CALIB_ENGINE] Done | status=prior_only | confidence=none | sources=[]
[2026-03-14T23:28:32.226Z] [STEP ] DONE   [OK] CALIBRATION (78.135s)
[2026-03-14T23:28:32.227Z] [STEP ] START  -> INTELLIGENCE
[2026-03-14T23:28:32.360Z] [INFO ] [POLLING] No polling files found — returning empty DataFrame
[2026-03-14T23:28:32.374Z] [INFO ] [POLL_AGG] No polls to aggregate — returning None
[2026-03-14T23:28:32.381Z] [INFO ] [REG] No registration files found
[2026-03-14T23:28:32.396Z] [INFO ] [BALLOT_RETURNS] No return files found
[2026-03-14T23:28:32.419Z] [INFO ] [MACRO] Environment score=+0.01950 | sources=[]
[2026-03-14T23:28:32.451Z] [INFO ] [INTEL_FUSION] Model baseline=0.5000
[2026-03-14T23:28:32.453Z] [INFO ] [INTEL_FUSION] adjustment=+0.00098 | adjusted=0.5010 | impact=NEUTRAL | source=SIMULATED
[2026-03-14T23:28:32.467Z] [STEP ] DONE   [OK] INTELLIGENCE (78.377s)
[2026-03-14T23:28:32.467Z] [STEP ] START  -> BUILD_PROVENANCE
[2026-03-14T23:28:32.502Z] [STEP ] DONE   [OK] BUILD_PROVENANCE (78.412s)
[2026-03-14T23:28:32.502Z] [STEP ] START  -> GENERATE_DATA_REQUESTS
[2026-03-14T23:28:32.507Z] [STEP ] DONE   [OK] GENERATE_DATA_REQUESTS (78.417s)
[2026-03-14T23:28:32.507Z] [STEP ] START  -> WAR_ROOM_STATUS
[2026-03-14T23:28:32.554Z] [STEP ] DONE   [OK] WAR_ROOM_STATUS (78.464s)
[2026-03-14T23:28:32.555Z] [STEP ] START  -> WAR_ROOM_FORECAST_UPDATE
[2026-03-14T23:28:32.567Z] [STEP ] DONE   [OK] WAR_ROOM_FORECAST_UPDATE (78.477s)
[2026-03-14T23:28:32.567Z] [STEP ] START  -> PERFORMANCE_RECONCILIATION
[2026-03-14T23:28:32.596Z] [STEP ] DONE   [OK] PERFORMANCE_RECONCILIATION (78.506s)
[2026-03-14T23:28:32.596Z] [STEP ] START  -> FORECAST_GENERATION
[2026-03-14T23:28:32.696Z] [STEP ] DONE   [OK] FORECAST_GENERATION (78.606s)
[2026-03-14T23:28:32.696Z] [STEP ] START  -> TURF_GENERATION
[2026-03-14T23:28:32.749Z] [STEP ] DONE   [OK] TURF_GENERATION (78.659s)
[2026-03-14T23:28:32.750Z] [STEP ] START  -> EXPORT_V2_OUTPUTS
[2026-03-14T23:28:35.702Z] [INFO ] [KEPLER] Loaded geometry: 1405 precincts from sonoma_mprec_g24_v01.geojson
[2026-03-14T23:28:35.708Z] [INFO ] [KEPLER] Joined 1405/1405 precincts to model data
[2026-03-14T23:28:37.825Z] [INFO ] [KEPLER] Wrote derived\maps\Sonoma_2025_nov2025_special__Document map__kepler.geojson (22,724,994 bytes)
[2026-03-14T23:28:37.845Z] [INFO ]   Generated turf packs in C:\Users\Mathew C\Campaign In A Box\derived\turfs\CA\Sonoma\Sonoma_2025_nov2025_special__Document map\2026-03-14__162713__2d64260a__msi__turf_packs
[2026-03-14T23:28:40.194Z] [INFO ] [KEPLER] Loaded geometry: 1405 precincts from sonoma_mprec_g24_v01.geojson
[2026-03-14T23:28:40.201Z] [INFO ] [KEPLER] Joined 1405/1405 precincts to model data
[2026-03-14T23:28:42.895Z] [INFO ] [KEPLER] Wrote derived\maps\Sonoma_2025_nov2025_special__Sheet2__kepler.geojson (22,724,988 bytes)
[2026-03-14T23:28:42.908Z] [INFO ]   Generated turf packs in C:\Users\Mathew C\Campaign In A Box\derived\turfs\CA\Sonoma\Sonoma_2025_nov2025_special__Sheet2\2026-03-14__162713__2d64260a__msi__turf_packs
[2026-03-14T23:28:45.393Z] [INFO ] [KEPLER] Loaded geometry: 1405 precincts from sonoma_mprec_g24_v01.geojson
[2026-03-14T23:28:45.399Z] [INFO ] [KEPLER] Joined 1405/1405 precincts to model data
[2026-03-14T23:28:47.999Z] [INFO ] [KEPLER] Wrote derived\maps\Sonoma_2025_nov2025_special__Sheet3__kepler.geojson (22,724,988 bytes)
[2026-03-14T23:28:48.090Z] [INFO ]   Generated turf packs in C:\Users\Mathew C\Campaign In A Box\derived\turfs\CA\Sonoma\Sonoma_2025_nov2025_special__Sheet3\2026-03-14__162713__2d64260a__msi__turf_packs
[2026-03-14T23:28:51.008Z] [INFO ] [KEPLER] Loaded geometry: 1405 precincts from sonoma_mprec_g24_v01.geojson
[2026-03-14T23:28:51.012Z] [INFO ] [KEPLER] Joined 1405/1405 precincts to model data
[2026-03-14T23:28:53.776Z] [INFO ] [KEPLER] Wrote derived\maps\Sonoma_2025_nov2025_special__Sheet4__kepler.geojson (22,724,988 bytes)
[2026-03-14T23:28:53.805Z] [INFO ]   Generated turf packs in C:\Users\Mathew C\Campaign In A Box\derived\turfs\CA\Sonoma\Sonoma_2025_nov2025_special__Sheet4\2026-03-14__162713__2d64260a__msi__turf_packs
[2026-03-14T23:28:53.818Z] [STEP ] DONE   [OK] EXPORT_V2_OUTPUTS (99.728s)
[2026-03-14T23:28:53.818Z] [STEP ] START  -> DIAGNOSTICS
[2026-03-14T23:28:53.946Z] [STEP ] DONE   [OK] DIAGNOSTICS (99.856s)
[2026-03-14T23:28:53.946Z] [STEP ] START  -> STRATEGY_GENERATOR
[2026-03-14T23:28:53.946Z] [INFO ] [STRATEGY] Loading inputs for contest_id=2025_CA_sonoma_nov2025_special
[2026-03-14T23:28:54.555Z] [INFO ] [STRATEGY]  derived_mode=full
[2026-03-14T23:28:54.555Z] [INFO ] [STRATEGY]  found=['target_ranking', 'walk_turfs', 'scenario_forecasts', 'precinct_universes', 'regions', 'field_plan', 'simulation_results']
[2026-03-14T23:28:54.555Z] [INFO ] [STRATEGY]  missing=[]
[2026-03-14T23:28:54.555Z] [INFO ] [STRATEGY]  contest_mode=candidate (explicit override: candidate)
[2026-03-14T23:28:54.591Z] [INFO ]   Strategy pack written to C:\Users\Mathew C\Campaign In A Box\derived\strategy_packs\2025_CA_sonoma_nov2025_special\2026-03-14__162713__2d64260a__msi
[2026-03-14T23:28:54.707Z] [INFO ]   [STRATEGY] Prompt 12 voter targeting files: GOTV_TARGETS.csv, PERSUASION_TARGETS.csv, TARGETING_QUADRANTS.csv, TPS_DISTRIBUTION.csv, PS_DISTRIBUTION.csv, VOTER_UNIVERSE_SUMMARY.csv
[2026-03-14T23:28:54.791Z] [INFO ] [STRATEGY] Pack written → C:\Users\Mathew C\Campaign In A Box\derived\strategy_packs\2025_CA_sonoma_nov2025_special\2026-03-14__162713__2d64260a__msi
[2026-03-14T23:28:54.792Z] [STEP ] DONE   [OK] STRATEGY_GENERATOR (100.702s)
[2026-03-14T23:28:54.792Z] [STEP ] START  -> GEO_VALIDATION
[2026-03-14T23:28:55.204Z] [INFO ]   [GEO_VALIDATION] status=WARN, precincts=1405
[2026-03-14T23:28:55.205Z] [STEP ] DONE   [OK] GEO_VALIDATION (101.115s)
[2026-03-14T23:28:55.205Z] [STEP ] START  -> JOIN_GUARD_VALIDATION
[2026-03-14T23:28:55.210Z] [INFO ]   [JOIN_GUARD_VALIDATION] 4 joins, overall=PASS
[2026-03-14T23:28:55.210Z] [STEP ] DONE   [OK] JOIN_GUARD_VALIDATION (101.12s)
[2026-03-14T23:28:55.210Z] [STEP ] START  -> INTEGRITY_REPAIRS_WRITE
[2026-03-14T23:28:55.216Z] [STEP ] DONE   [OK] INTEGRITY_REPAIRS_WRITE (101.126s)
[2026-03-14T23:28:55.216Z] [STEP ] START  -> ARTIFACT_VALIDATION
[2026-03-14T23:28:55.239Z] [INFO ]   [ARTIFACT_VALIDATION] 13/13 present, 0 stubbed, 0 truly missing
[2026-03-14T23:28:55.239Z] [STEP ] DONE   [OK] ARTIFACT_VALIDATION (101.149s)
[2026-03-14T23:28:55.239Z] [STEP ] START  -> POST_RUN_AUDIT
[2026-03-14T23:28:55.255Z] [INFO ]   [POST_AUDIT] system_health=HEALTHY, artifacts=13/13, missing=[]
[2026-03-14T23:28:55.255Z] [STEP ] DONE   [OK] POST_RUN_AUDIT (101.165s)
[2026-03-14T23:28:55.255Z] [STEP ] START  -> STATE_BUILD
[2026-03-14T23:28:55.401Z] [STEP ] DONE   [OK] STATE_BUILD (101.311s)
[2026-03-14T23:28:55.402Z] [STEP ] START  -> STATE_DIFF
[2026-03-14T23:28:55.406Z] [STEP ] DONE   [OK] STATE_DIFF (101.316s)
[2026-03-14T23:28:55.414Z] [STEP ] START  -> ADVANCED_UNIVERSE_ESTIMATES
[2026-03-14T23:28:55.420Z] [STEP ] DONE   [OK] ADVANCED_UNIVERSE_ESTIMATES (101.33s)
[2026-03-14T23:28:55.420Z] [STEP ] START  -> OPTIMIZER
[2026-03-14T23:28:55.422Z] [STEP ] DONE   [OK] OPTIMIZER (101.332s)
[2026-03-14T23:28:55.422Z] [STEP ] START  -> ADVANCED_LIFT_MODEL
[2026-03-14T23:28:55.422Z] [STEP ] DONE   [OK] ADVANCED_LIFT_MODEL (101.332s)
[2026-03-14T23:28:55.422Z] [STEP ] START  -> ADVANCED_SCENARIOS
[2026-03-14T23:30:10.298Z] [STEP ] DONE   [OK] ADVANCED_SCENARIOS (176.208s)
[2026-03-14T23:30:10.298Z] [STEP ] START  -> ADVANCED_QA
[2026-03-14T23:30:10.301Z] [STEP ] DONE   [OK] ADVANCED_QA (176.211s)
[2026-03-14T23:30:10.301Z] [INFO ] ========================================================================
  Run complete — SUCCESS  elapsed: 176.211s
========================================================================
