[2026-03-05T12:00:38.946Z] [INFO] ========================================================================
  Campaign In A Box — Pipeline Run
  RUN_ID  : 2026-03-05__040038__0e0e8b52__msi
  Started : 2026-03-05T12:00:38.946302+00:00
========================================================================
[2026-03-05T12:00:38.947Z] [INFO ] Pipeline v2 starting
[2026-03-05T12:00:38.947Z] [INFO ]   state=CA  county=Sonoma  year=2024  contest_slug=nov2024_general
[2026-03-05T12:00:38.947Z] [INFO ]   membership_method=auto  log_level=verbose
[2026-03-05T12:00:38.950Z] [STEP ] SKIP   [SKIP] INGEST_STAGING -- No --staging-dir provided; skipping ingestion
[2026-03-05T12:00:38.950Z] [STEP ] START  -> SCAFFOLD_BOUNDARY_INDEX
[2026-03-05T12:00:38.950Z] [INFO ]   Boundary index exists: C:\Users\Mathew C\Campaign In A Box\data\CA\counties\Sonoma\geography\boundary_index\boundaries_index.csv
[2026-03-05T12:00:38.952Z] [WARN ]   Boundary index scaffolded (no boundary files found yet)
[2026-03-05T12:00:38.953Z] [INFO ]   output: C:\Users\Mathew C\Campaign In A Box\data\CA\counties\Sonoma\geography\boundary_index\boundaries_index.csv  [sha256:b4dff0e71c42...]
[2026-03-05T12:00:38.953Z] [STEP ] DONE   [OK] SCAFFOLD_BOUNDARY_INDEX (0.007s)
[2026-03-05T12:00:38.953Z] [STEP ] START  -> VALIDATE_GEOGRAPHY
[2026-03-05T12:00:38.953Z] [INFO ]   expected: data/CA/counties/Sonoma/geography/precinct_shapes/
[2026-03-05T12:00:38.953Z] [INFO ]   expected: data/CA/counties/Sonoma/geography/crosswalks/
[2026-03-05T12:00:38.953Z] [INFO ]   [present] MPREC GeoJSON
[2026-03-05T12:00:38.953Z] [INFO ]   [present] MPREC GeoPackage
[2026-03-05T12:00:38.954Z] [INFO ]   [present] MPREC Shapefile
[2026-03-05T12:00:38.954Z] [INFO ]   [present] SRPREC GeoJSON
[2026-03-05T12:00:38.954Z] [INFO ]   [present] SRPREC GeoPackage
[2026-03-05T12:00:38.955Z] [INFO ]   [present] SRPREC Shapefile
[2026-03-05T12:00:38.955Z] [INFO ]   [present] 2020 BLK TO MPREC
[2026-03-05T12:00:38.955Z] [INFO ]   [present] RGPREC TO 2020 BLK
[2026-03-05T12:00:38.956Z] [INFO ]   [present] SRPREC TO 2020 BLK
[2026-03-05T12:00:38.956Z] [INFO ]   [present] RG to RR to SR to SVPREC
[2026-03-05T12:00:38.956Z] [INFO ]   [present] MPREC to SRPREC
[2026-03-05T12:00:38.956Z] [INFO ]   [present] SRPREC to CITY
[2026-03-05T12:00:38.956Z] [INFO ] Geography validation: 12/12 present, canonical=MPREC
[2026-03-05T12:00:38.956Z] [STEP ] DONE   [OK] VALIDATE_GEOGRAPHY (0.011s)
[2026-03-05T12:00:38.956Z] [STEP ] START  -> VALIDATE_VOTES
[2026-03-05T12:00:38.956Z] [INFO ]   expected: votes/2024/CA/Sonoma/nov2024_general/detail.xlsx
[2026-03-05T12:00:38.957Z] [INFO ]   [present] votes: C:\Users\Mathew C\Campaign In A Box\votes\2024\CA\Sonoma\nov2024_general\detail.xlsx
[2026-03-05T12:00:38.957Z] [INFO ]   input: detail.xlsx -> C:\Users\Mathew C\Campaign In A Box\votes\2024\CA\Sonoma\nov2024_general\detail.xlsx  [sha256:157048233934...]
[2026-03-05T12:00:38.957Z] [STEP ] DONE   [OK] VALIDATE_VOTES (0.011s)
[2026-03-05T12:00:38.957Z] [STEP ] START  -> LOAD_GEOMETRY
[2026-03-05T12:00:38.957Z] [INFO ]   expected: MPREC preferred; SRPREC fallback
[2026-03-05T12:00:38.957Z] [WARN ] geopandas not installed; found C:\Users\Mathew C\Campaign In A Box\data\CA\counties\Sonoma\geography\precinct_shapes\MPREC_GeoJSON\mprec_097_g24_v01.geojson but cannot load
[2026-03-05T12:00:38.957Z] [STEP ] SKIP   [SKIP] LOAD_GEOMETRY -- No usable geometry (geopandas unavailable or files missing)
[2026-03-05T12:00:38.957Z] [WARN ]   NEED: geopandas_library [missing] -- blocks: geometry_load, kepler_export
[2026-03-05T12:00:38.957Z] [STEP ] START  -> LOAD_CROSSWALKS
[2026-03-05T12:00:38.981Z] [WARN ] Cannot detect source/target columns in blk_mprec_097_g24_v01.csv: ['block', 'mprec', 'pct_block']
[2026-03-05T12:00:39.002Z] [WARN ] Cannot detect source/target columns in blk_mprec_097_g24_v01.csv: ['block', 'mprec', 'pct_block']
[2026-03-05T12:00:39.100Z] [INFO ]   [CROSSWALKS] Discovered 4/6 crosswalks
[2026-03-05T12:00:39.100Z] [STEP ] SKIP   [SKIP] LOAD_CROSSWALKS -- No crosswalk files; using identity mapping
[2026-03-05T12:00:39.100Z] [STEP ] START  -> SCAFFOLD_CONTEST_JSON
[2026-03-05T12:00:39.114Z] [INFO ]   output: C:\Users\Mathew C\Campaign In A Box\votes\2024\CA\Sonoma\nov2024_general\contest.json  [sha256:525c8b61dc2c...]
[2026-03-05T12:00:39.114Z] [STEP ] DONE   [OK] SCAFFOLD_CONTEST_JSON (0.169s)
[2026-03-05T12:00:39.114Z] [STEP ] START  -> PARSE_CONTEST
[2026-03-05T12:00:39.114Z] [INFO ]   expected: Detect sheet types; aggregate vote methods
[2026-03-05T12:00:39.125Z] [INFO ] Parsing sheet: 'Sheet1'
[2026-03-05T12:00:39.132Z] [INFO ]   -> 10 precincts, type=ballot_measure
[2026-03-05T12:00:39.132Z] [STEP ] DONE   [OK] PARSE_CONTEST (0.187s)
[2026-03-05T12:00:39.133Z] [INFO ] Contest Mode: MEASURE (Inferred MEASURE (found YES/NO headers))
[2026-03-05T12:00:39.133Z] [INFO ] [PATHWAY] contest_mode=measure  contest_mode_reason=Inferred MEASURE (found YES/NO headers)
[2026-03-05T12:00:39.133Z] [STEP ] START  -> ALLOCATE_VOTES
[2026-03-05T12:00:39.133Z] [INFO ]   Sheet 'Sheet1': 10 precincts, type=ballot_measure
[2026-03-05T12:00:39.133Z] [INFO ]     Allocation: area_weighted_fallback, 10 target precincts
[2026-03-05T12:00:39.133Z] [STEP ] START  -> NORMALIZE_SCHEMA/Sheet1
[2026-03-05T12:00:39.133Z] [INFO ]   [SCHEMA] 'MPREC_ID' → 'canonical_precinct_id'
[2026-03-05T12:00:39.134Z] [INFO ]   [SCHEMA] 'Registered' → 'registered'
[2026-03-05T12:00:39.134Z] [INFO ]   [SCHEMA] 'BallotsCast' → 'ballots_cast'
[2026-03-05T12:00:39.134Z] [INFO ]   [SCHEMA] 'YES' → 'yes_votes'
[2026-03-05T12:00:39.134Z] [INFO ]   [SCHEMA] 'NO' → 'no_votes'
[2026-03-05T12:00:39.138Z] [STEP ] DONE   [OK] NORMALIZE_SCHEMA/Sheet1 (0.193s)
[2026-03-05T12:00:39.138Z] [STEP ] START  -> SANITY/Sheet1
[2026-03-05T12:00:39.138Z] [INFO ]   SANITY [OK] Non-empty model: 10 rows
[2026-03-05T12:00:39.139Z] [STEP ] DONE   [OK] SANITY/Sheet1 (0.193s)
[2026-03-05T12:00:39.139Z] [STEP ] START  -> BUILD_MODEL/Sheet1
[2026-03-05T12:00:39.148Z] [STEP ] DONE   [OK] BUILD_MODEL/Sheet1 (0.202s)
[2026-03-05T12:00:39.148Z] [STEP ] DONE   [OK] ALLOCATE_VOTES (0.202s)
[2026-03-05T12:00:39.148Z] [STEP ] START  -> INTEGRITY_ENFORCEMENT
[2026-03-05T12:00:39.153Z] [WARN ]   [INTEGRITY] 10 precinct(s) CRITICAL — registered=0 but ballots>0. Indicates data extraction issue.
[2026-03-05T12:00:39.155Z] [STEP ] DONE   [OK] INTEGRITY_ENFORCEMENT (0.209s)
[2026-03-05T12:00:39.155Z] [STEP ] START  -> FEATURE_ENGINEERING
[2026-03-05T12:00:39.155Z] [WARN ] Voter file not found at C:\Users\Mathew C\Campaign In A Box\voters\CA\Sonoma\voters.csv
[2026-03-05T12:00:39.165Z] [STEP ] DONE   [OK] FEATURE_ENGINEERING (0.219s)
[2026-03-05T12:00:39.165Z] [STEP ] START  -> UNIVERSE_BUILDING
[2026-03-05T12:00:39.175Z] [STEP ] DONE   [OK] UNIVERSE_BUILDING (0.229s)
[2026-03-05T12:00:39.175Z] [STEP ] START  -> SCORING_V2
[2026-03-05T12:00:39.180Z] [INFO ] [Scoring] Computing v2 scores...
[2026-03-05T12:00:39.183Z] [STEP ] DONE   [OK] SCORING_V2 (0.238s)
[2026-03-05T12:00:39.183Z] [STEP ] START  -> REGION_CLUSTERING
[2026-03-05T12:00:39.183Z] [WARN ]   Centroids missing; fallback to political-only clustering
[2026-03-05T12:00:39.190Z] [STEP ] DONE   [OK] REGION_CLUSTERING (0.244s)
[2026-03-05T12:00:39.190Z] [STEP ] START  -> FIELD_PLANNING
[2026-03-05T12:00:39.195Z] [STEP ] DONE   [OK] FIELD_PLANNING (0.249s)
[2026-03-05T12:00:39.195Z] [STEP ] START  -> SIMULATION
[2026-03-05T12:00:39.196Z] [STEP ] DONE   [OK] SIMULATION (0.25s)
[2026-03-05T12:00:39.196Z] [STEP ] START  -> VOTER_UNIVERSE_EXPORT
[2026-03-05T12:00:39.196Z] [STEP ] SKIP   [SKIP] VOTER_UNIVERSE_EXPORT -- No voter file present
[2026-03-05T12:00:39.196Z] [STEP ] START  -> FORECAST_GENERATION
[2026-03-05T12:00:39.209Z] [STEP ] DONE   [OK] FORECAST_GENERATION (0.263s)
[2026-03-05T12:00:39.209Z] [STEP ] START  -> TURF_GENERATION
[2026-03-05T12:00:39.213Z] [STEP ] DONE   [OK] TURF_GENERATION (0.267s)
[2026-03-05T12:00:39.213Z] [STEP ] START  -> EXPORT_V2_OUTPUTS
[2026-03-05T12:00:39.215Z] [WARN ] [DEPS] Optional package 'geopandas' is not installed. Feature 'kepler_export' will be skipped. To enable: `pip install geopandas  # or: uv add geopandas`
[2026-03-05T12:00:39.234Z] [INFO ] [KEPLER] Skipped: geopandas not installed
[2026-03-05T12:00:39.241Z] [INFO ]   Generated turf packs in C:\Users\Mathew C\Campaign In A Box\derived\turfs\CA\Sonoma\Sonoma_2024_nov2024_general\2026-03-05__040038__0e0e8b52__msi__turf_packs
[2026-03-05T12:00:39.249Z] [STEP ] DONE   [OK] EXPORT_V2_OUTPUTS (0.303s)
[2026-03-05T12:00:39.249Z] [STEP ] START  -> DIAGNOSTICS
[2026-03-05T12:00:39.263Z] [STEP ] DONE   [OK] DIAGNOSTICS (0.317s)
[2026-03-05T12:00:39.263Z] [STEP ] START  -> STRATEGY_GENERATOR
[2026-03-05T12:00:39.263Z] [INFO ] [STRATEGY] Loading inputs for contest_id=2024_CA_sonoma_nov2024_general
[2026-03-05T12:00:39.311Z] [INFO ] [STRATEGY]  derived_mode=full
[2026-03-05T12:00:39.311Z] [INFO ] [STRATEGY]  found=['target_ranking', 'walk_turfs', 'scenario_forecasts', 'precinct_universes', 'regions', 'field_plan', 'simulation_results']
[2026-03-05T12:00:39.311Z] [INFO ] [STRATEGY]  missing=[]
[2026-03-05T12:00:39.311Z] [INFO ] [STRATEGY]  contest_mode=measure (explicit override: measure)
[2026-03-05T12:00:39.329Z] [INFO ]   Strategy pack written to C:\Users\Mathew C\Campaign In A Box\derived\strategy_packs\2024_CA_sonoma_nov2024_general\2026-03-05__040038__0e0e8b52__msi
[2026-03-05T12:00:39.338Z] [INFO ] [STRATEGY] Pack written → C:\Users\Mathew C\Campaign In A Box\derived\strategy_packs\2024_CA_sonoma_nov2024_general\2026-03-05__040038__0e0e8b52__msi
[2026-03-05T12:00:39.338Z] [STEP ] DONE   [OK] STRATEGY_GENERATOR (0.393s)
[2026-03-05T12:00:39.339Z] [STEP ] START  -> GEO_VALIDATION
[2026-03-05T12:00:39.340Z] [INFO ]   [GEO_VALIDATION] SKIP — geometry not loaded
[2026-03-05T12:00:39.340Z] [STEP ] DONE   [OK] GEO_VALIDATION (0.394s)
[2026-03-05T12:00:39.340Z] [STEP ] START  -> JOIN_GUARD_VALIDATION
[2026-03-05T12:00:39.344Z] [INFO ]   [JOIN_GUARD_VALIDATION] 4 joins, overall=PASS
[2026-03-05T12:00:39.344Z] [STEP ] DONE   [OK] JOIN_GUARD_VALIDATION (0.399s)
[2026-03-05T12:00:39.344Z] [STEP ] START  -> INTEGRITY_REPAIRS_WRITE
[2026-03-05T12:00:39.347Z] [STEP ] DONE   [OK] INTEGRITY_REPAIRS_WRITE (0.401s)
[2026-03-05T12:00:39.347Z] [STEP ] START  -> ARTIFACT_VALIDATION
[2026-03-05T12:00:39.351Z] [INFO ]   [ARTIFACT_VALIDATION] 13/13 present, 0 stubbed, 0 truly missing
[2026-03-05T12:00:39.351Z] [STEP ] DONE   [OK] ARTIFACT_VALIDATION (0.405s)
[2026-03-05T12:00:39.351Z] [STEP ] START  -> POST_RUN_AUDIT
[2026-03-05T12:00:39.373Z] [INFO ]   [POST_AUDIT] system_health=DEGRADED, artifacts=11/13, missing=['audit_report.json', 'audit_report.md']
[2026-03-05T12:00:39.373Z] [STEP ] DONE   [OK] POST_RUN_AUDIT (0.427s)
[2026-03-05T12:00:39.373Z] [INFO ] ========================================================================
  Run complete — SUCCESS  elapsed: 0.427s
========================================================================
