[2026-03-09T21:31:02.031Z] [INFO] ========================================================================
  Campaign In A Box — Pipeline Run
  RUN_ID  : 2026-03-09__143101__cc2e639f__msi
  Started : 2026-03-09T21:31:02.030533+00:00
========================================================================
[2026-03-09T21:31:02.032Z] [INFO ] Pipeline v2 starting
[2026-03-09T21:31:02.032Z] [INFO ]   state=CA  county=Sonoma  year=2025  contest_slug=prop_50_special
[2026-03-09T21:31:02.032Z] [INFO ]   membership_method=auto  log_level=verbose
[2026-03-09T21:31:02.039Z] [STEP ] SKIP   [SKIP] INGEST_STAGING -- No --staging-dir provided; skipping ingestion
[2026-03-09T21:31:02.039Z] [STEP ] START  -> SCAFFOLD_BOUNDARY_INDEX
[2026-03-09T21:31:02.040Z] [INFO ]   Boundary index exists: C:\Users\Mathew C\Campaign In A Box\data\CA\counties\Sonoma\geography\boundary_index\boundaries_index.csv
[2026-03-09T21:31:02.043Z] [WARN ]   Boundary index scaffolded (no boundary files found yet)
[2026-03-09T21:31:02.043Z] [INFO ]   output: C:\Users\Mathew C\Campaign In A Box\data\CA\counties\Sonoma\geography\boundary_index\boundaries_index.csv  [sha256:b4dff0e71c42...]
[2026-03-09T21:31:02.044Z] [STEP ] DONE   [OK] SCAFFOLD_BOUNDARY_INDEX (0.013s)
[2026-03-09T21:31:02.044Z] [STEP ] START  -> VALIDATE_GEOGRAPHY
[2026-03-09T21:31:02.044Z] [INFO ]   expected: data/CA/counties/Sonoma/geography/precinct_shapes/
[2026-03-09T21:31:02.044Z] [INFO ]   expected: data/CA/counties/Sonoma/geography/crosswalks/
[2026-03-09T21:31:02.044Z] [INFO ]   [present] MPREC GeoJSON
[2026-03-09T21:31:02.045Z] [INFO ]   [present] MPREC GeoPackage
[2026-03-09T21:31:02.046Z] [INFO ]   [present] MPREC Shapefile
[2026-03-09T21:31:02.047Z] [INFO ]   [present] SRPREC GeoJSON
[2026-03-09T21:31:02.047Z] [INFO ]   [present] SRPREC GeoPackage
[2026-03-09T21:31:02.048Z] [INFO ]   [present] SRPREC Shapefile
[2026-03-09T21:31:02.049Z] [INFO ]   [present] 2020 BLK TO MPREC
[2026-03-09T21:31:02.049Z] [INFO ]   [present] RGPREC TO 2020 BLK
[2026-03-09T21:31:02.050Z] [INFO ]   [present] SRPREC TO 2020 BLK
[2026-03-09T21:31:02.050Z] [INFO ]   [present] RG to RR to SR to SVPREC
[2026-03-09T21:31:02.050Z] [INFO ]   [present] MPREC to SRPREC
[2026-03-09T21:31:02.051Z] [INFO ]   [present] SRPREC to CITY
[2026-03-09T21:31:02.051Z] [INFO ] Geography validation: 12/12 present, canonical=MPREC
[2026-03-09T21:31:02.051Z] [STEP ] DONE   [OK] VALIDATE_GEOGRAPHY (0.021s)
[2026-03-09T21:31:02.051Z] [STEP ] START  -> VALIDATE_VOTES
[2026-03-09T21:31:02.051Z] [INFO ]   expected: votes/2025/CA/Sonoma/prop_50_special/detail.xlsx
[2026-03-09T21:31:02.052Z] [WARN ]   [missing] votes: no detail.xlsx/xls in C:\Users\Mathew C\Campaign In A Box\votes\2025\CA\Sonoma\prop_50_special
[2026-03-09T21:31:02.052Z] [WARN ]   NEED: detail.xlsx [missing] -- blocks: parse_contest, allocate_votes, export_model
[2026-03-09T21:31:02.052Z] [STEP ] SKIP   [SKIP] VALIDATE_VOTES -- blocked: missing votes — detail.xlsx not found
[2026-03-09T21:31:02.052Z] [INFO ] ========================================================================
  Run complete — PARTIAL  elapsed: 0.022s
========================================================================
