[2026-03-14T07:39:09.222Z] [INFO] ========================================================================
  Campaign In A Box — Pipeline Run
  RUN_ID  : 2026-03-14__003909__b9fa0fa3__msi
  Started : 2026-03-14T07:39:09.221861+00:00
========================================================================
[2026-03-14T07:39:09.222Z] [INFO ] Pipeline v2 starting
[2026-03-14T07:39:09.222Z] [INFO ]   state=CA  county=Sonoma  year=2024  contest_slug=2020_general
[2026-03-14T07:39:09.222Z] [INFO ]   membership_method=auto  log_level=verbose
[2026-03-14T07:39:09.273Z] [STEP ] START  -> DATA_INTAKE_ANALYSIS
[2026-03-14T07:39:09.281Z] [STEP ] DONE   [OK] DATA_INTAKE_ANALYSIS (0.059s)
[2026-03-14T07:39:09.281Z] [STEP ] SKIP   [SKIP] INGEST_STAGING -- No --staging-dir provided; skipping ingestion
[2026-03-14T07:39:09.281Z] [INFO ] === Processing County: Sonoma ===
[2026-03-14T07:39:09.281Z] [STEP ] START  -> SCAFFOLD_BOUNDARY_INDEX_Sonoma
[2026-03-14T07:39:09.281Z] [INFO ]   Boundary index exists: C:\Users\Mathew C\Campaign In A Box\data\CA\counties\Sonoma\geography\boundary_index\boundaries_index.csv
[2026-03-14T07:39:09.282Z] [WARN ]   Boundary index scaffolded (no boundary files found yet)
[2026-03-14T07:39:09.283Z] [INFO ]   output: C:\Users\Mathew C\Campaign In A Box\data\CA\counties\Sonoma\geography\boundary_index\boundaries_index.csv  [sha256:b4dff0e71c42...]
[2026-03-14T07:39:09.283Z] [STEP ] DONE   [OK] SCAFFOLD_BOUNDARY_INDEX_Sonoma (0.061s)
[2026-03-14T07:39:09.283Z] [STEP ] START  -> VALIDATE_GEOGRAPHY
[2026-03-14T07:39:09.283Z] [INFO ]   expected: data/CA/counties/Sonoma/geography/precinct_shapes/
[2026-03-14T07:39:09.283Z] [INFO ]   expected: data/CA/counties/Sonoma/geography/crosswalks/
[2026-03-14T07:39:09.283Z] [INFO ]   [present] MPREC GeoJSON
[2026-03-14T07:39:09.283Z] [INFO ]   [present] MPREC GeoPackage
[2026-03-14T07:39:09.284Z] [INFO ]   [present] MPREC Shapefile
[2026-03-14T07:39:09.284Z] [INFO ]   [present] SRPREC GeoJSON
[2026-03-14T07:39:09.284Z] [INFO ]   [present] SRPREC GeoPackage
[2026-03-14T07:39:09.284Z] [INFO ]   [present] SRPREC Shapefile
[2026-03-14T07:39:09.285Z] [INFO ]   [present] 2020 BLK TO MPREC
[2026-03-14T07:39:09.285Z] [INFO ]   [present] RGPREC TO 2020 BLK
[2026-03-14T07:39:09.285Z] [INFO ]   [present] SRPREC TO 2020 BLK
[2026-03-14T07:39:09.285Z] [INFO ]   [present] RG to RR to SR to SVPREC
[2026-03-14T07:39:09.286Z] [INFO ]   [present] MPREC to SRPREC
[2026-03-14T07:39:09.286Z] [INFO ]   [present] SRPREC to CITY
[2026-03-14T07:39:09.286Z] [INFO ] Geography validation: 12/12 present, canonical=MPREC
[2026-03-14T07:39:09.286Z] [STEP ] DONE   [OK] VALIDATE_GEOGRAPHY (0.065s)
[2026-03-14T07:39:09.286Z] [STEP ] START  -> VALIDATE_VOTES
[2026-03-14T07:39:09.286Z] [INFO ]   expected: votes/2024/CA/Sonoma/2020_general/detail.xlsx
[2026-03-14T07:39:09.286Z] [WARN ]   [missing] votes: no detail.xlsx/xls in any of: ['C:\\Users\\Mathew C\\Campaign In A Box\\data\\CA\\counties\\Sonoma\\votes\\2024\\2020_general', 'C:\\Users\\Mathew C\\Campaign In A Box\\votes\\2024\\CA\\Sonoma\\2020_general']
[2026-03-14T07:39:09.286Z] [WARN ]   NEED: detail.xlsx [missing] -- blocks: parse_contest, allocate_votes, export_model
[2026-03-14T07:39:09.286Z] [STEP ] SKIP   [SKIP] VALIDATE_VOTES -- blocked: missing votes — detail.xlsx not found
[2026-03-14T07:39:09.286Z] [INFO ] ========================================================================
  Run complete — PARTIAL  elapsed: 0.065s
========================================================================
