[2026-03-05T09:03:36.756Z] [INFO] ========================================================================
  Campaign In A Box — Pipeline Run
  RUN_ID  : 2026-03-05__010336__74fbdd60__msi
  Started : 2026-03-05T09:03:36.755763+00:00
========================================================================
[2026-03-05T09:03:36.756Z] [INFO ] Pipeline v2 starting
[2026-03-05T09:03:36.756Z] [INFO ]   state=CA  county=Sonoma  year=2024  contest_slug=nov2024_general
[2026-03-05T09:03:36.756Z] [INFO ]   membership_method=auto  log_level=verbose
[2026-03-05T09:03:36.759Z] [STEP ] SKIP   [SKIP] INGEST_STAGING -- No --staging-dir provided; skipping ingestion
[2026-03-05T09:03:36.759Z] [STEP ] START  -> SCAFFOLD_BOUNDARY_INDEX
[2026-03-05T09:03:36.760Z] [INFO ]   Boundary index exists: C:\Users\Mathew C\Campaign In A Box\data\CA\counties\Sonoma\geography\boundary_index\boundaries_index.csv
[2026-03-05T09:03:36.761Z] [WARN ]   Boundary index scaffolded (no boundary files found yet)
[2026-03-05T09:03:36.762Z] [INFO ]   output: C:\Users\Mathew C\Campaign In A Box\data\CA\counties\Sonoma\geography\boundary_index\boundaries_index.csv  [sha256:b4dff0e71c42...]
[2026-03-05T09:03:36.762Z] [STEP ] DONE   [OK] SCAFFOLD_BOUNDARY_INDEX (0.007s)
[2026-03-05T09:03:36.762Z] [STEP ] START  -> VALIDATE_GEOGRAPHY
[2026-03-05T09:03:36.762Z] [INFO ]   expected: data/CA/counties/Sonoma/geography/precinct_shapes/
[2026-03-05T09:03:36.762Z] [INFO ]   expected: data/CA/counties/Sonoma/geography/crosswalks/
[2026-03-05T09:03:36.763Z] [INFO ]   [present] MPREC GeoJSON
[2026-03-05T09:03:36.763Z] [INFO ]   [present] MPREC GeoPackage
[2026-03-05T09:03:36.763Z] [INFO ]   [present] MPREC Shapefile
[2026-03-05T09:03:36.764Z] [INFO ]   [present] SRPREC GeoJSON
[2026-03-05T09:03:36.764Z] [INFO ]   [present] SRPREC GeoPackage
[2026-03-05T09:03:36.764Z] [INFO ]   [present] SRPREC Shapefile
[2026-03-05T09:03:36.764Z] [INFO ]   [present] 2020 BLK TO MPREC
[2026-03-05T09:03:36.765Z] [INFO ]   [present] RGPREC TO 2020 BLK
[2026-03-05T09:03:36.765Z] [INFO ]   [present] SRPREC TO 2020 BLK
[2026-03-05T09:03:36.765Z] [INFO ]   [present] RG to RR to SR to SVPREC
[2026-03-05T09:03:36.765Z] [INFO ]   [present] MPREC to SRPREC
[2026-03-05T09:03:36.766Z] [INFO ]   [present] SRPREC to CITY
[2026-03-05T09:03:36.766Z] [INFO ] Geography validation: 12/12 present, canonical=MPREC
[2026-03-05T09:03:36.766Z] [STEP ] DONE   [OK] VALIDATE_GEOGRAPHY (0.01s)
[2026-03-05T09:03:36.766Z] [STEP ] START  -> VALIDATE_VOTES
[2026-03-05T09:03:36.766Z] [INFO ]   expected: votes/2024/CA/Sonoma/nov2024_general/detail.xlsx
[2026-03-05T09:03:36.766Z] [INFO ]   [present] votes: C:\Users\Mathew C\Campaign In A Box\votes\2024\CA\Sonoma\nov2024_general\detail.xlsx
[2026-03-05T09:03:36.766Z] [INFO ]   input: detail.xlsx -> C:\Users\Mathew C\Campaign In A Box\votes\2024\CA\Sonoma\nov2024_general\detail.xlsx  [sha256:157048233934...]
[2026-03-05T09:03:36.766Z] [STEP ] DONE   [OK] VALIDATE_VOTES (0.011s)
[2026-03-05T09:03:36.766Z] [STEP ] START  -> LOAD_GEOMETRY
[2026-03-05T09:03:36.766Z] [INFO ]   expected: MPREC preferred; SRPREC fallback
[2026-03-05T09:03:36.767Z] [WARN ] geopandas not installed; found C:\Users\Mathew C\Campaign In A Box\data\CA\counties\Sonoma\geography\precinct_shapes\MPREC_GeoJSON\mprec_097_g24_v01.geojson but cannot load
[2026-03-05T09:03:36.767Z] [STEP ] SKIP   [SKIP] LOAD_GEOMETRY -- No usable geometry (geopandas unavailable or files missing)
[2026-03-05T09:03:36.767Z] [WARN ]   NEED: geopandas_library [missing] -- blocks: geometry_load, kepler_export
[2026-03-05T09:03:36.767Z] [STEP ] START  -> LOAD_CROSSWALKS
[2026-03-05T09:03:36.791Z] [WARN ] Cannot detect source/target columns in blk_mprec_097_g24_v01.csv: ['block', 'mprec', 'pct_block']
[2026-03-05T09:03:36.811Z] [WARN ] Cannot detect source/target columns in blk_mprec_097_g24_v01.csv: ['block', 'mprec', 'pct_block']
[2026-03-05T09:03:36.812Z] [STEP ] SKIP   [SKIP] LOAD_CROSSWALKS -- No crosswalk files; using identity mapping
[2026-03-05T09:03:36.813Z] [STEP ] START  -> SCAFFOLD_CONTEST_JSON
[2026-03-05T09:03:36.828Z] [INFO ]   output: C:\Users\Mathew C\Campaign In A Box\votes\2024\CA\Sonoma\nov2024_general\contest.json  [sha256:a27687f7c078...]
[2026-03-05T09:03:36.828Z] [STEP ] DONE   [OK] SCAFFOLD_CONTEST_JSON (0.073s)
[2026-03-05T09:03:36.828Z] [STEP ] START  -> PARSE_CONTEST
[2026-03-05T09:03:36.828Z] [INFO ]   expected: Detect sheet types; aggregate vote methods
[2026-03-05T09:03:36.839Z] [INFO ] Parsing sheet: 'Sheet1'
[2026-03-05T09:03:36.847Z] [INFO ]   -> 10 precincts, type=ballot_measure
[2026-03-05T09:03:36.847Z] [STEP ] DONE   [OK] PARSE_CONTEST (0.092s)
[2026-03-05T09:03:36.847Z] [STEP ] START  -> ALLOCATE_VOTES
[2026-03-05T09:03:36.848Z] [INFO ]   Sheet 'Sheet1': 10 precincts, type=ballot_measure
[2026-03-05T09:03:36.848Z] [INFO ]     Allocation: area_weighted_fallback, 10 target precincts
[2026-03-05T09:03:36.848Z] [STEP ] START  -> SANITY/Sheet1
[2026-03-05T09:03:36.848Z] [INFO ]   SANITY [OK] Non-empty model: 10 rows
[2026-03-05T09:03:36.848Z] [STEP ] DONE   [OK] SANITY/Sheet1 (0.093s)
[2026-03-05T09:03:36.848Z] [STEP ] START  -> BUILD_MODEL/Sheet1
[2026-03-05T09:03:36.857Z] [STEP ] DONE   [OK] BUILD_MODEL/Sheet1 (0.102s)
[2026-03-05T09:03:36.857Z] [STEP ] DONE   [OK] ALLOCATE_VOTES (0.102s)
[2026-03-05T09:03:36.858Z] [STEP ] START  -> FEATURE_ENGINEERING
[2026-03-05T09:03:36.858Z] [WARN ] Voter file not found at C:\Users\Mathew C\Campaign In A Box\voters\CA\Sonoma\voters.csv
[2026-03-05T09:03:36.866Z] [STEP ] DONE   [OK] FEATURE_ENGINEERING (0.111s)
[2026-03-05T09:03:36.866Z] [STEP ] START  -> UNIVERSE_BUILDING
[2026-03-05T09:03:36.876Z] [STEP ] DONE   [OK] UNIVERSE_BUILDING (0.12s)
[2026-03-05T09:03:36.876Z] [STEP ] START  -> SCORING_V2
[2026-03-05T09:03:36.880Z] [INFO ] [Scoring] Computing v2 scores...
[2026-03-05T09:03:36.883Z] [STEP ] DONE   [OK] SCORING_V2 (0.128s)
[2026-03-05T09:03:36.883Z] [STEP ] START  -> FORECASTING
[2026-03-05T09:03:36.896Z] [STEP ] DONE   [OK] FORECASTING (0.141s)
[2026-03-05T09:03:36.896Z] [STEP ] START  -> TURF_GENERATION
[2026-03-05T09:03:36.903Z] [STEP ] DONE   [OK] TURF_GENERATION (0.148s)
[2026-03-05T09:03:36.903Z] [STEP ] START  -> EXPORT_V2_OUTPUTS
[2026-03-05T09:03:36.918Z] [STEP ] DONE   [OK] EXPORT_V2_OUTPUTS (0.163s)
[2026-03-05T09:03:36.918Z] [STEP ] START  -> DIAGNOSTICS
[2026-03-05T09:03:36.937Z] [STEP ] DONE   [OK] DIAGNOSTICS (0.182s)
[2026-03-05T09:03:36.937Z] [INFO ] ========================================================================
  Run complete — SUCCESS  elapsed: 0.182s
========================================================================
