[2026-03-10T21:55:04.004Z] [INFO] ========================================================================
  Campaign In A Box — Pipeline Run
  RUN_ID  : 2026-03-10__145503__00b7b2b1__msi
  Started : 2026-03-10T21:55:04.003948+00:00
========================================================================
[2026-03-10T21:55:04.004Z] [INFO ] Pipeline v2 starting
[2026-03-10T21:55:04.004Z] [INFO ]   state=CA  county=Sonoma  year=2025  contest_slug=prop_50_special
[2026-03-10T21:55:04.004Z] [INFO ]   membership_method=auto  log_level=verbose
[2026-03-10T21:55:04.069Z] [STEP ] SKIP   [SKIP] INGEST_STAGING -- No --staging-dir provided; skipping ingestion
[2026-03-10T21:55:04.069Z] [STEP ] START  -> SCAFFOLD_BOUNDARY_INDEX
[2026-03-10T21:55:04.069Z] [INFO ]   Boundary index exists: C:\Users\Mathew C\Campaign In A Box\data\CA\counties\Sonoma\geography\boundary_index\boundaries_index.csv
[2026-03-10T21:55:04.071Z] [WARN ]   Boundary index scaffolded (no boundary files found yet)
[2026-03-10T21:55:04.071Z] [INFO ]   output: C:\Users\Mathew C\Campaign In A Box\data\CA\counties\Sonoma\geography\boundary_index\boundaries_index.csv  [sha256:b4dff0e71c42...]
[2026-03-10T21:55:04.071Z] [STEP ] DONE   [OK] SCAFFOLD_BOUNDARY_INDEX (0.067s)
[2026-03-10T21:55:04.071Z] [STEP ] START  -> VALIDATE_GEOGRAPHY
[2026-03-10T21:55:04.071Z] [INFO ]   expected: data/CA/counties/Sonoma/geography/precinct_shapes/
[2026-03-10T21:55:04.071Z] [INFO ]   expected: data/CA/counties/Sonoma/geography/crosswalks/
[2026-03-10T21:55:04.071Z] [INFO ]   [present] MPREC GeoJSON
[2026-03-10T21:55:04.071Z] [INFO ]   [present] MPREC GeoPackage
[2026-03-10T21:55:04.072Z] [INFO ]   [present] MPREC Shapefile
[2026-03-10T21:55:04.072Z] [INFO ]   [present] SRPREC GeoJSON
[2026-03-10T21:55:04.072Z] [INFO ]   [present] SRPREC GeoPackage
[2026-03-10T21:55:04.073Z] [INFO ]   [present] SRPREC Shapefile
[2026-03-10T21:55:04.073Z] [INFO ]   [present] 2020 BLK TO MPREC
[2026-03-10T21:55:04.073Z] [INFO ]   [present] RGPREC TO 2020 BLK
[2026-03-10T21:55:04.073Z] [INFO ]   [present] SRPREC TO 2020 BLK
[2026-03-10T21:55:04.074Z] [INFO ]   [present] RG to RR to SR to SVPREC
[2026-03-10T21:55:04.074Z] [INFO ]   [present] MPREC to SRPREC
[2026-03-10T21:55:04.074Z] [INFO ]   [present] SRPREC to CITY
[2026-03-10T21:55:04.074Z] [INFO ] Geography validation: 12/12 present, canonical=MPREC
[2026-03-10T21:55:04.074Z] [STEP ] DONE   [OK] VALIDATE_GEOGRAPHY (0.071s)
[2026-03-10T21:55:04.074Z] [STEP ] START  -> VALIDATE_VOTES
[2026-03-10T21:55:04.074Z] [INFO ]   expected: votes/2025/CA/Sonoma/prop_50_special/detail.xlsx
[2026-03-10T21:55:04.075Z] [INFO ]   input: detail.xlsx -> C:\Users\Mathew C\Campaign In A Box\data\CA\counties\Sonoma\votes\2025\prop_50_special\detail.xlsx  [sha256:1028d97deafd]
[2026-03-10T21:55:04.075Z] [INFO ]   input: detail.xlsx -> C:\Users\Mathew C\Campaign In A Box\data\CA\counties\Sonoma\votes\2025\prop_50_special\detail.xlsx  [sha256:1028d97deafd...]
[2026-03-10T21:55:04.076Z] [STEP ] DONE   [OK] VALIDATE_VOTES (0.072s)
[2026-03-10T21:55:04.076Z] [STEP ] START  -> LOAD_GEOMETRY
[2026-03-10T21:55:04.076Z] [INFO ]   expected: MPREC preferred; SRPREC fallback
[2026-03-10T21:55:04.076Z] [INFO ] Loading MPREC geometry from: C:\Users\Mathew C\Campaign In A Box\data\CA\counties\Sonoma\geography\precinct_shapes\MPREC_GeoJSON\mprec_097_g24_v01.geojson
[2026-03-10T21:55:07.133Z] [INFO ] Loaded 1405 features from mprec_097_g24_v01.geojson
[2026-03-10T21:55:07.133Z] [STEP ] DONE   [OK] LOAD_GEOMETRY (3.129s)
[2026-03-10T21:55:07.133Z] [STEP ] START  -> LOAD_CROSSWALKS
[2026-03-10T21:55:07.159Z] [WARN ] Cannot detect source/target columns in blk_mprec_097_g24_v01.csv: ['block', 'mprec', 'pct_block']
[2026-03-10T21:55:07.183Z] [WARN ] Cannot detect source/target columns in blk_mprec_097_g24_v01.csv: ['block', 'mprec', 'pct_block']
[2026-03-10T21:55:07.357Z] [INFO ]   [CROSSWALKS] Discovered 4/6 crosswalks
[2026-03-10T21:55:07.357Z] [STEP ] SKIP   [SKIP] LOAD_CROSSWALKS -- No crosswalk files; using identity mapping
[2026-03-10T21:55:07.357Z] [STEP ] START  -> SCAFFOLD_CONTEST_JSON
[2026-03-10T21:55:07.359Z] [INFO ]   output: C:\Users\Mathew C\Campaign In A Box\votes\2025\CA\Sonoma\prop_50_special\contest.json  [sha256:172ee173fff7...]
[2026-03-10T21:55:07.359Z] [STEP ] DONE   [OK] SCAFFOLD_CONTEST_JSON (3.355s)
[2026-03-10T21:55:07.359Z] [STEP ] START  -> PARSE_CONTEST
[2026-03-10T21:55:07.359Z] [INFO ]   expected: Detect sheet types; aggregate vote methods
[2026-03-10T21:55:07.481Z] [INFO ] Parsing sheet: '2'
[2026-03-10T21:55:07.483Z] [INFO ]   parse_contest_sheet: title='Timber Cove County Water District ( 3)' type=candidate_race prec_col='unnamed_0' choice_cols=['JOHN D. REA', 'JOHN F. GRAY', 'JESS WEBER', 'ROBERT LEICHTNER', 'Write-in'] rows=3
[2026-03-10T21:55:07.494Z] [INFO ]   -> 2 precincts, type=candidate_race
[2026-03-10T21:55:07.494Z] [INFO ] Parsing sheet: '3'
[2026-03-10T21:55:07.496Z] [INFO ]   parse_contest_sheet: title='Proposition 50 - Special State Measure Redistricting ( 1)' type=ballot_measure prec_col='Precinct' choice_cols=['yes_votes', 'no_votes'] rows=391
[2026-03-10T21:55:07.503Z] [INFO ]   -> 390 precincts, type=ballot_measure
[2026-03-10T21:55:07.503Z] [INFO ] Parsing sheet: '4'
[2026-03-10T21:55:07.505Z] [INFO ]   parse_contest_sheet: title='Measure I - Petaluma Joint Union High School District Parcel Tax - 2/3 Vote To Pass ( 1)' type=ballot_measure prec_col='Precinct' choice_cols=['yes_votes', 'no_votes'] rows=56
[2026-03-10T21:55:07.509Z] [INFO ]   -> 55 precincts, type=ballot_measure
[2026-03-10T21:55:07.510Z] [STEP ] DONE   [OK] PARSE_CONTEST (3.506s)
[2026-03-10T21:55:07.510Z] [INFO ] Contest Mode: CANDIDATE (Inferred CANDIDATE (found candidate_race headers))
[2026-03-10T21:55:07.510Z] [INFO ] [PATHWAY] contest_mode=candidate  contest_mode_reason=Inferred CANDIDATE (found candidate_race headers)
[2026-03-10T21:55:07.510Z] [STEP ] START  -> ALLOCATE_VOTES
[2026-03-10T21:55:07.510Z] [INFO ]   Sheet '2': 2 precincts, type=candidate_race
[2026-03-10T21:55:07.510Z] [INFO ]     Allocation: area_weighted_fallback, 2 target precincts
[2026-03-10T21:55:07.510Z] [STEP ] START  -> NORMALIZE_SCHEMA/2
[2026-03-10T21:55:07.511Z] [INFO ]   [SCHEMA] 'MPREC_ID' → 'canonical_precinct_id'
[2026-03-10T21:55:07.512Z] [INFO ]   [SCHEMA] 'Registered' → 'registered'
[2026-03-10T21:55:07.512Z] [INFO ]   [SCHEMA] 'BallotsCast' → 'ballots_cast'
[2026-03-10T21:55:07.516Z] [STEP ] DONE   [OK] NORMALIZE_SCHEMA/2 (3.512s)
[2026-03-10T21:55:07.516Z] [STEP ] START  -> SANITY/2
[2026-03-10T21:55:07.516Z] [INFO ]   SANITY [OK] Non-empty model: 2 rows
[2026-03-10T21:55:07.516Z] [STEP ] DONE   [OK] SANITY/2 (3.513s)
[2026-03-10T21:55:07.516Z] [STEP ] START  -> BUILD_MODEL/2
[2026-03-10T21:55:07.527Z] [STEP ] DONE   [OK] BUILD_MODEL/2 (3.524s)
[2026-03-10T21:55:07.527Z] [INFO ]   Sheet '3': 390 precincts, type=ballot_measure
[2026-03-10T21:55:07.527Z] [INFO ]     Allocation: area_weighted_fallback, 390 target precincts
[2026-03-10T21:55:07.527Z] [STEP ] START  -> NORMALIZE_SCHEMA/3
[2026-03-10T21:55:07.528Z] [INFO ]   [SCHEMA] 'MPREC_ID' → 'canonical_precinct_id'
[2026-03-10T21:55:07.528Z] [INFO ]   [SCHEMA] 'Registered' → 'registered'
[2026-03-10T21:55:07.528Z] [INFO ]   [SCHEMA] 'BallotsCast' → 'ballots_cast'
[2026-03-10T21:55:07.533Z] [STEP ] DONE   [OK] NORMALIZE_SCHEMA/3 (3.529s)
[2026-03-10T21:55:07.533Z] [STEP ] START  -> SANITY/3
[2026-03-10T21:55:07.533Z] [INFO ]   SANITY [OK] Non-empty model: 390 rows
[2026-03-10T21:55:07.533Z] [STEP ] DONE   [OK] SANITY/3 (3.529s)
[2026-03-10T21:55:07.533Z] [STEP ] START  -> BUILD_MODEL/3
[2026-03-10T21:55:07.543Z] [STEP ] DONE   [OK] BUILD_MODEL/3 (3.539s)
[2026-03-10T21:55:07.543Z] [INFO ]   Sheet '4': 55 precincts, type=ballot_measure
[2026-03-10T21:55:07.543Z] [INFO ]     Allocation: area_weighted_fallback, 55 target precincts
[2026-03-10T21:55:07.543Z] [STEP ] START  -> NORMALIZE_SCHEMA/4
[2026-03-10T21:55:07.544Z] [INFO ]   [SCHEMA] 'MPREC_ID' → 'canonical_precinct_id'
[2026-03-10T21:55:07.544Z] [INFO ]   [SCHEMA] 'Registered' → 'registered'
[2026-03-10T21:55:07.544Z] [INFO ]   [SCHEMA] 'BallotsCast' → 'ballots_cast'
[2026-03-10T21:55:07.549Z] [STEP ] DONE   [OK] NORMALIZE_SCHEMA/4 (3.545s)
[2026-03-10T21:55:07.549Z] [STEP ] START  -> SANITY/4
[2026-03-10T21:55:07.549Z] [INFO ]   SANITY [OK] Non-empty model: 55 rows
[2026-03-10T21:55:07.549Z] [STEP ] DONE   [OK] SANITY/4 (3.546s)
[2026-03-10T21:55:07.549Z] [STEP ] START  -> BUILD_MODEL/4
[2026-03-10T21:55:07.556Z] [STEP ] DONE   [OK] BUILD_MODEL/4 (3.553s)
[2026-03-10T21:55:07.556Z] [STEP ] DONE   [OK] ALLOCATE_VOTES (3.553s)
[2026-03-10T21:55:07.556Z] [STEP ] START  -> INTEGRITY_ENFORCEMENT
[2026-03-10T21:55:07.559Z] [WARN ]   [INTEGRITY] 1 precinct(s) CRITICAL — registered=0 but ballots>0. Indicates data extraction issue.
[2026-03-10T21:55:07.619Z] [INFO ]   [INTEGRITY] All 390 precincts pass constraints — no repairs needed
[2026-03-10T21:55:07.631Z] [INFO ]   [INTEGRITY] All 55 precincts pass constraints — no repairs needed
[2026-03-10T21:55:07.633Z] [STEP ] DONE   [OK] INTEGRITY_ENFORCEMENT (3.629s)
[2026-03-10T21:55:07.633Z] [STEP ] START  -> FEATURE_ENGINEERING
[2026-03-10T21:55:07.633Z] [WARN ] Voter file not found at C:\Users\Mathew C\Campaign In A Box\voters\CA\Sonoma\voters.csv
[2026-03-10T21:55:07.669Z] [STEP ] DONE   [OK] FEATURE_ENGINEERING (3.666s)
[2026-03-10T21:55:07.669Z] [STEP ] START  -> UNIVERSE_BUILDING
[2026-03-10T21:55:07.736Z] [STEP ] DONE   [OK] UNIVERSE_BUILDING (3.732s)
[2026-03-10T21:55:07.736Z] [STEP ] START  -> SCORING_V2
[2026-03-10T21:55:07.745Z] [INFO ] [Scoring] Computing v2 scores...
[2026-03-10T21:55:07.772Z] [INFO ] [Scoring] Computing v2 scores...
[2026-03-10T21:55:07.791Z] [INFO ] [Scoring] Computing v2 scores...
[2026-03-10T21:55:07.802Z] [STEP ] DONE   [OK] SCORING_V2 (3.799s)
[2026-03-10T21:55:07.802Z] [STEP ] START  -> REGION_CLUSTERING
[2026-03-10T21:55:07.802Z] [WARN ]   Centroids missing; fallback to political-only clustering
[2026-03-10T21:55:07.819Z] [WARN ]   Centroids missing; fallback to political-only clustering
[2026-03-10T21:55:07.835Z] [WARN ]   Centroids missing; fallback to political-only clustering
[2026-03-10T21:55:07.844Z] [STEP ] DONE   [OK] REGION_CLUSTERING (3.84s)
[2026-03-10T21:55:07.844Z] [STEP ] START  -> FIELD_PLANNING
[2026-03-10T21:55:07.862Z] [STEP ] DONE   [OK] FIELD_PLANNING (3.858s)
[2026-03-10T21:55:07.862Z] [STEP ] START  -> SIMULATION
[2026-03-10T21:55:07.865Z] [STEP ] DONE   [OK] SIMULATION (3.862s)
[2026-03-10T21:55:07.865Z] [STEP ] START  -> VOTER_UNIVERSE_EXPORT
[2026-03-10T21:55:07.865Z] [STEP ] SKIP   [SKIP] VOTER_UNIVERSE_EXPORT -- No voter file present
[2026-03-10T21:55:07.865Z] [STEP ] START  -> LOAD_VOTER_FILE
[2026-03-10T21:55:07.866Z] [INFO ] [VOTER_PARSER] Loading voter file: C:\Users\Mathew C\Campaign In A Box\data\voters\CA\Sonoma\voter_file_synthetic.csv (123,155 bytes)
[2026-03-10T21:55:07.874Z] [INFO ] [VOTER_PARSER] Loaded 3,000 voters, 12 columns
[2026-03-10T21:55:08.036Z] [INFO ] [VOTER_PARSER] Wrote voter base: C:\Users\Mathew C\Campaign In A Box\derived\voter_models\2026-03-10__145503__00b7b2b1__msi__voter_base.parquet (46,552 bytes)
[2026-03-10T21:55:08.036Z] [STEP ] DONE   [OK] LOAD_VOTER_FILE (4.032s)
[2026-03-10T21:55:08.036Z] [STEP ] START  -> BUILD_VOTER_UNIVERSES
[2026-03-10T21:55:08.074Z] [STEP ] DONE   [OK] BUILD_VOTER_UNIVERSES (4.07s)
[2026-03-10T21:55:08.074Z] [STEP ] START  -> SCORE_VOTER_TURNOUT
[2026-03-10T21:55:08.188Z] [STEP ] DONE   [OK] SCORE_VOTER_TURNOUT (4.185s)
[2026-03-10T21:55:08.189Z] [STEP ] START  -> SCORE_VOTER_PERSUASION
[2026-03-10T21:55:08.259Z] [STEP ] DONE   [OK] SCORE_VOTER_PERSUASION (4.255s)
[2026-03-10T21:55:08.259Z] [STEP ] START  -> BUILD_TARGETING_QUADRANTS
[2026-03-10T21:55:08.297Z] [STEP ] DONE   [OK] BUILD_TARGETING_QUADRANTS (4.294s)
[2026-03-10T21:55:08.336Z] [STEP ] START  -> BUILD_PRECINCT_VOTER_METRICS
[2026-03-10T21:55:08.387Z] [STEP ] DONE   [OK] BUILD_PRECINCT_VOTER_METRICS (4.384s)
[2026-03-10T21:55:08.387Z] [STEP ] START  -> DOWNLOAD_HISTORICAL_ELECTIONS
[2026-03-10T21:55:08.619Z] [INFO ] [DOWNLOADER] 2016: automatic download failed — manual download required (see download_status.json)
[2026-03-10T21:55:08.765Z] [INFO ] [DOWNLOADER] 2018: automatic download failed — manual download required (see download_status.json)
[2026-03-10T21:55:28.918Z] [INFO ] [DOWNLOADER] 2020: automatic download failed — manual download required (see download_status.json)
[2026-03-10T21:55:49.077Z] [INFO ] [DOWNLOADER] 2022: automatic download failed — manual download required (see download_status.json)
[2026-03-10T21:56:09.284Z] [INFO ] [DOWNLOADER] 2024: automatic download failed — manual download required (see download_status.json)
[2026-03-10T21:56:09.287Z] [INFO ] [DOWNLOADER] Status: 0 downloaded, 0 already present, 5 failed. See C:\Users\Mathew C\Campaign In A Box\data\elections\CA\Sonoma\download_status.json
[2026-03-10T21:56:09.287Z] [STEP ] DONE   [OK] DOWNLOAD_HISTORICAL_ELECTIONS (65.284s)
[2026-03-10T21:56:09.287Z] [STEP ] START  -> CALIBRATE_MODEL
[2026-03-10T21:56:09.290Z] [INFO ] [HIST_PARSER] No historical election directories found
[2026-03-10T21:56:09.305Z] [INFO ] [CALIBRATOR] No historical data — using prior parameters
[2026-03-10T21:56:09.307Z] [INFO ] [CALIBRATOR] Wrote calibration parameters → C:\Users\Mathew C\Campaign In A Box\derived\calibration\model_parameters.json
[2026-03-10T21:56:09.308Z] [STEP ] DONE   [OK] CALIBRATE_MODEL (65.304s)
[2026-03-10T21:56:09.308Z] [STEP ] START  -> CAMPAIGN_STRATEGY
[2026-03-10T21:56:09.445Z] [STEP ] DONE   [OK] CAMPAIGN_STRATEGY (65.442s)
[2026-03-10T21:56:09.446Z] [STEP ] START  -> FORECAST_GENERATION
[2026-03-10T21:56:09.486Z] [STEP ] DONE   [OK] FORECAST_GENERATION (65.482s)
[2026-03-10T21:56:09.486Z] [STEP ] START  -> TURF_GENERATION
[2026-03-10T21:56:09.588Z] [STEP ] DONE   [OK] TURF_GENERATION (65.584s)
[2026-03-10T21:56:09.588Z] [STEP ] START  -> EXPORT_V2_OUTPUTS
[2026-03-10T21:56:11.635Z] [INFO ] [KEPLER] Loaded geometry: 1405 precincts from sonoma_mprec_g24_v01.geojson
[2026-03-10T21:56:11.639Z] [INFO ] [KEPLER] Joined 1405/1405 precincts to model data
[2026-03-10T21:56:13.333Z] [INFO ] [KEPLER] Wrote derived\maps\Sonoma_2025_prop_50_special__2__kepler.geojson (22,724,983 bytes)
[2026-03-10T21:56:13.347Z] [INFO ]   Generated turf packs in C:\Users\Mathew C\Campaign In A Box\derived\turfs\CA\Sonoma\Sonoma_2025_prop_50_special__2\2026-03-10__145503__00b7b2b1__msi__turf_packs
[2026-03-10T21:56:15.205Z] [INFO ] [KEPLER] Loaded geometry: 1405 precincts from sonoma_mprec_g24_v01.geojson
[2026-03-10T21:56:15.209Z] [INFO ] [KEPLER] Joined 1405/1405 precincts to model data
[2026-03-10T21:56:16.926Z] [INFO ] [KEPLER] Wrote derived\maps\Sonoma_2025_prop_50_special__3__kepler.geojson (22,724,983 bytes)
[2026-03-10T21:56:17.635Z] [INFO ]   Generated turf packs in C:\Users\Mathew C\Campaign In A Box\derived\turfs\CA\Sonoma\Sonoma_2025_prop_50_special__3\2026-03-10__145503__00b7b2b1__msi__turf_packs
[2026-03-10T21:56:21.414Z] [INFO ] [KEPLER] Loaded geometry: 1405 precincts from sonoma_mprec_g24_v01.geojson
[2026-03-10T21:56:21.421Z] [INFO ] [KEPLER] Joined 1405/1405 precincts to model data
[2026-03-10T21:56:24.082Z] [INFO ] [KEPLER] Wrote derived\maps\Sonoma_2025_prop_50_special__4__kepler.geojson (22,724,983 bytes)
[2026-03-10T21:56:24.323Z] [INFO ]   Generated turf packs in C:\Users\Mathew C\Campaign In A Box\derived\turfs\CA\Sonoma\Sonoma_2025_prop_50_special__4\2026-03-10__145503__00b7b2b1__msi__turf_packs
[2026-03-10T21:56:24.341Z] [STEP ] DONE   [OK] EXPORT_V2_OUTPUTS (80.337s)
[2026-03-10T21:56:24.341Z] [STEP ] START  -> DIAGNOSTICS
[2026-03-10T21:56:24.827Z] [STEP ] DONE   [OK] DIAGNOSTICS (80.823s)
[2026-03-10T21:56:24.827Z] [STEP ] START  -> STRATEGY_GENERATOR
[2026-03-10T21:56:24.827Z] [INFO ] [STRATEGY] Loading inputs for contest_id=2025_CA_sonoma_prop_50_special
[2026-03-10T21:56:25.837Z] [INFO ] [STRATEGY]  derived_mode=full
[2026-03-10T21:56:25.837Z] [INFO ] [STRATEGY]  found=['target_ranking', 'walk_turfs', 'scenario_forecasts', 'precinct_universes', 'regions', 'field_plan', 'simulation_results']
[2026-03-10T21:56:25.838Z] [INFO ] [STRATEGY]  missing=[]
[2026-03-10T21:56:25.838Z] [INFO ] [STRATEGY]  contest_mode=candidate (explicit override: candidate)
[2026-03-10T21:56:25.877Z] [INFO ]   Strategy pack written to C:\Users\Mathew C\Campaign In A Box\derived\strategy_packs\2025_CA_sonoma_prop_50_special\2026-03-10__145503__00b7b2b1__msi
[2026-03-10T21:56:25.906Z] [INFO ]   [STRATEGY] Prompt 12 voter targeting files: GOTV_TARGETS.csv, PERSUASION_TARGETS.csv, TARGETING_QUADRANTS.csv, TPS_DISTRIBUTION.csv, PS_DISTRIBUTION.csv, VOTER_UNIVERSE_SUMMARY.csv
[2026-03-10T21:56:25.950Z] [INFO ] [STRATEGY] Pack written → C:\Users\Mathew C\Campaign In A Box\derived\strategy_packs\2025_CA_sonoma_prop_50_special\2026-03-10__145503__00b7b2b1__msi
[2026-03-10T21:56:25.950Z] [STEP ] DONE   [OK] STRATEGY_GENERATOR (81.947s)
[2026-03-10T21:56:25.950Z] [STEP ] START  -> GEO_VALIDATION
[2026-03-10T21:56:26.330Z] [INFO ]   [GEO_VALIDATION] status=WARN, precincts=1405
[2026-03-10T21:56:26.330Z] [STEP ] DONE   [OK] GEO_VALIDATION (82.327s)
[2026-03-10T21:56:26.330Z] [STEP ] START  -> JOIN_GUARD_VALIDATION
[2026-03-10T21:56:26.333Z] [INFO ]   [JOIN_GUARD_VALIDATION] 4 joins, overall=PASS
[2026-03-10T21:56:26.333Z] [STEP ] DONE   [OK] JOIN_GUARD_VALIDATION (82.33s)
[2026-03-10T21:56:26.333Z] [STEP ] START  -> INTEGRITY_REPAIRS_WRITE
[2026-03-10T21:56:26.336Z] [STEP ] DONE   [OK] INTEGRITY_REPAIRS_WRITE (82.332s)
[2026-03-10T21:56:26.336Z] [STEP ] START  -> ARTIFACT_VALIDATION
[2026-03-10T21:56:26.346Z] [INFO ]   [ARTIFACT_VALIDATION] 13/13 present, 0 stubbed, 0 truly missing
[2026-03-10T21:56:26.346Z] [STEP ] DONE   [OK] ARTIFACT_VALIDATION (82.342s)
[2026-03-10T21:56:26.346Z] [STEP ] START  -> POST_RUN_AUDIT
[2026-03-10T21:56:26.355Z] [INFO ]   [POST_AUDIT] system_health=HEALTHY, artifacts=13/13, missing=[]
[2026-03-10T21:56:26.355Z] [STEP ] DONE   [OK] POST_RUN_AUDIT (82.351s)
[2026-03-10T21:56:26.360Z] [STEP ] START  -> ADVANCED_UNIVERSE_ESTIMATES
[2026-03-10T21:56:26.365Z] [STEP ] DONE   [OK] ADVANCED_UNIVERSE_ESTIMATES (82.361s)
[2026-03-10T21:56:26.365Z] [STEP ] START  -> OPTIMIZER
[2026-03-10T21:56:26.366Z] [STEP ] DONE   [OK] OPTIMIZER (82.362s)
[2026-03-10T21:56:26.366Z] [STEP ] START  -> ADVANCED_LIFT_MODEL
[2026-03-10T21:56:26.366Z] [STEP ] DONE   [OK] ADVANCED_LIFT_MODEL (82.362s)
[2026-03-10T21:56:26.366Z] [STEP ] START  -> ADVANCED_SCENARIOS
[2026-03-10T21:57:33.469Z] [STEP ] DONE   [OK] ADVANCED_SCENARIOS (149.465s)
[2026-03-10T21:57:33.469Z] [STEP ] START  -> ADVANCED_QA
[2026-03-10T21:57:33.472Z] [STEP ] DONE   [OK] ADVANCED_QA (149.468s)
[2026-03-10T21:57:33.472Z] [INFO ] ========================================================================
  Run complete — SUCCESS  elapsed: 149.468s
========================================================================
