[2026-03-11T03:18:36.181Z] [INFO] ========================================================================
  Campaign In A Box — Pipeline Run
  RUN_ID  : 2026-03-10__201836__e45d5118__msi
  Started : 2026-03-11T03:18:36.180109+00:00
========================================================================
[2026-03-11T03:18:36.181Z] [INFO ] Pipeline v2 starting
[2026-03-11T03:18:36.181Z] [INFO ]   state=CA  county=Sonoma  year=2024  contest_slug=nov2024_general
[2026-03-11T03:18:36.181Z] [INFO ]   membership_method=auto  log_level=verbose
[2026-03-11T03:18:36.239Z] [STEP ] START  -> DATA_INTAKE_ANALYSIS
[2026-03-11T03:18:36.271Z] [STEP ] DONE   [OK] DATA_INTAKE_ANALYSIS (0.091s)
[2026-03-11T03:18:36.271Z] [STEP ] SKIP   [SKIP] INGEST_STAGING -- No --staging-dir provided; skipping ingestion
[2026-03-11T03:18:36.271Z] [STEP ] START  -> SCAFFOLD_BOUNDARY_INDEX
[2026-03-11T03:18:36.271Z] [INFO ]   Boundary index exists: C:\Users\Mathew C\Campaign In A Box\data\CA\counties\Sonoma\geography\boundary_index\boundaries_index.csv
[2026-03-11T03:18:36.273Z] [WARN ]   Boundary index scaffolded (no boundary files found yet)
[2026-03-11T03:18:36.274Z] [INFO ]   output: C:\Users\Mathew C\Campaign In A Box\data\CA\counties\Sonoma\geography\boundary_index\boundaries_index.csv  [sha256:b4dff0e71c42...]
[2026-03-11T03:18:36.274Z] [STEP ] DONE   [OK] SCAFFOLD_BOUNDARY_INDEX (0.094s)
[2026-03-11T03:18:36.274Z] [STEP ] START  -> VALIDATE_GEOGRAPHY
[2026-03-11T03:18:36.274Z] [INFO ]   expected: data/CA/counties/Sonoma/geography/precinct_shapes/
[2026-03-11T03:18:36.274Z] [INFO ]   expected: data/CA/counties/Sonoma/geography/crosswalks/
[2026-03-11T03:18:36.275Z] [INFO ]   [present] MPREC GeoJSON
[2026-03-11T03:18:36.276Z] [INFO ]   [present] MPREC GeoPackage
[2026-03-11T03:18:36.279Z] [INFO ]   [present] MPREC Shapefile
[2026-03-11T03:18:36.281Z] [INFO ]   [present] SRPREC GeoJSON
[2026-03-11T03:18:36.282Z] [INFO ]   [present] SRPREC GeoPackage
[2026-03-11T03:18:36.287Z] [INFO ]   [present] SRPREC Shapefile
[2026-03-11T03:18:36.289Z] [INFO ]   [present] 2020 BLK TO MPREC
[2026-03-11T03:18:36.290Z] [INFO ]   [present] RGPREC TO 2020 BLK
[2026-03-11T03:18:36.291Z] [INFO ]   [present] SRPREC TO 2020 BLK
[2026-03-11T03:18:36.292Z] [INFO ]   [present] RG to RR to SR to SVPREC
[2026-03-11T03:18:36.293Z] [INFO ]   [present] MPREC to SRPREC
[2026-03-11T03:18:36.293Z] [INFO ]   [present] SRPREC to CITY
[2026-03-11T03:18:36.293Z] [INFO ] Geography validation: 12/12 present, canonical=MPREC
[2026-03-11T03:18:36.293Z] [STEP ] DONE   [OK] VALIDATE_GEOGRAPHY (0.114s)
[2026-03-11T03:18:36.294Z] [STEP ] START  -> VALIDATE_VOTES
[2026-03-11T03:18:36.294Z] [INFO ]   expected: votes/2024/CA/Sonoma/nov2024_general/detail.xlsx
[2026-03-11T03:18:36.381Z] [INFO ]   input: detail.xlsx -> C:\Users\Mathew C\Campaign In A Box\data\CA\counties\Sonoma\votes\2024\nov2024_general\detail.xlsx  [sha256:57747ec0fcdb]
[2026-03-11T03:18:36.422Z] [INFO ]   input: detail.xlsx -> C:\Users\Mathew C\Campaign In A Box\data\CA\counties\Sonoma\votes\2024\nov2024_general\detail.xlsx  [sha256:57747ec0fcdb...]
[2026-03-11T03:18:36.422Z] [STEP ] DONE   [OK] VALIDATE_VOTES (0.242s)
[2026-03-11T03:18:36.422Z] [STEP ] START  -> LOAD_GEOMETRY
[2026-03-11T03:18:36.422Z] [INFO ]   expected: MPREC preferred; SRPREC fallback
[2026-03-11T03:18:36.422Z] [INFO ] Loading MPREC geometry from: C:\Users\Mathew C\Campaign In A Box\data\CA\counties\Sonoma\geography\precinct_shapes\MPREC_GeoJSON\mprec_097_g24_v01.geojson
[2026-03-11T03:18:39.677Z] [INFO ] Loaded 1405 features from mprec_097_g24_v01.geojson
[2026-03-11T03:18:39.677Z] [STEP ] DONE   [OK] LOAD_GEOMETRY (3.497s)
[2026-03-11T03:18:39.677Z] [STEP ] START  -> LOAD_CROSSWALKS
[2026-03-11T03:18:39.751Z] [WARN ] Cannot detect source/target columns in blk_mprec_097_g24_v01.csv: ['block', 'mprec', 'pct_block']
[2026-03-11T03:18:39.785Z] [WARN ] Cannot detect source/target columns in blk_mprec_097_g24_v01.csv: ['block', 'mprec', 'pct_block']
[2026-03-11T03:18:39.997Z] [INFO ]   [CROSSWALKS] Discovered 4/6 crosswalks
[2026-03-11T03:18:39.997Z] [STEP ] SKIP   [SKIP] LOAD_CROSSWALKS -- No crosswalk files; using identity mapping
[2026-03-11T03:18:39.997Z] [STEP ] START  -> SCAFFOLD_CONTEST_JSON
[2026-03-11T03:18:39.999Z] [INFO ]   output: C:\Users\Mathew C\Campaign In A Box\votes\2024\CA\Sonoma\nov2024_general\contest.json  [sha256:679020140b4d...]
[2026-03-11T03:18:39.999Z] [STEP ] DONE   [OK] SCAFFOLD_CONTEST_JSON (3.819s)
[2026-03-11T03:18:39.999Z] [STEP ] START  -> PARSE_CONTEST
[2026-03-11T03:18:39.999Z] [INFO ]   expected: Detect sheet types; aggregate vote methods
