[2026-03-05T09:01:02.471Z] [INFO] ========================================================================
  Campaign In A Box — Pipeline Run
  RUN_ID  : 2026-03-05__010102__74fbdd60__msi
  Started : 2026-03-05T09:01:02.470578+00:00
========================================================================
[2026-03-05T09:01:02.471Z] [INFO ] Pipeline v2 starting
[2026-03-05T09:01:02.471Z] [INFO ]   state=CA  county=Sonoma  year=2024  contest_slug=nov2024_general
[2026-03-05T09:01:02.471Z] [INFO ]   membership_method=auto  log_level=verbose
[2026-03-05T09:01:02.473Z] [STEP ] SKIP   [SKIP] INGEST_STAGING -- No --staging-dir provided; skipping ingestion
[2026-03-05T09:01:02.473Z] [STEP ] START  -> SCAFFOLD_BOUNDARY_INDEX
[2026-03-05T09:01:02.473Z] [INFO ]   Boundary index exists: C:\Users\Mathew C\Campaign In A Box\data\CA\counties\Sonoma\geography\boundary_index\boundaries_index.csv
[2026-03-05T09:01:02.475Z] [WARN ]   Boundary index scaffolded (no boundary files found yet)
[2026-03-05T09:01:02.476Z] [INFO ]   output: C:\Users\Mathew C\Campaign In A Box\data\CA\counties\Sonoma\geography\boundary_index\boundaries_index.csv  [sha256:b4dff0e71c42...]
[2026-03-05T09:01:02.476Z] [STEP ] DONE   [OK] SCAFFOLD_BOUNDARY_INDEX (0.006s)
[2026-03-05T09:01:02.476Z] [STEP ] START  -> VALIDATE_GEOGRAPHY
[2026-03-05T09:01:02.476Z] [INFO ]   expected: data/CA/counties/Sonoma/geography/precinct_shapes/
[2026-03-05T09:01:02.476Z] [INFO ]   expected: data/CA/counties/Sonoma/geography/crosswalks/
[2026-03-05T09:01:02.476Z] [INFO ]   [present] MPREC GeoJSON
[2026-03-05T09:01:02.477Z] [INFO ]   [present] MPREC GeoPackage
[2026-03-05T09:01:02.477Z] [INFO ]   [present] MPREC Shapefile
[2026-03-05T09:01:02.478Z] [INFO ]   [present] SRPREC GeoJSON
[2026-03-05T09:01:02.478Z] [INFO ]   [present] SRPREC GeoPackage
[2026-03-05T09:01:02.478Z] [INFO ]   [present] SRPREC Shapefile
[2026-03-05T09:01:02.479Z] [INFO ]   [present] 2020 BLK TO MPREC
[2026-03-05T09:01:02.479Z] [INFO ]   [present] RGPREC TO 2020 BLK
[2026-03-05T09:01:02.479Z] [INFO ]   [present] SRPREC TO 2020 BLK
[2026-03-05T09:01:02.479Z] [INFO ]   [present] RG to RR to SR to SVPREC
[2026-03-05T09:01:02.480Z] [INFO ]   [present] MPREC to SRPREC
[2026-03-05T09:01:02.480Z] [INFO ]   [present] SRPREC to CITY
[2026-03-05T09:01:02.480Z] [INFO ] Geography validation: 12/12 present, canonical=MPREC
[2026-03-05T09:01:02.480Z] [STEP ] DONE   [OK] VALIDATE_GEOGRAPHY (0.01s)
[2026-03-05T09:01:02.480Z] [STEP ] START  -> VALIDATE_VOTES
[2026-03-05T09:01:02.480Z] [INFO ]   expected: votes/2024/CA/Sonoma/nov2024_general/detail.xlsx
[2026-03-05T09:01:02.480Z] [INFO ]   [present] votes: C:\Users\Mathew C\Campaign In A Box\votes\2024\CA\Sonoma\nov2024_general\detail.xlsx
[2026-03-05T09:01:02.480Z] [INFO ]   input: detail.xlsx -> C:\Users\Mathew C\Campaign In A Box\votes\2024\CA\Sonoma\nov2024_general\detail.xlsx  [sha256:157048233934...]
[2026-03-05T09:01:02.480Z] [STEP ] DONE   [OK] VALIDATE_VOTES (0.01s)
[2026-03-05T09:01:02.480Z] [STEP ] START  -> LOAD_GEOMETRY
[2026-03-05T09:01:02.481Z] [INFO ]   expected: MPREC preferred; SRPREC fallback
[2026-03-05T09:01:02.481Z] [WARN ] geopandas not installed; found C:\Users\Mathew C\Campaign In A Box\data\CA\counties\Sonoma\geography\precinct_shapes\MPREC_GeoJSON\mprec_097_g24_v01.geojson but cannot load
[2026-03-05T09:01:02.481Z] [STEP ] SKIP   [SKIP] LOAD_GEOMETRY -- No usable geometry (geopandas unavailable or files missing)
[2026-03-05T09:01:02.481Z] [WARN ]   NEED: geopandas_library [missing] -- blocks: geometry_load, kepler_export
[2026-03-05T09:01:02.481Z] [STEP ] START  -> LOAD_CROSSWALKS
[2026-03-05T09:01:02.505Z] [WARN ] Cannot detect source/target columns in blk_mprec_097_g24_v01.csv: ['block', 'mprec', 'pct_block']
[2026-03-05T09:01:02.526Z] [WARN ] Cannot detect source/target columns in blk_mprec_097_g24_v01.csv: ['block', 'mprec', 'pct_block']
[2026-03-05T09:01:02.527Z] [STEP ] SKIP   [SKIP] LOAD_CROSSWALKS -- No crosswalk files; using identity mapping
[2026-03-05T09:01:02.527Z] [STEP ] START  -> SCAFFOLD_CONTEST_JSON
[2026-03-05T09:01:02.542Z] [INFO ]   output: C:\Users\Mathew C\Campaign In A Box\votes\2024\CA\Sonoma\nov2024_general\contest.json  [sha256:8ae624e49245...]
[2026-03-05T09:01:02.542Z] [STEP ] DONE   [OK] SCAFFOLD_CONTEST_JSON (0.072s)
[2026-03-05T09:01:02.542Z] [STEP ] START  -> PARSE_CONTEST
[2026-03-05T09:01:02.542Z] [INFO ]   expected: Detect sheet types; aggregate vote methods
[2026-03-05T09:01:02.555Z] [INFO ] Parsing sheet: 'Sheet1'
[2026-03-05T09:01:02.564Z] [INFO ]   -> 10 precincts, type=ballot_measure
[2026-03-05T09:01:02.565Z] [STEP ] DONE   [OK] PARSE_CONTEST (0.095s)
[2026-03-05T09:01:02.565Z] [STEP ] START  -> ALLOCATE_VOTES
[2026-03-05T09:01:02.565Z] [INFO ]   Sheet 'Sheet1': 10 precincts, type=ballot_measure
[2026-03-05T09:01:02.565Z] [INFO ]     Allocation: area_weighted_fallback, 10 target precincts
[2026-03-05T09:01:02.565Z] [STEP ] START  -> SANITY/Sheet1
[2026-03-05T09:01:02.566Z] [INFO ]   SANITY [OK] Non-empty model: 10 rows
[2026-03-05T09:01:02.566Z] [STEP ] DONE   [OK] SANITY/Sheet1 (0.096s)
[2026-03-05T09:01:02.566Z] [STEP ] START  -> BUILD_MODEL/Sheet1
[2026-03-05T09:01:02.574Z] [STEP ] DONE   [OK] BUILD_MODEL/Sheet1 (0.104s)
[2026-03-05T09:01:02.575Z] [STEP ] DONE   [OK] ALLOCATE_VOTES (0.104s)
[2026-03-05T09:01:02.575Z] [STEP ] START  -> FEATURE_ENGINEERING
[2026-03-05T09:01:02.575Z] [WARN ] Voter file not found at C:\Users\Mathew C\Campaign In A Box\voters\CA\Sonoma\voters.csv
