[2026-03-05T09:01:46.251Z] [INFO] ========================================================================
  Campaign In A Box — Pipeline Run
  RUN_ID  : 2026-03-05__010146__74fbdd60__msi
  Started : 2026-03-05T09:01:46.250979+00:00
========================================================================
[2026-03-05T09:01:46.251Z] [INFO ] Pipeline v2 starting
[2026-03-05T09:01:46.251Z] [INFO ]   state=CA  county=Sonoma  year=2024  contest_slug=nov2024_general
[2026-03-05T09:01:46.251Z] [INFO ]   membership_method=auto  log_level=verbose
[2026-03-05T09:01:46.253Z] [STEP ] SKIP   [SKIP] INGEST_STAGING -- No --staging-dir provided; skipping ingestion
[2026-03-05T09:01:46.253Z] [STEP ] START  -> SCAFFOLD_BOUNDARY_INDEX
[2026-03-05T09:01:46.254Z] [INFO ]   Boundary index exists: C:\Users\Mathew C\Campaign In A Box\data\CA\counties\Sonoma\geography\boundary_index\boundaries_index.csv
[2026-03-05T09:01:46.255Z] [WARN ]   Boundary index scaffolded (no boundary files found yet)
[2026-03-05T09:01:46.257Z] [INFO ]   output: C:\Users\Mathew C\Campaign In A Box\data\CA\counties\Sonoma\geography\boundary_index\boundaries_index.csv  [sha256:b4dff0e71c42...]
[2026-03-05T09:01:46.257Z] [STEP ] DONE   [OK] SCAFFOLD_BOUNDARY_INDEX (0.006s)
[2026-03-05T09:01:46.257Z] [STEP ] START  -> VALIDATE_GEOGRAPHY
[2026-03-05T09:01:46.257Z] [INFO ]   expected: data/CA/counties/Sonoma/geography/precinct_shapes/
[2026-03-05T09:01:46.257Z] [INFO ]   expected: data/CA/counties/Sonoma/geography/crosswalks/
[2026-03-05T09:01:46.257Z] [INFO ]   [present] MPREC GeoJSON
[2026-03-05T09:01:46.257Z] [INFO ]   [present] MPREC GeoPackage
[2026-03-05T09:01:46.258Z] [INFO ]   [present] MPREC Shapefile
[2026-03-05T09:01:46.258Z] [INFO ]   [present] SRPREC GeoJSON
[2026-03-05T09:01:46.258Z] [INFO ]   [present] SRPREC GeoPackage
[2026-03-05T09:01:46.259Z] [INFO ]   [present] SRPREC Shapefile
[2026-03-05T09:01:46.259Z] [INFO ]   [present] 2020 BLK TO MPREC
[2026-03-05T09:01:46.259Z] [INFO ]   [present] RGPREC TO 2020 BLK
[2026-03-05T09:01:46.259Z] [INFO ]   [present] SRPREC TO 2020 BLK
[2026-03-05T09:01:46.259Z] [INFO ]   [present] RG to RR to SR to SVPREC
[2026-03-05T09:01:46.260Z] [INFO ]   [present] MPREC to SRPREC
[2026-03-05T09:01:46.260Z] [INFO ]   [present] SRPREC to CITY
[2026-03-05T09:01:46.260Z] [INFO ] Geography validation: 12/12 present, canonical=MPREC
[2026-03-05T09:01:46.260Z] [STEP ] DONE   [OK] VALIDATE_GEOGRAPHY (0.01s)
[2026-03-05T09:01:46.260Z] [STEP ] START  -> VALIDATE_VOTES
[2026-03-05T09:01:46.260Z] [INFO ]   expected: votes/2024/CA/Sonoma/nov2024_general/detail.xlsx
[2026-03-05T09:01:46.260Z] [INFO ]   [present] votes: C:\Users\Mathew C\Campaign In A Box\votes\2024\CA\Sonoma\nov2024_general\detail.xlsx
[2026-03-05T09:01:46.260Z] [INFO ]   input: detail.xlsx -> C:\Users\Mathew C\Campaign In A Box\votes\2024\CA\Sonoma\nov2024_general\detail.xlsx  [sha256:157048233934...]
[2026-03-05T09:01:46.260Z] [STEP ] DONE   [OK] VALIDATE_VOTES (0.01s)
[2026-03-05T09:01:46.260Z] [STEP ] START  -> LOAD_GEOMETRY
[2026-03-05T09:01:46.260Z] [INFO ]   expected: MPREC preferred; SRPREC fallback
[2026-03-05T09:01:46.261Z] [WARN ] geopandas not installed; found C:\Users\Mathew C\Campaign In A Box\data\CA\counties\Sonoma\geography\precinct_shapes\MPREC_GeoJSON\mprec_097_g24_v01.geojson but cannot load
[2026-03-05T09:01:46.261Z] [STEP ] SKIP   [SKIP] LOAD_GEOMETRY -- No usable geometry (geopandas unavailable or files missing)
[2026-03-05T09:01:46.261Z] [WARN ]   NEED: geopandas_library [missing] -- blocks: geometry_load, kepler_export
[2026-03-05T09:01:46.261Z] [STEP ] START  -> LOAD_CROSSWALKS
[2026-03-05T09:01:46.300Z] [WARN ] Cannot detect source/target columns in blk_mprec_097_g24_v01.csv: ['block', 'mprec', 'pct_block']
[2026-03-05T09:01:46.323Z] [WARN ] Cannot detect source/target columns in blk_mprec_097_g24_v01.csv: ['block', 'mprec', 'pct_block']
[2026-03-05T09:01:46.325Z] [STEP ] SKIP   [SKIP] LOAD_CROSSWALKS -- No crosswalk files; using identity mapping
[2026-03-05T09:01:46.325Z] [STEP ] START  -> SCAFFOLD_CONTEST_JSON
[2026-03-05T09:01:46.340Z] [INFO ]   output: C:\Users\Mathew C\Campaign In A Box\votes\2024\CA\Sonoma\nov2024_general\contest.json  [sha256:ec9a434a1c4a...]
[2026-03-05T09:01:46.340Z] [STEP ] DONE   [OK] SCAFFOLD_CONTEST_JSON (0.09s)
[2026-03-05T09:01:46.340Z] [STEP ] START  -> PARSE_CONTEST
[2026-03-05T09:01:46.340Z] [INFO ]   expected: Detect sheet types; aggregate vote methods
[2026-03-05T09:01:46.351Z] [INFO ] Parsing sheet: 'Sheet1'
[2026-03-05T09:01:46.359Z] [INFO ]   -> 10 precincts, type=ballot_measure
[2026-03-05T09:01:46.359Z] [STEP ] DONE   [OK] PARSE_CONTEST (0.109s)
[2026-03-05T09:01:46.359Z] [STEP ] START  -> ALLOCATE_VOTES
[2026-03-05T09:01:46.360Z] [INFO ]   Sheet 'Sheet1': 10 precincts, type=ballot_measure
[2026-03-05T09:01:46.360Z] [INFO ]     Allocation: area_weighted_fallback, 10 target precincts
[2026-03-05T09:01:46.360Z] [STEP ] START  -> SANITY/Sheet1
[2026-03-05T09:01:46.360Z] [INFO ]   SANITY [OK] Non-empty model: 10 rows
[2026-03-05T09:01:46.360Z] [STEP ] DONE   [OK] SANITY/Sheet1 (0.11s)
[2026-03-05T09:01:46.360Z] [STEP ] START  -> BUILD_MODEL/Sheet1
[2026-03-05T09:01:46.369Z] [STEP ] DONE   [OK] BUILD_MODEL/Sheet1 (0.118s)
[2026-03-05T09:01:46.369Z] [STEP ] DONE   [OK] ALLOCATE_VOTES (0.118s)
[2026-03-05T09:01:46.369Z] [STEP ] START  -> FEATURE_ENGINEERING
[2026-03-05T09:01:46.369Z] [WARN ] Voter file not found at C:\Users\Mathew C\Campaign In A Box\voters\CA\Sonoma\voters.csv
[2026-03-05T09:01:46.380Z] [STEP ] DONE   [OK] FEATURE_ENGINEERING (0.129s)
[2026-03-05T09:01:46.380Z] [STEP ] START  -> UNIVERSE_BUILDING
[2026-03-05T09:01:46.391Z] [STEP ] DONE   [OK] UNIVERSE_BUILDING (0.141s)
[2026-03-05T09:01:46.392Z] [STEP ] START  -> SCORING_V2
[2026-03-05T09:01:46.397Z] [INFO ] [Scoring] Computing v2 scores...
[2026-03-05T09:01:46.402Z] [STEP ] DONE   [OK] SCORING_V2 (0.151s)
[2026-03-05T09:01:46.402Z] [STEP ] START  -> FORECASTING
