[2026-03-09T22:29:41.563Z] [INFO] ========================================================================
  Campaign In A Box — Pipeline Run
  RUN_ID  : 2026-03-09__152941__9b8da56e__msi
  Started : 2026-03-09T22:29:41.563038+00:00
========================================================================
[2026-03-09T22:29:41.563Z] [INFO ] Pipeline v2 starting
[2026-03-09T22:29:41.563Z] [INFO ]   state=CA  county=Sonoma  year=2025  contest_slug=prop_50_special
[2026-03-09T22:29:41.563Z] [INFO ]   membership_method=auto  log_level=verbose
[2026-03-09T22:29:41.566Z] [STEP ] SKIP   [SKIP] INGEST_STAGING -- No --staging-dir provided; skipping ingestion
[2026-03-09T22:29:41.566Z] [STEP ] START  -> SCAFFOLD_BOUNDARY_INDEX
[2026-03-09T22:29:41.567Z] [INFO ]   Boundary index exists: C:\Users\Mathew C\Campaign In A Box\data\CA\counties\Sonoma\geography\boundary_index\boundaries_index.csv
[2026-03-09T22:29:41.568Z] [WARN ]   Boundary index scaffolded (no boundary files found yet)
[2026-03-09T22:29:41.568Z] [INFO ]   output: C:\Users\Mathew C\Campaign In A Box\data\CA\counties\Sonoma\geography\boundary_index\boundaries_index.csv  [sha256:b4dff0e71c42...]
[2026-03-09T22:29:41.568Z] [STEP ] DONE   [OK] SCAFFOLD_BOUNDARY_INDEX (0.006s)
[2026-03-09T22:29:41.568Z] [STEP ] START  -> VALIDATE_GEOGRAPHY
[2026-03-09T22:29:41.568Z] [INFO ]   expected: data/CA/counties/Sonoma/geography/precinct_shapes/
[2026-03-09T22:29:41.568Z] [INFO ]   expected: data/CA/counties/Sonoma/geography/crosswalks/
[2026-03-09T22:29:41.568Z] [INFO ]   [present] MPREC GeoJSON
[2026-03-09T22:29:41.569Z] [INFO ]   [present] MPREC GeoPackage
[2026-03-09T22:29:41.569Z] [INFO ]   [present] MPREC Shapefile
[2026-03-09T22:29:41.569Z] [INFO ]   [present] SRPREC GeoJSON
[2026-03-09T22:29:41.570Z] [INFO ]   [present] SRPREC GeoPackage
[2026-03-09T22:29:41.570Z] [INFO ]   [present] SRPREC Shapefile
[2026-03-09T22:29:41.571Z] [INFO ]   [present] 2020 BLK TO MPREC
[2026-03-09T22:29:41.571Z] [INFO ]   [present] RGPREC TO 2020 BLK
[2026-03-09T22:29:41.571Z] [INFO ]   [present] SRPREC TO 2020 BLK
[2026-03-09T22:29:41.571Z] [INFO ]   [present] RG to RR to SR to SVPREC
[2026-03-09T22:29:41.572Z] [INFO ]   [present] MPREC to SRPREC
[2026-03-09T22:29:41.572Z] [INFO ]   [present] SRPREC to CITY
[2026-03-09T22:29:41.572Z] [INFO ] Geography validation: 12/12 present, canonical=MPREC
[2026-03-09T22:29:41.572Z] [STEP ] DONE   [OK] VALIDATE_GEOGRAPHY (0.009s)
[2026-03-09T22:29:41.572Z] [STEP ] START  -> VALIDATE_VOTES
[2026-03-09T22:29:41.572Z] [INFO ]   expected: votes/2025/CA/Sonoma/prop_50_special/detail.xlsx
[2026-03-09T22:29:41.572Z] [INFO ]   input: detail.xlsx -> C:\Users\Mathew C\Campaign In A Box\data\CA\counties\Sonoma\votes\2025\prop_50_special\detail.xlsx  [sha256:1028d97deafd]
[2026-03-09T22:29:41.573Z] [INFO ]   input: detail.xlsx -> C:\Users\Mathew C\Campaign In A Box\data\CA\counties\Sonoma\votes\2025\prop_50_special\detail.xlsx  [sha256:1028d97deafd...]
[2026-03-09T22:29:41.573Z] [STEP ] DONE   [OK] VALIDATE_VOTES (0.01s)
[2026-03-09T22:29:41.573Z] [STEP ] START  -> LOAD_GEOMETRY
[2026-03-09T22:29:41.573Z] [INFO ]   expected: MPREC preferred; SRPREC fallback
[2026-03-09T22:29:41.573Z] [WARN ] geopandas not installed; found C:\Users\Mathew C\Campaign In A Box\data\CA\counties\Sonoma\geography\precinct_shapes\MPREC_GeoJSON\mprec_097_g24_v01.geojson but cannot load
[2026-03-09T22:29:41.573Z] [STEP ] SKIP   [SKIP] LOAD_GEOMETRY -- No usable geometry (geopandas unavailable or files missing)
[2026-03-09T22:29:41.573Z] [WARN ]   NEED: geopandas_library [missing] -- blocks: geometry_load, kepler_export
[2026-03-09T22:29:41.573Z] [STEP ] START  -> LOAD_CROSSWALKS
[2026-03-09T22:29:41.597Z] [WARN ] Cannot detect source/target columns in blk_mprec_097_g24_v01.csv: ['block', 'mprec', 'pct_block']
[2026-03-09T22:29:41.619Z] [WARN ] Cannot detect source/target columns in blk_mprec_097_g24_v01.csv: ['block', 'mprec', 'pct_block']
[2026-03-09T22:29:41.757Z] [INFO ]   [CROSSWALKS] Discovered 4/6 crosswalks
[2026-03-09T22:29:41.757Z] [STEP ] SKIP   [SKIP] LOAD_CROSSWALKS -- No crosswalk files; using identity mapping
[2026-03-09T22:29:41.757Z] [STEP ] START  -> SCAFFOLD_CONTEST_JSON
[2026-03-09T22:29:41.758Z] [INFO ]   output: C:\Users\Mathew C\Campaign In A Box\votes\2025\CA\Sonoma\prop_50_special\contest.json  [sha256:fa4e21ac784e...]
[2026-03-09T22:29:41.759Z] [STEP ] DONE   [OK] SCAFFOLD_CONTEST_JSON (0.196s)
[2026-03-09T22:29:41.759Z] [STEP ] START  -> PARSE_CONTEST
[2026-03-09T22:29:41.759Z] [INFO ]   expected: Detect sheet types; aggregate vote methods
[2026-03-09T22:29:41.865Z] [INFO ] Parsing sheet: '2'
[2026-03-09T22:29:41.866Z] [INFO ]   parse_contest_sheet: title='Timber Cove County Water District ( 3)' type=candidate_race prec_col='unnamed_0' choice_cols=['JOHN D. REA', 'JOHN F. GRAY', 'JESS WEBER', 'ROBERT LEICHTNER', 'Write-in'] rows=3
[2026-03-09T22:29:41.872Z] [INFO ]   -> 2 precincts, type=candidate_race
[2026-03-09T22:29:41.873Z] [INFO ] Parsing sheet: '3'
[2026-03-09T22:29:41.875Z] [INFO ]   parse_contest_sheet: title='Proposition 50 - Special State Measure Redistricting ( 1)' type=ballot_measure prec_col='Precinct' choice_cols=['yes_votes', 'no_votes'] rows=391
[2026-03-09T22:29:41.879Z] [INFO ]   -> 390 precincts, type=ballot_measure
[2026-03-09T22:29:41.879Z] [INFO ] Parsing sheet: '4'
[2026-03-09T22:29:41.881Z] [INFO ]   parse_contest_sheet: title='Measure I - Petaluma Joint Union High School District Parcel Tax - 2/3 Vote To Pass ( 1)' type=ballot_measure prec_col='Precinct' choice_cols=['yes_votes', 'no_votes'] rows=56
[2026-03-09T22:29:41.885Z] [INFO ]   -> 55 precincts, type=ballot_measure
[2026-03-09T22:29:41.886Z] [STEP ] DONE   [OK] PARSE_CONTEST (0.324s)
[2026-03-09T22:29:41.886Z] [INFO ] Contest Mode: CANDIDATE (Inferred CANDIDATE (found candidate_race headers))
[2026-03-09T22:29:41.887Z] [INFO ] [PATHWAY] contest_mode=candidate  contest_mode_reason=Inferred CANDIDATE (found candidate_race headers)
[2026-03-09T22:29:41.887Z] [STEP ] START  -> ALLOCATE_VOTES
[2026-03-09T22:29:41.887Z] [INFO ]   Sheet '2': 2 precincts, type=candidate_race
[2026-03-09T22:29:41.887Z] [INFO ]     Allocation: area_weighted_fallback, 2 target precincts
[2026-03-09T22:29:41.887Z] [STEP ] START  -> NORMALIZE_SCHEMA/2
[2026-03-09T22:29:41.887Z] [INFO ]   [SCHEMA] 'MPREC_ID' → 'canonical_precinct_id'
[2026-03-09T22:29:41.888Z] [INFO ]   [SCHEMA] 'Registered' → 'registered'
[2026-03-09T22:29:41.888Z] [INFO ]   [SCHEMA] 'BallotsCast' → 'ballots_cast'
[2026-03-09T22:29:41.891Z] [STEP ] DONE   [OK] NORMALIZE_SCHEMA/2 (0.328s)
[2026-03-09T22:29:41.891Z] [STEP ] START  -> SANITY/2
[2026-03-09T22:29:41.891Z] [INFO ]   SANITY [OK] Non-empty model: 2 rows
[2026-03-09T22:29:41.891Z] [STEP ] DONE   [OK] SANITY/2 (0.328s)
[2026-03-09T22:29:41.891Z] [STEP ] START  -> BUILD_MODEL/2
[2026-03-09T22:29:41.897Z] [STEP ] DONE   [OK] BUILD_MODEL/2 (0.335s)
[2026-03-09T22:29:41.897Z] [INFO ]   Sheet '3': 390 precincts, type=ballot_measure
[2026-03-09T22:29:41.897Z] [INFO ]     Allocation: area_weighted_fallback, 390 target precincts
[2026-03-09T22:29:41.898Z] [STEP ] START  -> NORMALIZE_SCHEMA/3
[2026-03-09T22:29:41.898Z] [INFO ]   [SCHEMA] 'MPREC_ID' → 'canonical_precinct_id'
[2026-03-09T22:29:41.898Z] [INFO ]   [SCHEMA] 'Registered' → 'registered'
[2026-03-09T22:29:41.898Z] [INFO ]   [SCHEMA] 'BallotsCast' → 'ballots_cast'
[2026-03-09T22:29:41.902Z] [STEP ] DONE   [OK] NORMALIZE_SCHEMA/3 (0.339s)
[2026-03-09T22:29:41.902Z] [STEP ] START  -> SANITY/3
[2026-03-09T22:29:41.902Z] [INFO ]   SANITY [OK] Non-empty model: 390 rows
[2026-03-09T22:29:41.902Z] [STEP ] DONE   [OK] SANITY/3 (0.34s)
[2026-03-09T22:29:41.902Z] [STEP ] START  -> BUILD_MODEL/3
[2026-03-09T22:29:41.911Z] [STEP ] DONE   [OK] BUILD_MODEL/3 (0.348s)
[2026-03-09T22:29:41.911Z] [INFO ]   Sheet '4': 55 precincts, type=ballot_measure
[2026-03-09T22:29:41.911Z] [INFO ]     Allocation: area_weighted_fallback, 55 target precincts
[2026-03-09T22:29:41.911Z] [STEP ] START  -> NORMALIZE_SCHEMA/4
[2026-03-09T22:29:41.911Z] [INFO ]   [SCHEMA] 'MPREC_ID' → 'canonical_precinct_id'
[2026-03-09T22:29:41.912Z] [INFO ]   [SCHEMA] 'Registered' → 'registered'
[2026-03-09T22:29:41.912Z] [INFO ]   [SCHEMA] 'BallotsCast' → 'ballots_cast'
[2026-03-09T22:29:41.916Z] [STEP ] DONE   [OK] NORMALIZE_SCHEMA/4 (0.353s)
[2026-03-09T22:29:41.916Z] [STEP ] START  -> SANITY/4
[2026-03-09T22:29:41.916Z] [INFO ]   SANITY [OK] Non-empty model: 55 rows
[2026-03-09T22:29:41.916Z] [STEP ] DONE   [OK] SANITY/4 (0.353s)
[2026-03-09T22:29:41.916Z] [STEP ] START  -> BUILD_MODEL/4
[2026-03-09T22:29:41.924Z] [STEP ] DONE   [OK] BUILD_MODEL/4 (0.361s)
[2026-03-09T22:29:41.924Z] [STEP ] DONE   [OK] ALLOCATE_VOTES (0.361s)
[2026-03-09T22:29:41.924Z] [STEP ] START  -> INTEGRITY_ENFORCEMENT
[2026-03-09T22:29:41.926Z] [WARN ]   [INTEGRITY] 1 precinct(s) CRITICAL — registered=0 but ballots>0. Indicates data extraction issue.
[2026-03-09T22:29:41.989Z] [INFO ]   [INTEGRITY] All 390 precincts pass constraints — no repairs needed
[2026-03-09T22:29:42.000Z] [INFO ]   [INTEGRITY] All 55 precincts pass constraints — no repairs needed
[2026-03-09T22:29:42.001Z] [STEP ] DONE   [OK] INTEGRITY_ENFORCEMENT (0.439s)
[2026-03-09T22:29:42.001Z] [STEP ] START  -> FEATURE_ENGINEERING
[2026-03-09T22:29:42.001Z] [WARN ] Voter file not found at C:\Users\Mathew C\Campaign In A Box\voters\CA\Sonoma\voters.csv
[2026-03-09T22:29:42.026Z] [STEP ] DONE   [OK] FEATURE_ENGINEERING (0.464s)
[2026-03-09T22:29:42.026Z] [STEP ] START  -> UNIVERSE_BUILDING
[2026-03-09T22:29:42.062Z] [STEP ] DONE   [OK] UNIVERSE_BUILDING (0.499s)
[2026-03-09T22:29:42.062Z] [STEP ] START  -> SCORING_V2
[2026-03-09T22:29:42.067Z] [INFO ] [Scoring] Computing v2 scores...
[2026-03-09T22:29:42.075Z] [INFO ] [Scoring] Computing v2 scores...
[2026-03-09T22:29:42.083Z] [INFO ] [Scoring] Computing v2 scores...
[2026-03-09T22:29:42.087Z] [STEP ] DONE   [OK] SCORING_V2 (0.524s)
[2026-03-09T22:29:42.087Z] [STEP ] START  -> REGION_CLUSTERING
[2026-03-09T22:29:42.087Z] [WARN ]   Centroids missing; fallback to political-only clustering
[2026-03-09T22:29:42.093Z] [WARN ]   Centroids missing; fallback to political-only clustering
[2026-03-09T22:29:42.103Z] [WARN ]   Centroids missing; fallback to political-only clustering
[2026-03-09T22:29:42.111Z] [STEP ] DONE   [OK] REGION_CLUSTERING (0.548s)
[2026-03-09T22:29:42.111Z] [STEP ] START  -> FIELD_PLANNING
[2026-03-09T22:29:42.126Z] [STEP ] DONE   [OK] FIELD_PLANNING (0.563s)
[2026-03-09T22:29:42.126Z] [STEP ] START  -> SIMULATION
[2026-03-09T22:29:42.128Z] [STEP ] DONE   [OK] SIMULATION (0.565s)
[2026-03-09T22:29:42.128Z] [STEP ] START  -> VOTER_UNIVERSE_EXPORT
[2026-03-09T22:29:42.128Z] [STEP ] SKIP   [SKIP] VOTER_UNIVERSE_EXPORT -- No voter file present
[2026-03-09T22:29:42.128Z] [STEP ] START  -> FORECAST_GENERATION
[2026-03-09T22:29:42.167Z] [STEP ] DONE   [OK] FORECAST_GENERATION (0.605s)
[2026-03-09T22:29:42.167Z] [STEP ] START  -> TURF_GENERATION
[2026-03-09T22:29:42.275Z] [STEP ] DONE   [OK] TURF_GENERATION (0.713s)
[2026-03-09T22:29:42.275Z] [STEP ] START  -> EXPORT_V2_OUTPUTS
[2026-03-09T22:29:42.277Z] [WARN ] [DEPS] Optional package 'geopandas' is not installed. Feature 'kepler_export' will be skipped. To enable: `pip install geopandas  # or: uv add geopandas`
[2026-03-09T22:29:42.294Z] [INFO ] [KEPLER] Skipped: geopandas not installed
[2026-03-09T22:29:42.302Z] [INFO ]   Generated turf packs in C:\Users\Mathew C\Campaign In A Box\derived\turfs\CA\Sonoma\Sonoma_2025_prop_50_special__2\2026-03-09__152941__9b8da56e__msi__turf_packs
[2026-03-09T22:29:42.318Z] [WARN ] [DEPS] Optional package 'geopandas' is not installed. Feature 'kepler_export' will be skipped. To enable: `pip install geopandas  # or: uv add geopandas`
[2026-03-09T22:29:42.337Z] [INFO ] [KEPLER] Skipped: geopandas not installed
[2026-03-09T22:29:42.904Z] [INFO ]   Generated turf packs in C:\Users\Mathew C\Campaign In A Box\derived\turfs\CA\Sonoma\Sonoma_2025_prop_50_special__3\2026-03-09__152941__9b8da56e__msi__turf_packs
[2026-03-09T22:29:42.922Z] [WARN ] [DEPS] Optional package 'geopandas' is not installed. Feature 'kepler_export' will be skipped. To enable: `pip install geopandas  # or: uv add geopandas`
[2026-03-09T22:29:42.942Z] [INFO ] [KEPLER] Skipped: geopandas not installed
[2026-03-09T22:29:43.033Z] [INFO ]   Generated turf packs in C:\Users\Mathew C\Campaign In A Box\derived\turfs\CA\Sonoma\Sonoma_2025_prop_50_special__4\2026-03-09__152941__9b8da56e__msi__turf_packs
[2026-03-09T22:29:43.041Z] [STEP ] DONE   [OK] EXPORT_V2_OUTPUTS (1.479s)
[2026-03-09T22:29:43.041Z] [STEP ] START  -> DIAGNOSTICS
