[2026-03-05T10:53:09.067Z] [INFO] ========================================================================
  Campaign In A Box — Pipeline Run
  RUN_ID  : 2026-03-05__025309__521cfe43__msi
  Started : 2026-03-05T10:53:09.066193+00:00
========================================================================
[2026-03-05T10:53:09.067Z] [INFO ] Pipeline v2 starting
[2026-03-05T10:53:09.067Z] [INFO ]   state=CA  county=Sonoma  year=2024  contest_slug=nov2024_general
[2026-03-05T10:53:09.067Z] [INFO ]   membership_method=auto  log_level=verbose
[2026-03-05T10:53:09.071Z] [STEP ] SKIP   [SKIP] INGEST_STAGING -- No --staging-dir provided; skipping ingestion
[2026-03-05T10:53:09.071Z] [STEP ] START  -> SCAFFOLD_BOUNDARY_INDEX
[2026-03-05T10:53:09.071Z] [INFO ]   Boundary index exists: C:\Users\Mathew C\Campaign In A Box\data\CA\counties\Sonoma\geography\boundary_index\boundaries_index.csv
[2026-03-05T10:53:09.073Z] [WARN ]   Boundary index scaffolded (no boundary files found yet)
[2026-03-05T10:53:09.075Z] [INFO ]   output: C:\Users\Mathew C\Campaign In A Box\data\CA\counties\Sonoma\geography\boundary_index\boundaries_index.csv  [sha256:b4dff0e71c42...]
[2026-03-05T10:53:09.075Z] [STEP ] DONE   [OK] SCAFFOLD_BOUNDARY_INDEX (0.009s)
[2026-03-05T10:53:09.075Z] [STEP ] START  -> VALIDATE_GEOGRAPHY
[2026-03-05T10:53:09.075Z] [INFO ]   expected: data/CA/counties/Sonoma/geography/precinct_shapes/
[2026-03-05T10:53:09.075Z] [INFO ]   expected: data/CA/counties/Sonoma/geography/crosswalks/
[2026-03-05T10:53:09.076Z] [INFO ]   [present] MPREC GeoJSON
[2026-03-05T10:53:09.076Z] [INFO ]   [present] MPREC GeoPackage
[2026-03-05T10:53:09.076Z] [INFO ]   [present] MPREC Shapefile
[2026-03-05T10:53:09.076Z] [INFO ]   [present] SRPREC GeoJSON
[2026-03-05T10:53:09.077Z] [INFO ]   [present] SRPREC GeoPackage
[2026-03-05T10:53:09.077Z] [INFO ]   [present] SRPREC Shapefile
[2026-03-05T10:53:09.077Z] [INFO ]   [present] 2020 BLK TO MPREC
[2026-03-05T10:53:09.078Z] [INFO ]   [present] RGPREC TO 2020 BLK
[2026-03-05T10:53:09.078Z] [INFO ]   [present] SRPREC TO 2020 BLK
[2026-03-05T10:53:09.078Z] [INFO ]   [present] RG to RR to SR to SVPREC
[2026-03-05T10:53:09.078Z] [INFO ]   [present] MPREC to SRPREC
[2026-03-05T10:53:09.078Z] [INFO ]   [present] SRPREC to CITY
[2026-03-05T10:53:09.079Z] [INFO ] Geography validation: 12/12 present, canonical=MPREC
[2026-03-05T10:53:09.079Z] [STEP ] DONE   [OK] VALIDATE_GEOGRAPHY (0.013s)
[2026-03-05T10:53:09.079Z] [STEP ] START  -> VALIDATE_VOTES
[2026-03-05T10:53:09.079Z] [INFO ]   expected: votes/2024/CA/Sonoma/nov2024_general/detail.xlsx
[2026-03-05T10:53:09.079Z] [INFO ]   [present] votes: C:\Users\Mathew C\Campaign In A Box\votes\2024\CA\Sonoma\nov2024_general\detail.xlsx
[2026-03-05T10:53:09.080Z] [INFO ]   input: detail.xlsx -> C:\Users\Mathew C\Campaign In A Box\votes\2024\CA\Sonoma\nov2024_general\detail.xlsx  [sha256:157048233934...]
[2026-03-05T10:53:09.080Z] [STEP ] DONE   [OK] VALIDATE_VOTES (0.014s)
[2026-03-05T10:53:09.080Z] [STEP ] START  -> LOAD_GEOMETRY
[2026-03-05T10:53:09.080Z] [INFO ]   expected: MPREC preferred; SRPREC fallback
[2026-03-05T10:53:09.081Z] [WARN ] geopandas not installed; found C:\Users\Mathew C\Campaign In A Box\data\CA\counties\Sonoma\geography\precinct_shapes\MPREC_GeoJSON\mprec_097_g24_v01.geojson but cannot load
[2026-03-05T10:53:09.081Z] [STEP ] SKIP   [SKIP] LOAD_GEOMETRY -- No usable geometry (geopandas unavailable or files missing)
[2026-03-05T10:53:09.081Z] [WARN ]   NEED: geopandas_library [missing] -- blocks: geometry_load, kepler_export
[2026-03-05T10:53:09.081Z] [STEP ] START  -> LOAD_CROSSWALKS
[2026-03-05T10:53:09.107Z] [WARN ] Cannot detect source/target columns in blk_mprec_097_g24_v01.csv: ['block', 'mprec', 'pct_block']
[2026-03-05T10:53:09.129Z] [WARN ] Cannot detect source/target columns in blk_mprec_097_g24_v01.csv: ['block', 'mprec', 'pct_block']
[2026-03-05T10:53:09.251Z] [INFO ]   [CROSSWALKS] Discovered 4/6 crosswalks
[2026-03-05T10:53:09.252Z] [STEP ] SKIP   [SKIP] LOAD_CROSSWALKS -- No crosswalk files; using identity mapping
[2026-03-05T10:53:09.252Z] [STEP ] START  -> SCAFFOLD_CONTEST_JSON
[2026-03-05T10:53:09.261Z] [INFO ]   output: C:\Users\Mathew C\Campaign In A Box\votes\2024\CA\Sonoma\nov2024_general\contest.json  [sha256:1e484d2b9671...]
[2026-03-05T10:53:09.261Z] [STEP ] DONE   [OK] SCAFFOLD_CONTEST_JSON (0.195s)
[2026-03-05T10:53:09.261Z] [STEP ] START  -> PARSE_CONTEST
[2026-03-05T10:53:09.261Z] [INFO ]   expected: Detect sheet types; aggregate vote methods
[2026-03-05T10:53:09.274Z] [INFO ] Parsing sheet: 'Sheet1'
[2026-03-05T10:53:09.290Z] [INFO ]   -> 10 precincts, type=ballot_measure
[2026-03-05T10:53:09.292Z] [STEP ] DONE   [OK] PARSE_CONTEST (0.226s)
[2026-03-05T10:53:09.292Z] [INFO ] Contest Mode: MEASURE (Inferred MEASURE (found YES/NO headers))
