[2026-03-14T07:14:50.602Z] [INFO] ========================================================================
  Campaign In A Box — Pipeline Run
  RUN_ID  : 2026-03-14__001450__25f8d317__msi
  Started : 2026-03-14T07:14:50.601844+00:00
========================================================================
[2026-03-14T07:14:50.602Z] [INFO ] Pipeline v2 starting
[2026-03-14T07:14:50.602Z] [INFO ]   state=CA  county=Sonoma  year=2024  contest_slug=prop_50_special
[2026-03-14T07:14:50.602Z] [INFO ]   membership_method=auto  log_level=verbose
[2026-03-14T07:14:50.657Z] [STEP ] START  -> DATA_INTAKE_ANALYSIS
[2026-03-14T07:14:50.667Z] [WARN ] DATA_INTAKE_ANALYSIS error: 'str' object has no attribute 'get'
[2026-03-14T07:14:50.667Z] [STEP ] SKIP   [SKIP] DATA_INTAKE_ANALYSIS -- 'str' object has no attribute 'get'
[2026-03-14T07:14:50.667Z] [STEP ] SKIP   [SKIP] INGEST_STAGING -- No --staging-dir provided; skipping ingestion
[2026-03-14T07:14:50.667Z] [INFO ] === Processing County: Sonoma ===
[2026-03-14T07:14:50.667Z] [STEP ] START  -> SCAFFOLD_BOUNDARY_INDEX_Sonoma
[2026-03-14T07:14:50.667Z] [INFO ]   Boundary index exists: C:\Users\Mathew C\Campaign In A Box\data\CA\counties\Sonoma\geography\boundary_index\boundaries_index.csv
[2026-03-14T07:14:50.669Z] [WARN ]   Boundary index scaffolded (no boundary files found yet)
[2026-03-14T07:14:50.669Z] [INFO ]   output: C:\Users\Mathew C\Campaign In A Box\data\CA\counties\Sonoma\geography\boundary_index\boundaries_index.csv  [sha256:b4dff0e71c42...]
[2026-03-14T07:14:50.669Z] [STEP ] DONE   [OK] SCAFFOLD_BOUNDARY_INDEX_Sonoma (0.068s)
[2026-03-14T07:14:50.669Z] [STEP ] START  -> VALIDATE_GEOGRAPHY
[2026-03-14T07:14:50.669Z] [INFO ]   expected: data/CA/counties/Sonoma/geography/precinct_shapes/
[2026-03-14T07:14:50.670Z] [INFO ]   expected: data/CA/counties/Sonoma/geography/crosswalks/
[2026-03-14T07:14:50.670Z] [INFO ]   [present] MPREC GeoJSON
[2026-03-14T07:14:50.670Z] [INFO ]   [present] MPREC GeoPackage
[2026-03-14T07:14:50.670Z] [INFO ]   [present] MPREC Shapefile
[2026-03-14T07:14:50.671Z] [INFO ]   [present] SRPREC GeoJSON
[2026-03-14T07:14:50.671Z] [INFO ]   [present] SRPREC GeoPackage
[2026-03-14T07:14:50.671Z] [INFO ]   [present] SRPREC Shapefile
[2026-03-14T07:14:50.672Z] [INFO ]   [present] 2020 BLK TO MPREC
[2026-03-14T07:14:50.672Z] [INFO ]   [present] RGPREC TO 2020 BLK
[2026-03-14T07:14:50.672Z] [INFO ]   [present] SRPREC TO 2020 BLK
[2026-03-14T07:14:50.672Z] [INFO ]   [present] RG to RR to SR to SVPREC
[2026-03-14T07:14:50.672Z] [INFO ]   [present] MPREC to SRPREC
[2026-03-14T07:14:50.673Z] [INFO ]   [present] SRPREC to CITY
[2026-03-14T07:14:50.673Z] [INFO ] Geography validation: 12/12 present, canonical=MPREC
[2026-03-14T07:14:50.673Z] [STEP ] DONE   [OK] VALIDATE_GEOGRAPHY (0.071s)
[2026-03-14T07:14:50.673Z] [STEP ] START  -> VALIDATE_VOTES
[2026-03-14T07:14:50.673Z] [INFO ]   expected: votes/2024/CA/Sonoma/prop_50_special/detail.xlsx
[2026-03-14T07:14:50.673Z] [WARN ]   [missing] votes: no detail.xlsx/xls in any of: ['C:\\Users\\Mathew C\\Campaign In A Box\\data\\CA\\counties\\Sonoma\\votes\\2024\\prop_50_special', 'C:\\Users\\Mathew C\\Campaign In A Box\\votes\\2024\\CA\\Sonoma\\prop_50_special']
[2026-03-14T07:14:50.673Z] [WARN ]   NEED: detail.xlsx [missing] -- blocks: parse_contest, allocate_votes, export_model
[2026-03-14T07:14:50.673Z] [STEP ] SKIP   [SKIP] VALIDATE_VOTES -- blocked: missing votes — detail.xlsx not found
[2026-03-14T07:14:50.673Z] [INFO ] ========================================================================
  Run complete — PARTIAL  elapsed: 0.072s
========================================================================
