[2026-03-10T23:10:40.293Z] [INFO] ========================================================================
  Campaign In A Box — Pipeline Run
  RUN_ID  : 2026-03-10__161040__fddf01a4__msi
  Started : 2026-03-10T23:10:40.292450+00:00
========================================================================
[2026-03-10T23:10:40.293Z] [INFO ] Pipeline v2 starting
[2026-03-10T23:10:40.293Z] [INFO ]   state=CA  county=Sonoma  year=2024  contest_slug=prop_50_special
[2026-03-10T23:10:40.293Z] [INFO ]   membership_method=auto  log_level=verbose
[2026-03-10T23:10:40.348Z] [STEP ] SKIP   [SKIP] INGEST_STAGING -- No --staging-dir provided; skipping ingestion
[2026-03-10T23:10:40.348Z] [STEP ] START  -> SCAFFOLD_BOUNDARY_INDEX
[2026-03-10T23:10:40.348Z] [INFO ]   Boundary index exists: C:\Users\Mathew C\Campaign In A Box\data\CA\counties\Sonoma\geography\boundary_index\boundaries_index.csv
[2026-03-10T23:10:40.350Z] [WARN ]   Boundary index scaffolded (no boundary files found yet)
[2026-03-10T23:10:40.350Z] [INFO ]   output: C:\Users\Mathew C\Campaign In A Box\data\CA\counties\Sonoma\geography\boundary_index\boundaries_index.csv  [sha256:b4dff0e71c42...]
[2026-03-10T23:10:40.350Z] [STEP ] DONE   [OK] SCAFFOLD_BOUNDARY_INDEX (0.058s)
[2026-03-10T23:10:40.350Z] [STEP ] START  -> VALIDATE_GEOGRAPHY
[2026-03-10T23:10:40.350Z] [INFO ]   expected: data/CA/counties/Sonoma/geography/precinct_shapes/
[2026-03-10T23:10:40.350Z] [INFO ]   expected: data/CA/counties/Sonoma/geography/crosswalks/
[2026-03-10T23:10:40.351Z] [INFO ]   [present] MPREC GeoJSON
[2026-03-10T23:10:40.351Z] [INFO ]   [present] MPREC GeoPackage
[2026-03-10T23:10:40.354Z] [INFO ]   [present] MPREC Shapefile
[2026-03-10T23:10:40.354Z] [INFO ]   [present] SRPREC GeoJSON
[2026-03-10T23:10:40.355Z] [INFO ]   [present] SRPREC GeoPackage
[2026-03-10T23:10:40.356Z] [INFO ]   [present] SRPREC Shapefile
[2026-03-10T23:10:40.357Z] [INFO ]   [present] 2020 BLK TO MPREC
[2026-03-10T23:10:40.357Z] [INFO ]   [present] RGPREC TO 2020 BLK
[2026-03-10T23:10:40.357Z] [INFO ]   [present] SRPREC TO 2020 BLK
[2026-03-10T23:10:40.358Z] [INFO ]   [present] RG to RR to SR to SVPREC
[2026-03-10T23:10:40.358Z] [INFO ]   [present] MPREC to SRPREC
[2026-03-10T23:10:40.358Z] [INFO ]   [present] SRPREC to CITY
[2026-03-10T23:10:40.358Z] [INFO ] Geography validation: 12/12 present, canonical=MPREC
[2026-03-10T23:10:40.358Z] [STEP ] DONE   [OK] VALIDATE_GEOGRAPHY (0.066s)
[2026-03-10T23:10:40.358Z] [STEP ] START  -> VALIDATE_VOTES
[2026-03-10T23:10:40.358Z] [INFO ]   expected: votes/2024/CA/Sonoma/prop_50_special/detail.xlsx
[2026-03-10T23:10:40.359Z] [WARN ]   [missing] votes: no detail.xlsx/xls in any of: ['C:\\Users\\Mathew C\\Campaign In A Box\\data\\CA\\counties\\Sonoma\\votes\\2024\\prop_50_special', 'C:\\Users\\Mathew C\\Campaign In A Box\\votes\\2024\\CA\\Sonoma\\prop_50_special']
[2026-03-10T23:10:40.359Z] [WARN ]   NEED: detail.xlsx [missing] -- blocks: parse_contest, allocate_votes, export_model
[2026-03-10T23:10:40.359Z] [STEP ] SKIP   [SKIP] VALIDATE_VOTES -- blocked: missing votes — detail.xlsx not found
[2026-03-10T23:10:40.359Z] [INFO ] ========================================================================
  Run complete — PARTIAL  elapsed: 0.067s
========================================================================
