[2026-03-05T08:41:10.807Z] [INFO] ========================================================================
  Campaign In A Box — Pipeline Run
  RUN_ID  : 2026-03-05__004110__0d822f43__msi
  Started : 2026-03-05T08:41:10.806817+00:00
========================================================================
[2026-03-05T08:41:10.807Z] [INFO ] Pipeline v2 starting
[2026-03-05T08:41:10.807Z] [INFO ]   state=CA  county=Sonoma  year=2024  contest_slug=nov2024_general
[2026-03-05T08:41:10.807Z] [INFO ]   membership_method=auto  log_level=verbose
[2026-03-05T08:41:10.809Z] [STEP ] SKIP   [SKIP] INGEST_STAGING -- No --staging-dir provided; skipping ingestion
[2026-03-05T08:41:10.809Z] [STEP ] START  -> SCAFFOLD_BOUNDARY_INDEX
[2026-03-05T08:41:10.809Z] [INFO ]   Boundary index exists: C:\Users\Mathew C\Campaign In A Box\data\CA\counties\Sonoma\geography\boundary_index\boundaries_index.csv
[2026-03-05T08:41:10.811Z] [WARN ]   Boundary index scaffolded (no boundary files found yet)
[2026-03-05T08:41:10.812Z] [INFO ]   output: C:\Users\Mathew C\Campaign In A Box\data\CA\counties\Sonoma\geography\boundary_index\boundaries_index.csv  [sha256:b4dff0e71c42...]
[2026-03-05T08:41:10.812Z] [STEP ] DONE   [OK] SCAFFOLD_BOUNDARY_INDEX (0.006s)
[2026-03-05T08:41:10.812Z] [STEP ] START  -> VALIDATE_GEOGRAPHY
[2026-03-05T08:41:10.812Z] [INFO ]   expected: data/CA/counties/Sonoma/geography/precinct_shapes/
[2026-03-05T08:41:10.812Z] [INFO ]   expected: data/CA/counties/Sonoma/geography/crosswalks/
[2026-03-05T08:41:10.812Z] [INFO ]   [present] MPREC GeoJSON
[2026-03-05T08:41:10.813Z] [INFO ]   [present] MPREC GeoPackage
[2026-03-05T08:41:10.813Z] [INFO ]   [present] MPREC Shapefile
[2026-03-05T08:41:10.813Z] [INFO ]   [present] SRPREC GeoJSON
[2026-03-05T08:41:10.813Z] [INFO ]   [present] SRPREC GeoPackage
[2026-03-05T08:41:10.814Z] [INFO ]   [present] SRPREC Shapefile
[2026-03-05T08:41:10.814Z] [INFO ]   [present] 2020 BLK TO MPREC
[2026-03-05T08:41:10.814Z] [INFO ]   [present] RGPREC TO 2020 BLK
[2026-03-05T08:41:10.815Z] [INFO ]   [present] SRPREC TO 2020 BLK
[2026-03-05T08:41:10.815Z] [INFO ]   [present] RG to RR to SR to SVPREC
[2026-03-05T08:41:10.815Z] [INFO ]   [present] MPREC to SRPREC
[2026-03-05T08:41:10.816Z] [INFO ]   [present] SRPREC to CITY
[2026-03-05T08:41:10.816Z] [INFO ] Geography validation: 12/12 present, canonical=MPREC
[2026-03-05T08:41:10.816Z] [STEP ] DONE   [OK] VALIDATE_GEOGRAPHY (0.009s)
[2026-03-05T08:41:10.816Z] [STEP ] START  -> VALIDATE_VOTES
[2026-03-05T08:41:10.816Z] [INFO ]   expected: votes/2024/CA/Sonoma/nov2024_general/detail.xlsx
[2026-03-05T08:41:10.816Z] [INFO ]   [present] votes: C:\Users\Mathew C\Campaign In A Box\votes\2024\CA\Sonoma\nov2024_general\detail.xlsx
[2026-03-05T08:41:10.817Z] [INFO ]   input: detail.xlsx -> C:\Users\Mathew C\Campaign In A Box\votes\2024\CA\Sonoma\nov2024_general\detail.xlsx  [sha256:157048233934...]
[2026-03-05T08:41:10.817Z] [STEP ] DONE   [OK] VALIDATE_VOTES (0.011s)
[2026-03-05T08:41:10.817Z] [STEP ] START  -> LOAD_GEOMETRY
[2026-03-05T08:41:10.817Z] [INFO ]   expected: MPREC preferred; SRPREC fallback
[2026-03-05T08:41:10.818Z] [WARN ] geopandas not installed; found C:\Users\Mathew C\Campaign In A Box\data\CA\counties\Sonoma\geography\precinct_shapes\MPREC_GeoJSON\mprec_097_g24_v01.geojson but cannot load
[2026-03-05T08:41:10.818Z] [STEP ] SKIP   [SKIP] LOAD_GEOMETRY -- No usable geometry (geopandas unavailable or files missing)
[2026-03-05T08:41:10.818Z] [WARN ]   NEED: geopandas_library [missing] -- blocks: geometry_load, kepler_export
[2026-03-05T08:41:10.818Z] [STEP ] START  -> LOAD_CROSSWALKS
[2026-03-05T08:41:10.842Z] [WARN ] Cannot detect source/target columns in blk_mprec_097_g24_v01.csv: ['block', 'mprec', 'pct_block']
[2026-03-05T08:41:10.863Z] [WARN ] Cannot detect source/target columns in blk_mprec_097_g24_v01.csv: ['block', 'mprec', 'pct_block']
[2026-03-05T08:41:10.864Z] [STEP ] SKIP   [SKIP] LOAD_CROSSWALKS -- No crosswalk files; using identity mapping
[2026-03-05T08:41:10.864Z] [STEP ] START  -> SCAFFOLD_CONTEST_JSON
[2026-03-05T08:41:10.880Z] [INFO ]   output: C:\Users\Mathew C\Campaign In A Box\votes\2024\CA\Sonoma\nov2024_general\contest.json  [sha256:74ecc2e52dcf...]
[2026-03-05T08:41:10.880Z] [STEP ] DONE   [OK] SCAFFOLD_CONTEST_JSON (0.073s)
[2026-03-05T08:41:10.880Z] [STEP ] START  -> PARSE_CONTEST
[2026-03-05T08:41:10.880Z] [INFO ]   expected: Detect sheet types; aggregate vote methods
[2026-03-05T08:41:10.892Z] [INFO ] Parsing sheet: 'Sheet1'
[2026-03-05T08:41:10.900Z] [INFO ]   -> 10 precincts, type=ballot_measure
[2026-03-05T08:41:10.901Z] [STEP ] DONE   [OK] PARSE_CONTEST (0.095s)
[2026-03-05T08:41:10.901Z] [STEP ] START  -> ALLOCATE_VOTES
[2026-03-05T08:41:10.901Z] [INFO ]   Sheet 'Sheet1': 10 precincts, type=ballot_measure
[2026-03-05T08:41:10.902Z] [INFO ]     Allocation: area_weighted_fallback, 10 target precincts
[2026-03-05T08:41:10.902Z] [STEP ] START  -> SANITY/Sheet1
[2026-03-05T08:41:10.902Z] [INFO ]   SANITY [OK] Non-empty model: 10 rows
[2026-03-05T08:41:10.902Z] [STEP ] DONE   [OK] SANITY/Sheet1 (0.096s)
[2026-03-05T08:41:10.902Z] [STEP ] START  -> BUILD_MODEL/Sheet1
[2026-03-05T08:41:10.911Z] [STEP ] DONE   [OK] BUILD_MODEL/Sheet1 (0.105s)
[2026-03-05T08:41:10.911Z] [STEP ] DONE   [OK] ALLOCATE_VOTES (0.105s)
[2026-03-05T08:41:10.911Z] [STEP ] START  -> EXPORT_OUTPUTS
[2026-03-05T08:41:10.917Z] [INFO ]   Precinct model: 2026-03-05__004110__0d822f43__msi__precinct_model.csv
[2026-03-05T08:41:10.920Z] [INFO ]   Targeting list: 2026-03-05__004110__0d822f43__msi__targeting_list.csv (10 rows)
[2026-03-05T08:41:10.925Z] [INFO ]   District aggregates: 2026-03-05__004110__0d822f43__msi__district_aggregates.csv
[2026-03-05T08:41:10.925Z] [STEP ] SKIP   [SKIP] KEPLER/Sheet1 -- No geometry (boundary files missing or geopandas unavailable)
[2026-03-05T08:41:10.925Z] [WARN ]   NEED: geometry_for_kepler [blocked] -- blocks: kepler_geojson
[2026-03-05T08:41:10.925Z] [INFO ]   output: C:\Users\Mathew C\Campaign In A Box\data\CA\counties\Sonoma\geography\boundary_index\boundaries_index.csv  [sha256:b4dff0e71c42...]
[2026-03-05T08:41:10.931Z] [INFO ]   output: C:\Users\Mathew C\Campaign In A Box\votes\2024\CA\Sonoma\nov2024_general\contest.json  [sha256:39bcb9a42a30...]
[2026-03-05T08:41:10.933Z] [INFO ]   output: C:\Users\Mathew C\Campaign In A Box\derived\precinct_models\CA\Sonoma\Sonoma_2024_nov2024_general\2026-03-05__004110__0d822f43__msi__precinct_model.csv  [sha256:972c11ed94e2...]
[2026-03-05T08:41:10.940Z] [INFO ]   output: C:\Users\Mathew C\Campaign In A Box\derived\campaign_targets\CA\Sonoma\Sonoma_2024_nov2024_general\2026-03-05__004110__0d822f43__msi__targeting_list.csv  [sha256:9cc7a850ef7e...]
[2026-03-05T08:41:10.946Z] [INFO ]   output: C:\Users\Mathew C\Campaign In A Box\derived\district_aggregates\CA\Sonoma\Sonoma_2024_nov2024_general\2026-03-05__004110__0d822f43__msi__district_aggregates.csv  [sha256:8859f7d37148...]
[2026-03-05T08:41:10.946Z] [STEP ] DONE   [OK] EXPORT_OUTPUTS (0.14s)
[2026-03-05T08:41:10.946Z] [INFO ] ========================================================================
  Run complete — SUCCESS  elapsed: 0.14s
========================================================================
