[2026-03-05T08:55:40.528Z] [INFO] ========================================================================
  Campaign In A Box — Pipeline Run
  RUN_ID  : 2026-03-05__005540__74fbdd60__msi
  Started : 2026-03-05T08:55:40.527784+00:00
========================================================================
[2026-03-05T08:55:40.528Z] [INFO ] Pipeline v2 starting
[2026-03-05T08:55:40.528Z] [INFO ]   state=CA  county=Sonoma  year=2024  contest_slug=nov2024_general
[2026-03-05T08:55:40.528Z] [INFO ]   membership_method=auto  log_level=verbose
[2026-03-05T08:55:40.530Z] [STEP ] SKIP   [SKIP] INGEST_STAGING -- No --staging-dir provided; skipping ingestion
[2026-03-05T08:55:40.530Z] [STEP ] START  -> SCAFFOLD_BOUNDARY_INDEX
[2026-03-05T08:55:40.531Z] [INFO ]   Boundary index exists: C:\Users\Mathew C\Campaign In A Box\data\CA\counties\Sonoma\geography\boundary_index\boundaries_index.csv
[2026-03-05T08:55:40.532Z] [WARN ]   Boundary index scaffolded (no boundary files found yet)
[2026-03-05T08:55:40.534Z] [INFO ]   output: C:\Users\Mathew C\Campaign In A Box\data\CA\counties\Sonoma\geography\boundary_index\boundaries_index.csv  [sha256:b4dff0e71c42...]
[2026-03-05T08:55:40.534Z] [STEP ] DONE   [OK] SCAFFOLD_BOUNDARY_INDEX (0.007s)
[2026-03-05T08:55:40.534Z] [STEP ] START  -> VALIDATE_GEOGRAPHY
[2026-03-05T08:55:40.534Z] [INFO ]   expected: data/CA/counties/Sonoma/geography/precinct_shapes/
[2026-03-05T08:55:40.534Z] [INFO ]   expected: data/CA/counties/Sonoma/geography/crosswalks/
[2026-03-05T08:55:40.535Z] [INFO ]   [present] MPREC GeoJSON
[2026-03-05T08:55:40.535Z] [INFO ]   [present] MPREC GeoPackage
[2026-03-05T08:55:40.535Z] [INFO ]   [present] MPREC Shapefile
[2026-03-05T08:55:40.536Z] [INFO ]   [present] SRPREC GeoJSON
[2026-03-05T08:55:40.536Z] [INFO ]   [present] SRPREC GeoPackage
[2026-03-05T08:55:40.537Z] [INFO ]   [present] SRPREC Shapefile
[2026-03-05T08:55:40.537Z] [INFO ]   [present] 2020 BLK TO MPREC
[2026-03-05T08:55:40.537Z] [INFO ]   [present] RGPREC TO 2020 BLK
[2026-03-05T08:55:40.537Z] [INFO ]   [present] SRPREC TO 2020 BLK
[2026-03-05T08:55:40.538Z] [INFO ]   [present] RG to RR to SR to SVPREC
[2026-03-05T08:55:40.538Z] [INFO ]   [present] MPREC to SRPREC
[2026-03-05T08:55:40.538Z] [INFO ]   [present] SRPREC to CITY
[2026-03-05T08:55:40.538Z] [INFO ] Geography validation: 12/12 present, canonical=MPREC
[2026-03-05T08:55:40.538Z] [STEP ] DONE   [OK] VALIDATE_GEOGRAPHY (0.011s)
[2026-03-05T08:55:40.538Z] [STEP ] START  -> VALIDATE_VOTES
[2026-03-05T08:55:40.538Z] [INFO ]   expected: votes/2024/CA/Sonoma/nov2024_general/detail.xlsx
[2026-03-05T08:55:40.538Z] [INFO ]   [present] votes: C:\Users\Mathew C\Campaign In A Box\votes\2024\CA\Sonoma\nov2024_general\detail.xlsx
[2026-03-05T08:55:40.539Z] [INFO ]   input: detail.xlsx -> C:\Users\Mathew C\Campaign In A Box\votes\2024\CA\Sonoma\nov2024_general\detail.xlsx  [sha256:157048233934...]
[2026-03-05T08:55:40.539Z] [STEP ] DONE   [OK] VALIDATE_VOTES (0.012s)
[2026-03-05T08:55:40.539Z] [STEP ] START  -> LOAD_GEOMETRY
[2026-03-05T08:55:40.539Z] [INFO ]   expected: MPREC preferred; SRPREC fallback
[2026-03-05T08:55:40.540Z] [WARN ] geopandas not installed; found C:\Users\Mathew C\Campaign In A Box\data\CA\counties\Sonoma\geography\precinct_shapes\MPREC_GeoJSON\mprec_097_g24_v01.geojson but cannot load
[2026-03-05T08:55:40.540Z] [STEP ] SKIP   [SKIP] LOAD_GEOMETRY -- No usable geometry (geopandas unavailable or files missing)
[2026-03-05T08:55:40.540Z] [WARN ]   NEED: geopandas_library [missing] -- blocks: geometry_load, kepler_export
[2026-03-05T08:55:40.540Z] [STEP ] START  -> LOAD_CROSSWALKS
[2026-03-05T08:55:40.566Z] [WARN ] Cannot detect source/target columns in blk_mprec_097_g24_v01.csv: ['block', 'mprec', 'pct_block']
[2026-03-05T08:55:40.587Z] [WARN ] Cannot detect source/target columns in blk_mprec_097_g24_v01.csv: ['block', 'mprec', 'pct_block']
[2026-03-05T08:55:40.588Z] [STEP ] SKIP   [SKIP] LOAD_CROSSWALKS -- No crosswalk files; using identity mapping
[2026-03-05T08:55:40.588Z] [STEP ] START  -> SCAFFOLD_CONTEST_JSON
[2026-03-05T08:55:40.597Z] [INFO ]   output: C:\Users\Mathew C\Campaign In A Box\votes\2024\CA\Sonoma\nov2024_general\contest.json  [sha256:c17f20cf0f45...]
[2026-03-05T08:55:40.597Z] [STEP ] DONE   [OK] SCAFFOLD_CONTEST_JSON (0.07s)
[2026-03-05T08:55:40.597Z] [STEP ] START  -> PARSE_CONTEST
[2026-03-05T08:55:40.597Z] [INFO ]   expected: Detect sheet types; aggregate vote methods
[2026-03-05T08:55:40.614Z] [INFO ] Parsing sheet: 'Sheet1'
[2026-03-05T08:55:40.642Z] [INFO ]   -> 10 precincts, type=ballot_measure
[2026-03-05T08:55:40.643Z] [STEP ] DONE   [OK] PARSE_CONTEST (0.115s)
[2026-03-05T08:55:40.643Z] [STEP ] START  -> ALLOCATE_VOTES
[2026-03-05T08:55:40.643Z] [INFO ]   Sheet 'Sheet1': 10 precincts, type=ballot_measure
[2026-03-05T08:55:40.643Z] [INFO ]     Allocation: area_weighted_fallback, 10 target precincts
[2026-03-05T08:55:40.643Z] [STEP ] START  -> SANITY/Sheet1
[2026-03-05T08:55:40.644Z] [INFO ]   SANITY [OK] Non-empty model: 10 rows
[2026-03-05T08:55:40.644Z] [STEP ] DONE   [OK] SANITY/Sheet1 (0.116s)
[2026-03-05T08:55:40.644Z] [STEP ] START  -> BUILD_MODEL/Sheet1
