[2026-03-14T08:43:22.432Z] [INFO] ========================================================================
  Campaign In A Box — Pipeline Run
  RUN_ID  : 2026-03-14__014322__116b2740__msi
  Started : 2026-03-14T08:43:22.432061+00:00
========================================================================
[2026-03-14T08:43:22.433Z] [INFO ] Pipeline v2 starting
[2026-03-14T08:43:22.433Z] [INFO ]   state=CA  county=Sonoma  year=2024  contest_slug=nov2020_general
[2026-03-14T08:43:22.433Z] [INFO ]   membership_method=auto  log_level=verbose
[2026-03-14T08:43:22.517Z] [STEP ] START  -> DATA_INTAKE_ANALYSIS
[2026-03-14T08:43:22.530Z] [STEP ] DONE   [OK] DATA_INTAKE_ANALYSIS (0.098s)
[2026-03-14T08:43:22.530Z] [STEP ] SKIP   [SKIP] INGEST_STAGING -- No --staging-dir provided; skipping ingestion
[2026-03-14T08:43:22.530Z] [INFO ] === Processing County: Sonoma ===
[2026-03-14T08:43:22.530Z] [STEP ] START  -> SCAFFOLD_BOUNDARY_INDEX_Sonoma
[2026-03-14T08:43:22.531Z] [INFO ]   Boundary index exists: C:\Users\Mathew C\Campaign In A Box\data\CA\counties\Sonoma\geography\boundary_index\boundaries_index.csv
[2026-03-14T08:43:22.534Z] [WARN ]   Boundary index scaffolded (no boundary files found yet)
[2026-03-14T08:43:22.534Z] [INFO ]   output: C:\Users\Mathew C\Campaign In A Box\data\CA\counties\Sonoma\geography\boundary_index\boundaries_index.csv  [sha256:b4dff0e71c42...]
[2026-03-14T08:43:22.534Z] [STEP ] DONE   [OK] SCAFFOLD_BOUNDARY_INDEX_Sonoma (0.103s)
[2026-03-14T08:43:22.534Z] [STEP ] START  -> VALIDATE_GEOGRAPHY
[2026-03-14T08:43:22.534Z] [INFO ]   expected: data/CA/counties/Sonoma/geography/precinct_shapes/
[2026-03-14T08:43:22.534Z] [INFO ]   expected: data/CA/counties/Sonoma/geography/crosswalks/
[2026-03-14T08:43:22.535Z] [INFO ]   [present] MPREC GeoJSON
[2026-03-14T08:43:22.536Z] [INFO ]   [present] MPREC GeoPackage
[2026-03-14T08:43:22.538Z] [INFO ]   [present] MPREC Shapefile
[2026-03-14T08:43:22.539Z] [INFO ]   [present] SRPREC GeoJSON
[2026-03-14T08:43:22.540Z] [INFO ]   [present] SRPREC GeoPackage
[2026-03-14T08:43:22.541Z] [INFO ]   [present] SRPREC Shapefile
[2026-03-14T08:43:22.542Z] [INFO ]   [present] 2020 BLK TO MPREC
[2026-03-14T08:43:22.542Z] [INFO ]   [present] RGPREC TO 2020 BLK
[2026-03-14T08:43:22.543Z] [INFO ]   [present] SRPREC TO 2020 BLK
[2026-03-14T08:43:22.543Z] [INFO ]   [present] RG to RR to SR to SVPREC
[2026-03-14T08:43:22.543Z] [INFO ]   [present] MPREC to SRPREC
[2026-03-14T08:43:22.544Z] [INFO ]   [present] SRPREC to CITY
[2026-03-14T08:43:22.544Z] [INFO ] Geography validation: 12/12 present, canonical=MPREC
[2026-03-14T08:43:22.544Z] [STEP ] DONE   [OK] VALIDATE_GEOGRAPHY (0.112s)
[2026-03-14T08:43:22.544Z] [STEP ] START  -> VALIDATE_VOTES
[2026-03-14T08:43:22.544Z] [INFO ]   expected: votes/2024/CA/Sonoma/nov2020_general/detail.xlsx
[2026-03-14T08:43:22.544Z] [WARN ]   [missing] votes: no detail.xlsx/xls in any of: ['C:\\Users\\Mathew C\\Campaign In A Box\\data\\CA\\counties\\Sonoma\\votes\\2024\\nov2020_general', 'C:\\Users\\Mathew C\\Campaign In A Box\\votes\\2024\\CA\\Sonoma\\nov2020_general']
[2026-03-14T08:43:22.544Z] [WARN ]   NEED: detail.xlsx [missing] -- blocks: parse_contest, allocate_votes, export_model
[2026-03-14T08:43:22.545Z] [STEP ] SKIP   [SKIP] VALIDATE_VOTES -- blocked: missing votes — detail.xlsx not found
[2026-03-14T08:43:22.545Z] [INFO ] ========================================================================
  Run complete — PARTIAL  elapsed: 0.113s
========================================================================
