[2026-03-05T08:37:55.209Z] [INFO] ========================================================================
  Campaign In A Box — Pipeline Run
  RUN_ID  : 2026-03-05__003755__0d822f43__msi
  Started : 2026-03-05T08:37:55.208413+00:00
========================================================================
[2026-03-05T08:37:55.209Z] [INFO ] Pipeline v2 starting
[2026-03-05T08:37:55.209Z] [INFO ]   state=CA  county=Sonoma  year=2024  contest_slug=nov2024_general
[2026-03-05T08:37:55.209Z] [INFO ]   membership_method=auto  log_level=verbose
[2026-03-05T08:37:55.211Z] [STEP ] SKIP   [SKIP] INGEST_STAGING -- No --staging-dir provided; skipping ingestion
[2026-03-05T08:37:55.211Z] [STEP ] START  -> SCAFFOLD_BOUNDARY_INDEX
[2026-03-05T08:37:55.212Z] [INFO ]   Boundary index exists: C:\Users\Mathew C\Campaign In A Box\data\CA\counties\Sonoma\geography\boundary_index\boundaries_index.csv
[2026-03-05T08:37:55.213Z] [WARN ]   Boundary index scaffolded (no boundary files found yet)
[2026-03-05T08:37:55.215Z] [INFO ]   output: C:\Users\Mathew C\Campaign In A Box\data\CA\counties\Sonoma\geography\boundary_index\boundaries_index.csv  [sha256:b4dff0e71c42...]
[2026-03-05T08:37:55.215Z] [STEP ] DONE   [OK] SCAFFOLD_BOUNDARY_INDEX (0.007s)
[2026-03-05T08:37:55.215Z] [STEP ] START  -> VALIDATE_GEOGRAPHY
[2026-03-05T08:37:55.215Z] [INFO ]   expected: data/CA/counties/Sonoma/geography/precinct_shapes/
[2026-03-05T08:37:55.215Z] [INFO ]   expected: data/CA/counties/Sonoma/geography/crosswalks/
[2026-03-05T08:37:55.215Z] [INFO ]   [present] MPREC GeoJSON
[2026-03-05T08:37:55.215Z] [INFO ]   [present] MPREC GeoPackage
[2026-03-05T08:37:55.216Z] [INFO ]   [present] MPREC Shapefile
[2026-03-05T08:37:55.216Z] [INFO ]   [present] SRPREC GeoJSON
[2026-03-05T08:37:55.216Z] [INFO ]   [present] SRPREC GeoPackage
[2026-03-05T08:37:55.217Z] [INFO ]   [present] SRPREC Shapefile
[2026-03-05T08:37:55.217Z] [INFO ]   [present] 2020 BLK TO MPREC
[2026-03-05T08:37:55.217Z] [INFO ]   [present] RGPREC TO 2020 BLK
[2026-03-05T08:37:55.218Z] [INFO ]   [present] SRPREC TO 2020 BLK
[2026-03-05T08:37:55.218Z] [INFO ]   [present] RG to RR to SR to SVPREC
[2026-03-05T08:37:55.218Z] [INFO ]   [present] MPREC to SRPREC
[2026-03-05T08:37:55.218Z] [INFO ]   [present] SRPREC to CITY
[2026-03-05T08:37:55.218Z] [INFO ] Geography validation: 12/12 present, canonical=MPREC
[2026-03-05T08:37:55.218Z] [STEP ] DONE   [OK] VALIDATE_GEOGRAPHY (0.01s)
[2026-03-05T08:37:55.218Z] [STEP ] START  -> VALIDATE_VOTES
[2026-03-05T08:37:55.218Z] [INFO ]   expected: votes/2024/CA/Sonoma/nov2024_general/detail.xlsx
[2026-03-05T08:37:55.218Z] [INFO ]   [present] votes: C:\Users\Mathew C\Campaign In A Box\votes\2024\CA\Sonoma\nov2024_general\detail.xlsx
[2026-03-05T08:37:55.219Z] [INFO ]   input: detail.xlsx -> C:\Users\Mathew C\Campaign In A Box\votes\2024\CA\Sonoma\nov2024_general\detail.xlsx  [sha256:157048233934...]
[2026-03-05T08:37:55.219Z] [STEP ] DONE   [OK] VALIDATE_VOTES (0.011s)
[2026-03-05T08:37:55.219Z] [STEP ] START  -> LOAD_GEOMETRY
[2026-03-05T08:37:55.219Z] [INFO ]   expected: MPREC preferred; SRPREC fallback
[2026-03-05T08:37:55.219Z] [WARN ] geopandas not installed; found C:\Users\Mathew C\Campaign In A Box\data\CA\counties\Sonoma\geography\precinct_shapes\MPREC_GeoJSON\mprec_097_g24_v01.geojson but cannot load
[2026-03-05T08:37:55.219Z] [STEP ] SKIP   [SKIP] LOAD_GEOMETRY -- No usable geometry (geopandas unavailable or files missing)
[2026-03-05T08:37:55.219Z] [WARN ]   NEED: geopandas_library [missing] -- blocks: geometry_load, kepler_export
[2026-03-05T08:37:55.219Z] [STEP ] START  -> LOAD_CROSSWALKS
[2026-03-05T08:37:55.247Z] [WARN ] Cannot detect source/target columns in blk_mprec_097_g24_v01.csv: ['block', 'mprec', 'pct_block']
[2026-03-05T08:37:55.272Z] [WARN ] Cannot detect source/target columns in blk_mprec_097_g24_v01.csv: ['block', 'mprec', 'pct_block']
[2026-03-05T08:37:55.273Z] [STEP ] SKIP   [SKIP] LOAD_CROSSWALKS -- No crosswalk files; using identity mapping
[2026-03-05T08:37:55.273Z] [STEP ] START  -> SCAFFOLD_CONTEST_JSON
[2026-03-05T08:37:55.282Z] [INFO ]   output: C:\Users\Mathew C\Campaign In A Box\votes\2024\CA\Sonoma\nov2024_general\contest.json  [sha256:0b81efd19dce...]
[2026-03-05T08:37:55.282Z] [STEP ] DONE   [OK] SCAFFOLD_CONTEST_JSON (0.074s)
[2026-03-05T08:37:55.282Z] [STEP ] START  -> PARSE_CONTEST
[2026-03-05T08:37:55.282Z] [INFO ]   expected: Detect sheet types; aggregate vote methods
[2026-03-05T08:37:55.292Z] [INFO ] Parsing sheet: 'Sheet1'
[2026-03-05T08:37:55.306Z] [INFO ]   -> 10 precincts, type=ballot_measure
[2026-03-05T08:37:55.307Z] [STEP ] DONE   [OK] PARSE_CONTEST (0.099s)
[2026-03-05T08:37:55.307Z] [STEP ] START  -> ALLOCATE_VOTES
[2026-03-05T08:37:55.307Z] [INFO ]   Sheet 'Sheet1': 10 precincts, type=ballot_measure
[2026-03-05T08:37:55.308Z] [INFO ]     Allocation: area_weighted_fallback, 10 target precincts
[2026-03-05T08:37:55.308Z] [STEP ] START  -> SANITY/Sheet1
[2026-03-05T08:37:55.308Z] [INFO ]   SANITY [OK] Non-empty model: 10 rows
[2026-03-05T08:37:55.308Z] [STEP ] DONE   [OK] SANITY/Sheet1 (0.1s)
[2026-03-05T08:37:55.308Z] [STEP ] START  -> BUILD_MODEL/Sheet1
[2026-03-05T08:37:55.327Z] [STEP ] DONE   [OK] BUILD_MODEL/Sheet1 (0.119s)
[2026-03-05T08:37:55.327Z] [STEP ] DONE   [OK] ALLOCATE_VOTES (0.119s)
[2026-03-05T08:37:55.327Z] [STEP ] START  -> EXPORT_OUTPUTS
[2026-03-05T08:37:55.336Z] [INFO ]   Precinct model: 2026-03-05__003755__0d822f43__msi__precinct_model.csv
