[2026-03-14T07:06:20.420Z] [INFO] ========================================================================
  Campaign In A Box — Pipeline Run
  RUN_ID  : 2026-03-14__000620__9c3c9ff1__msi
  Started : 2026-03-14T07:06:20.419959+00:00
========================================================================
[2026-03-14T07:06:20.420Z] [INFO ] Pipeline v2 starting
[2026-03-14T07:06:20.420Z] [INFO ]   state=CA  county=Sonoma  year=2024  contest_slug=nov2024_general
[2026-03-14T07:06:20.420Z] [INFO ]   membership_method=auto  log_level=verbose
[2026-03-14T07:06:20.477Z] [STEP ] START  -> DATA_INTAKE_ANALYSIS
[2026-03-14T07:06:20.483Z] [WARN ] DATA_INTAKE_ANALYSIS error: 'str' object has no attribute 'get'
[2026-03-14T07:06:20.483Z] [STEP ] SKIP   [SKIP] DATA_INTAKE_ANALYSIS -- 'str' object has no attribute 'get'
[2026-03-14T07:06:20.483Z] [STEP ] SKIP   [SKIP] INGEST_STAGING -- No --staging-dir provided; skipping ingestion
[2026-03-14T07:06:20.483Z] [INFO ] === Processing County: Sonoma ===
[2026-03-14T07:06:20.483Z] [STEP ] START  -> SCAFFOLD_BOUNDARY_INDEX_Sonoma
[2026-03-14T07:06:20.484Z] [INFO ]   Boundary index exists: C:\Users\Mathew C\Campaign In A Box\data\CA\counties\Sonoma\geography\boundary_index\boundaries_index.csv
[2026-03-14T07:06:20.485Z] [WARN ]   Boundary index scaffolded (no boundary files found yet)
[2026-03-14T07:06:20.485Z] [INFO ]   output: C:\Users\Mathew C\Campaign In A Box\data\CA\counties\Sonoma\geography\boundary_index\boundaries_index.csv  [sha256:b4dff0e71c42...]
[2026-03-14T07:06:20.486Z] [STEP ] DONE   [OK] SCAFFOLD_BOUNDARY_INDEX_Sonoma (0.066s)
[2026-03-14T07:06:20.486Z] [STEP ] START  -> VALIDATE_GEOGRAPHY
[2026-03-14T07:06:20.486Z] [INFO ]   expected: data/CA/counties/Sonoma/geography/precinct_shapes/
[2026-03-14T07:06:20.486Z] [INFO ]   expected: data/CA/counties/Sonoma/geography/crosswalks/
[2026-03-14T07:06:20.486Z] [INFO ]   [present] MPREC GeoJSON
[2026-03-14T07:06:20.486Z] [INFO ]   [present] MPREC GeoPackage
[2026-03-14T07:06:20.487Z] [INFO ]   [present] MPREC Shapefile
[2026-03-14T07:06:20.487Z] [INFO ]   [present] SRPREC GeoJSON
[2026-03-14T07:06:20.487Z] [INFO ]   [present] SRPREC GeoPackage
[2026-03-14T07:06:20.487Z] [INFO ]   [present] SRPREC Shapefile
[2026-03-14T07:06:20.488Z] [INFO ]   [present] 2020 BLK TO MPREC
[2026-03-14T07:06:20.488Z] [INFO ]   [present] RGPREC TO 2020 BLK
[2026-03-14T07:06:20.488Z] [INFO ]   [present] SRPREC TO 2020 BLK
[2026-03-14T07:06:20.488Z] [INFO ]   [present] RG to RR to SR to SVPREC
[2026-03-14T07:06:20.489Z] [INFO ]   [present] MPREC to SRPREC
[2026-03-14T07:06:20.489Z] [INFO ]   [present] SRPREC to CITY
[2026-03-14T07:06:20.489Z] [INFO ] Geography validation: 12/12 present, canonical=MPREC
[2026-03-14T07:06:20.489Z] [STEP ] DONE   [OK] VALIDATE_GEOGRAPHY (0.069s)
[2026-03-14T07:06:20.489Z] [STEP ] START  -> VALIDATE_VOTES
[2026-03-14T07:06:20.489Z] [INFO ]   expected: votes/2024/CA/Sonoma/nov2024_general/detail.xlsx
[2026-03-14T07:06:20.489Z] [INFO ]   input: detail.xlsx -> C:\Users\Mathew C\Campaign In A Box\data\CA\counties\Sonoma\votes\2024\nov2024_general\detail.xlsx  [sha256:f61ad621d92d]
[2026-03-14T07:06:20.489Z] [INFO ]   input: detail.xlsx -> C:\Users\Mathew C\Campaign In A Box\data\CA\counties\Sonoma\votes\2024\nov2024_general\detail.xlsx  [sha256:f61ad621d92d...]
[2026-03-14T07:06:20.489Z] [STEP ] DONE   [OK] VALIDATE_VOTES (0.07s)
[2026-03-14T07:06:20.489Z] [STEP ] START  -> LOAD_GEOMETRY
[2026-03-14T07:06:20.489Z] [INFO ]   expected: MPREC preferred; SRPREC fallback
[2026-03-14T07:06:20.490Z] [INFO ] Loading MPREC geometry from: C:\Users\Mathew C\Campaign In A Box\data\CA\counties\Sonoma\geography\precinct_shapes\MPREC_GeoJSON\mprec_097_g24_v01.geojson
[2026-03-14T07:06:22.675Z] [INFO ] Loaded 1405 features from mprec_097_g24_v01.geojson
[2026-03-14T07:06:22.675Z] [STEP ] DONE   [OK] LOAD_GEOMETRY (2.255s)
[2026-03-14T07:06:22.675Z] [STEP ] START  -> LOAD_CROSSWALKS
[2026-03-14T07:06:22.708Z] [WARN ] Cannot detect source/target columns in blk_mprec_097_g24_v01.csv: ['block', 'mprec', 'pct_block']
[2026-03-14T07:06:22.739Z] [WARN ] Cannot detect source/target columns in blk_mprec_097_g24_v01.csv: ['block', 'mprec', 'pct_block']
[2026-03-14T07:06:22.999Z] [INFO ]   [CROSSWALKS] Discovered 4/6 crosswalks
[2026-03-14T07:06:22.999Z] [STEP ] SKIP   [SKIP] LOAD_CROSSWALKS -- No crosswalk files; using identity mapping
[2026-03-14T07:06:23.000Z] [STEP ] START  -> SCAFFOLD_CONTEST_JSON
[2026-03-14T07:06:23.001Z] [INFO ]   output: C:\Users\Mathew C\Campaign In A Box\votes\2024\CA\Sonoma\nov2024_general\contest.json  [sha256:f3f6e77b5de0...]
[2026-03-14T07:06:23.001Z] [STEP ] DONE   [OK] SCAFFOLD_CONTEST_JSON (2.581s)
[2026-03-14T07:06:23.001Z] [STEP ] START  -> PARSE_CONTEST
[2026-03-14T07:06:23.001Z] [INFO ]   expected: Detect sheet types; aggregate vote methods
[2026-03-14T07:06:23.015Z] [INFO ] Parsing sheet: '1'
[2026-03-14T07:06:23.016Z] [INFO ]   parse_contest_sheet: title='1' type=candidate_race prec_col='precinct' choice_cols=['registered_voters', 'Candidate A', 'Candidate B'] rows=4
[2026-03-14T07:06:23.021Z] [INFO ]   -> 4 precincts, type=candidate_race
[2026-03-14T07:06:23.021Z] [INFO ] Parsing sheet: 'Registration'
[2026-03-14T07:06:23.021Z] [INFO ]   parse_contest_sheet: title='Registration' type=candidate_race prec_col='precinct' choice_cols=['registered_voters', 'Candidate A', 'Candidate B'] rows=4
[2026-03-14T07:06:23.026Z] [INFO ]   -> 4 precincts, type=candidate_race
[2026-03-14T07:06:23.026Z] [STEP ] DONE   [OK] PARSE_CONTEST (2.607s)
[2026-03-14T07:06:23.026Z] [INFO ] Contest Mode: CANDIDATE (Inferred CANDIDATE (found candidate_race headers))
[2026-03-14T07:06:23.027Z] [INFO ] [PATHWAY] contest_mode=candidate  contest_mode_reason=Inferred CANDIDATE (found candidate_race headers)
[2026-03-14T07:06:23.027Z] [STEP ] START  -> ALLOCATE_VOTES
[2026-03-14T07:06:23.027Z] [INFO ]   Sheet '1': 4 precincts, type=candidate_race
[2026-03-14T07:06:23.027Z] [INFO ]     Allocation: area_weighted_fallback, 4 target precincts
[2026-03-14T07:06:23.027Z] [STEP ] START  -> NORMALIZE_SCHEMA/1
[2026-03-14T07:06:23.027Z] [INFO ]   [SCHEMA] 'MPREC_ID' → 'canonical_precinct_id'
[2026-03-14T07:06:23.027Z] [INFO ]   [SCHEMA] 'Registered' → 'registered'
[2026-03-14T07:06:23.028Z] [INFO ]   [SCHEMA] 'BallotsCast' → 'ballots_cast'
[2026-03-14T07:06:23.032Z] [STEP ] DONE   [OK] NORMALIZE_SCHEMA/1 (2.612s)
[2026-03-14T07:06:23.032Z] [STEP ] START  -> SANITY/1
[2026-03-14T07:06:23.032Z] [INFO ]   SANITY [OK] Non-empty model: 4 rows
[2026-03-14T07:06:23.032Z] [STEP ] DONE   [OK] SANITY/1 (2.612s)
[2026-03-14T07:06:23.032Z] [STEP ] START  -> BUILD_MODEL/1
[2026-03-14T07:06:23.039Z] [STEP ] DONE   [OK] BUILD_MODEL/1 (2.619s)
[2026-03-14T07:06:23.039Z] [INFO ]   Sheet 'Registration': 4 precincts, type=candidate_race
[2026-03-14T07:06:23.039Z] [INFO ]     Allocation: area_weighted_fallback, 4 target precincts
[2026-03-14T07:06:23.039Z] [STEP ] START  -> NORMALIZE_SCHEMA/Registration
[2026-03-14T07:06:23.039Z] [INFO ]   [SCHEMA] 'MPREC_ID' → 'canonical_precinct_id'
[2026-03-14T07:06:23.040Z] [INFO ]   [SCHEMA] 'Registered' → 'registered'
[2026-03-14T07:06:23.040Z] [INFO ]   [SCHEMA] 'BallotsCast' → 'ballots_cast'
[2026-03-14T07:06:23.044Z] [STEP ] DONE   [OK] NORMALIZE_SCHEMA/Registration (2.624s)
[2026-03-14T07:06:23.044Z] [STEP ] START  -> SANITY/Registration
[2026-03-14T07:06:23.044Z] [INFO ]   SANITY [OK] Non-empty model: 4 rows
[2026-03-14T07:06:23.044Z] [STEP ] DONE   [OK] SANITY/Registration (2.625s)
[2026-03-14T07:06:23.044Z] [STEP ] START  -> BUILD_MODEL/Registration
[2026-03-14T07:06:23.051Z] [STEP ] DONE   [OK] BUILD_MODEL/Registration (2.632s)
[2026-03-14T07:06:23.051Z] [STEP ] DONE   [OK] ALLOCATE_VOTES (2.632s)
[2026-03-14T07:06:23.051Z] [STEP ] START  -> INTEGRITY_ENFORCEMENT
[2026-03-14T07:06:23.054Z] [WARN ]   [INTEGRITY] 4 precinct(s) CRITICAL — registered=0 but ballots>0. Indicates data extraction issue.
[2026-03-14T07:06:23.058Z] [WARN ]   [INTEGRITY] 4 precinct(s) CRITICAL — registered=0 but ballots>0. Indicates data extraction issue.
[2026-03-14T07:06:23.060Z] [STEP ] DONE   [OK] INTEGRITY_ENFORCEMENT (2.641s)
[2026-03-14T07:06:23.060Z] [STEP ] START  -> FEATURE_ENGINEERING
[2026-03-14T07:06:23.060Z] [WARN ] Voter file not found at C:\Users\Mathew C\Campaign In A Box\voters\CA\Sonoma\voters.csv
[2026-03-14T07:06:23.089Z] [STEP ] DONE   [OK] FEATURE_ENGINEERING (2.67s)
[2026-03-14T07:06:23.090Z] [STEP ] START  -> UNIVERSE_BUILDING
[2026-03-14T07:06:23.115Z] [STEP ] DONE   [OK] UNIVERSE_BUILDING (2.696s)
[2026-03-14T07:06:23.115Z] [STEP ] START  -> SCORING_V2
[2026-03-14T07:06:23.120Z] [INFO ] [Scoring] Computing v2 scores...
