[2026-03-14T07:03:57.459Z] [INFO] ========================================================================
  Campaign In A Box — Pipeline Run
  RUN_ID  : 2026-03-14__000357__9015b29a__msi
  Started : 2026-03-14T07:03:57.458927+00:00
========================================================================
[2026-03-14T07:03:57.459Z] [INFO ] Pipeline v2 starting
[2026-03-14T07:03:57.459Z] [INFO ]   state=CA  county=Sonoma  year=2024  contest_slug=nov2024_general
[2026-03-14T07:03:57.459Z] [INFO ]   membership_method=auto  log_level=verbose
[2026-03-14T07:03:57.523Z] [STEP ] START  -> DATA_INTAKE_ANALYSIS
[2026-03-14T07:03:57.531Z] [WARN ] DATA_INTAKE_ANALYSIS error: 'str' object has no attribute 'get'
[2026-03-14T07:03:57.531Z] [STEP ] SKIP   [SKIP] DATA_INTAKE_ANALYSIS -- 'str' object has no attribute 'get'
[2026-03-14T07:03:57.531Z] [STEP ] SKIP   [SKIP] INGEST_STAGING -- No --staging-dir provided; skipping ingestion
[2026-03-14T07:03:57.531Z] [INFO ] === Processing County: Sonoma ===
[2026-03-14T07:03:57.531Z] [STEP ] START  -> SCAFFOLD_BOUNDARY_INDEX_Sonoma
[2026-03-14T07:03:57.531Z] [INFO ]   Boundary index exists: C:\Users\Mathew C\Campaign In A Box\data\CA\counties\Sonoma\geography\boundary_index\boundaries_index.csv
[2026-03-14T07:03:57.532Z] [WARN ]   Boundary index scaffolded (no boundary files found yet)
[2026-03-14T07:03:57.533Z] [INFO ]   output: C:\Users\Mathew C\Campaign In A Box\data\CA\counties\Sonoma\geography\boundary_index\boundaries_index.csv  [sha256:b4dff0e71c42...]
[2026-03-14T07:03:57.533Z] [STEP ] DONE   [OK] SCAFFOLD_BOUNDARY_INDEX_Sonoma (0.074s)
[2026-03-14T07:03:57.533Z] [STEP ] START  -> VALIDATE_GEOGRAPHY
[2026-03-14T07:03:57.533Z] [INFO ]   expected: data/CA/counties/Sonoma/geography/precinct_shapes/
[2026-03-14T07:03:57.533Z] [INFO ]   expected: data/CA/counties/Sonoma/geography/crosswalks/
[2026-03-14T07:03:57.533Z] [INFO ]   [present] MPREC GeoJSON
[2026-03-14T07:03:57.533Z] [INFO ]   [present] MPREC GeoPackage
[2026-03-14T07:03:57.534Z] [INFO ]   [present] MPREC Shapefile
[2026-03-14T07:03:57.534Z] [INFO ]   [present] SRPREC GeoJSON
[2026-03-14T07:03:57.534Z] [INFO ]   [present] SRPREC GeoPackage
[2026-03-14T07:03:57.534Z] [INFO ]   [present] SRPREC Shapefile
[2026-03-14T07:03:57.535Z] [INFO ]   [present] 2020 BLK TO MPREC
[2026-03-14T07:03:57.535Z] [INFO ]   [present] RGPREC TO 2020 BLK
[2026-03-14T07:03:57.535Z] [INFO ]   [present] SRPREC TO 2020 BLK
[2026-03-14T07:03:57.535Z] [INFO ]   [present] RG to RR to SR to SVPREC
[2026-03-14T07:03:57.536Z] [INFO ]   [present] MPREC to SRPREC
[2026-03-14T07:03:57.536Z] [INFO ]   [present] SRPREC to CITY
[2026-03-14T07:03:57.536Z] [INFO ] Geography validation: 12/12 present, canonical=MPREC
[2026-03-14T07:03:57.536Z] [STEP ] DONE   [OK] VALIDATE_GEOGRAPHY (0.078s)
[2026-03-14T07:03:57.536Z] [STEP ] START  -> VALIDATE_VOTES
[2026-03-14T07:03:57.536Z] [INFO ]   expected: votes/2024/CA/Sonoma/nov2024_general/detail.xlsx
[2026-03-14T07:03:57.537Z] [INFO ]   input: detail.xlsx -> C:\Users\Mathew C\Campaign In A Box\data\CA\counties\Sonoma\votes\2024\nov2024_general\detail.xlsx  [sha256:f61ad621d92d]
[2026-03-14T07:03:57.537Z] [INFO ]   input: detail.xlsx -> C:\Users\Mathew C\Campaign In A Box\data\CA\counties\Sonoma\votes\2024\nov2024_general\detail.xlsx  [sha256:f61ad621d92d...]
[2026-03-14T07:03:57.537Z] [STEP ] DONE   [OK] VALIDATE_VOTES (0.078s)
[2026-03-14T07:03:57.537Z] [STEP ] START  -> LOAD_GEOMETRY
[2026-03-14T07:03:57.537Z] [INFO ]   expected: MPREC preferred; SRPREC fallback
[2026-03-14T07:03:57.538Z] [INFO ] Loading MPREC geometry from: C:\Users\Mathew C\Campaign In A Box\data\CA\counties\Sonoma\geography\precinct_shapes\MPREC_GeoJSON\mprec_097_g24_v01.geojson
[2026-03-14T07:04:00.082Z] [INFO ] Loaded 1405 features from mprec_097_g24_v01.geojson
[2026-03-14T07:04:00.082Z] [STEP ] DONE   [OK] LOAD_GEOMETRY (2.623s)
[2026-03-14T07:04:00.082Z] [STEP ] START  -> LOAD_CROSSWALKS
[2026-03-14T07:04:00.108Z] [WARN ] Cannot detect source/target columns in blk_mprec_097_g24_v01.csv: ['block', 'mprec', 'pct_block']
[2026-03-14T07:04:00.129Z] [WARN ] Cannot detect source/target columns in blk_mprec_097_g24_v01.csv: ['block', 'mprec', 'pct_block']
[2026-03-14T07:04:00.332Z] [INFO ]   [CROSSWALKS] Discovered 4/6 crosswalks
[2026-03-14T07:04:00.332Z] [STEP ] SKIP   [SKIP] LOAD_CROSSWALKS -- No crosswalk files; using identity mapping
[2026-03-14T07:04:00.332Z] [STEP ] START  -> SCAFFOLD_CONTEST_JSON
[2026-03-14T07:04:00.335Z] [INFO ]   output: C:\Users\Mathew C\Campaign In A Box\votes\2024\CA\Sonoma\nov2024_general\contest.json  [sha256:5d94269c9f42...]
[2026-03-14T07:04:00.335Z] [STEP ] DONE   [OK] SCAFFOLD_CONTEST_JSON (2.876s)
[2026-03-14T07:04:00.335Z] [STEP ] START  -> PARSE_CONTEST
[2026-03-14T07:04:00.335Z] [INFO ]   expected: Detect sheet types; aggregate vote methods
[2026-03-14T07:04:00.364Z] [INFO ] Parsing sheet: '1'
[2026-03-14T07:04:00.365Z] [INFO ]   parse_contest_sheet: title='1' type=candidate_race prec_col='precinct' choice_cols=['registered_voters', 'Candidate A', 'Candidate B'] rows=4
[2026-03-14T07:04:00.381Z] [INFO ]   -> 4 precincts, type=candidate_race
[2026-03-14T07:04:00.381Z] [INFO ] Parsing sheet: 'Registration'
[2026-03-14T07:04:00.382Z] [INFO ]   parse_contest_sheet: title='Registration' type=candidate_race prec_col='precinct' choice_cols=['registered_voters', 'Candidate A', 'Candidate B'] rows=4
[2026-03-14T07:04:00.387Z] [INFO ]   -> 4 precincts, type=candidate_race
[2026-03-14T07:04:00.388Z] [STEP ] DONE   [OK] PARSE_CONTEST (2.929s)
[2026-03-14T07:04:00.388Z] [INFO ] Contest Mode: CANDIDATE (Inferred CANDIDATE (found candidate_race headers))
[2026-03-14T07:04:00.388Z] [INFO ] [PATHWAY] contest_mode=candidate  contest_mode_reason=Inferred CANDIDATE (found candidate_race headers)
[2026-03-14T07:04:00.388Z] [STEP ] START  -> ALLOCATE_VOTES
[2026-03-14T07:04:00.388Z] [INFO ]   Sheet '1': 4 precincts, type=candidate_race
[2026-03-14T07:04:00.389Z] [INFO ]     Allocation: area_weighted_fallback, 4 target precincts
[2026-03-14T07:04:00.389Z] [STEP ] START  -> NORMALIZE_SCHEMA/1
[2026-03-14T07:04:00.389Z] [INFO ]   [SCHEMA] 'MPREC_ID' → 'canonical_precinct_id'
[2026-03-14T07:04:00.389Z] [INFO ]   [SCHEMA] 'Registered' → 'registered'
[2026-03-14T07:04:00.390Z] [INFO ]   [SCHEMA] 'BallotsCast' → 'ballots_cast'
[2026-03-14T07:04:00.394Z] [STEP ] DONE   [OK] NORMALIZE_SCHEMA/1 (2.936s)
[2026-03-14T07:04:00.394Z] [STEP ] START  -> SANITY/1
[2026-03-14T07:04:00.394Z] [INFO ]   SANITY [OK] Non-empty model: 4 rows
[2026-03-14T07:04:00.394Z] [STEP ] DONE   [OK] SANITY/1 (2.936s)
[2026-03-14T07:04:00.394Z] [STEP ] START  -> BUILD_MODEL/1
[2026-03-14T07:04:00.408Z] [STEP ] DONE   [OK] BUILD_MODEL/1 (2.949s)
[2026-03-14T07:04:00.408Z] [INFO ]   Sheet 'Registration': 4 precincts, type=candidate_race
[2026-03-14T07:04:00.408Z] [INFO ]     Allocation: area_weighted_fallback, 4 target precincts
[2026-03-14T07:04:00.408Z] [STEP ] START  -> NORMALIZE_SCHEMA/Registration
[2026-03-14T07:04:00.408Z] [INFO ]   [SCHEMA] 'MPREC_ID' → 'canonical_precinct_id'
[2026-03-14T07:04:00.408Z] [INFO ]   [SCHEMA] 'Registered' → 'registered'
[2026-03-14T07:04:00.409Z] [INFO ]   [SCHEMA] 'BallotsCast' → 'ballots_cast'
[2026-03-14T07:04:00.411Z] [STEP ] DONE   [OK] NORMALIZE_SCHEMA/Registration (2.953s)
[2026-03-14T07:04:00.411Z] [STEP ] START  -> SANITY/Registration
[2026-03-14T07:04:00.412Z] [INFO ]   SANITY [OK] Non-empty model: 4 rows
[2026-03-14T07:04:00.412Z] [STEP ] DONE   [OK] SANITY/Registration (2.953s)
[2026-03-14T07:04:00.412Z] [STEP ] START  -> BUILD_MODEL/Registration
[2026-03-14T07:04:00.418Z] [STEP ] DONE   [OK] BUILD_MODEL/Registration (2.96s)
[2026-03-14T07:04:00.419Z] [STEP ] DONE   [OK] ALLOCATE_VOTES (2.96s)
[2026-03-14T07:04:00.419Z] [STEP ] START  -> INTEGRITY_ENFORCEMENT
[2026-03-14T07:04:00.422Z] [WARN ]   [INTEGRITY] 4 precinct(s) CRITICAL — registered=0 but ballots>0. Indicates data extraction issue.
[2026-03-14T07:04:00.427Z] [WARN ]   [INTEGRITY] 4 precinct(s) CRITICAL — registered=0 but ballots>0. Indicates data extraction issue.
[2026-03-14T07:04:00.428Z] [STEP ] DONE   [OK] INTEGRITY_ENFORCEMENT (2.97s)
[2026-03-14T07:04:00.429Z] [STEP ] START  -> FEATURE_ENGINEERING
[2026-03-14T07:04:00.429Z] [WARN ] Voter file not found at C:\Users\Mathew C\Campaign In A Box\voters\CA\Sonoma\voters.csv
