[2026-03-05T08:55:17.060Z] [INFO] ========================================================================
  Campaign In A Box — Pipeline Run
  RUN_ID  : 2026-03-05__005517__74fbdd60__msi
  Started : 2026-03-05T08:55:17.059724+00:00
========================================================================
[2026-03-05T08:55:17.061Z] [INFO ] Pipeline v2 starting
[2026-03-05T08:55:17.061Z] [INFO ]   state=CA  county=Sonoma  year=2024  contest_slug=general
[2026-03-05T08:55:17.061Z] [INFO ]   membership_method=auto  log_level=verbose
[2026-03-05T08:55:17.063Z] [STEP ] SKIP   [SKIP] INGEST_STAGING -- No --staging-dir provided; skipping ingestion
[2026-03-05T08:55:17.063Z] [STEP ] START  -> SCAFFOLD_BOUNDARY_INDEX
[2026-03-05T08:55:17.064Z] [INFO ]   Boundary index exists: C:\Users\Mathew C\Campaign In A Box\data\CA\counties\Sonoma\geography\boundary_index\boundaries_index.csv
[2026-03-05T08:55:17.065Z] [WARN ]   Boundary index scaffolded (no boundary files found yet)
[2026-03-05T08:55:17.067Z] [INFO ]   output: C:\Users\Mathew C\Campaign In A Box\data\CA\counties\Sonoma\geography\boundary_index\boundaries_index.csv  [sha256:b4dff0e71c42...]
[2026-03-05T08:55:17.067Z] [STEP ] DONE   [OK] SCAFFOLD_BOUNDARY_INDEX (0.008s)
[2026-03-05T08:55:17.067Z] [STEP ] START  -> VALIDATE_GEOGRAPHY
[2026-03-05T08:55:17.067Z] [INFO ]   expected: data/CA/counties/Sonoma/geography/precinct_shapes/
[2026-03-05T08:55:17.067Z] [INFO ]   expected: data/CA/counties/Sonoma/geography/crosswalks/
[2026-03-05T08:55:17.067Z] [INFO ]   [present] MPREC GeoJSON
[2026-03-05T08:55:17.067Z] [INFO ]   [present] MPREC GeoPackage
[2026-03-05T08:55:17.068Z] [INFO ]   [present] MPREC Shapefile
[2026-03-05T08:55:17.068Z] [INFO ]   [present] SRPREC GeoJSON
[2026-03-05T08:55:17.068Z] [INFO ]   [present] SRPREC GeoPackage
[2026-03-05T08:55:17.069Z] [INFO ]   [present] SRPREC Shapefile
[2026-03-05T08:55:17.069Z] [INFO ]   [present] 2020 BLK TO MPREC
[2026-03-05T08:55:17.069Z] [INFO ]   [present] RGPREC TO 2020 BLK
[2026-03-05T08:55:17.070Z] [INFO ]   [present] SRPREC TO 2020 BLK
[2026-03-05T08:55:17.070Z] [INFO ]   [present] RG to RR to SR to SVPREC
[2026-03-05T08:55:17.070Z] [INFO ]   [present] MPREC to SRPREC
[2026-03-05T08:55:17.070Z] [INFO ]   [present] SRPREC to CITY
[2026-03-05T08:55:17.070Z] [INFO ] Geography validation: 12/12 present, canonical=MPREC
[2026-03-05T08:55:17.070Z] [STEP ] DONE   [OK] VALIDATE_GEOGRAPHY (0.011s)
[2026-03-05T08:55:17.070Z] [STEP ] START  -> VALIDATE_VOTES
[2026-03-05T08:55:17.070Z] [INFO ]   expected: votes/2024/CA/Sonoma/general/detail.xlsx
[2026-03-05T08:55:17.071Z] [WARN ]   [missing] votes: no detail.xlsx/xls in C:\Users\Mathew C\Campaign In A Box\votes\2024\CA\Sonoma\general
[2026-03-05T08:55:17.071Z] [WARN ]   NEED: detail.xlsx [missing] -- blocks: parse_contest, allocate_votes, export_model
[2026-03-05T08:55:17.071Z] [STEP ] SKIP   [SKIP] VALIDATE_VOTES -- blocked: missing votes — detail.xlsx not found
[2026-03-05T08:55:17.071Z] [INFO ] ========================================================================
  Run complete — PARTIAL  elapsed: 0.011s
========================================================================
