[2026-03-05T10:58:57.049Z] [INFO] ========================================================================
  Campaign In A Box — Pipeline Run
  RUN_ID  : 2026-03-05__025856__521cfe43__msi
  Started : 2026-03-05T10:58:57.048841+00:00
========================================================================
[2026-03-05T10:58:57.049Z] [INFO ] Pipeline v2 starting
[2026-03-05T10:58:57.049Z] [INFO ]   state=CA  county=Sonoma  year=2024  contest_slug=nov2024_general
[2026-03-05T10:58:57.049Z] [INFO ]   membership_method=auto  log_level=verbose
[2026-03-05T10:58:57.053Z] [STEP ] SKIP   [SKIP] INGEST_STAGING -- No --staging-dir provided; skipping ingestion
[2026-03-05T10:58:57.053Z] [STEP ] START  -> SCAFFOLD_BOUNDARY_INDEX
[2026-03-05T10:58:57.054Z] [INFO ]   Boundary index exists: C:\Users\Mathew C\Campaign In A Box\data\CA\counties\Sonoma\geography\boundary_index\boundaries_index.csv
[2026-03-05T10:58:57.055Z] [WARN ]   Boundary index scaffolded (no boundary files found yet)
[2026-03-05T10:58:57.056Z] [INFO ]   output: C:\Users\Mathew C\Campaign In A Box\data\CA\counties\Sonoma\geography\boundary_index\boundaries_index.csv  [sha256:b4dff0e71c42...]
[2026-03-05T10:58:57.056Z] [STEP ] DONE   [OK] SCAFFOLD_BOUNDARY_INDEX (0.008s)
[2026-03-05T10:58:57.056Z] [STEP ] START  -> VALIDATE_GEOGRAPHY
[2026-03-05T10:58:57.056Z] [INFO ]   expected: data/CA/counties/Sonoma/geography/precinct_shapes/
[2026-03-05T10:58:57.056Z] [INFO ]   expected: data/CA/counties/Sonoma/geography/crosswalks/
[2026-03-05T10:58:57.057Z] [INFO ]   [present] MPREC GeoJSON
[2026-03-05T10:58:57.057Z] [INFO ]   [present] MPREC GeoPackage
[2026-03-05T10:58:57.057Z] [INFO ]   [present] MPREC Shapefile
[2026-03-05T10:58:57.058Z] [INFO ]   [present] SRPREC GeoJSON
[2026-03-05T10:58:57.058Z] [INFO ]   [present] SRPREC GeoPackage
[2026-03-05T10:58:57.058Z] [INFO ]   [present] SRPREC Shapefile
[2026-03-05T10:58:57.059Z] [INFO ]   [present] 2020 BLK TO MPREC
[2026-03-05T10:58:57.059Z] [INFO ]   [present] RGPREC TO 2020 BLK
[2026-03-05T10:58:57.059Z] [INFO ]   [present] SRPREC TO 2020 BLK
[2026-03-05T10:58:57.059Z] [INFO ]   [present] RG to RR to SR to SVPREC
[2026-03-05T10:58:57.059Z] [INFO ]   [present] MPREC to SRPREC
[2026-03-05T10:58:57.060Z] [INFO ]   [present] SRPREC to CITY
[2026-03-05T10:58:57.060Z] [INFO ] Geography validation: 12/12 present, canonical=MPREC
[2026-03-05T10:58:57.060Z] [STEP ] DONE   [OK] VALIDATE_GEOGRAPHY (0.011s)
[2026-03-05T10:58:57.060Z] [STEP ] START  -> VALIDATE_VOTES
[2026-03-05T10:58:57.060Z] [INFO ]   expected: votes/2024/CA/Sonoma/nov2024_general/detail.xlsx
[2026-03-05T10:58:57.060Z] [INFO ]   [present] votes: C:\Users\Mathew C\Campaign In A Box\votes\2024\CA\Sonoma\nov2024_general\detail.xlsx
[2026-03-05T10:58:57.060Z] [INFO ]   input: detail.xlsx -> C:\Users\Mathew C\Campaign In A Box\votes\2024\CA\Sonoma\nov2024_general\detail.xlsx  [sha256:157048233934...]
[2026-03-05T10:58:57.060Z] [STEP ] DONE   [OK] VALIDATE_VOTES (0.012s)
[2026-03-05T10:58:57.060Z] [STEP ] START  -> LOAD_GEOMETRY
[2026-03-05T10:58:57.060Z] [INFO ]   expected: MPREC preferred; SRPREC fallback
[2026-03-05T10:58:57.061Z] [WARN ] geopandas not installed; found C:\Users\Mathew C\Campaign In A Box\data\CA\counties\Sonoma\geography\precinct_shapes\MPREC_GeoJSON\mprec_097_g24_v01.geojson but cannot load
[2026-03-05T10:58:57.062Z] [STEP ] SKIP   [SKIP] LOAD_GEOMETRY -- No usable geometry (geopandas unavailable or files missing)
[2026-03-05T10:58:57.062Z] [WARN ]   NEED: geopandas_library [missing] -- blocks: geometry_load, kepler_export
[2026-03-05T10:58:57.062Z] [STEP ] START  -> LOAD_CROSSWALKS
[2026-03-05T10:58:57.097Z] [WARN ] Cannot detect source/target columns in blk_mprec_097_g24_v01.csv: ['block', 'mprec', 'pct_block']
[2026-03-05T10:58:57.125Z] [WARN ] Cannot detect source/target columns in blk_mprec_097_g24_v01.csv: ['block', 'mprec', 'pct_block']
[2026-03-05T10:58:57.263Z] [INFO ]   [CROSSWALKS] Discovered 4/6 crosswalks
[2026-03-05T10:58:57.263Z] [STEP ] SKIP   [SKIP] LOAD_CROSSWALKS -- No crosswalk files; using identity mapping
[2026-03-05T10:58:57.263Z] [STEP ] START  -> SCAFFOLD_CONTEST_JSON
[2026-03-05T10:58:57.281Z] [INFO ]   output: C:\Users\Mathew C\Campaign In A Box\votes\2024\CA\Sonoma\nov2024_general\contest.json  [sha256:a96a8620fcc0...]
[2026-03-05T10:58:57.281Z] [STEP ] DONE   [OK] SCAFFOLD_CONTEST_JSON (0.232s)
[2026-03-05T10:58:57.281Z] [STEP ] START  -> PARSE_CONTEST
[2026-03-05T10:58:57.281Z] [INFO ]   expected: Detect sheet types; aggregate vote methods
[2026-03-05T10:58:57.293Z] [INFO ] Parsing sheet: 'Sheet1'
[2026-03-05T10:58:57.301Z] [INFO ]   -> 10 precincts, type=ballot_measure
[2026-03-05T10:58:57.302Z] [STEP ] DONE   [OK] PARSE_CONTEST (0.254s)
[2026-03-05T10:58:57.302Z] [INFO ] Contest Mode: MEASURE (Inferred MEASURE (found YES/NO headers))
[2026-03-05T10:58:57.302Z] [INFO ] [PATHWAY] contest_mode=measure  contest_mode_reason=Inferred MEASURE (found YES/NO headers)
[2026-03-05T10:58:57.302Z] [STEP ] START  -> ALLOCATE_VOTES
[2026-03-05T10:58:57.302Z] [INFO ]   Sheet 'Sheet1': 10 precincts, type=ballot_measure
[2026-03-05T10:58:57.303Z] [INFO ]     Allocation: area_weighted_fallback, 10 target precincts
[2026-03-05T10:58:57.303Z] [STEP ] START  -> SANITY/Sheet1
[2026-03-05T10:58:57.303Z] [INFO ]   SANITY [OK] Non-empty model: 10 rows
[2026-03-05T10:58:57.304Z] [STEP ] DONE   [OK] SANITY/Sheet1 (0.255s)
[2026-03-05T10:58:57.304Z] [STEP ] START  -> BUILD_MODEL/Sheet1
[2026-03-05T10:58:57.315Z] [STEP ] DONE   [OK] BUILD_MODEL/Sheet1 (0.266s)
[2026-03-05T10:58:57.315Z] [STEP ] DONE   [OK] ALLOCATE_VOTES (0.266s)
[2026-03-05T10:58:57.315Z] [STEP ] START  -> INTEGRITY_ENFORCEMENT
[2026-03-05T10:58:57.315Z] [INFO ] [INTEGRITY] All 10 precincts pass constraints — no repairs needed
[2026-03-05T10:58:57.317Z] [STEP ] DONE   [OK] INTEGRITY_ENFORCEMENT (0.269s)
[2026-03-05T10:58:57.318Z] [STEP ] START  -> FEATURE_ENGINEERING
[2026-03-05T10:58:57.318Z] [WARN ] Voter file not found at C:\Users\Mathew C\Campaign In A Box\voters\CA\Sonoma\voters.csv
[2026-03-05T10:58:57.331Z] [STEP ] DONE   [OK] FEATURE_ENGINEERING (0.282s)
[2026-03-05T10:58:57.331Z] [STEP ] START  -> UNIVERSE_BUILDING
[2026-03-05T10:58:57.345Z] [STEP ] DONE   [OK] UNIVERSE_BUILDING (0.297s)
[2026-03-05T10:58:57.345Z] [STEP ] START  -> SCORING_V2
[2026-03-05T10:58:57.357Z] [INFO ] [Scoring] Computing v2 scores...
[2026-03-05T10:58:57.362Z] [STEP ] DONE   [OK] SCORING_V2 (0.314s)
[2026-03-05T10:58:57.362Z] [STEP ] START  -> REGION_CLUSTERING
[2026-03-05T10:58:57.362Z] [WARN ]   Centroids missing; fallback to political-only clustering
[2026-03-05T10:58:57.367Z] [STEP ] DONE   [OK] REGION_CLUSTERING (0.318s)
[2026-03-05T10:58:57.367Z] [STEP ] START  -> FIELD_PLANNING
[2026-03-05T10:58:57.372Z] [STEP ] DONE   [OK] FIELD_PLANNING (0.324s)
[2026-03-05T10:58:57.372Z] [STEP ] START  -> SIMULATION
[2026-03-05T10:58:57.373Z] [STEP ] DONE   [OK] SIMULATION (0.325s)
[2026-03-05T10:58:57.373Z] [STEP ] START  -> VOTER_UNIVERSE_EXPORT
[2026-03-05T10:58:57.373Z] [STEP ] SKIP   [SKIP] VOTER_UNIVERSE_EXPORT -- No voter file present
[2026-03-05T10:58:57.373Z] [STEP ] START  -> FORECAST_GENERATION
[2026-03-05T10:58:57.388Z] [STEP ] DONE   [OK] FORECAST_GENERATION (0.339s)
[2026-03-05T10:58:57.388Z] [STEP ] START  -> TURF_GENERATION
[2026-03-05T10:58:57.393Z] [STEP ] DONE   [OK] TURF_GENERATION (0.345s)
[2026-03-05T10:58:57.393Z] [STEP ] START  -> EXPORT_V2_OUTPUTS
[2026-03-05T10:58:57.396Z] [WARN ] [DEPS] Optional package 'geopandas' is not installed. Feature 'kepler_export' will be skipped. To enable: `pip install geopandas  # or: uv add geopandas`
[2026-03-05T10:58:57.429Z] [INFO ] [KEPLER] Skipped: geopandas not installed
[2026-03-05T10:58:57.440Z] [INFO ]   Generated turf packs in C:\Users\Mathew C\Campaign In A Box\derived\turfs\CA\Sonoma\Sonoma_2024_nov2024_general\2026-03-05__025856__521cfe43__msi__turf_packs
[2026-03-05T10:58:57.449Z] [STEP ] DONE   [OK] EXPORT_V2_OUTPUTS (0.401s)
[2026-03-05T10:58:57.449Z] [STEP ] START  -> DIAGNOSTICS
[2026-03-05T10:58:57.476Z] [STEP ] DONE   [OK] DIAGNOSTICS (0.428s)
[2026-03-05T10:58:57.476Z] [STEP ] START  -> STRATEGY_GENERATOR
[2026-03-05T10:58:57.476Z] [INFO ] [STRATEGY] Loading inputs for contest_id=2024_CA_sonoma_nov2024_general
[2026-03-05T10:58:57.519Z] [INFO ] [STRATEGY]  derived_mode=blocked
[2026-03-05T10:58:57.519Z] [INFO ] [STRATEGY]  found=['walk_turfs', 'scenario_forecasts', 'precinct_universes', 'regions', 'field_plan', 'simulation_results']
[2026-03-05T10:58:57.519Z] [INFO ] [STRATEGY]  missing=['target_ranking']
[2026-03-05T10:58:57.519Z] [WARN ] [STRATEGY] Blocked — required inputs missing. Cannot generate strategy.
[2026-03-05T10:58:57.552Z] [STEP ] SKIP   [SKIP] STRATEGY_GENERATOR -- Insufficient derived inputs (degraded/blocked)
[2026-03-05T10:58:57.552Z] [INFO ] ========================================================================
  Run complete — SUCCESS  elapsed: 0.503s
========================================================================
