[2026-03-05T11:39:37.083Z] [INFO] ========================================================================
  Campaign In A Box — Pipeline Run
  RUN_ID  : 2026-03-05__033937__f4a083ab__msi
  Started : 2026-03-05T11:39:37.082752+00:00
========================================================================
[2026-03-05T11:39:37.083Z] [INFO ] Pipeline v2 starting
[2026-03-05T11:39:37.083Z] [INFO ]   state=CA  county=Sonoma  year=2024  contest_slug=nov2024_general
[2026-03-05T11:39:37.083Z] [INFO ]   membership_method=auto  log_level=verbose
[2026-03-05T11:39:37.086Z] [STEP ] SKIP   [SKIP] INGEST_STAGING -- No --staging-dir provided; skipping ingestion
[2026-03-05T11:39:37.086Z] [STEP ] START  -> SCAFFOLD_BOUNDARY_INDEX
[2026-03-05T11:39:37.086Z] [INFO ]   Boundary index exists: C:\Users\Mathew C\Campaign In A Box\data\CA\counties\Sonoma\geography\boundary_index\boundaries_index.csv
[2026-03-05T11:39:37.088Z] [WARN ]   Boundary index scaffolded (no boundary files found yet)
[2026-03-05T11:39:37.089Z] [INFO ]   output: C:\Users\Mathew C\Campaign In A Box\data\CA\counties\Sonoma\geography\boundary_index\boundaries_index.csv  [sha256:b4dff0e71c42...]
[2026-03-05T11:39:37.089Z] [STEP ] DONE   [OK] SCAFFOLD_BOUNDARY_INDEX (0.007s)
[2026-03-05T11:39:37.090Z] [STEP ] START  -> VALIDATE_GEOGRAPHY
[2026-03-05T11:39:37.090Z] [INFO ]   expected: data/CA/counties/Sonoma/geography/precinct_shapes/
[2026-03-05T11:39:37.090Z] [INFO ]   expected: data/CA/counties/Sonoma/geography/crosswalks/
[2026-03-05T11:39:37.090Z] [INFO ]   [present] MPREC GeoJSON
[2026-03-05T11:39:37.090Z] [INFO ]   [present] MPREC GeoPackage
[2026-03-05T11:39:37.091Z] [INFO ]   [present] MPREC Shapefile
[2026-03-05T11:39:37.091Z] [INFO ]   [present] SRPREC GeoJSON
[2026-03-05T11:39:37.091Z] [INFO ]   [present] SRPREC GeoPackage
[2026-03-05T11:39:37.091Z] [INFO ]   [present] SRPREC Shapefile
[2026-03-05T11:39:37.092Z] [INFO ]   [present] 2020 BLK TO MPREC
[2026-03-05T11:39:37.092Z] [INFO ]   [present] RGPREC TO 2020 BLK
[2026-03-05T11:39:37.092Z] [INFO ]   [present] SRPREC TO 2020 BLK
[2026-03-05T11:39:37.092Z] [INFO ]   [present] RG to RR to SR to SVPREC
[2026-03-05T11:39:37.093Z] [INFO ]   [present] MPREC to SRPREC
[2026-03-05T11:39:37.093Z] [INFO ]   [present] SRPREC to CITY
[2026-03-05T11:39:37.093Z] [INFO ] Geography validation: 12/12 present, canonical=MPREC
[2026-03-05T11:39:37.093Z] [STEP ] DONE   [OK] VALIDATE_GEOGRAPHY (0.011s)
[2026-03-05T11:39:37.093Z] [STEP ] START  -> VALIDATE_VOTES
[2026-03-05T11:39:37.093Z] [INFO ]   expected: votes/2024/CA/Sonoma/nov2024_general/detail.xlsx
[2026-03-05T11:39:37.093Z] [INFO ]   [present] votes: C:\Users\Mathew C\Campaign In A Box\votes\2024\CA\Sonoma\nov2024_general\detail.xlsx
[2026-03-05T11:39:37.093Z] [INFO ]   input: detail.xlsx -> C:\Users\Mathew C\Campaign In A Box\votes\2024\CA\Sonoma\nov2024_general\detail.xlsx  [sha256:157048233934...]
[2026-03-05T11:39:37.093Z] [STEP ] DONE   [OK] VALIDATE_VOTES (0.011s)
[2026-03-05T11:39:37.093Z] [STEP ] START  -> LOAD_GEOMETRY
[2026-03-05T11:39:37.093Z] [INFO ]   expected: MPREC preferred; SRPREC fallback
[2026-03-05T11:39:37.094Z] [WARN ] geopandas not installed; found C:\Users\Mathew C\Campaign In A Box\data\CA\counties\Sonoma\geography\precinct_shapes\MPREC_GeoJSON\mprec_097_g24_v01.geojson but cannot load
[2026-03-05T11:39:37.094Z] [STEP ] SKIP   [SKIP] LOAD_GEOMETRY -- No usable geometry (geopandas unavailable or files missing)
[2026-03-05T11:39:37.094Z] [WARN ]   NEED: geopandas_library [missing] -- blocks: geometry_load, kepler_export
[2026-03-05T11:39:37.094Z] [STEP ] START  -> LOAD_CROSSWALKS
[2026-03-05T11:39:37.118Z] [WARN ] Cannot detect source/target columns in blk_mprec_097_g24_v01.csv: ['block', 'mprec', 'pct_block']
[2026-03-05T11:39:37.139Z] [WARN ] Cannot detect source/target columns in blk_mprec_097_g24_v01.csv: ['block', 'mprec', 'pct_block']
[2026-03-05T11:39:37.250Z] [INFO ]   [CROSSWALKS] Discovered 4/6 crosswalks
[2026-03-05T11:39:37.250Z] [STEP ] SKIP   [SKIP] LOAD_CROSSWALKS -- No crosswalk files; using identity mapping
[2026-03-05T11:39:37.250Z] [STEP ] START  -> SCAFFOLD_CONTEST_JSON
[2026-03-05T11:39:37.264Z] [INFO ]   output: C:\Users\Mathew C\Campaign In A Box\votes\2024\CA\Sonoma\nov2024_general\contest.json  [sha256:19e540dc5eae...]
[2026-03-05T11:39:37.264Z] [STEP ] DONE   [OK] SCAFFOLD_CONTEST_JSON (0.182s)
[2026-03-05T11:39:37.264Z] [STEP ] START  -> PARSE_CONTEST
[2026-03-05T11:39:37.264Z] [INFO ]   expected: Detect sheet types; aggregate vote methods
[2026-03-05T11:39:37.275Z] [INFO ] Parsing sheet: 'Sheet1'
[2026-03-05T11:39:37.281Z] [INFO ]   -> 10 precincts, type=ballot_measure
[2026-03-05T11:39:37.282Z] [STEP ] DONE   [OK] PARSE_CONTEST (0.2s)
[2026-03-05T11:39:37.282Z] [INFO ] Contest Mode: MEASURE (Inferred MEASURE (found YES/NO headers))
[2026-03-05T11:39:37.282Z] [INFO ] [PATHWAY] contest_mode=measure  contest_mode_reason=Inferred MEASURE (found YES/NO headers)
[2026-03-05T11:39:37.282Z] [STEP ] START  -> ALLOCATE_VOTES
[2026-03-05T11:39:37.282Z] [INFO ]   Sheet 'Sheet1': 10 precincts, type=ballot_measure
[2026-03-05T11:39:37.283Z] [INFO ]     Allocation: area_weighted_fallback, 10 target precincts
[2026-03-05T11:39:37.283Z] [STEP ] START  -> NORMALIZE_SCHEMA/Sheet1
[2026-03-05T11:39:37.283Z] [INFO ]   [SCHEMA] 'MPREC_ID' → 'canonical_precinct_id'
[2026-03-05T11:39:37.283Z] [INFO ]   [SCHEMA] 'Registered' → 'registered'
[2026-03-05T11:39:37.283Z] [INFO ]   [SCHEMA] 'BallotsCast' → 'ballots_cast'
[2026-03-05T11:39:37.284Z] [INFO ]   [SCHEMA] 'YES' → 'yes_votes'
[2026-03-05T11:39:37.284Z] [INFO ]   [SCHEMA] 'NO' → 'no_votes'
[2026-03-05T11:39:37.288Z] [STEP ] DONE   [OK] NORMALIZE_SCHEMA/Sheet1 (0.205s)
[2026-03-05T11:39:37.288Z] [STEP ] START  -> SANITY/Sheet1
[2026-03-05T11:39:37.288Z] [INFO ]   SANITY [OK] Non-empty model: 10 rows
[2026-03-05T11:39:37.288Z] [STEP ] DONE   [OK] SANITY/Sheet1 (0.205s)
[2026-03-05T11:39:37.288Z] [STEP ] START  -> BUILD_MODEL/Sheet1
[2026-03-05T11:39:37.297Z] [STEP ] DONE   [OK] BUILD_MODEL/Sheet1 (0.215s)
[2026-03-05T11:39:37.297Z] [STEP ] DONE   [OK] ALLOCATE_VOTES (0.215s)
[2026-03-05T11:39:37.297Z] [STEP ] START  -> INTEGRITY_ENFORCEMENT
[2026-03-05T11:39:37.302Z] [WARN ]   [INTEGRITY] 10 precinct(s) CRITICAL — registered=0 but ballots>0. Indicates data extraction issue.
[2026-03-05T11:39:37.304Z] [STEP ] DONE   [OK] INTEGRITY_ENFORCEMENT (0.222s)
[2026-03-05T11:39:37.304Z] [STEP ] START  -> FEATURE_ENGINEERING
[2026-03-05T11:39:37.304Z] [WARN ] Voter file not found at C:\Users\Mathew C\Campaign In A Box\voters\CA\Sonoma\voters.csv
[2026-03-05T11:39:37.316Z] [STEP ] DONE   [OK] FEATURE_ENGINEERING (0.233s)
[2026-03-05T11:39:37.316Z] [STEP ] START  -> UNIVERSE_BUILDING
[2026-03-05T11:39:37.327Z] [STEP ] DONE   [OK] UNIVERSE_BUILDING (0.244s)
[2026-03-05T11:39:37.327Z] [STEP ] START  -> SCORING_V2
[2026-03-05T11:39:37.331Z] [INFO ] [Scoring] Computing v2 scores...
[2026-03-05T11:39:37.337Z] [STEP ] DONE   [OK] SCORING_V2 (0.255s)
[2026-03-05T11:39:37.337Z] [STEP ] START  -> REGION_CLUSTERING
[2026-03-05T11:39:37.337Z] [WARN ]   Centroids missing; fallback to political-only clustering
[2026-03-05T11:39:37.357Z] [STEP ] DONE   [OK] REGION_CLUSTERING (0.275s)
[2026-03-05T11:39:37.357Z] [STEP ] START  -> FIELD_PLANNING
[2026-03-05T11:39:37.363Z] [STEP ] DONE   [OK] FIELD_PLANNING (0.281s)
[2026-03-05T11:39:37.363Z] [STEP ] START  -> SIMULATION
[2026-03-05T11:39:37.365Z] [STEP ] DONE   [OK] SIMULATION (0.283s)
[2026-03-05T11:39:37.365Z] [STEP ] START  -> VOTER_UNIVERSE_EXPORT
[2026-03-05T11:39:37.365Z] [STEP ] SKIP   [SKIP] VOTER_UNIVERSE_EXPORT -- No voter file present
[2026-03-05T11:39:37.365Z] [STEP ] START  -> FORECAST_GENERATION
[2026-03-05T11:39:37.380Z] [STEP ] DONE   [OK] FORECAST_GENERATION (0.298s)
[2026-03-05T11:39:37.380Z] [STEP ] START  -> TURF_GENERATION
[2026-03-05T11:39:37.388Z] [STEP ] DONE   [OK] TURF_GENERATION (0.306s)
[2026-03-05T11:39:37.388Z] [STEP ] START  -> EXPORT_V2_OUTPUTS
[2026-03-05T11:39:37.391Z] [WARN ] [DEPS] Optional package 'geopandas' is not installed. Feature 'kepler_export' will be skipped. To enable: `pip install geopandas  # or: uv add geopandas`
[2026-03-05T11:39:37.429Z] [INFO ] [KEPLER] Skipped: geopandas not installed
[2026-03-05T11:39:37.440Z] [INFO ]   Generated turf packs in C:\Users\Mathew C\Campaign In A Box\derived\turfs\CA\Sonoma\Sonoma_2024_nov2024_general\2026-03-05__033937__f4a083ab__msi__turf_packs
[2026-03-05T11:39:37.450Z] [STEP ] DONE   [OK] EXPORT_V2_OUTPUTS (0.367s)
[2026-03-05T11:39:37.450Z] [STEP ] START  -> DIAGNOSTICS
[2026-03-05T11:39:37.469Z] [STEP ] DONE   [OK] DIAGNOSTICS (0.387s)
[2026-03-05T11:39:37.469Z] [STEP ] START  -> STRATEGY_GENERATOR
[2026-03-05T11:39:37.469Z] [INFO ] [STRATEGY] Loading inputs for contest_id=2024_CA_sonoma_nov2024_general
[2026-03-05T11:39:37.524Z] [INFO ] [STRATEGY]  derived_mode=full
[2026-03-05T11:39:37.524Z] [INFO ] [STRATEGY]  found=['target_ranking', 'walk_turfs', 'scenario_forecasts', 'precinct_universes', 'regions', 'field_plan', 'simulation_results']
[2026-03-05T11:39:37.524Z] [INFO ] [STRATEGY]  missing=[]
[2026-03-05T11:39:37.524Z] [INFO ] [STRATEGY]  contest_mode=measure (explicit override: measure)
[2026-03-05T11:39:37.546Z] [INFO ]   Strategy pack written to C:\Users\Mathew C\Campaign In A Box\derived\strategy_packs\2024_CA_sonoma_nov2024_general\2026-03-05__033937__f4a083ab__msi
[2026-03-05T11:39:37.585Z] [INFO ] [STRATEGY] Pack written → C:\Users\Mathew C\Campaign In A Box\derived\strategy_packs\2024_CA_sonoma_nov2024_general\2026-03-05__033937__f4a083ab__msi
[2026-03-05T11:39:37.585Z] [STEP ] DONE   [OK] STRATEGY_GENERATOR (0.503s)
[2026-03-05T11:39:37.585Z] [INFO ] ========================================================================
  Run complete — SUCCESS  elapsed: 0.503s
========================================================================
